    OpenRGB v0.9
    Commit:  from 
    Launched: 20240114_012745
====================================================================================================

0     |Info:    Found file: Nord.orp attempting to validate header
0     |Info:    Valid v4 profile found for Nord
0     |Info:    Found file: Off.orp attempting to validate header
0     |Info:    Valid v4 profile found for Off
0     |Info:    Found file: Dim.orp attempting to validate header
0     |Info:    Valid v4 profile found for Dim
1004  |Info:    ------------------------------------------------------
1004  |Info:    |               Start device detection               |
1004  |Info:    ------------------------------------------------------
1005  |Info:    Initializing HID interfaces: Success
1026  |Info:    ------------------------------------------------------
1026  |Info:    |             Detecting I2C interfaces               |
1026  |Info:    ------------------------------------------------------
1026  |Info:    Registering I2C interface: /dev/i2c-3 Device 10DE:1E07 Subsystem: 1458:37BD
1026  |Info:    Registering I2C interface: /dev/i2c-1 Device 8086:A323 Subsystem: 1458:5001
1026  |Info:    Registering I2C interface: /dev/i2c-8 Device 10DE:1E07 Subsystem: 1458:37BD
1027  |Info:    Registering I2C interface: /dev/i2c-6 Device 10DE:1E07 Subsystem: 1458:37BD
1027  |Info:    Registering I2C interface: /dev/i2c-4 Device 10DE:1E07 Subsystem: 1458:37BD
1027  |Info:    Registering I2C interface: /dev/i2c-2 Device 10DE:1E07 Subsystem: 1458:37BD
1027  |Info:    Registering I2C interface: /dev/i2c-0 Device 10DE:1AD7 Subsystem: 1458:37BD
1027  |Info:    Registering I2C interface: /dev/i2c-7 Device 10DE:1E07 Subsystem: 1458:37BD
1027  |Info:    Registering I2C interface: /dev/i2c-5 Device 10DE:1E07 Subsystem: 1458:37BD
1027  |Info:    ------------------------------------------------------
1027  |Info:    |               Detecting I2C devices                |
1027  |Info:    ------------------------------------------------------
1716  |Info:    [ENE DRAM] Registering RGB controller
1906  |Info:    [ENE DRAM] Registering RGB controller
2094  |Info:    [ENE DRAM] Registering RGB controller
2274  |Info:    [ENE DRAM] Registering RGB controller
2276  |Info:    ------------------------------------------------------
2276  |Info:    |               Detecting I2C PCI devices            |
2277  |Info:    ------------------------------------------------------
2278  |Info:    ------------------------------------------------------
2278  |Info:    |               Detecting HID devices                |
2278  |Info:    ------------------------------------------------------
2439  |Info:    [Z390 AORUS MASTER-CF] Registering RGB controller
2705  |Info:    [Logitech G915 Wireless RGB Mechanical Gaming Keyboard] Registering RGB controller
2705  |Info:    ------------------------------------------------------
2705  |Info:    |            Detecting libusb HID devices            |
2705  |Info:    ------------------------------------------------------
2716  |Info:    [HyperX Quadcast S] Registering RGB controller
2716  |Info:    ------------------------------------------------------
2716  |Info:    |              Detecting other devices               |
2716  |Info:    ------------------------------------------------------
2717  |Info:    ------------------------------------------------------
2717  |Info:    |                Detection completed                 |
2717  |Info:    ------------------------------------------------------
