    OpenRGB v0.9
    Commit:  from 
    Launched: 20240225_205502
====================================================================================================

15    |Info:    Found file: Nord.orp attempting to validate header
16    |Info:    Valid v4 profile found for Nord
16    |Info:    Found file: Off.orp attempting to validate header
16    |Info:    Valid v4 profile found for Off
16    |Info:    Found file: Dim.orp attempting to validate header
16    |Info:    Valid v4 profile found for Dim
17    |Info:    Found file: Green.orp attempting to validate header
17    |Info:    Valid v4 profile found for Green
17    |Info:    Found file: Snow.orp attempting to validate header
17    |Info:    Valid v4 profile found for Snow
1020  |Info:    ------------------------------------------------------
1020  |Info:    |               Start device detection               |
1020  |Info:    ------------------------------------------------------
1020  |Info:    Initializing HID interfaces: Success
1024  |Info:    ------------------------------------------------------
1024  |Info:    |             Detecting I2C interfaces               |
1024  |Info:    ------------------------------------------------------
1024  |Info:    Registering I2C interface: /dev/i2c-3 Device 10DE:1E07 Subsystem: 1458:37BD
1024  |Info:    Registering I2C interface: /dev/i2c-1 Device 8086:A323 Subsystem: 1458:5001
1024  |Info:    Registering I2C interface: /dev/i2c-8 Device 10DE:1E07 Subsystem: 1458:37BD
1024  |Info:    Registering I2C interface: /dev/i2c-6 Device 10DE:1E07 Subsystem: 1458:37BD
1024  |Info:    Registering I2C interface: /dev/i2c-4 Device 10DE:1E07 Subsystem: 1458:37BD
1024  |Info:    Registering I2C interface: /dev/i2c-2 Device 10DE:1E07 Subsystem: 1458:37BD
1024  |Info:    Registering I2C interface: /dev/i2c-0 Device 10DE:1AD7 Subsystem: 1458:37BD
1024  |Info:    Registering I2C interface: /dev/i2c-7 Device 10DE:1E07 Subsystem: 1458:37BD
1024  |Info:    Registering I2C interface: /dev/i2c-5 Device 10DE:1E07 Subsystem: 1458:37BD
1024  |Info:    ------------------------------------------------------
1024  |Info:    |               Detecting I2C devices                |
1024  |Info:    ------------------------------------------------------
1508  |Info:    [ENE DRAM] Registering RGB controller
1672  |Info:    [ENE DRAM] Registering RGB controller
1836  |Info:    [ENE DRAM] Registering RGB controller
2001  |Info:    [ENE DRAM] Registering RGB controller
2041  |Info:    ------------------------------------------------------
2041  |Info:    |               Detecting I2C PCI devices            |
2041  |Info:    ------------------------------------------------------
2042  |Info:    ------------------------------------------------------
2042  |Info:    |               Detecting HID devices                |
2042  |Info:    ------------------------------------------------------
2203  |Info:    [Z390 AORUS MASTER-CF] Registering RGB controller
2463  |Info:    [Logitech G915 Wireless RGB Mechanical Gaming Keyboard] Registering RGB controller
2463  |Info:    ------------------------------------------------------
2463  |Info:    |            Detecting libusb HID devices            |
2463  |Info:    ------------------------------------------------------
2479  |Info:    [HyperX Quadcast S] Registering RGB controller
2479  |Info:    ------------------------------------------------------
2479  |Info:    |              Detecting other devices               |
2479  |Info:    ------------------------------------------------------
2484  |Info:    ------------------------------------------------------
2484  |Info:    |                Detection completed                 |
2484  |Info:    ------------------------------------------------------
17051 |Info:    Profile loading: Succeeded for ENE DRAM @ I2C: /dev/i2c-1, address 0x72
17051 |Info:    Profile loading: Succeeded for ENE DRAM @ I2C: /dev/i2c-1, address 0x73
17051 |Info:    Profile loading: Succeeded for ENE DRAM @ I2C: /dev/i2c-1, address 0x74
17051 |Info:    Profile loading: Succeeded for ENE DRAM @ I2C: /dev/i2c-1, address 0x75
17051 |Info:    Profile loading: Succeeded for Z390 AORUS MASTER-CF @ HID: /dev/hidraw5
17051 |Info:    Profile loading: Succeeded for Logitech G915 Wireless RGB Mechanical Gaming Keyboard @ 
17051 |Info:    Profile loading: FAILED! for HyperX Quadcast S @ 1-4.4:1.0
