    OpenRGB v0.9
    Commit:  from 
    Launched: 20240302_223241
====================================================================================================

0     |Info:    Found file: Nord.orp attempting to validate header
0     |Info:    Valid v4 profile found for Nord
0     |Info:    Found file: Off.orp attempting to validate header
0     |Info:    Valid v4 profile found for Off
0     |Info:    Found file: Dim.orp attempting to validate header
0     |Info:    Valid v4 profile found for Dim
0     |Info:    Found file: Green.orp attempting to validate header
0     |Info:    Valid v4 profile found for Green
0     |Info:    Found file: Snow.orp attempting to validate header
0     |Info:    Valid v4 profile found for Snow
1001  |Info:    ------------------------------------------------------
1001  |Info:    |               Start device detection               |
1001  |Info:    ------------------------------------------------------
1001  |Info:    Initializing HID interfaces: Success
1004  |Info:    ------------------------------------------------------
1004  |Info:    |             Detecting I2C interfaces               |
1004  |Info:    ------------------------------------------------------
1004  |Info:    Registering I2C interface: /dev/i2c-3 Device 10DE:1E07 Subsystem: 1458:37BD
1004  |Info:    Registering I2C interface: /dev/i2c-1 Device 8086:A323 Subsystem: 1458:5001
1004  |Info:    Registering I2C interface: /dev/i2c-8 Device 10DE:1E07 Subsystem: 1458:37BD
1004  |Info:    Registering I2C interface: /dev/i2c-6 Device 10DE:1E07 Subsystem: 1458:37BD
1004  |Info:    Registering I2C interface: /dev/i2c-4 Device 10DE:1E07 Subsystem: 1458:37BD
1004  |Info:    Registering I2C interface: /dev/i2c-2 Device 10DE:1E07 Subsystem: 1458:37BD
1004  |Info:    Registering I2C interface: /dev/i2c-0 Device 10DE:1AD7 Subsystem: 1458:37BD
1004  |Info:    Registering I2C interface: /dev/i2c-7 Device 10DE:1E07 Subsystem: 1458:37BD
1004  |Info:    Registering I2C interface: /dev/i2c-5 Device 10DE:1E07 Subsystem: 1458:37BD
1004  |Info:    ------------------------------------------------------
1004  |Info:    |               Detecting I2C devices                |
1004  |Info:    ------------------------------------------------------
1502  |Info:    [ENE DRAM] Registering RGB controller
1677  |Info:    [ENE DRAM] Registering RGB controller
1849  |Info:    [ENE DRAM] Registering RGB controller
2021  |Info:    [ENE DRAM] Registering RGB controller
2064  |Info:    ------------------------------------------------------
2064  |Info:    |               Detecting I2C PCI devices            |
2064  |Info:    ------------------------------------------------------
2065  |Info:    ------------------------------------------------------
2065  |Info:    |               Detecting HID devices                |
2065  |Info:    ------------------------------------------------------
2226  |Info:    [Z390 AORUS MASTER-CF] Registering RGB controller
2489  |Info:    [Logitech G915 Wireless RGB Mechanical Gaming Keyboard] Registering RGB controller
2489  |Info:    ------------------------------------------------------
2489  |Info:    |            Detecting libusb HID devices            |
2489  |Info:    ------------------------------------------------------
2503  |Info:    [HyperX Quadcast S] Registering RGB controller
2503  |Info:    ------------------------------------------------------
2503  |Info:    |              Detecting other devices               |
2503  |Info:    ------------------------------------------------------
2508  |Info:    ------------------------------------------------------
2508  |Info:    |                Detection completed                 |
2508  |Info:    ------------------------------------------------------
22606 |Info:    Profile loading: FAILED! for ENE DRAM @ I2C: /dev/i2c-1, address 0x72
22606 |Info:    Profile loading: FAILED! for ENE DRAM @ I2C: /dev/i2c-1, address 0x73
22606 |Info:    Profile loading: FAILED! for ENE DRAM @ I2C: /dev/i2c-1, address 0x74
22606 |Info:    Profile loading: FAILED! for ENE DRAM @ I2C: /dev/i2c-1, address 0x75
22606 |Info:    Profile loading: Succeeded for Z390 AORUS MASTER-CF @ HID: /dev/hidraw8
22606 |Info:    Profile loading: Succeeded for Logitech G915 Wireless RGB Mechanical Gaming Keyboard @ 
22606 |Info:    Profile loading: Succeeded for HyperX Quadcast S @ 1-4.4:1.0
34983 |Info:    Profile loading: FAILED! for ENE DRAM @ I2C: /dev/i2c-1, address 0x72
34983 |Info:    Profile loading: FAILED! for ENE DRAM @ I2C: /dev/i2c-1, address 0x73
34983 |Info:    Profile loading: FAILED! for ENE DRAM @ I2C: /dev/i2c-1, address 0x74
34983 |Info:    Profile loading: FAILED! for ENE DRAM @ I2C: /dev/i2c-1, address 0x75
34983 |Info:    Profile loading: Succeeded for Z390 AORUS MASTER-CF @ HID: /dev/hidraw8
34983 |Info:    Profile loading: Succeeded for Logitech G915 Wireless RGB Mechanical Gaming Keyboard @ 
34983 |Info:    Profile loading: Succeeded for HyperX Quadcast S @ 1-4.4:1.0
52493 |Info:    Found file: Nord.orp attempting to validate header
52493 |Info:    Valid v4 profile found for Nord
52493 |Info:    Found file: Off.orp attempting to validate header
52493 |Info:    Valid v4 profile found for Off
52493 |Info:    Found file: Dim.orp attempting to validate header
52493 |Info:    Valid v4 profile found for Dim
52493 |Info:    Found file: Green.orp attempting to validate header
52493 |Info:    Valid v4 profile found for Green
52493 |Info:    Found file: Snow.orp attempting to validate header
52493 |Info:    Valid v4 profile found for Snow
55397 |Info:    Found file: Nord.orp attempting to validate header
55397 |Info:    Valid v4 profile found for Nord
55397 |Info:    Found file: Off.orp attempting to validate header
55397 |Info:    Valid v4 profile found for Off
55397 |Info:    Found file: Dim.orp attempting to validate header
55397 |Info:    Valid v4 profile found for Dim
55397 |Info:    Found file: Green.orp attempting to validate header
55397 |Info:    Valid v4 profile found for Green
55397 |Info:    Found file: Snow.orp attempting to validate header
55397 |Info:    Valid v4 profile found for Snow
