    OpenRGB v0.9
    Commit:  from 
    Launched: 20240522_071823
====================================================================================================

0     |Info:    Found file: Off.orp attempting to validate header
0     |Info:    Valid v4 profile found for Off
0     |Info:    Found file: Snow.orp attempting to validate header
0     |Info:    Valid v4 profile found for Snow
1006  |Info:    ------------------------------------------------------
1006  |Info:    |               Start device detection               |
1006  |Info:    ------------------------------------------------------
1007  |Info:    Initializing HID interfaces: Success
1011  |Info:    ------------------------------------------------------
1011  |Info:    |             Detecting I2C interfaces               |
1011  |Info:    ------------------------------------------------------
1011  |Info:    Registering I2C interface: /dev/i2c-3 Device 10DE:1E07 Subsystem: 1458:37BD
1011  |Info:    Registering I2C interface: /dev/i2c-1 Device 10DE:1E07 Subsystem: 1458:37BD
1011  |Info:    Registering I2C interface: /dev/i2c-8 Device 8086:A323 Subsystem: 1458:5001
1011  |Info:    Registering I2C interface: /dev/i2c-6 Device 10DE:1E07 Subsystem: 1458:37BD
1011  |Info:    Registering I2C interface: /dev/i2c-4 Device 10DE:1E07 Subsystem: 1458:37BD
1011  |Info:    Registering I2C interface: /dev/i2c-2 Device 10DE:1E07 Subsystem: 1458:37BD
1011  |Info:    Registering I2C interface: /dev/i2c-0 Device 10DE:1E07 Subsystem: 1458:37BD
1011  |Info:    Registering I2C interface: /dev/i2c-7 Device 10DE:1AD7 Subsystem: 1458:37BD
1011  |Info:    Registering I2C interface: /dev/i2c-5 Device 10DE:1E07 Subsystem: 1458:37BD
1011  |Info:    ------------------------------------------------------
1011  |Info:    |               Detecting I2C devices                |
1011  |Info:    ------------------------------------------------------
1261  |Info:    [ENE DRAM] Registering RGB controller
1433  |Info:    [ENE DRAM] Registering RGB controller
1603  |Info:    [ENE DRAM] Registering RGB controller
1772  |Info:    [ENE DRAM] Registering RGB controller
2116  |Info:    ------------------------------------------------------
2116  |Info:    |               Detecting I2C PCI devices            |
2116  |Info:    ------------------------------------------------------
2117  |Info:    ------------------------------------------------------
2117  |Info:    |               Detecting HID devices                |
2117  |Info:    ------------------------------------------------------
2275  |Info:    [Z390 AORUS MASTER-CF] Registering RGB controller
2535  |Info:    [Logitech G915 Wireless RGB Mechanical Gaming Keyboard] Registering RGB controller
2535  |Info:    ------------------------------------------------------
2535  |Info:    |            Detecting libusb HID devices            |
2535  |Info:    ------------------------------------------------------
2552  |Info:    [HyperX Quadcast S] Registering RGB controller
2553  |Info:    ------------------------------------------------------
2553  |Info:    |              Detecting other devices               |
2553  |Info:    ------------------------------------------------------
2558  |Info:    ------------------------------------------------------
2559  |Info:    |                Detection completed                 |
2559  |Info:    ------------------------------------------------------
6406  |Info:    Profile loading: Succeeded for ENE DRAM @ I2C: /dev/i2c-8, address 0x72
6406  |Info:    Profile loading: Succeeded for ENE DRAM @ I2C: /dev/i2c-8, address 0x73
6406  |Info:    Profile loading: Succeeded for ENE DRAM @ I2C: /dev/i2c-8, address 0x74
6406  |Info:    Profile loading: Succeeded for ENE DRAM @ I2C: /dev/i2c-8, address 0x75
6406  |Info:    Profile loading: Succeeded for Z390 AORUS MASTER-CF @ HID: /dev/hidraw6
6406  |Info:    Profile loading: Succeeded for Logitech G915 Wireless RGB Mechanical Gaming Keyboard @ 
6406  |Info:    Profile loading: Succeeded for HyperX Quadcast S @ 1-11.4.4:1.0
