    OpenRGB v0.9
    Commit:  from 
    Launched: 20240430_164926
====================================================================================================

0     |Info:    Found file: Off.orp attempting to validate header
1     |Info:    Valid v4 profile found for Off
1     |Info:    Found file: Snow.orp attempting to validate header
1     |Info:    Valid v4 profile found for Snow
1007  |Info:    ------------------------------------------------------
1007  |Info:    |               Start device detection               |
1007  |Info:    ------------------------------------------------------
1007  |Info:    Initializing HID interfaces: Success
1012  |Info:    ------------------------------------------------------
1012  |Info:    |             Detecting I2C interfaces               |
1012  |Info:    ------------------------------------------------------
1012  |Info:    Registering I2C interface: /dev/i2c-3 Device 10DE:1E07 Subsystem: 1458:37BD
1012  |Info:    Registering I2C interface: /dev/i2c-1 Device 10DE:1E07 Subsystem: 1458:37BD
1012  |Info:    Registering I2C interface: /dev/i2c-8 Device 8086:A323 Subsystem: 1458:5001
1013  |Info:    Registering I2C interface: /dev/i2c-6 Device 10DE:1E07 Subsystem: 1458:37BD
1013  |Info:    Registering I2C interface: /dev/i2c-4 Device 10DE:1E07 Subsystem: 1458:37BD
1013  |Info:    Registering I2C interface: /dev/i2c-2 Device 10DE:1E07 Subsystem: 1458:37BD
1013  |Info:    Registering I2C interface: /dev/i2c-0 Device 10DE:1E07 Subsystem: 1458:37BD
1013  |Info:    Registering I2C interface: /dev/i2c-7 Device 10DE:1AD7 Subsystem: 1458:37BD
1013  |Info:    Registering I2C interface: /dev/i2c-5 Device 10DE:1E07 Subsystem: 1458:37BD
1013  |Info:    ------------------------------------------------------
1013  |Info:    |               Detecting I2C devices                |
1013  |Info:    ------------------------------------------------------
1197  |Info:    [ENE DRAM] Registering RGB controller
1364  |Info:    [ENE DRAM] Registering RGB controller
1531  |Info:    [ENE DRAM] Registering RGB controller
1696  |Info:    [ENE DRAM] Registering RGB controller
2037  |Info:    ------------------------------------------------------
2037  |Info:    |               Detecting I2C PCI devices            |
2037  |Info:    ------------------------------------------------------
2038  |Info:    ------------------------------------------------------
2038  |Info:    |               Detecting HID devices                |
2038  |Info:    ------------------------------------------------------
2197  |Info:    [Z390 AORUS MASTER-CF] Registering RGB controller
2457  |Info:    [Logitech G915 Wireless RGB Mechanical Gaming Keyboard] Registering RGB controller
2457  |Info:    ------------------------------------------------------
2457  |Info:    |            Detecting libusb HID devices            |
2457  |Info:    ------------------------------------------------------
2470  |Info:    [HyperX Quadcast S] Registering RGB controller
2470  |Info:    ------------------------------------------------------
2470  |Info:    |              Detecting other devices               |
2470  |Info:    ------------------------------------------------------
2475  |Info:    ------------------------------------------------------
2475  |Info:    |                Detection completed                 |
2475  |Info:    ------------------------------------------------------
6381  |Info:    Profile loading: Succeeded for ENE DRAM @ I2C: /dev/i2c-8, address 0x72
6381  |Info:    Profile loading: Succeeded for ENE DRAM @ I2C: /dev/i2c-8, address 0x73
6381  |Info:    Profile loading: Succeeded for ENE DRAM @ I2C: /dev/i2c-8, address 0x74
6381  |Info:    Profile loading: Succeeded for ENE DRAM @ I2C: /dev/i2c-8, address 0x75
6381  |Info:    Profile loading: Succeeded for Z390 AORUS MASTER-CF @ HID: /dev/hidraw6
6381  |Info:    Profile loading: Succeeded for Logitech G915 Wireless RGB Mechanical Gaming Keyboard @ 
6381  |Info:    Profile loading: Succeeded for HyperX Quadcast S @ 1-11.4.4:1.0
