    OpenRGB v0.9
    Commit:  from 
    Launched: 20240530_204350
====================================================================================================

1     |Info:    Found file: Off.orp attempting to validate header
1     |Info:    Valid v4 profile found for Off
1     |Info:    Found file: Snow.orp attempting to validate header
1     |Info:    Valid v4 profile found for Snow
1007  |Info:    ------------------------------------------------------
1007  |Info:    |               Start device detection               |
1007  |Info:    ------------------------------------------------------
1007  |Info:    Initializing HID interfaces: Success
1010  |Info:    ------------------------------------------------------
1010  |Info:    |             Detecting I2C interfaces               |
1010  |Info:    ------------------------------------------------------
1010  |Info:    Registering I2C interface: /dev/i2c-3 Device 10DE:1E07 Subsystem: 1458:37BD
1011  |Info:    Registering I2C interface: /dev/i2c-1 Device 10DE:1E07 Subsystem: 1458:37BD
1011  |Info:    Registering I2C interface: /dev/i2c-8 Device 8086:A323 Subsystem: 1458:5001
1011  |Info:    Registering I2C interface: /dev/i2c-6 Device 10DE:1E07 Subsystem: 1458:37BD
1011  |Info:    Registering I2C interface: /dev/i2c-4 Device 10DE:1E07 Subsystem: 1458:37BD
1011  |Info:    Registering I2C interface: /dev/i2c-2 Device 10DE:1E07 Subsystem: 1458:37BD
1011  |Info:    Registering I2C interface: /dev/i2c-0 Device 10DE:1E07 Subsystem: 1458:37BD
1011  |Info:    Registering I2C interface: /dev/i2c-7 Device 10DE:1AD7 Subsystem: 1458:37BD
1011  |Info:    Registering I2C interface: /dev/i2c-5 Device 10DE:1E07 Subsystem: 1458:37BD
1011  |Info:    ------------------------------------------------------
1011  |Info:    |               Detecting I2C devices                |
1011  |Info:    ------------------------------------------------------
1266  |Info:    [ENE DRAM] Registering RGB controller
1437  |Info:    [ENE DRAM] Registering RGB controller
1602  |Info:    [ENE DRAM] Registering RGB controller
1767  |Info:    [ENE DRAM] Registering RGB controller
2114  |Info:    ------------------------------------------------------
2114  |Info:    |               Detecting I2C PCI devices            |
2114  |Info:    ------------------------------------------------------
2115  |Info:    ------------------------------------------------------
2115  |Info:    |               Detecting HID devices                |
2115  |Info:    ------------------------------------------------------
2271  |Info:    [Z390 AORUS MASTER-CF] Registering RGB controller
2476  |Info:    ------------------------------------------------------
2476  |Info:    |            Detecting libusb HID devices            |
2476  |Info:    ------------------------------------------------------
2494  |Info:    [HyperX Quadcast S] Registering RGB controller
2494  |Info:    ------------------------------------------------------
2494  |Info:    |              Detecting other devices               |
2494  |Info:    ------------------------------------------------------
2501  |Info:    ------------------------------------------------------
2501  |Info:    |                Detection completed                 |
2501  |Info:    ------------------------------------------------------
21517 |Info:    Profile loading: Succeeded for ENE DRAM @ I2C: /dev/i2c-8, address 0x72
21517 |Info:    Profile loading: Succeeded for ENE DRAM @ I2C: /dev/i2c-8, address 0x73
21517 |Info:    Profile loading: Succeeded for ENE DRAM @ I2C: /dev/i2c-8, address 0x74
21517 |Info:    Profile loading: Succeeded for ENE DRAM @ I2C: /dev/i2c-8, address 0x75
21517 |Info:    Profile loading: Succeeded for Z390 AORUS MASTER-CF @ HID: /dev/hidraw3
21517 |Info:    Profile loading: Succeeded for HyperX Quadcast S @ 1-11.4.4:1.0
