    OpenRGB v0.9
    Commit:  from 
    Launched: 20240113_095617
====================================================================================================

0     |Info:    Found file: Nord.orp attempting to validate header
0     |Info:    Valid v4 profile found for Nord
1001  |Info:    ------------------------------------------------------
1001  |Info:    |               Start device detection               |
1001  |Info:    ------------------------------------------------------
1001  |Info:    Initializing HID interfaces: Success
1004  |Info:    ------------------------------------------------------
1004  |Info:    |             Detecting I2C interfaces               |
1004  |Info:    ------------------------------------------------------
1011  |Info:    Registering I2C interface: /dev/i2c-3 Device 10DE:1E07 Subsystem: 1458:37BD
1011  |Info:    Registering I2C interface: /dev/i2c-1 Device 8086:A323 Subsystem: 1458:5001
1013  |Info:    Registering I2C interface: /dev/i2c-8 Device 10DE:1E07 Subsystem: 1458:37BD
1013  |Info:    Registering I2C interface: /dev/i2c-6 Device 10DE:1E07 Subsystem: 1458:37BD
1013  |Info:    Registering I2C interface: /dev/i2c-4 Device 10DE:1E07 Subsystem: 1458:37BD
1013  |Info:    Registering I2C interface: /dev/i2c-2 Device 10DE:1E07 Subsystem: 1458:37BD
1013  |Info:    Registering I2C interface: /dev/i2c-0 Device 10DE:1AD7 Subsystem: 1458:37BD
1013  |Info:    Registering I2C interface: /dev/i2c-7 Device 10DE:1E07 Subsystem: 1458:37BD
1013  |Info:    Registering I2C interface: /dev/i2c-5 Device 10DE:1E07 Subsystem: 1458:37BD
1013  |Info:    ------------------------------------------------------
1013  |Info:    |               Detecting I2C devices                |
1013  |Info:    ------------------------------------------------------
1682  |Info:    [ENE DRAM] Registering RGB controller
1866  |Info:    [ENE DRAM] Registering RGB controller
2038  |Info:    [ENE DRAM] Registering RGB controller
2207  |Info:    [ENE DRAM] Registering RGB controller
2210  |Info:    ------------------------------------------------------
2210  |Info:    |               Detecting I2C PCI devices            |
2210  |Info:    ------------------------------------------------------
2211  |Info:    ------------------------------------------------------
2211  |Info:    |               Detecting HID devices                |
2211  |Info:    ------------------------------------------------------
2373  |Info:    [Z390 AORUS MASTER-CF] Registering RGB controller
2633  |Info:    [Logitech G915 Wireless RGB Mechanical Gaming Keyboard] Registering RGB controller
2633  |Info:    ------------------------------------------------------
2633  |Info:    |            Detecting libusb HID devices            |
2633  |Info:    ------------------------------------------------------
2643  |Info:    [HyperX Quadcast S] Registering RGB controller
2643  |Info:    ------------------------------------------------------
2643  |Info:    |              Detecting other devices               |
2643  |Info:    ------------------------------------------------------
2644  |Info:    ------------------------------------------------------
2644  |Info:    |                Detection completed                 |
2644  |Info:    ------------------------------------------------------
17768 |Info:    Found file: Nord.orp attempting to validate header
17768 |Info:    Valid v4 profile found for Nord
17768 |Info:    Found file: Off.orp attempting to validate header
17768 |Info:    Valid v4 profile found for Off
50375 |Info:    Found file: Nord.orp attempting to validate header
50375 |Info:    Valid v4 profile found for Nord
50375 |Info:    Found file: Off.orp attempting to validate header
50375 |Info:    Valid v4 profile found for Off
55173 |Info:    Profile loading: Succeeded for ENE DRAM @ I2C: /dev/i2c-1, address 0x39
55173 |Info:    Profile loading: Succeeded for ENE DRAM @ I2C: /dev/i2c-1, address 0x3B
55173 |Info:    Profile loading: Succeeded for ENE DRAM @ I2C: /dev/i2c-1, address 0x3C
55173 |Info:    Profile loading: Succeeded for ENE DRAM @ I2C: /dev/i2c-1, address 0x3D
55173 |Info:    Profile loading: Succeeded for Z390 AORUS MASTER-CF @ HID: /dev/hidraw7
55173 |Info:    Profile loading: Succeeded for Logitech G915 Wireless RGB Mechanical Gaming Keyboard @ 
55173 |Info:    Profile loading: Succeeded for HyperX Quadcast S @ 1-7.4:1.0
58739 |Info:    Profile loading: Succeeded for ENE DRAM @ I2C: /dev/i2c-1, address 0x39
58739 |Info:    Profile loading: Succeeded for ENE DRAM @ I2C: /dev/i2c-1, address 0x3B
58739 |Info:    Profile loading: Succeeded for ENE DRAM @ I2C: /dev/i2c-1, address 0x3C
58739 |Info:    Profile loading: Succeeded for ENE DRAM @ I2C: /dev/i2c-1, address 0x3D
58739 |Info:    Profile loading: Succeeded for Z390 AORUS MASTER-CF @ HID: /dev/hidraw7
58739 |Info:    Profile loading: Succeeded for Logitech G915 Wireless RGB Mechanical Gaming Keyboard @ 
58739 |Info:    Profile loading: Succeeded for HyperX Quadcast S @ 1-7.4:1.0
71464 |Info:    Found file: Nord.orp attempting to validate header
71464 |Info:    Valid v4 profile found for Nord
71464 |Info:    Found file: Off.orp attempting to validate header
71464 |Info:    Valid v4 profile found for Off
73355 |Info:    Profile loading: Succeeded for ENE DRAM @ I2C: /dev/i2c-1, address 0x39
73355 |Info:    Profile loading: Succeeded for ENE DRAM @ I2C: /dev/i2c-1, address 0x3B
73355 |Info:    Profile loading: Succeeded for ENE DRAM @ I2C: /dev/i2c-1, address 0x3C
73355 |Info:    Profile loading: Succeeded for ENE DRAM @ I2C: /dev/i2c-1, address 0x3D
73355 |Info:    Profile loading: Succeeded for Z390 AORUS MASTER-CF @ HID: /dev/hidraw7
73355 |Info:    Profile loading: Succeeded for Logitech G915 Wireless RGB Mechanical Gaming Keyboard @ 
73355 |Info:    Profile loading: Succeeded for HyperX Quadcast S @ 1-7.4:1.0
75318 |Info:    Profile loading: Succeeded for ENE DRAM @ I2C: /dev/i2c-1, address 0x39
75318 |Info:    Profile loading: Succeeded for ENE DRAM @ I2C: /dev/i2c-1, address 0x3B
75318 |Info:    Profile loading: Succeeded for ENE DRAM @ I2C: /dev/i2c-1, address 0x3C
75318 |Info:    Profile loading: Succeeded for ENE DRAM @ I2C: /dev/i2c-1, address 0x3D
75318 |Info:    Profile loading: Succeeded for Z390 AORUS MASTER-CF @ HID: /dev/hidraw7
75318 |Info:    Profile loading: Succeeded for Logitech G915 Wireless RGB Mechanical Gaming Keyboard @ 
75318 |Info:    Profile loading: Succeeded for HyperX Quadcast S @ 1-7.4:1.0
76836 |Info:    Profile loading: Succeeded for ENE DRAM @ I2C: /dev/i2c-1, address 0x39
76836 |Info:    Profile loading: Succeeded for ENE DRAM @ I2C: /dev/i2c-1, address 0x3B
76836 |Info:    Profile loading: Succeeded for ENE DRAM @ I2C: /dev/i2c-1, address 0x3C
76836 |Info:    Profile loading: Succeeded for ENE DRAM @ I2C: /dev/i2c-1, address 0x3D
76836 |Info:    Profile loading: Succeeded for Z390 AORUS MASTER-CF @ HID: /dev/hidraw7
76836 |Info:    Profile loading: Succeeded for Logitech G915 Wireless RGB Mechanical Gaming Keyboard @ 
76836 |Info:    Profile loading: Succeeded for HyperX Quadcast S @ 1-7.4:1.0
135134|Info:    ------------------------------------------------------
135134|Info:    |               Start device detection               |
135134|Info:    ------------------------------------------------------
135134|Info:    Initializing HID interfaces: Success
135137|Info:    ------------------------------------------------------
135137|Info:    |             Detecting I2C interfaces               |
135137|Info:    ------------------------------------------------------
135137|Info:    Registering I2C interface: /dev/i2c-3 Device 10DE:1E07 Subsystem: 1458:37BD
135137|Info:    Registering I2C interface: /dev/i2c-1 Device 8086:A323 Subsystem: 1458:5001
135137|Info:    Registering I2C interface: /dev/i2c-8 Device 10DE:1E07 Subsystem: 1458:37BD
135137|Info:    Registering I2C interface: /dev/i2c-6 Device 10DE:1E07 Subsystem: 1458:37BD
135137|Info:    Registering I2C interface: /dev/i2c-4 Device 10DE:1E07 Subsystem: 1458:37BD
135137|Info:    Registering I2C interface: /dev/i2c-2 Device 10DE:1E07 Subsystem: 1458:37BD
135137|Info:    Registering I2C interface: /dev/i2c-0 Device 10DE:1AD7 Subsystem: 1458:37BD
135137|Info:    Registering I2C interface: /dev/i2c-7 Device 10DE:1E07 Subsystem: 1458:37BD
135137|Info:    Registering I2C interface: /dev/i2c-5 Device 10DE:1E07 Subsystem: 1458:37BD
135137|Info:    ------------------------------------------------------
135137|Info:    |               Detecting I2C devices                |
135137|Info:    ------------------------------------------------------
135818|Info:    [ENE DRAM] Registering RGB controller
136004|Info:    [ENE DRAM] Registering RGB controller
136177|Info:    [ENE DRAM] Registering RGB controller
136349|Info:    [ENE DRAM] Registering RGB controller
136352|Info:    ------------------------------------------------------
136352|Info:    |               Detecting I2C PCI devices            |
136352|Info:    ------------------------------------------------------
136352|Info:    ------------------------------------------------------
136352|Info:    |               Detecting HID devices                |
136352|Info:    ------------------------------------------------------
136513|Info:    [Z390 AORUS MASTER-CF] Registering RGB controller
136718|Info:    [Logitech G915 Wireless RGB Mechanical Gaming Keyboard] Registering RGB controller
136718|Info:    ------------------------------------------------------
136718|Info:    |            Detecting libusb HID devices            |
136718|Info:    ------------------------------------------------------
136728|Info:    [HyperX Quadcast S] Registering RGB controller
136728|Info:    ------------------------------------------------------
136728|Info:    |              Detecting other devices               |
136728|Info:    ------------------------------------------------------
136728|Info:    ------------------------------------------------------
136728|Info:    |                Detection completed                 |
136728|Info:    ------------------------------------------------------
274229|Info:    Profile loading: Succeeded for ENE DRAM @ I2C: /dev/i2c-1, address 0x39
274229|Info:    Profile loading: Succeeded for ENE DRAM @ I2C: /dev/i2c-1, address 0x3B
274229|Info:    Profile loading: Succeeded for ENE DRAM @ I2C: /dev/i2c-1, address 0x3C
274229|Info:    Profile loading: Succeeded for ENE DRAM @ I2C: /dev/i2c-1, address 0x3D
274229|Info:    Profile loading: Succeeded for Z390 AORUS MASTER-CF @ HID: /dev/hidraw7
274229|Info:    Profile loading: Succeeded for Logitech G915 Wireless RGB Mechanical Gaming Keyboard @ 
274229|Info:    Profile loading: Succeeded for HyperX Quadcast S @ 1-7.4:1.0
289846|Info:    Found file: Nord.orp attempting to validate header
289846|Info:    Valid v4 profile found for Nord
289846|Info:    Found file: Off.orp attempting to validate header
289846|Info:    Valid v4 profile found for Off
289846|Info:    Found file: Dim.orp attempting to validate header
289846|Info:    Valid v4 profile found for Dim
358296|Info:    Found file: Nord.orp attempting to validate header
358296|Info:    Valid v4 profile found for Nord
358296|Info:    Found file: Off.orp attempting to validate header
358296|Info:    Valid v4 profile found for Off
358296|Info:    Found file: Dim.orp attempting to validate header
358296|Info:    Valid v4 profile found for Dim
