    OpenRGB v0.9
    Commit:  from 
    Launched: 20240430_202310
====================================================================================================

0     |Info:    Found file: Off.orp attempting to validate header
0     |Info:    Valid v4 profile found for Off
0     |Info:    Found file: Snow.orp attempting to validate header
0     |Info:    Valid v4 profile found for Snow
1001  |Info:    ------------------------------------------------------
1001  |Info:    |               Start device detection               |
1001  |Info:    ------------------------------------------------------
1001  |Info:    Initializing HID interfaces: Success
1006  |Info:    ------------------------------------------------------
1006  |Info:    |             Detecting I2C interfaces               |
1006  |Info:    ------------------------------------------------------
1006  |Info:    Registering I2C interface: /dev/i2c-3 Device 10DE:1E07 Subsystem: 1458:37BD
1006  |Info:    Registering I2C interface: /dev/i2c-1 Device 10DE:1E07 Subsystem: 1458:37BD
1006  |Info:    Registering I2C interface: /dev/i2c-8 Device 8086:A323 Subsystem: 1458:5001
1007  |Info:    Registering I2C interface: /dev/i2c-6 Device 10DE:1E07 Subsystem: 1458:37BD
1007  |Info:    Registering I2C interface: /dev/i2c-4 Device 10DE:1E07 Subsystem: 1458:37BD
1007  |Info:    Registering I2C interface: /dev/i2c-2 Device 10DE:1E07 Subsystem: 1458:37BD
1007  |Info:    Registering I2C interface: /dev/i2c-0 Device 10DE:1E07 Subsystem: 1458:37BD
1007  |Info:    Registering I2C interface: /dev/i2c-7 Device 10DE:1AD7 Subsystem: 1458:37BD
1007  |Info:    Registering I2C interface: /dev/i2c-5 Device 10DE:1E07 Subsystem: 1458:37BD
1007  |Info:    ------------------------------------------------------
1007  |Info:    |               Detecting I2C devices                |
1007  |Info:    ------------------------------------------------------
1196  |Info:    [ENE DRAM] Registering RGB controller
1368  |Info:    [ENE DRAM] Registering RGB controller
1539  |Info:    [ENE DRAM] Registering RGB controller
1710  |Info:    [ENE DRAM] Registering RGB controller
2055  |Info:    ------------------------------------------------------
2055  |Info:    |               Detecting I2C PCI devices            |
2055  |Info:    ------------------------------------------------------
2056  |Info:    ------------------------------------------------------
2056  |Info:    |               Detecting HID devices                |
2056  |Info:    ------------------------------------------------------
2214  |Info:    [Z390 AORUS MASTER-CF] Registering RGB controller
2477  |Info:    [Logitech G915 Wireless RGB Mechanical Gaming Keyboard] Registering RGB controller
2477  |Info:    ------------------------------------------------------
2477  |Info:    |            Detecting libusb HID devices            |
2477  |Info:    ------------------------------------------------------
2488  |Info:    [HyperX Quadcast S] Registering RGB controller
2488  |Info:    ------------------------------------------------------
2488  |Info:    |              Detecting other devices               |
2488  |Info:    ------------------------------------------------------
2494  |Info:    ------------------------------------------------------
2494  |Info:    |                Detection completed                 |
2494  |Info:    ------------------------------------------------------
4934  |Info:    Profile loading: Succeeded for ENE DRAM @ I2C: /dev/i2c-8, address 0x72
4934  |Info:    Profile loading: Succeeded for ENE DRAM @ I2C: /dev/i2c-8, address 0x73
4934  |Info:    Profile loading: Succeeded for ENE DRAM @ I2C: /dev/i2c-8, address 0x74
4934  |Info:    Profile loading: Succeeded for ENE DRAM @ I2C: /dev/i2c-8, address 0x75
4934  |Info:    Profile loading: Succeeded for Z390 AORUS MASTER-CF @ HID: /dev/hidraw6
4934  |Info:    Profile loading: Succeeded for Logitech G915 Wireless RGB Mechanical Gaming Keyboard @ 
4934  |Info:    Profile loading: Succeeded for HyperX Quadcast S @ 1-11.4.4:1.0
