    OpenRGB v0.9
    Commit:  from 
    Launched: 20240605_013359
====================================================================================================

0     |Info:    Found file: Off.orp attempting to validate header
0     |Info:    Valid v4 profile found for Off
0     |Info:    Found file: Snow.orp attempting to validate header
0     |Info:    Valid v4 profile found for Snow
1013  |Info:    ------------------------------------------------------
1013  |Info:    |               Start device detection               |
1013  |Info:    ------------------------------------------------------
1013  |Info:    Initializing HID interfaces: Success
1016  |Info:    ------------------------------------------------------
1016  |Info:    |             Detecting I2C interfaces               |
1016  |Info:    ------------------------------------------------------
1016  |Info:    Registering I2C interface: /dev/i2c-3 Device 10DE:1E07 Subsystem: 1458:37BD
1016  |Info:    Registering I2C interface: /dev/i2c-1 Device 10DE:1E07 Subsystem: 1458:37BD
1016  |Info:    Registering I2C interface: /dev/i2c-8 Device 8086:A323 Subsystem: 1458:5001
1016  |Info:    Registering I2C interface: /dev/i2c-6 Device 10DE:1E07 Subsystem: 1458:37BD
1016  |Info:    Registering I2C interface: /dev/i2c-4 Device 10DE:1E07 Subsystem: 1458:37BD
1017  |Info:    Registering I2C interface: /dev/i2c-2 Device 10DE:1E07 Subsystem: 1458:37BD
1017  |Info:    Registering I2C interface: /dev/i2c-0 Device 10DE:1E07 Subsystem: 1458:37BD
1017  |Info:    Registering I2C interface: /dev/i2c-7 Device 10DE:1AD7 Subsystem: 1458:37BD
1017  |Info:    Registering I2C interface: /dev/i2c-5 Device 10DE:1E07 Subsystem: 1458:37BD
1017  |Info:    ------------------------------------------------------
1017  |Info:    |               Detecting I2C devices                |
1017  |Info:    ------------------------------------------------------
1216  |Info:    [ENE DRAM] Registering RGB controller
1388  |Info:    [ENE DRAM] Registering RGB controller
1556  |Info:    [ENE DRAM] Registering RGB controller
1725  |Info:    [ENE DRAM] Registering RGB controller
2070  |Info:    ------------------------------------------------------
2070  |Info:    |               Detecting I2C PCI devices            |
2070  |Info:    ------------------------------------------------------
2070  |Info:    ------------------------------------------------------
2070  |Info:    |               Detecting HID devices                |
2070  |Info:    ------------------------------------------------------
2175  |Info:    [Z390 AORUS MASTER-CF] Registering RGB controller
2380  |Info:    [Logitech G915 Wireless RGB Mechanical Gaming Keyboard] Registering RGB controller
2380  |Info:    ------------------------------------------------------
2380  |Info:    |            Detecting libusb HID devices            |
2380  |Info:    ------------------------------------------------------
2397  |Info:    [HyperX Quadcast S] Registering RGB controller
2397  |Info:    ------------------------------------------------------
2397  |Info:    |              Detecting other devices               |
2397  |Info:    ------------------------------------------------------
2402  |Info:    ------------------------------------------------------
2402  |Info:    |                Detection completed                 |
2402  |Info:    ------------------------------------------------------
