    OpenRGB v0.9
    Commit:  from 
    Launched: 20240306_135605
====================================================================================================

20    |Info:    Found file: Nord.orp attempting to validate header
23    |Info:    Valid v4 profile found for Nord
23    |Info:    Found file: Off.orp attempting to validate header
27    |Info:    Valid v4 profile found for Off
27    |Info:    Found file: Dim.orp attempting to validate header
29    |Info:    Valid v4 profile found for Dim
29    |Info:    Found file: Green.orp attempting to validate header
31    |Info:    Valid v4 profile found for Green
31    |Info:    Found file: Snow.orp attempting to validate header
32    |Info:    Valid v4 profile found for Snow
1035  |Info:    ------------------------------------------------------
1035  |Info:    |               Start device detection               |
1035  |Info:    ------------------------------------------------------
1036  |Info:    Initializing HID interfaces: Success
1039  |Info:    ------------------------------------------------------
1039  |Info:    |             Detecting I2C interfaces               |
1039  |Info:    ------------------------------------------------------
1039  |Info:    Registering I2C interface: /dev/i2c-3 Device 10DE:1E07 Subsystem: 1458:37BD
1039  |Info:    Registering I2C interface: /dev/i2c-1 Device 8086:A323 Subsystem: 1458:5001
1039  |Info:    Registering I2C interface: /dev/i2c-8 Device 10DE:1E07 Subsystem: 1458:37BD
1039  |Info:    Registering I2C interface: /dev/i2c-6 Device 10DE:1E07 Subsystem: 1458:37BD
1039  |Info:    Registering I2C interface: /dev/i2c-4 Device 10DE:1E07 Subsystem: 1458:37BD
1039  |Info:    Registering I2C interface: /dev/i2c-2 Device 10DE:1E07 Subsystem: 1458:37BD
1039  |Info:    Registering I2C interface: /dev/i2c-0 Device 10DE:1AD7 Subsystem: 1458:37BD
1040  |Info:    Registering I2C interface: /dev/i2c-7 Device 10DE:1E07 Subsystem: 1458:37BD
1040  |Info:    Registering I2C interface: /dev/i2c-5 Device 10DE:1E07 Subsystem: 1458:37BD
1040  |Info:    ------------------------------------------------------
1040  |Info:    |               Detecting I2C devices                |
1040  |Info:    ------------------------------------------------------
1541  |Info:    [ENE DRAM] Registering RGB controller
1708  |Info:    [ENE DRAM] Registering RGB controller
1878  |Info:    [ENE DRAM] Registering RGB controller
2048  |Info:    [ENE DRAM] Registering RGB controller
2090  |Info:    ------------------------------------------------------
2090  |Info:    |               Detecting I2C PCI devices            |
2090  |Info:    ------------------------------------------------------
2091  |Info:    ------------------------------------------------------
2091  |Info:    |               Detecting HID devices                |
2091  |Info:    ------------------------------------------------------
2251  |Info:    [Z390 AORUS MASTER-CF] Registering RGB controller
2510  |Info:    [Logitech G915 Wireless RGB Mechanical Gaming Keyboard] Registering RGB controller
2510  |Info:    ------------------------------------------------------
2510  |Info:    |            Detecting libusb HID devices            |
2510  |Info:    ------------------------------------------------------
