    OpenRGB v0.9
    Commit:  from 
    Launched: 20240403_112229
====================================================================================================

16    |Info:    Found file: Nord.orp attempting to validate header
17    |Info:    Valid v4 profile found for Nord
17    |Info:    Found file: Off.orp attempting to validate header
21    |Info:    Valid v4 profile found for Off
21    |Info:    Found file: Dim.orp attempting to validate header
23    |Info:    Valid v4 profile found for Dim
23    |Info:    Found file: Green.orp attempting to validate header
27    |Info:    Valid v4 profile found for Green
27    |Info:    Found file: Snow.orp attempting to validate header
28    |Info:    Valid v4 profile found for Snow
1033  |Info:    ------------------------------------------------------
1033  |Info:    |               Start device detection               |
1033  |Info:    ------------------------------------------------------
1033  |Info:    Initializing HID interfaces: Success
1037  |Info:    ------------------------------------------------------
1037  |Info:    |             Detecting I2C interfaces               |
1037  |Info:    ------------------------------------------------------
1037  |Info:    Registering I2C interface: /dev/i2c-3 Device 10DE:1E07 Subsystem: 1458:37BD
1037  |Info:    Registering I2C interface: /dev/i2c-1 Device 8086:A323 Subsystem: 1458:5001
1037  |Info:    Registering I2C interface: /dev/i2c-8 Device 10DE:1E07 Subsystem: 1458:37BD
1037  |Info:    Registering I2C interface: /dev/i2c-6 Device 10DE:1E07 Subsystem: 1458:37BD
1037  |Info:    Registering I2C interface: /dev/i2c-4 Device 10DE:1E07 Subsystem: 1458:37BD
1038  |Info:    Registering I2C interface: /dev/i2c-2 Device 10DE:1E07 Subsystem: 1458:37BD
1038  |Info:    Registering I2C interface: /dev/i2c-0 Device 10DE:1AD7 Subsystem: 1458:37BD
1038  |Info:    Registering I2C interface: /dev/i2c-7 Device 10DE:1E07 Subsystem: 1458:37BD
1038  |Info:    Registering I2C interface: /dev/i2c-5 Device 10DE:1E07 Subsystem: 1458:37BD
1038  |Info:    ------------------------------------------------------
1038  |Info:    |               Detecting I2C devices                |
1038  |Info:    ------------------------------------------------------
1530  |Info:    [ENE DRAM] Registering RGB controller
1703  |Info:    [ENE DRAM] Registering RGB controller
1875  |Info:    [ENE DRAM] Registering RGB controller
2051  |Info:    [ENE DRAM] Registering RGB controller
2093  |Info:    ------------------------------------------------------
2093  |Info:    |               Detecting I2C PCI devices            |
2093  |Info:    ------------------------------------------------------
2094  |Info:    ------------------------------------------------------
2094  |Info:    |               Detecting HID devices                |
2094  |Info:    ------------------------------------------------------
2252  |Info:    [Z390 AORUS MASTER-CF] Registering RGB controller
2514  |Info:    [Logitech G915 Wireless RGB Mechanical Gaming Keyboard] Registering RGB controller
2514  |Info:    ------------------------------------------------------
2514  |Info:    |            Detecting libusb HID devices            |
2514  |Info:    ------------------------------------------------------
2530  |Info:    [HyperX Quadcast S] Registering RGB controller
2530  |Info:    ------------------------------------------------------
2530  |Info:    |              Detecting other devices               |
2530  |Info:    ------------------------------------------------------
2534  |Info:    ------------------------------------------------------
2535  |Info:    |                Detection completed                 |
2535  |Info:    ------------------------------------------------------
7932  |Info:    Profile loading: Succeeded for ENE DRAM @ I2C: /dev/i2c-1, address 0x72
7932  |Info:    Profile loading: Succeeded for ENE DRAM @ I2C: /dev/i2c-1, address 0x73
7932  |Info:    Profile loading: Succeeded for ENE DRAM @ I2C: /dev/i2c-1, address 0x74
7932  |Info:    Profile loading: Succeeded for ENE DRAM @ I2C: /dev/i2c-1, address 0x75
7932  |Info:    Profile loading: Succeeded for Z390 AORUS MASTER-CF @ HID: /dev/hidraw8
7932  |Info:    Profile loading: Succeeded for Logitech G915 Wireless RGB Mechanical Gaming Keyboard @ 
7932  |Info:    Profile loading: Succeeded for HyperX Quadcast S @ 1-4.4:1.0
