    OpenRGB v0.9
    Commit:  from 
    Launched: 20240201_224713
====================================================================================================

16    |Info:    Found file: Nord.orp attempting to validate header
17    |Info:    Valid v4 profile found for Nord
17    |Info:    Found file: Off.orp attempting to validate header
18    |Info:    Valid v4 profile found for Off
18    |Info:    Found file: Dim.orp attempting to validate header
19    |Info:    Valid v4 profile found for Dim
19    |Info:    Found file: Green.orp attempting to validate header
20    |Info:    Valid v4 profile found for Green
20    |Info:    Found file: Snow.orp attempting to validate header
20    |Info:    Valid v4 profile found for Snow
1024  |Info:    ------------------------------------------------------
1024  |Info:    |               Start device detection               |
1024  |Info:    ------------------------------------------------------
1024  |Info:    Initializing HID interfaces: Success
1027  |Info:    ------------------------------------------------------
1027  |Info:    |             Detecting I2C interfaces               |
1027  |Info:    ------------------------------------------------------
1027  |Info:    Registering I2C interface: /dev/i2c-3 Device 10DE:1E07 Subsystem: 1458:37BD
1027  |Info:    Registering I2C interface: /dev/i2c-1 Device 8086:A323 Subsystem: 1458:5001
1027  |Info:    Registering I2C interface: /dev/i2c-8 Device 10DE:1E07 Subsystem: 1458:37BD
1027  |Info:    Registering I2C interface: /dev/i2c-6 Device 10DE:1E07 Subsystem: 1458:37BD
1027  |Info:    Registering I2C interface: /dev/i2c-4 Device 10DE:1E07 Subsystem: 1458:37BD
1027  |Info:    Registering I2C interface: /dev/i2c-2 Device 10DE:1E07 Subsystem: 1458:37BD
1027  |Info:    Registering I2C interface: /dev/i2c-0 Device 10DE:1AD7 Subsystem: 1458:37BD
1030  |Info:    Registering I2C interface: /dev/i2c-7 Device 10DE:1E07 Subsystem: 1458:37BD
1030  |Info:    Registering I2C interface: /dev/i2c-5 Device 10DE:1E07 Subsystem: 1458:37BD
1030  |Info:    ------------------------------------------------------
1030  |Info:    |               Detecting I2C devices                |
1030  |Info:    ------------------------------------------------------
1516  |Info:    [ENE DRAM] Registering RGB controller
1684  |Info:    [ENE DRAM] Registering RGB controller
1852  |Info:    [ENE DRAM] Registering RGB controller
2017  |Info:    [ENE DRAM] Registering RGB controller
2058  |Info:    ------------------------------------------------------
2058  |Info:    |               Detecting I2C PCI devices            |
2058  |Info:    ------------------------------------------------------
2059  |Info:    ------------------------------------------------------
2059  |Info:    |               Detecting HID devices                |
2059  |Info:    ------------------------------------------------------
2219  |Info:    [Z390 AORUS MASTER-CF] Registering RGB controller
2478  |Info:    [Logitech G915 Wireless RGB Mechanical Gaming Keyboard] Registering RGB controller
2478  |Info:    ------------------------------------------------------
2478  |Info:    |            Detecting libusb HID devices            |
2478  |Info:    ------------------------------------------------------
2495  |Info:    [HyperX Quadcast S] Registering RGB controller
2495  |Info:    ------------------------------------------------------
2495  |Info:    |              Detecting other devices               |
2495  |Info:    ------------------------------------------------------
2500  |Info:    ------------------------------------------------------
2500  |Info:    |                Detection completed                 |
2500  |Info:    ------------------------------------------------------
8845  |Info:    Profile loading: Succeeded for ENE DRAM @ I2C: /dev/i2c-1, address 0x72
8845  |Info:    Profile loading: Succeeded for ENE DRAM @ I2C: /dev/i2c-1, address 0x73
8845  |Info:    Profile loading: Succeeded for ENE DRAM @ I2C: /dev/i2c-1, address 0x74
8845  |Info:    Profile loading: Succeeded for ENE DRAM @ I2C: /dev/i2c-1, address 0x75
8845  |Info:    Profile loading: Succeeded for Z390 AORUS MASTER-CF @ HID: /dev/hidraw8
8845  |Info:    Profile loading: Succeeded for Logitech G915 Wireless RGB Mechanical Gaming Keyboard @ 
8845  |Info:    Profile loading: Succeeded for HyperX Quadcast S @ 1-7.4:1.0
