    OpenRGB v0.9
    Commit:  from 
    Launched: 20240208_044418
====================================================================================================

0     |Info:    Found file: Nord.orp attempting to validate header
2     |Info:    Valid v4 profile found for Nord
2     |Info:    Found file: Off.orp attempting to validate header
3     |Info:    Valid v4 profile found for Off
3     |Info:    Found file: Dim.orp attempting to validate header
3     |Info:    Valid v4 profile found for Dim
3     |Info:    Found file: Green.orp attempting to validate header
3     |Info:    Valid v4 profile found for Green
3     |Info:    Found file: Snow.orp attempting to validate header
4     |Info:    Valid v4 profile found for Snow
1007  |Info:    ------------------------------------------------------
1007  |Info:    |               Start device detection               |
1007  |Info:    ------------------------------------------------------
1008  |Info:    Initializing HID interfaces: Success
1010  |Info:    ------------------------------------------------------
1010  |Info:    |             Detecting I2C interfaces               |
1010  |Info:    ------------------------------------------------------
1010  |Info:    Registering I2C interface: /dev/i2c-3 Device 10DE:1E07 Subsystem: 1458:37BD
1010  |Info:    Registering I2C interface: /dev/i2c-1 Device 8086:A323 Subsystem: 1458:5001
1010  |Info:    Registering I2C interface: /dev/i2c-8 Device 10DE:1E07 Subsystem: 1458:37BD
1011  |Info:    Registering I2C interface: /dev/i2c-6 Device 10DE:1E07 Subsystem: 1458:37BD
1011  |Info:    Registering I2C interface: /dev/i2c-4 Device 10DE:1E07 Subsystem: 1458:37BD
1011  |Info:    Registering I2C interface: /dev/i2c-2 Device 10DE:1E07 Subsystem: 1458:37BD
1011  |Info:    Registering I2C interface: /dev/i2c-0 Device 10DE:1AD7 Subsystem: 1458:37BD
1011  |Info:    Registering I2C interface: /dev/i2c-7 Device 10DE:1E07 Subsystem: 1458:37BD
1011  |Info:    Registering I2C interface: /dev/i2c-5 Device 10DE:1E07 Subsystem: 1458:37BD
1011  |Info:    ------------------------------------------------------
1011  |Info:    |               Detecting I2C devices                |
1011  |Info:    ------------------------------------------------------
1503  |Info:    [ENE DRAM] Registering RGB controller
1674  |Info:    [ENE DRAM] Registering RGB controller
1844  |Info:    [ENE DRAM] Registering RGB controller
2011  |Info:    [ENE DRAM] Registering RGB controller
2052  |Info:    ------------------------------------------------------
2052  |Info:    |               Detecting I2C PCI devices            |
2052  |Info:    ------------------------------------------------------
2053  |Info:    ------------------------------------------------------
2053  |Info:    |               Detecting HID devices                |
2053  |Info:    ------------------------------------------------------
2211  |Info:    [Z390 AORUS MASTER-CF] Registering RGB controller
2470  |Info:    [Logitech G915 Wireless RGB Mechanical Gaming Keyboard] Registering RGB controller
2470  |Info:    ------------------------------------------------------
2470  |Info:    |            Detecting libusb HID devices            |
2470  |Info:    ------------------------------------------------------
2486  |Info:    [HyperX Quadcast S] Registering RGB controller
2486  |Info:    ------------------------------------------------------
2486  |Info:    |              Detecting other devices               |
2486  |Info:    ------------------------------------------------------
2492  |Info:    ------------------------------------------------------
2492  |Info:    |                Detection completed                 |
2492  |Info:    ------------------------------------------------------
6371  |Info:    Profile loading: Succeeded for ENE DRAM @ I2C: /dev/i2c-1, address 0x72
6371  |Info:    Profile loading: Succeeded for ENE DRAM @ I2C: /dev/i2c-1, address 0x73
6371  |Info:    Profile loading: Succeeded for ENE DRAM @ I2C: /dev/i2c-1, address 0x74
6371  |Info:    Profile loading: Succeeded for ENE DRAM @ I2C: /dev/i2c-1, address 0x75
6371  |Info:    Profile loading: Succeeded for Z390 AORUS MASTER-CF @ HID: /dev/hidraw7
6371  |Info:    Profile loading: Succeeded for Logitech G915 Wireless RGB Mechanical Gaming Keyboard @ 
6371  |Info:    Profile loading: Succeeded for HyperX Quadcast S @ 1-7.4:1.0
