    OpenRGB v0.9
    Commit:  from 
    Launched: 20240322_014921
====================================================================================================

0     |Info:    Found file: Nord.orp attempting to validate header
0     |Info:    Valid v4 profile found for Nord
0     |Info:    Found file: Off.orp attempting to validate header
0     |Info:    Valid v4 profile found for Off
0     |Info:    Found file: Dim.orp attempting to validate header
0     |Info:    Valid v4 profile found for Dim
0     |Info:    Found file: Green.orp attempting to validate header
0     |Info:    Valid v4 profile found for Green
0     |Info:    Found file: Snow.orp attempting to validate header
0     |Info:    Valid v4 profile found for Snow
1001  |Info:    ------------------------------------------------------
1001  |Info:    |               Start device detection               |
1001  |Info:    ------------------------------------------------------
1001  |Info:    Initializing HID interfaces: Success
1005  |Info:    ------------------------------------------------------
1005  |Info:    |             Detecting I2C interfaces               |
1005  |Info:    ------------------------------------------------------
1005  |Info:    Registering I2C interface: /dev/i2c-3 Device 10DE:1E07 Subsystem: 1458:37BD
1005  |Info:    Registering I2C interface: /dev/i2c-1 Device 8086:A323 Subsystem: 1458:5001
1005  |Info:    Registering I2C interface: /dev/i2c-8 Device 10DE:1E07 Subsystem: 1458:37BD
1005  |Info:    Registering I2C interface: /dev/i2c-6 Device 10DE:1E07 Subsystem: 1458:37BD
1005  |Info:    Registering I2C interface: /dev/i2c-4 Device 10DE:1E07 Subsystem: 1458:37BD
1005  |Info:    Registering I2C interface: /dev/i2c-2 Device 10DE:1E07 Subsystem: 1458:37BD
1005  |Info:    Registering I2C interface: /dev/i2c-0 Device 10DE:1AD7 Subsystem: 1458:37BD
1005  |Info:    Registering I2C interface: /dev/i2c-7 Device 10DE:1E07 Subsystem: 1458:37BD
1005  |Info:    Registering I2C interface: /dev/i2c-5 Device 10DE:1E07 Subsystem: 1458:37BD
1005  |Info:    ------------------------------------------------------
1005  |Info:    |               Detecting I2C devices                |
1005  |Info:    ------------------------------------------------------
1500  |Info:    [ENE DRAM] Registering RGB controller
1672  |Info:    [ENE DRAM] Registering RGB controller
1844  |Info:    [ENE DRAM] Registering RGB controller
2014  |Info:    [ENE DRAM] Registering RGB controller
2056  |Info:    ------------------------------------------------------
2056  |Info:    |               Detecting I2C PCI devices            |
2056  |Info:    ------------------------------------------------------
2056  |Info:    ------------------------------------------------------
2056  |Info:    |               Detecting HID devices                |
2056  |Info:    ------------------------------------------------------
2218  |Info:    [Z390 AORUS MASTER-CF] Registering RGB controller
2477  |Info:    [Logitech G915 Wireless RGB Mechanical Gaming Keyboard] Registering RGB controller
2477  |Info:    ------------------------------------------------------
2477  |Info:    |            Detecting libusb HID devices            |
2477  |Info:    ------------------------------------------------------
2493  |Info:    [HyperX Quadcast S] Registering RGB controller
2493  |Info:    ------------------------------------------------------
2493  |Info:    |              Detecting other devices               |
2493  |Info:    ------------------------------------------------------
2498  |Info:    ------------------------------------------------------
2498  |Info:    |                Detection completed                 |
2498  |Info:    ------------------------------------------------------
4558  |Info:    Profile loading: Succeeded for ENE DRAM @ I2C: /dev/i2c-1, address 0x72
4558  |Info:    Profile loading: Succeeded for ENE DRAM @ I2C: /dev/i2c-1, address 0x73
4558  |Info:    Profile loading: Succeeded for ENE DRAM @ I2C: /dev/i2c-1, address 0x74
4558  |Info:    Profile loading: Succeeded for ENE DRAM @ I2C: /dev/i2c-1, address 0x75
4558  |Info:    Profile loading: Succeeded for Z390 AORUS MASTER-CF @ HID: /dev/hidraw8
4558  |Info:    Profile loading: Succeeded for Logitech G915 Wireless RGB Mechanical Gaming Keyboard @ 
4558  |Info:    Profile loading: Succeeded for HyperX Quadcast S @ 1-4.4:1.0
