    OpenRGB v0.9
    Commit:  from 
    Launched: 20240612_044042
====================================================================================================

0     |Info:    Found file: Off.orp attempting to validate header
0     |Info:    Valid v4 profile found for Off
0     |Info:    Found file: Snow.orp attempting to validate header
0     |Info:    Valid v4 profile found for Snow
1002  |Info:    ------------------------------------------------------
1002  |Info:    |               Start device detection               |
1002  |Info:    ------------------------------------------------------
1002  |Info:    Initializing HID interfaces: Success
1007  |Info:    ------------------------------------------------------
1007  |Info:    |             Detecting I2C interfaces               |
1007  |Info:    ------------------------------------------------------
1012  |Info:    Registering I2C interface: /dev/i2c-3 Device 10DE:1E07 Subsystem: 1458:37BD
1012  |Info:    Registering I2C interface: /dev/i2c-1 Device 10DE:1E07 Subsystem: 1458:37BD
1012  |Info:    Registering I2C interface: /dev/i2c-8 Device 8086:A323 Subsystem: 1458:5001
1012  |Info:    Registering I2C interface: /dev/i2c-6 Device 10DE:1E07 Subsystem: 1458:37BD
1012  |Info:    Registering I2C interface: /dev/i2c-4 Device 10DE:1E07 Subsystem: 1458:37BD
1012  |Info:    Registering I2C interface: /dev/i2c-2 Device 10DE:1E07 Subsystem: 1458:37BD
1012  |Info:    Registering I2C interface: /dev/i2c-0 Device 10DE:1E07 Subsystem: 1458:37BD
1012  |Info:    Registering I2C interface: /dev/i2c-7 Device 10DE:1AD7 Subsystem: 1458:37BD
1012  |Info:    Registering I2C interface: /dev/i2c-5 Device 10DE:1E07 Subsystem: 1458:37BD
1012  |Info:    ------------------------------------------------------
1012  |Info:    |               Detecting I2C devices                |
1012  |Info:    ------------------------------------------------------
1202  |Info:    [ENE DRAM] Registering RGB controller
1371  |Info:    [ENE DRAM] Registering RGB controller
1540  |Info:    [ENE DRAM] Registering RGB controller
1710  |Info:    [ENE DRAM] Registering RGB controller
2057  |Info:    ------------------------------------------------------
2057  |Info:    |               Detecting I2C PCI devices            |
2057  |Info:    ------------------------------------------------------
2058  |Info:    ------------------------------------------------------
2058  |Info:    |               Detecting HID devices                |
2058  |Info:    ------------------------------------------------------
2215  |Info:    [Z390 AORUS MASTER-CF] Registering RGB controller
2473  |Info:    [Logitech G915 Wireless RGB Mechanical Gaming Keyboard] Registering RGB controller
2473  |Info:    ------------------------------------------------------
2473  |Info:    |            Detecting libusb HID devices            |
2473  |Info:    ------------------------------------------------------
2490  |Info:    [HyperX Quadcast S] Registering RGB controller
2490  |Info:    ------------------------------------------------------
2490  |Info:    |              Detecting other devices               |
2490  |Info:    ------------------------------------------------------
2496  |Info:    ------------------------------------------------------
2496  |Info:    |                Detection completed                 |
2496  |Info:    ------------------------------------------------------
