    OpenRGB v0.9
    Commit:  from 
    Launched: 20240302_060846
====================================================================================================

0     |Info:    Found file: Nord.orp attempting to validate header
0     |Info:    Valid v4 profile found for Nord
0     |Info:    Found file: Off.orp attempting to validate header
0     |Info:    Valid v4 profile found for Off
0     |Info:    Found file: Dim.orp attempting to validate header
0     |Info:    Valid v4 profile found for Dim
0     |Info:    Found file: Green.orp attempting to validate header
0     |Info:    Valid v4 profile found for Green
0     |Info:    Found file: Snow.orp attempting to validate header
0     |Info:    Valid v4 profile found for Snow
1001  |Info:    ------------------------------------------------------
1001  |Info:    |               Start device detection               |
1001  |Info:    ------------------------------------------------------
1001  |Info:    Initializing HID interfaces: Success
1005  |Info:    ------------------------------------------------------
1005  |Info:    |             Detecting I2C interfaces               |
1005  |Info:    ------------------------------------------------------
1005  |Info:    Registering I2C interface: /dev/i2c-3 Device 10DE:1E07 Subsystem: 1458:37BD
1005  |Info:    Registering I2C interface: /dev/i2c-1 Device 8086:A323 Subsystem: 1458:5001
1005  |Info:    Registering I2C interface: /dev/i2c-8 Device 10DE:1E07 Subsystem: 1458:37BD
1005  |Info:    Registering I2C interface: /dev/i2c-6 Device 10DE:1E07 Subsystem: 1458:37BD
1005  |Info:    Registering I2C interface: /dev/i2c-4 Device 10DE:1E07 Subsystem: 1458:37BD
1005  |Info:    Registering I2C interface: /dev/i2c-2 Device 10DE:1E07 Subsystem: 1458:37BD
1005  |Info:    Registering I2C interface: /dev/i2c-0 Device 10DE:1AD7 Subsystem: 1458:37BD
1005  |Info:    Registering I2C interface: /dev/i2c-7 Device 10DE:1E07 Subsystem: 1458:37BD
1005  |Info:    Registering I2C interface: /dev/i2c-5 Device 10DE:1E07 Subsystem: 1458:37BD
1005  |Info:    ------------------------------------------------------
1005  |Info:    |               Detecting I2C devices                |
1005  |Info:    ------------------------------------------------------
1679  |Info:    [ENE DRAM] Registering RGB controller
1860  |Info:    [ENE DRAM] Registering RGB controller
2026  |Info:    [ENE DRAM] Registering RGB controller
2192  |Info:    [ENE DRAM] Registering RGB controller
2195  |Info:    ------------------------------------------------------
2195  |Info:    |               Detecting I2C PCI devices            |
2195  |Info:    ------------------------------------------------------
2195  |Info:    ------------------------------------------------------
2195  |Info:    |               Detecting HID devices                |
2195  |Info:    ------------------------------------------------------
2356  |Info:    [Z390 AORUS MASTER-CF] Registering RGB controller
2619  |Info:    [Logitech G915 Wireless RGB Mechanical Gaming Keyboard] Registering RGB controller
2619  |Info:    ------------------------------------------------------
2619  |Info:    |            Detecting libusb HID devices            |
2619  |Info:    ------------------------------------------------------
2633  |Info:    [HyperX Quadcast S] Registering RGB controller
2633  |Info:    ------------------------------------------------------
2633  |Info:    |              Detecting other devices               |
2633  |Info:    ------------------------------------------------------
2638  |Info:    ------------------------------------------------------
2638  |Info:    |                Detection completed                 |
2638  |Info:    ------------------------------------------------------
4831  |Info:    Profile loading: FAILED! for ENE DRAM @ I2C: /dev/i2c-1, address 0x39
4831  |Info:    Profile loading: FAILED! for ENE DRAM @ I2C: /dev/i2c-1, address 0x3B
4831  |Info:    Profile loading: FAILED! for ENE DRAM @ I2C: /dev/i2c-1, address 0x3C
4831  |Info:    Profile loading: FAILED! for ENE DRAM @ I2C: /dev/i2c-1, address 0x3D
4832  |Info:    Profile loading: Succeeded for Z390 AORUS MASTER-CF @ HID: /dev/hidraw8
4832  |Info:    Profile loading: Succeeded for Logitech G915 Wireless RGB Mechanical Gaming Keyboard @ 
4832  |Info:    Profile loading: FAILED! for HyperX Quadcast S @ 1-4.4:1.0
5373  |Info:    Profile loading: FAILED! for ENE DRAM @ I2C: /dev/i2c-1, address 0x39
5373  |Info:    Profile loading: FAILED! for ENE DRAM @ I2C: /dev/i2c-1, address 0x3B
5373  |Info:    Profile loading: FAILED! for ENE DRAM @ I2C: /dev/i2c-1, address 0x3C
5373  |Info:    Profile loading: FAILED! for ENE DRAM @ I2C: /dev/i2c-1, address 0x3D
5373  |Info:    Profile loading: Succeeded for Z390 AORUS MASTER-CF @ HID: /dev/hidraw8
5373  |Info:    Profile loading: Succeeded for Logitech G915 Wireless RGB Mechanical Gaming Keyboard @ 
5373  |Info:    Profile loading: FAILED! for HyperX Quadcast S @ 1-4.4:1.0
5556  |Info:    Profile loading: FAILED! for ENE DRAM @ I2C: /dev/i2c-1, address 0x39
5556  |Info:    Profile loading: FAILED! for ENE DRAM @ I2C: /dev/i2c-1, address 0x3B
5556  |Info:    Profile loading: FAILED! for ENE DRAM @ I2C: /dev/i2c-1, address 0x3C
5556  |Info:    Profile loading: FAILED! for ENE DRAM @ I2C: /dev/i2c-1, address 0x3D
5556  |Info:    Profile loading: Succeeded for Z390 AORUS MASTER-CF @ HID: /dev/hidraw8
5556  |Info:    Profile loading: Succeeded for Logitech G915 Wireless RGB Mechanical Gaming Keyboard @ 
5556  |Info:    Profile loading: FAILED! for HyperX Quadcast S @ 1-4.4:1.0
28185 |Info:    Found file: Nord.orp attempting to validate header
28185 |Info:    Valid v4 profile found for Nord
28185 |Info:    Found file: Off.orp attempting to validate header
28185 |Info:    Valid v4 profile found for Off
28185 |Info:    Found file: Dim.orp attempting to validate header
28185 |Info:    Valid v4 profile found for Dim
28185 |Info:    Found file: Green.orp attempting to validate header
28185 |Info:    Valid v4 profile found for Green
28185 |Info:    Found file: Snow.orp attempting to validate header
28185 |Info:    Valid v4 profile found for Snow
