    OpenRGB v0.9
    Commit:  from 
    Launched: 20240405_231120
====================================================================================================

0     |Info:    Found file: Nord.orp attempting to validate header
4     |Info:    Valid v4 profile found for Nord
4     |Info:    Found file: Off.orp attempting to validate header
6     |Info:    Valid v4 profile found for Off
6     |Info:    Found file: Dim.orp attempting to validate header
9     |Info:    Valid v4 profile found for Dim
9     |Info:    Found file: Green.orp attempting to validate header
11    |Info:    Valid v4 profile found for Green
11    |Info:    Found file: Snow.orp attempting to validate header
11    |Info:    Valid v4 profile found for Snow
1015  |Info:    ------------------------------------------------------
1015  |Info:    |               Start device detection               |
1015  |Info:    ------------------------------------------------------
1016  |Info:    Initializing HID interfaces: Success
1019  |Info:    ------------------------------------------------------
1019  |Info:    |             Detecting I2C interfaces               |
1019  |Info:    ------------------------------------------------------
1019  |Info:    Registering I2C interface: /dev/i2c-3 Device 10DE:1E07 Subsystem: 1458:37BD
1019  |Info:    Registering I2C interface: /dev/i2c-1 Device 8086:A323 Subsystem: 1458:5001
1020  |Info:    Registering I2C interface: /dev/i2c-8 Device 10DE:1E07 Subsystem: 1458:37BD
1020  |Info:    Registering I2C interface: /dev/i2c-6 Device 10DE:1E07 Subsystem: 1458:37BD
1020  |Info:    Registering I2C interface: /dev/i2c-4 Device 10DE:1E07 Subsystem: 1458:37BD
1020  |Info:    Registering I2C interface: /dev/i2c-2 Device 10DE:1E07 Subsystem: 1458:37BD
1020  |Info:    Registering I2C interface: /dev/i2c-0 Device 10DE:1AD7 Subsystem: 1458:37BD
1020  |Info:    Registering I2C interface: /dev/i2c-7 Device 10DE:1E07 Subsystem: 1458:37BD
1020  |Info:    Registering I2C interface: /dev/i2c-5 Device 10DE:1E07 Subsystem: 1458:37BD
1020  |Info:    ------------------------------------------------------
1020  |Info:    |               Detecting I2C devices                |
1020  |Info:    ------------------------------------------------------
1505  |Info:    [ENE DRAM] Registering RGB controller
1675  |Info:    [ENE DRAM] Registering RGB controller
1841  |Info:    [ENE DRAM] Registering RGB controller
2006  |Info:    [ENE DRAM] Registering RGB controller
2046  |Info:    ------------------------------------------------------
2046  |Info:    |               Detecting I2C PCI devices            |
2046  |Info:    ------------------------------------------------------
2047  |Info:    ------------------------------------------------------
2047  |Info:    |               Detecting HID devices                |
2047  |Info:    ------------------------------------------------------
2209  |Info:    [Z390 AORUS MASTER-CF] Registering RGB controller
2469  |Info:    [Logitech G915 Wireless RGB Mechanical Gaming Keyboard] Registering RGB controller
2469  |Info:    ------------------------------------------------------
2469  |Info:    |            Detecting libusb HID devices            |
2469  |Info:    ------------------------------------------------------
2483  |Info:    [HyperX Quadcast S] Registering RGB controller
2483  |Info:    ------------------------------------------------------
2483  |Info:    |              Detecting other devices               |
2483  |Info:    ------------------------------------------------------
2488  |Info:    ------------------------------------------------------
2488  |Info:    |                Detection completed                 |
2488  |Info:    ------------------------------------------------------
7411  |Info:    Profile loading: Succeeded for ENE DRAM @ I2C: /dev/i2c-1, address 0x72
7411  |Info:    Profile loading: Succeeded for ENE DRAM @ I2C: /dev/i2c-1, address 0x73
7411  |Info:    Profile loading: Succeeded for ENE DRAM @ I2C: /dev/i2c-1, address 0x74
7411  |Info:    Profile loading: Succeeded for ENE DRAM @ I2C: /dev/i2c-1, address 0x75
7411  |Info:    Profile loading: Succeeded for Z390 AORUS MASTER-CF @ HID: /dev/hidraw8
7411  |Info:    Profile loading: Succeeded for Logitech G915 Wireless RGB Mechanical Gaming Keyboard @ 
7411  |Info:    Profile loading: Succeeded for HyperX Quadcast S @ 1-4.4:1.0
