    OpenRGB v0.9
    Commit:  from 
    Launched: 20240228_182006
====================================================================================================

0     |Info:    Found file: Nord.orp attempting to validate header
0     |Info:    Valid v4 profile found for Nord
0     |Info:    Found file: Off.orp attempting to validate header
0     |Info:    Valid v4 profile found for Off
0     |Info:    Found file: Dim.orp attempting to validate header
0     |Info:    Valid v4 profile found for Dim
0     |Info:    Found file: Green.orp attempting to validate header
0     |Info:    Valid v4 profile found for Green
0     |Info:    Found file: Snow.orp attempting to validate header
0     |Info:    Valid v4 profile found for Snow
1001  |Info:    ------------------------------------------------------
1001  |Info:    |               Start device detection               |
1001  |Info:    ------------------------------------------------------
1002  |Info:    Initializing HID interfaces: Success
1008  |Info:    ------------------------------------------------------
1008  |Info:    |             Detecting I2C interfaces               |
1008  |Info:    ------------------------------------------------------
1008  |Info:    Registering I2C interface: /dev/i2c-3 Device 10DE:1E07 Subsystem: 1458:37BD
1008  |Info:    Registering I2C interface: /dev/i2c-1 Device 8086:A323 Subsystem: 1458:5001
1008  |Info:    Registering I2C interface: /dev/i2c-8 Device 10DE:1E07 Subsystem: 1458:37BD
1008  |Info:    Registering I2C interface: /dev/i2c-6 Device 10DE:1E07 Subsystem: 1458:37BD
1008  |Info:    Registering I2C interface: /dev/i2c-4 Device 10DE:1E07 Subsystem: 1458:37BD
1008  |Info:    Registering I2C interface: /dev/i2c-2 Device 10DE:1E07 Subsystem: 1458:37BD
1008  |Info:    Registering I2C interface: /dev/i2c-0 Device 10DE:1AD7 Subsystem: 1458:37BD
1008  |Info:    Registering I2C interface: /dev/i2c-7 Device 10DE:1E07 Subsystem: 1458:37BD
1008  |Info:    Registering I2C interface: /dev/i2c-5 Device 10DE:1E07 Subsystem: 1458:37BD
1008  |Info:    ------------------------------------------------------
1008  |Info:    |               Detecting I2C devices                |
1008  |Info:    ------------------------------------------------------
1510  |Info:    [ENE DRAM] Registering RGB controller
1684  |Info:    [ENE DRAM] Registering RGB controller
1854  |Info:    [ENE DRAM] Registering RGB controller
2025  |Info:    [ENE DRAM] Registering RGB controller
2067  |Info:    ------------------------------------------------------
2067  |Info:    |               Detecting I2C PCI devices            |
2067  |Info:    ------------------------------------------------------
2067  |Info:    ------------------------------------------------------
2067  |Info:    |               Detecting HID devices                |
2067  |Info:    ------------------------------------------------------
2229  |Info:    [Z390 AORUS MASTER-CF] Registering RGB controller
2488  |Info:    [Logitech G915 Wireless RGB Mechanical Gaming Keyboard] Registering RGB controller
2488  |Info:    ------------------------------------------------------
2488  |Info:    |            Detecting libusb HID devices            |
2488  |Info:    ------------------------------------------------------
2503  |Info:    [HyperX Quadcast S] Registering RGB controller
2503  |Info:    ------------------------------------------------------
2503  |Info:    |              Detecting other devices               |
2503  |Info:    ------------------------------------------------------
2508  |Info:    ------------------------------------------------------
2508  |Info:    |                Detection completed                 |
2508  |Info:    ------------------------------------------------------
8049  |Info:    Profile loading: Succeeded for ENE DRAM @ I2C: /dev/i2c-1, address 0x72
8049  |Info:    Profile loading: Succeeded for ENE DRAM @ I2C: /dev/i2c-1, address 0x73
8049  |Info:    Profile loading: Succeeded for ENE DRAM @ I2C: /dev/i2c-1, address 0x74
8049  |Info:    Profile loading: Succeeded for ENE DRAM @ I2C: /dev/i2c-1, address 0x75
8050  |Info:    Profile loading: Succeeded for Z390 AORUS MASTER-CF @ HID: /dev/hidraw8
8050  |Info:    Profile loading: Succeeded for Logitech G915 Wireless RGB Mechanical Gaming Keyboard @ 
8050  |Info:    Profile loading: FAILED! for HyperX Quadcast S @ 1-4.4:1.0
