    OpenRGB v0.9
    Commit:  from 
    Launched: 20240316_223130
====================================================================================================

22    |Info:    Found file: Nord.orp attempting to validate header
28    |Info:    Valid v4 profile found for Nord
28    |Info:    Found file: Off.orp attempting to validate header
31    |Info:    Valid v4 profile found for Off
31    |Info:    Found file: Dim.orp attempting to validate header
33    |Info:    Valid v4 profile found for Dim
33    |Info:    Found file: Green.orp attempting to validate header
36    |Info:    Valid v4 profile found for Green
36    |Info:    Found file: Snow.orp attempting to validate header
37    |Info:    Valid v4 profile found for Snow
1042  |Info:    ------------------------------------------------------
1042  |Info:    |               Start device detection               |
1042  |Info:    ------------------------------------------------------
1042  |Info:    Initializing HID interfaces: Success
1045  |Info:    ------------------------------------------------------
1045  |Info:    |             Detecting I2C interfaces               |
1045  |Info:    ------------------------------------------------------
1045  |Info:    Registering I2C interface: /dev/i2c-3 Device 10DE:1E07 Subsystem: 1458:37BD
1045  |Info:    Registering I2C interface: /dev/i2c-1 Device 8086:A323 Subsystem: 1458:5001
1045  |Info:    Registering I2C interface: /dev/i2c-8 Device 10DE:1E07 Subsystem: 1458:37BD
1045  |Info:    Registering I2C interface: /dev/i2c-6 Device 10DE:1E07 Subsystem: 1458:37BD
1045  |Info:    Registering I2C interface: /dev/i2c-4 Device 10DE:1E07 Subsystem: 1458:37BD
1045  |Info:    Registering I2C interface: /dev/i2c-2 Device 10DE:1E07 Subsystem: 1458:37BD
1045  |Info:    Registering I2C interface: /dev/i2c-0 Device 10DE:1AD7 Subsystem: 1458:37BD
1045  |Info:    Registering I2C interface: /dev/i2c-7 Device 10DE:1E07 Subsystem: 1458:37BD
1045  |Info:    Registering I2C interface: /dev/i2c-5 Device 10DE:1E07 Subsystem: 1458:37BD
1046  |Info:    ------------------------------------------------------
1046  |Info:    |               Detecting I2C devices                |
1046  |Info:    ------------------------------------------------------
1537  |Info:    [ENE DRAM] Registering RGB controller
1711  |Info:    [ENE DRAM] Registering RGB controller
1881  |Info:    [ENE DRAM] Registering RGB controller
2051  |Info:    [ENE DRAM] Registering RGB controller
2093  |Info:    ------------------------------------------------------
2093  |Info:    |               Detecting I2C PCI devices            |
2093  |Info:    ------------------------------------------------------
2093  |Info:    ------------------------------------------------------
2093  |Info:    |               Detecting HID devices                |
2093  |Info:    ------------------------------------------------------
2257  |Info:    [Z390 AORUS MASTER-CF] Registering RGB controller
2516  |Info:    [Logitech G915 Wireless RGB Mechanical Gaming Keyboard] Registering RGB controller
2516  |Info:    ------------------------------------------------------
2516  |Info:    |            Detecting libusb HID devices            |
2516  |Info:    ------------------------------------------------------
2533  |Info:    [HyperX Quadcast S] Registering RGB controller
2533  |Info:    ------------------------------------------------------
2533  |Info:    |              Detecting other devices               |
2533  |Info:    ------------------------------------------------------
2539  |Info:    ------------------------------------------------------
2539  |Info:    |                Detection completed                 |
2539  |Info:    ------------------------------------------------------
10168 |Info:    Profile loading: Succeeded for ENE DRAM @ I2C: /dev/i2c-1, address 0x72
10168 |Info:    Profile loading: Succeeded for ENE DRAM @ I2C: /dev/i2c-1, address 0x73
10168 |Info:    Profile loading: Succeeded for ENE DRAM @ I2C: /dev/i2c-1, address 0x74
10168 |Info:    Profile loading: Succeeded for ENE DRAM @ I2C: /dev/i2c-1, address 0x75
10168 |Info:    Profile loading: Succeeded for Z390 AORUS MASTER-CF @ HID: /dev/hidraw8
10168 |Info:    Profile loading: Succeeded for Logitech G915 Wireless RGB Mechanical Gaming Keyboard @ 
10168 |Info:    Profile loading: FAILED! for HyperX Quadcast S @ 1-4.4:1.0
28316 |Info:    Found file: Nord.orp attempting to validate header
28316 |Info:    Valid v4 profile found for Nord
28316 |Info:    Found file: Off.orp attempting to validate header
28316 |Info:    Valid v4 profile found for Off
28316 |Info:    Found file: Dim.orp attempting to validate header
28316 |Info:    Valid v4 profile found for Dim
28316 |Info:    Found file: Green.orp attempting to validate header
28316 |Info:    Valid v4 profile found for Green
28316 |Info:    Found file: Snow.orp attempting to validate header
28316 |Info:    Valid v4 profile found for Snow
