    OpenRGB v0.9
    Commit:  from 
    Launched: 20240312_122413
====================================================================================================

0     |Info:    Found file: Nord.orp attempting to validate header
3     |Info:    Valid v4 profile found for Nord
3     |Info:    Found file: Off.orp attempting to validate header
8     |Info:    Valid v4 profile found for Off
8     |Info:    Found file: Dim.orp attempting to validate header
11    |Info:    Valid v4 profile found for Dim
11    |Info:    Found file: Green.orp attempting to validate header
14    |Info:    Valid v4 profile found for Green
14    |Info:    Found file: Snow.orp attempting to validate header
15    |Info:    Valid v4 profile found for Snow
1018  |Info:    ------------------------------------------------------
1018  |Info:    |               Start device detection               |
1018  |Info:    ------------------------------------------------------
1018  |Info:    Initializing HID interfaces: Success
1021  |Info:    ------------------------------------------------------
1021  |Info:    |             Detecting I2C interfaces               |
1021  |Info:    ------------------------------------------------------
1021  |Info:    Registering I2C interface: /dev/i2c-3 Device 10DE:1E07 Subsystem: 1458:37BD
1021  |Info:    Registering I2C interface: /dev/i2c-1 Device 8086:A323 Subsystem: 1458:5001
1022  |Info:    Registering I2C interface: /dev/i2c-8 Device 10DE:1E07 Subsystem: 1458:37BD
1022  |Info:    Registering I2C interface: /dev/i2c-6 Device 10DE:1E07 Subsystem: 1458:37BD
1022  |Info:    Registering I2C interface: /dev/i2c-4 Device 10DE:1E07 Subsystem: 1458:37BD
1022  |Info:    Registering I2C interface: /dev/i2c-2 Device 10DE:1E07 Subsystem: 1458:37BD
1022  |Info:    Registering I2C interface: /dev/i2c-0 Device 10DE:1AD7 Subsystem: 1458:37BD
1022  |Info:    Registering I2C interface: /dev/i2c-7 Device 10DE:1E07 Subsystem: 1458:37BD
1022  |Info:    Registering I2C interface: /dev/i2c-5 Device 10DE:1E07 Subsystem: 1458:37BD
1022  |Info:    ------------------------------------------------------
1022  |Info:    |               Detecting I2C devices                |
1022  |Info:    ------------------------------------------------------
1518  |Info:    [ENE DRAM] Registering RGB controller
1685  |Info:    [ENE DRAM] Registering RGB controller
1851  |Info:    [ENE DRAM] Registering RGB controller
2026  |Info:    [ENE DRAM] Registering RGB controller
2070  |Info:    ------------------------------------------------------
2070  |Info:    |               Detecting I2C PCI devices            |
2070  |Info:    ------------------------------------------------------
2071  |Info:    ------------------------------------------------------
2071  |Info:    |               Detecting HID devices                |
2071  |Info:    ------------------------------------------------------
2230  |Info:    [Z390 AORUS MASTER-CF] Registering RGB controller
2490  |Info:    [Logitech G915 Wireless RGB Mechanical Gaming Keyboard] Registering RGB controller
2490  |Info:    ------------------------------------------------------
2490  |Info:    |            Detecting libusb HID devices            |
2490  |Info:    ------------------------------------------------------
2508  |Info:    [HyperX Quadcast S] Registering RGB controller
2508  |Info:    ------------------------------------------------------
2508  |Info:    |              Detecting other devices               |
2508  |Info:    ------------------------------------------------------
2517  |Info:    ------------------------------------------------------
2517  |Info:    |                Detection completed                 |
2517  |Info:    ------------------------------------------------------
3346844|Info:    Profile loading: Succeeded for ENE DRAM @ I2C: /dev/i2c-1, address 0x72
3346844|Info:    Profile loading: Succeeded for ENE DRAM @ I2C: /dev/i2c-1, address 0x73
3346844|Info:    Profile loading: Succeeded for ENE DRAM @ I2C: /dev/i2c-1, address 0x74
3346844|Info:    Profile loading: Succeeded for ENE DRAM @ I2C: /dev/i2c-1, address 0x75
3346844|Info:    Profile loading: Succeeded for Z390 AORUS MASTER-CF @ HID: /dev/hidraw9
3346844|Info:    Profile loading: Succeeded for Logitech G915 Wireless RGB Mechanical Gaming Keyboard @ 
3346844|Info:    Profile loading: Succeeded for HyperX Quadcast S @ 1-4.4:1.0
