    OpenRGB v0.9
    Commit:  from 
    Launched: 20240531_194912
====================================================================================================

1     |Info:    Found file: Off.orp attempting to validate header
1     |Info:    Valid v4 profile found for Off
1     |Info:    Found file: Snow.orp attempting to validate header
1     |Info:    Valid v4 profile found for Snow
1007  |Info:    ------------------------------------------------------
1007  |Info:    |               Start device detection               |
1007  |Info:    ------------------------------------------------------
1007  |Info:    Initializing HID interfaces: Success
1012  |Info:    ------------------------------------------------------
1012  |Info:    |             Detecting I2C interfaces               |
1012  |Info:    ------------------------------------------------------
1012  |Info:    Registering I2C interface: /dev/i2c-3 Device 10DE:1E07 Subsystem: 1458:37BD
1012  |Info:    Registering I2C interface: /dev/i2c-1 Device 10DE:1E07 Subsystem: 1458:37BD
1012  |Info:    Registering I2C interface: /dev/i2c-8 Device 8086:A323 Subsystem: 1458:5001
1012  |Info:    Registering I2C interface: /dev/i2c-6 Device 10DE:1E07 Subsystem: 1458:37BD
1012  |Info:    Registering I2C interface: /dev/i2c-4 Device 10DE:1E07 Subsystem: 1458:37BD
1012  |Info:    Registering I2C interface: /dev/i2c-2 Device 10DE:1E07 Subsystem: 1458:37BD
1012  |Info:    Registering I2C interface: /dev/i2c-0 Device 10DE:1E07 Subsystem: 1458:37BD
1012  |Info:    Registering I2C interface: /dev/i2c-7 Device 10DE:1AD7 Subsystem: 1458:37BD
1012  |Info:    Registering I2C interface: /dev/i2c-5 Device 10DE:1E07 Subsystem: 1458:37BD
1012  |Info:    ------------------------------------------------------
1012  |Info:    |               Detecting I2C devices                |
1012  |Info:    ------------------------------------------------------
1199  |Info:    [ENE DRAM] Registering RGB controller
1368  |Info:    [ENE DRAM] Registering RGB controller
1536  |Info:    [ENE DRAM] Registering RGB controller
1703  |Info:    [ENE DRAM] Registering RGB controller
2046  |Info:    ------------------------------------------------------
2046  |Info:    |               Detecting I2C PCI devices            |
2046  |Info:    ------------------------------------------------------
2047  |Info:    ------------------------------------------------------
2047  |Info:    |               Detecting HID devices                |
2047  |Info:    ------------------------------------------------------
2204  |Info:    [Z390 AORUS MASTER-CF] Registering RGB controller
2462  |Info:    [Logitech G915 Wireless RGB Mechanical Gaming Keyboard] Registering RGB controller
2462  |Info:    ------------------------------------------------------
2462  |Info:    |            Detecting libusb HID devices            |
2462  |Info:    ------------------------------------------------------
2485  |Info:    [HyperX Quadcast S] Registering RGB controller
2485  |Info:    ------------------------------------------------------
2485  |Info:    |              Detecting other devices               |
2485  |Info:    ------------------------------------------------------
2492  |Info:    ------------------------------------------------------
2492  |Info:    |                Detection completed                 |
2492  |Info:    ------------------------------------------------------
11968 |Info:    Profile loading: Succeeded for ENE DRAM @ I2C: /dev/i2c-8, address 0x72
11968 |Info:    Profile loading: Succeeded for ENE DRAM @ I2C: /dev/i2c-8, address 0x73
11968 |Info:    Profile loading: Succeeded for ENE DRAM @ I2C: /dev/i2c-8, address 0x74
11968 |Info:    Profile loading: Succeeded for ENE DRAM @ I2C: /dev/i2c-8, address 0x75
11968 |Info:    Profile loading: Succeeded for Z390 AORUS MASTER-CF @ HID: /dev/hidraw6
11968 |Info:    Profile loading: Succeeded for Logitech G915 Wireless RGB Mechanical Gaming Keyboard @ 
11968 |Info:    Profile loading: Succeeded for HyperX Quadcast S @ 1-11.4.4:1.0
