    OpenRGB v0.9
    Commit:  from 
    Launched: 20240316_232151
====================================================================================================

20    |Info:    Found file: Nord.orp attempting to validate header
24    |Info:    Valid v4 profile found for Nord
24    |Info:    Found file: Off.orp attempting to validate header
27    |Info:    Valid v4 profile found for Off
27    |Info:    Found file: Dim.orp attempting to validate header
32    |Info:    Valid v4 profile found for Dim
32    |Info:    Found file: Green.orp attempting to validate header
34    |Info:    Valid v4 profile found for Green
34    |Info:    Found file: Snow.orp attempting to validate header
36    |Info:    Valid v4 profile found for Snow
1038  |Info:    ------------------------------------------------------
1038  |Info:    |               Start device detection               |
1038  |Info:    ------------------------------------------------------
1038  |Info:    Initializing HID interfaces: Success
1041  |Info:    ------------------------------------------------------
1041  |Info:    |             Detecting I2C interfaces               |
1041  |Info:    ------------------------------------------------------
1041  |Info:    Registering I2C interface: /dev/i2c-3 Device 10DE:1E07 Subsystem: 1458:37BD
1041  |Info:    Registering I2C interface: /dev/i2c-1 Device 8086:A323 Subsystem: 1458:5001
1041  |Info:    Registering I2C interface: /dev/i2c-8 Device 10DE:1E07 Subsystem: 1458:37BD
1041  |Info:    Registering I2C interface: /dev/i2c-6 Device 10DE:1E07 Subsystem: 1458:37BD
1041  |Info:    Registering I2C interface: /dev/i2c-4 Device 10DE:1E07 Subsystem: 1458:37BD
1041  |Info:    Registering I2C interface: /dev/i2c-2 Device 10DE:1E07 Subsystem: 1458:37BD
1042  |Info:    Registering I2C interface: /dev/i2c-0 Device 10DE:1AD7 Subsystem: 1458:37BD
1042  |Info:    Registering I2C interface: /dev/i2c-7 Device 10DE:1E07 Subsystem: 1458:37BD
1042  |Info:    Registering I2C interface: /dev/i2c-5 Device 10DE:1E07 Subsystem: 1458:37BD
1042  |Info:    ------------------------------------------------------
1042  |Info:    |               Detecting I2C devices                |
1042  |Info:    ------------------------------------------------------
1707  |Info:    [ENE DRAM] Registering RGB controller
1887  |Info:    [ENE DRAM] Registering RGB controller
2056  |Info:    [ENE DRAM] Registering RGB controller
2226  |Info:    [ENE DRAM] Registering RGB controller
2229  |Info:    ------------------------------------------------------
2229  |Info:    |               Detecting I2C PCI devices            |
2229  |Info:    ------------------------------------------------------
2230  |Info:    ------------------------------------------------------
2230  |Info:    |               Detecting HID devices                |
2230  |Info:    ------------------------------------------------------
2388  |Info:    [Z390 AORUS MASTER-CF] Registering RGB controller
2651  |Info:    [Logitech G915 Wireless RGB Mechanical Gaming Keyboard] Registering RGB controller
2651  |Info:    ------------------------------------------------------
2651  |Info:    |            Detecting libusb HID devices            |
2651  |Info:    ------------------------------------------------------
2666  |Info:    [HyperX Quadcast S] Registering RGB controller
2666  |Info:    ------------------------------------------------------
2666  |Info:    |              Detecting other devices               |
2666  |Info:    ------------------------------------------------------
2671  |Info:    ------------------------------------------------------
2671  |Info:    |                Detection completed                 |
2671  |Info:    ------------------------------------------------------
6923  |Info:    Profile loading: FAILED! for ENE DRAM @ I2C: /dev/i2c-1, address 0x39
6923  |Info:    Profile loading: FAILED! for ENE DRAM @ I2C: /dev/i2c-1, address 0x3B
6923  |Info:    Profile loading: FAILED! for ENE DRAM @ I2C: /dev/i2c-1, address 0x3C
6923  |Info:    Profile loading: FAILED! for ENE DRAM @ I2C: /dev/i2c-1, address 0x3D
6923  |Info:    Profile loading: Succeeded for Z390 AORUS MASTER-CF @ HID: /dev/hidraw8
6923  |Info:    Profile loading: Succeeded for Logitech G915 Wireless RGB Mechanical Gaming Keyboard @ 
6923  |Info:    Profile loading: Succeeded for HyperX Quadcast S @ 1-4.4:1.0
