    OpenRGB v0.9
    Commit:  from 
    Launched: 20240407_050438
====================================================================================================

0     |Info:    Found file: Nord.orp attempting to validate header
3     |Info:    Valid v4 profile found for Nord
3     |Info:    Found file: Off.orp attempting to validate header
6     |Info:    Valid v4 profile found for Off
6     |Info:    Found file: Dim.orp attempting to validate header
8     |Info:    Valid v4 profile found for Dim
8     |Info:    Found file: Green.orp attempting to validate header
8     |Info:    Valid v4 profile found for Green
8     |Info:    Found file: Snow.orp attempting to validate header
8     |Info:    Valid v4 profile found for Snow
1015  |Info:    ------------------------------------------------------
1015  |Info:    |               Start device detection               |
1015  |Info:    ------------------------------------------------------
1015  |Info:    Initializing HID interfaces: Success
1018  |Info:    ------------------------------------------------------
1018  |Info:    |             Detecting I2C interfaces               |
1018  |Info:    ------------------------------------------------------
1018  |Info:    Registering I2C interface: /dev/i2c-3 Device 10DE:1E07 Subsystem: 1458:37BD
1019  |Info:    Registering I2C interface: /dev/i2c-1 Device 8086:A323 Subsystem: 1458:5001
1019  |Info:    Registering I2C interface: /dev/i2c-8 Device 10DE:1E07 Subsystem: 1458:37BD
1019  |Info:    Registering I2C interface: /dev/i2c-6 Device 10DE:1E07 Subsystem: 1458:37BD
1019  |Info:    Registering I2C interface: /dev/i2c-4 Device 10DE:1E07 Subsystem: 1458:37BD
1019  |Info:    Registering I2C interface: /dev/i2c-2 Device 10DE:1E07 Subsystem: 1458:37BD
1019  |Info:    Registering I2C interface: /dev/i2c-0 Device 10DE:1AD7 Subsystem: 1458:37BD
1019  |Info:    Registering I2C interface: /dev/i2c-7 Device 10DE:1E07 Subsystem: 1458:37BD
1019  |Info:    Registering I2C interface: /dev/i2c-5 Device 10DE:1E07 Subsystem: 1458:37BD
1019  |Info:    ------------------------------------------------------
1019  |Info:    |               Detecting I2C devices                |
1019  |Info:    ------------------------------------------------------
1511  |Info:    [ENE DRAM] Registering RGB controller
1685  |Info:    [ENE DRAM] Registering RGB controller
1857  |Info:    [ENE DRAM] Registering RGB controller
2027  |Info:    [ENE DRAM] Registering RGB controller
2068  |Info:    ------------------------------------------------------
2068  |Info:    |               Detecting I2C PCI devices            |
2068  |Info:    ------------------------------------------------------
2069  |Info:    ------------------------------------------------------
2069  |Info:    |               Detecting HID devices                |
2069  |Info:    ------------------------------------------------------
2233  |Info:    [Z390 AORUS MASTER-CF] Registering RGB controller
2492  |Info:    [Logitech G915 Wireless RGB Mechanical Gaming Keyboard] Registering RGB controller
2492  |Info:    ------------------------------------------------------
2492  |Info:    |            Detecting libusb HID devices            |
2492  |Info:    ------------------------------------------------------
2511  |Info:    [HyperX Quadcast S] Registering RGB controller
2511  |Info:    ------------------------------------------------------
2511  |Info:    |              Detecting other devices               |
2511  |Info:    ------------------------------------------------------
2519  |Info:    ------------------------------------------------------
2519  |Info:    |                Detection completed                 |
2519  |Info:    ------------------------------------------------------
6073  |Info:    Profile loading: Succeeded for ENE DRAM @ I2C: /dev/i2c-1, address 0x72
6073  |Info:    Profile loading: Succeeded for ENE DRAM @ I2C: /dev/i2c-1, address 0x73
6073  |Info:    Profile loading: Succeeded for ENE DRAM @ I2C: /dev/i2c-1, address 0x74
6073  |Info:    Profile loading: Succeeded for ENE DRAM @ I2C: /dev/i2c-1, address 0x75
6073  |Info:    Profile loading: Succeeded for Z390 AORUS MASTER-CF @ HID: /dev/hidraw8
6073  |Info:    Profile loading: Succeeded for Logitech G915 Wireless RGB Mechanical Gaming Keyboard @ 
6073  |Info:    Profile loading: Succeeded for HyperX Quadcast S @ 1-4.4:1.0
