    OpenRGB v0.9
    Commit:  from 
    Launched: 20240525_105015
====================================================================================================

0     |Info:    Found file: Off.orp attempting to validate header
1     |Info:    Valid v4 profile found for Off
1     |Info:    Found file: Snow.orp attempting to validate header
1     |Info:    Valid v4 profile found for Snow
1007  |Info:    ------------------------------------------------------
1007  |Info:    |               Start device detection               |
1007  |Info:    ------------------------------------------------------
1007  |Info:    Initializing HID interfaces: Success
1011  |Info:    ------------------------------------------------------
1011  |Info:    |             Detecting I2C interfaces               |
1011  |Info:    ------------------------------------------------------
1011  |Info:    Registering I2C interface: /dev/i2c-3 Device 10DE:1E07 Subsystem: 1458:37BD
1011  |Info:    Registering I2C interface: /dev/i2c-1 Device 10DE:1E07 Subsystem: 1458:37BD
1011  |Info:    Registering I2C interface: /dev/i2c-8 Device 8086:A323 Subsystem: 1458:5001
1011  |Info:    Registering I2C interface: /dev/i2c-6 Device 10DE:1E07 Subsystem: 1458:37BD
1011  |Info:    Registering I2C interface: /dev/i2c-4 Device 10DE:1E07 Subsystem: 1458:37BD
1011  |Info:    Registering I2C interface: /dev/i2c-2 Device 10DE:1E07 Subsystem: 1458:37BD
1011  |Info:    Registering I2C interface: /dev/i2c-0 Device 10DE:1E07 Subsystem: 1458:37BD
1011  |Info:    Registering I2C interface: /dev/i2c-7 Device 10DE:1AD7 Subsystem: 1458:37BD
1011  |Info:    Registering I2C interface: /dev/i2c-5 Device 10DE:1E07 Subsystem: 1458:37BD
1011  |Info:    ------------------------------------------------------
1011  |Info:    |               Detecting I2C devices                |
1011  |Info:    ------------------------------------------------------
1266  |Info:    [ENE DRAM] Registering RGB controller
1435  |Info:    [ENE DRAM] Registering RGB controller
1607  |Info:    [ENE DRAM] Registering RGB controller
1776  |Info:    [ENE DRAM] Registering RGB controller
2120  |Info:    ------------------------------------------------------
2120  |Info:    |               Detecting I2C PCI devices            |
2120  |Info:    ------------------------------------------------------
2120  |Info:    ------------------------------------------------------
2120  |Info:    |               Detecting HID devices                |
2120  |Info:    ------------------------------------------------------
2281  |Info:    [Z390 AORUS MASTER-CF] Registering RGB controller
2547  |Info:    [Logitech G915 Wireless RGB Mechanical Gaming Keyboard] Registering RGB controller
2547  |Info:    ------------------------------------------------------
2547  |Info:    |            Detecting libusb HID devices            |
2547  |Info:    ------------------------------------------------------
2566  |Info:    [HyperX Quadcast S] Registering RGB controller
2566  |Info:    ------------------------------------------------------
2566  |Info:    |              Detecting other devices               |
2566  |Info:    ------------------------------------------------------
2571  |Info:    ------------------------------------------------------
2571  |Info:    |                Detection completed                 |
2571  |Info:    ------------------------------------------------------
7223  |Info:    Profile loading: Succeeded for ENE DRAM @ I2C: /dev/i2c-8, address 0x72
7223  |Info:    Profile loading: Succeeded for ENE DRAM @ I2C: /dev/i2c-8, address 0x73
7223  |Info:    Profile loading: Succeeded for ENE DRAM @ I2C: /dev/i2c-8, address 0x74
7223  |Info:    Profile loading: Succeeded for ENE DRAM @ I2C: /dev/i2c-8, address 0x75
7223  |Info:    Profile loading: Succeeded for Z390 AORUS MASTER-CF @ HID: /dev/hidraw6
7223  |Info:    Profile loading: Succeeded for Logitech G915 Wireless RGB Mechanical Gaming Keyboard @ 
7223  |Info:    Profile loading: Succeeded for HyperX Quadcast S @ 1-11.4.4:1.0
470765|Info:    Profile loading: Succeeded for ENE DRAM @ I2C: /dev/i2c-8, address 0x72
470765|Info:    Profile loading: Succeeded for ENE DRAM @ I2C: /dev/i2c-8, address 0x73
470765|Info:    Profile loading: Succeeded for ENE DRAM @ I2C: /dev/i2c-8, address 0x74
470765|Info:    Profile loading: Succeeded for ENE DRAM @ I2C: /dev/i2c-8, address 0x75
470765|Info:    Profile loading: Succeeded for Z390 AORUS MASTER-CF @ HID: /dev/hidraw6
470765|Info:    Profile loading: Succeeded for Logitech G915 Wireless RGB Mechanical Gaming Keyboard @ 
470765|Info:    Profile loading: Succeeded for HyperX Quadcast S @ 1-11.4.4:1.0
471297|Info:    Profile loading: Succeeded for ENE DRAM @ I2C: /dev/i2c-8, address 0x72
471297|Info:    Profile loading: Succeeded for ENE DRAM @ I2C: /dev/i2c-8, address 0x73
471297|Info:    Profile loading: Succeeded for ENE DRAM @ I2C: /dev/i2c-8, address 0x74
471297|Info:    Profile loading: Succeeded for ENE DRAM @ I2C: /dev/i2c-8, address 0x75
471297|Info:    Profile loading: Succeeded for Z390 AORUS MASTER-CF @ HID: /dev/hidraw6
471297|Info:    Profile loading: Succeeded for Logitech G915 Wireless RGB Mechanical Gaming Keyboard @ 
471297|Info:    Profile loading: Succeeded for HyperX Quadcast S @ 1-11.4.4:1.0
471497|Info:    Profile loading: Succeeded for ENE DRAM @ I2C: /dev/i2c-8, address 0x72
471497|Info:    Profile loading: Succeeded for ENE DRAM @ I2C: /dev/i2c-8, address 0x73
471497|Info:    Profile loading: Succeeded for ENE DRAM @ I2C: /dev/i2c-8, address 0x74
471497|Info:    Profile loading: Succeeded for ENE DRAM @ I2C: /dev/i2c-8, address 0x75
471497|Info:    Profile loading: Succeeded for Z390 AORUS MASTER-CF @ HID: /dev/hidraw6
471497|Info:    Profile loading: Succeeded for Logitech G915 Wireless RGB Mechanical Gaming Keyboard @ 
471497|Info:    Profile loading: Succeeded for HyperX Quadcast S @ 1-11.4.4:1.0
