    OpenRGB v0.9
    Commit:  from 
    Launched: 20240115_170449
====================================================================================================

0     |Info:    Found file: Nord.orp attempting to validate header
0     |Info:    Valid v4 profile found for Nord
0     |Info:    Found file: Off.orp attempting to validate header
0     |Info:    Valid v4 profile found for Off
0     |Info:    Found file: Dim.orp attempting to validate header
0     |Info:    Valid v4 profile found for Dim
1001  |Info:    ------------------------------------------------------
1001  |Info:    |               Start device detection               |
1001  |Info:    ------------------------------------------------------
1001  |Info:    Initializing HID interfaces: Success
1004  |Info:    ------------------------------------------------------
1004  |Info:    |             Detecting I2C interfaces               |
1004  |Info:    ------------------------------------------------------
1005  |Info:    Registering I2C interface: /dev/i2c-3 Device 10DE:1E07 Subsystem: 1458:37BD
1005  |Info:    Registering I2C interface: /dev/i2c-1 Device 8086:A323 Subsystem: 1458:5001
1005  |Info:    Registering I2C interface: /dev/i2c-8 Device 10DE:1E07 Subsystem: 1458:37BD
1005  |Info:    Registering I2C interface: /dev/i2c-6 Device 10DE:1E07 Subsystem: 1458:37BD
1005  |Info:    Registering I2C interface: /dev/i2c-4 Device 10DE:1E07 Subsystem: 1458:37BD
1005  |Info:    Registering I2C interface: /dev/i2c-2 Device 10DE:1E07 Subsystem: 1458:37BD
1005  |Info:    Registering I2C interface: /dev/i2c-0 Device 10DE:1AD7 Subsystem: 1458:37BD
1005  |Info:    Registering I2C interface: /dev/i2c-7 Device 10DE:1E07 Subsystem: 1458:37BD
1005  |Info:    Registering I2C interface: /dev/i2c-5 Device 10DE:1E07 Subsystem: 1458:37BD
1005  |Info:    ------------------------------------------------------
1005  |Info:    |               Detecting I2C devices                |
1005  |Info:    ------------------------------------------------------
1695  |Info:    [ENE DRAM] Registering RGB controller
1881  |Info:    [ENE DRAM] Registering RGB controller
2058  |Info:    [ENE DRAM] Registering RGB controller
2231  |Info:    [ENE DRAM] Registering RGB controller
2233  |Info:    ------------------------------------------------------
2233  |Info:    |               Detecting I2C PCI devices            |
2233  |Info:    ------------------------------------------------------
2234  |Info:    ------------------------------------------------------
2234  |Info:    |               Detecting HID devices                |
2234  |Info:    ------------------------------------------------------
2396  |Info:    [Z390 AORUS MASTER-CF] Registering RGB controller
2656  |Info:    [Logitech G915 Wireless RGB Mechanical Gaming Keyboard] Registering RGB controller
2656  |Info:    ------------------------------------------------------
2656  |Info:    |            Detecting libusb HID devices            |
2656  |Info:    ------------------------------------------------------
2665  |Info:    [HyperX Quadcast S] Registering RGB controller
2665  |Info:    ------------------------------------------------------
2665  |Info:    |              Detecting other devices               |
2665  |Info:    ------------------------------------------------------
2666  |Info:    ------------------------------------------------------
2666  |Info:    |                Detection completed                 |
2666  |Info:    ------------------------------------------------------
11164 |Info:    Profile loading: FAILED! for ENE DRAM @ I2C: /dev/i2c-1, address 0x39
11164 |Info:    Profile loading: FAILED! for ENE DRAM @ I2C: /dev/i2c-1, address 0x3B
11164 |Info:    Profile loading: FAILED! for ENE DRAM @ I2C: /dev/i2c-1, address 0x3C
11164 |Info:    Profile loading: FAILED! for ENE DRAM @ I2C: /dev/i2c-1, address 0x3D
11164 |Info:    Profile loading: Succeeded for Z390 AORUS MASTER-CF @ HID: /dev/hidraw8
11164 |Info:    Profile loading: Succeeded for Logitech G915 Wireless RGB Mechanical Gaming Keyboard @ 
11164 |Info:    Profile loading: Succeeded for HyperX Quadcast S @ 1-7.4:1.0
43162 |Info:    Found file: Nord.orp attempting to validate header
43162 |Info:    Valid v4 profile found for Nord
43162 |Info:    Found file: Off.orp attempting to validate header
43162 |Info:    Valid v4 profile found for Off
43162 |Info:    Found file: Dim.orp attempting to validate header
43162 |Info:    Valid v4 profile found for Dim
46186 |Info:    Profile loading: Succeeded for ENE DRAM @ I2C: /dev/i2c-1, address 0x39
46186 |Info:    Profile loading: Succeeded for ENE DRAM @ I2C: /dev/i2c-1, address 0x3B
46186 |Info:    Profile loading: Succeeded for ENE DRAM @ I2C: /dev/i2c-1, address 0x3C
46186 |Info:    Profile loading: Succeeded for ENE DRAM @ I2C: /dev/i2c-1, address 0x3D
46186 |Info:    Profile loading: Succeeded for Z390 AORUS MASTER-CF @ HID: /dev/hidraw8
46186 |Info:    Profile loading: Succeeded for Logitech G915 Wireless RGB Mechanical Gaming Keyboard @ 
46186 |Info:    Profile loading: Succeeded for HyperX Quadcast S @ 1-7.4:1.0
46443 |Info:    Profile loading: Succeeded for ENE DRAM @ I2C: /dev/i2c-1, address 0x39
46443 |Info:    Profile loading: Succeeded for ENE DRAM @ I2C: /dev/i2c-1, address 0x3B
46443 |Info:    Profile loading: Succeeded for ENE DRAM @ I2C: /dev/i2c-1, address 0x3C
46443 |Info:    Profile loading: Succeeded for ENE DRAM @ I2C: /dev/i2c-1, address 0x3D
46443 |Info:    Profile loading: Succeeded for Z390 AORUS MASTER-CF @ HID: /dev/hidraw8
46443 |Info:    Profile loading: Succeeded for Logitech G915 Wireless RGB Mechanical Gaming Keyboard @ 
46443 |Info:    Profile loading: Succeeded for HyperX Quadcast S @ 1-7.4:1.0
