    OpenRGB v0.9
    Commit:  from 
    Launched: 20240518_073737
====================================================================================================

0     |Info:    Found file: Off.orp attempting to validate header
1     |Info:    Valid v4 profile found for Off
1     |Info:    Found file: Snow.orp attempting to validate header
1     |Info:    Valid v4 profile found for Snow
1010  |Info:    ------------------------------------------------------
1010  |Info:    |               Start device detection               |
1010  |Info:    ------------------------------------------------------
1010  |Info:    Initializing HID interfaces: Success
1014  |Info:    ------------------------------------------------------
1014  |Info:    |             Detecting I2C interfaces               |
1014  |Info:    ------------------------------------------------------
1014  |Info:    Registering I2C interface: /dev/i2c-3 Device 10DE:1E07 Subsystem: 1458:37BD
1014  |Info:    Registering I2C interface: /dev/i2c-1 Device 10DE:1E07 Subsystem: 1458:37BD
1014  |Info:    Registering I2C interface: /dev/i2c-8 Device 8086:A323 Subsystem: 1458:5001
1014  |Info:    Registering I2C interface: /dev/i2c-6 Device 10DE:1E07 Subsystem: 1458:37BD
1014  |Info:    Registering I2C interface: /dev/i2c-4 Device 10DE:1E07 Subsystem: 1458:37BD
1015  |Info:    Registering I2C interface: /dev/i2c-2 Device 10DE:1E07 Subsystem: 1458:37BD
1015  |Info:    Registering I2C interface: /dev/i2c-0 Device 10DE:1E07 Subsystem: 1458:37BD
1015  |Info:    Registering I2C interface: /dev/i2c-7 Device 10DE:1AD7 Subsystem: 1458:37BD
1015  |Info:    Registering I2C interface: /dev/i2c-5 Device 10DE:1E07 Subsystem: 1458:37BD
1015  |Info:    ------------------------------------------------------
1015  |Info:    |               Detecting I2C devices                |
1015  |Info:    ------------------------------------------------------
1198  |Info:    [ENE DRAM] Registering RGB controller
1363  |Info:    [ENE DRAM] Registering RGB controller
1534  |Info:    [ENE DRAM] Registering RGB controller
1701  |Info:    [ENE DRAM] Registering RGB controller
2046  |Info:    ------------------------------------------------------
2046  |Info:    |               Detecting I2C PCI devices            |
2046  |Info:    ------------------------------------------------------
2047  |Info:    ------------------------------------------------------
2047  |Info:    |               Detecting HID devices                |
2047  |Info:    ------------------------------------------------------
2206  |Info:    [Z390 AORUS MASTER-CF] Registering RGB controller
2465  |Info:    [Logitech G915 Wireless RGB Mechanical Gaming Keyboard] Registering RGB controller
2465  |Info:    ------------------------------------------------------
2465  |Info:    |            Detecting libusb HID devices            |
2465  |Info:    ------------------------------------------------------
2478  |Info:    [HyperX Quadcast S] Registering RGB controller
2479  |Info:    ------------------------------------------------------
2479  |Info:    |              Detecting other devices               |
2479  |Info:    ------------------------------------------------------
2484  |Info:    ------------------------------------------------------
2484  |Info:    |                Detection completed                 |
2484  |Info:    ------------------------------------------------------
5985  |Info:    Profile loading: Succeeded for ENE DRAM @ I2C: /dev/i2c-8, address 0x72
5985  |Info:    Profile loading: Succeeded for ENE DRAM @ I2C: /dev/i2c-8, address 0x73
5985  |Info:    Profile loading: Succeeded for ENE DRAM @ I2C: /dev/i2c-8, address 0x74
5986  |Info:    Profile loading: Succeeded for ENE DRAM @ I2C: /dev/i2c-8, address 0x75
5986  |Info:    Profile loading: Succeeded for Z390 AORUS MASTER-CF @ HID: /dev/hidraw6
5986  |Info:    Profile loading: Succeeded for Logitech G915 Wireless RGB Mechanical Gaming Keyboard @ 
5986  |Info:    Profile loading: Succeeded for HyperX Quadcast S @ 1-11.4.4:1.0
