    OpenRGB v0.9
    Commit:  from 
    Launched: 20240526_101254
====================================================================================================

0     |Info:    Found file: Off.orp attempting to validate header
0     |Info:    Valid v4 profile found for Off
0     |Info:    Found file: Snow.orp attempting to validate header
0     |Info:    Valid v4 profile found for Snow
1001  |Info:    ------------------------------------------------------
1001  |Info:    |               Start device detection               |
1001  |Info:    ------------------------------------------------------
1002  |Info:    Initializing HID interfaces: Success
1005  |Info:    ------------------------------------------------------
1005  |Info:    |             Detecting I2C interfaces               |
1005  |Info:    ------------------------------------------------------
1007  |Info:    Registering I2C interface: /dev/i2c-3 Device 10DE:1E07 Subsystem: 1458:37BD
1007  |Info:    Registering I2C interface: /dev/i2c-1 Device 10DE:1E07 Subsystem: 1458:37BD
1007  |Info:    Registering I2C interface: /dev/i2c-8 Device 8086:A323 Subsystem: 1458:5001
1008  |Info:    Registering I2C interface: /dev/i2c-6 Device 10DE:1E07 Subsystem: 1458:37BD
1008  |Info:    Registering I2C interface: /dev/i2c-4 Device 10DE:1E07 Subsystem: 1458:37BD
1008  |Info:    Registering I2C interface: /dev/i2c-2 Device 10DE:1E07 Subsystem: 1458:37BD
1008  |Info:    Registering I2C interface: /dev/i2c-0 Device 10DE:1E07 Subsystem: 1458:37BD
1008  |Info:    Registering I2C interface: /dev/i2c-7 Device 10DE:1AD7 Subsystem: 1458:37BD
1008  |Info:    Registering I2C interface: /dev/i2c-5 Device 10DE:1E07 Subsystem: 1458:37BD
1008  |Info:    ------------------------------------------------------
1008  |Info:    |               Detecting I2C devices                |
1008  |Info:    ------------------------------------------------------
1202  |Info:    [ENE DRAM] Registering RGB controller
1373  |Info:    [ENE DRAM] Registering RGB controller
1546  |Info:    [ENE DRAM] Registering RGB controller
1716  |Info:    [ENE DRAM] Registering RGB controller
2062  |Info:    ------------------------------------------------------
2062  |Info:    |               Detecting I2C PCI devices            |
2062  |Info:    ------------------------------------------------------
2063  |Info:    ------------------------------------------------------
2063  |Info:    |               Detecting HID devices                |
2063  |Info:    ------------------------------------------------------
2226  |Info:    [Z390 AORUS MASTER-CF] Registering RGB controller
2489  |Info:    [Logitech G915 Wireless RGB Mechanical Gaming Keyboard] Registering RGB controller
2489  |Info:    ------------------------------------------------------
2489  |Info:    |            Detecting libusb HID devices            |
2489  |Info:    ------------------------------------------------------
2506  |Info:    [HyperX Quadcast S] Registering RGB controller
2506  |Info:    ------------------------------------------------------
2506  |Info:    |              Detecting other devices               |
2506  |Info:    ------------------------------------------------------
2511  |Info:    ------------------------------------------------------
2511  |Info:    |                Detection completed                 |
2511  |Info:    ------------------------------------------------------
