    OpenRGB v0.9
    Commit:  from 
    Launched: 20240222_145750
====================================================================================================

16    |Info:    Found file: Nord.orp attempting to validate header
16    |Info:    Valid v4 profile found for Nord
16    |Info:    Found file: Off.orp attempting to validate header
17    |Info:    Valid v4 profile found for Off
17    |Info:    Found file: Dim.orp attempting to validate header
17    |Info:    Valid v4 profile found for Dim
17    |Info:    Found file: Green.orp attempting to validate header
18    |Info:    Valid v4 profile found for Green
18    |Info:    Found file: Snow.orp attempting to validate header
18    |Info:    Valid v4 profile found for Snow
1021  |Info:    ------------------------------------------------------
1021  |Info:    |               Start device detection               |
1021  |Info:    ------------------------------------------------------
1021  |Info:    Initializing HID interfaces: Success
1024  |Info:    ------------------------------------------------------
1024  |Info:    |             Detecting I2C interfaces               |
1024  |Info:    ------------------------------------------------------
1024  |Info:    Registering I2C interface: /dev/i2c-3 Device 10DE:1E07 Subsystem: 1458:37BD
1024  |Info:    Registering I2C interface: /dev/i2c-1 Device 8086:A323 Subsystem: 1458:5001
1024  |Info:    Registering I2C interface: /dev/i2c-8 Device 10DE:1E07 Subsystem: 1458:37BD
1024  |Info:    Registering I2C interface: /dev/i2c-6 Device 10DE:1E07 Subsystem: 1458:37BD
1024  |Info:    Registering I2C interface: /dev/i2c-4 Device 10DE:1E07 Subsystem: 1458:37BD
1024  |Info:    Registering I2C interface: /dev/i2c-2 Device 10DE:1E07 Subsystem: 1458:37BD
1024  |Info:    Registering I2C interface: /dev/i2c-0 Device 10DE:1AD7 Subsystem: 1458:37BD
1024  |Info:    Registering I2C interface: /dev/i2c-7 Device 10DE:1E07 Subsystem: 1458:37BD
1024  |Info:    Registering I2C interface: /dev/i2c-5 Device 10DE:1E07 Subsystem: 1458:37BD
1024  |Info:    ------------------------------------------------------
1024  |Info:    |               Detecting I2C devices                |
1024  |Info:    ------------------------------------------------------
1514  |Info:    [ENE DRAM] Registering RGB controller
1681  |Info:    [ENE DRAM] Registering RGB controller
1849  |Info:    [ENE DRAM] Registering RGB controller
2015  |Info:    [ENE DRAM] Registering RGB controller
2055  |Info:    ------------------------------------------------------
2055  |Info:    |               Detecting I2C PCI devices            |
2055  |Info:    ------------------------------------------------------
2057  |Info:    ------------------------------------------------------
2057  |Info:    |               Detecting HID devices                |
2057  |Info:    ------------------------------------------------------
2217  |Info:    [Z390 AORUS MASTER-CF] Registering RGB controller
2477  |Info:    [Logitech G915 Wireless RGB Mechanical Gaming Keyboard] Registering RGB controller
2477  |Info:    ------------------------------------------------------
2477  |Info:    |            Detecting libusb HID devices            |
2477  |Info:    ------------------------------------------------------
2493  |Info:    [HyperX Quadcast S] Registering RGB controller
2493  |Info:    ------------------------------------------------------
2493  |Info:    |              Detecting other devices               |
2493  |Info:    ------------------------------------------------------
2499  |Info:    ------------------------------------------------------
2499  |Info:    |                Detection completed                 |
2499  |Info:    ------------------------------------------------------
