    OpenRGB v0.9
    Commit:  from 
    Launched: 20240527_162501
====================================================================================================

0     |Info:    Found file: Off.orp attempting to validate header
1     |Info:    Valid v4 profile found for Off
1     |Info:    Found file: Snow.orp attempting to validate header
1     |Info:    Valid v4 profile found for Snow
1006  |Info:    ------------------------------------------------------
1006  |Info:    |               Start device detection               |
1006  |Info:    ------------------------------------------------------
1007  |Info:    Initializing HID interfaces: Success
1011  |Info:    ------------------------------------------------------
1011  |Info:    |             Detecting I2C interfaces               |
1011  |Info:    ------------------------------------------------------
1012  |Info:    Registering I2C interface: /dev/i2c-3 Device 10DE:1E07 Subsystem: 1458:37BD
1012  |Info:    Registering I2C interface: /dev/i2c-1 Device 10DE:1E07 Subsystem: 1458:37BD
1012  |Info:    Registering I2C interface: /dev/i2c-8 Device 8086:A323 Subsystem: 1458:5001
1012  |Info:    Registering I2C interface: /dev/i2c-6 Device 10DE:1E07 Subsystem: 1458:37BD
1012  |Info:    Registering I2C interface: /dev/i2c-4 Device 10DE:1E07 Subsystem: 1458:37BD
1012  |Info:    Registering I2C interface: /dev/i2c-2 Device 10DE:1E07 Subsystem: 1458:37BD
1012  |Info:    Registering I2C interface: /dev/i2c-0 Device 10DE:1E07 Subsystem: 1458:37BD
1012  |Info:    Registering I2C interface: /dev/i2c-7 Device 10DE:1AD7 Subsystem: 1458:37BD
1012  |Info:    Registering I2C interface: /dev/i2c-5 Device 10DE:1E07 Subsystem: 1458:37BD
1012  |Info:    ------------------------------------------------------
1012  |Info:    |               Detecting I2C devices                |
1012  |Info:    ------------------------------------------------------
1266  |Info:    [ENE DRAM] Registering RGB controller
1437  |Info:    [ENE DRAM] Registering RGB controller
1607  |Info:    [ENE DRAM] Registering RGB controller
1778  |Info:    [ENE DRAM] Registering RGB controller
2119  |Info:    ------------------------------------------------------
2119  |Info:    |               Detecting I2C PCI devices            |
2119  |Info:    ------------------------------------------------------
2120  |Info:    ------------------------------------------------------
2120  |Info:    |               Detecting HID devices                |
2120  |Info:    ------------------------------------------------------
2277  |Info:    [Z390 AORUS MASTER-CF] Registering RGB controller
2534  |Info:    [Logitech G915 Wireless RGB Mechanical Gaming Keyboard] Registering RGB controller
2534  |Info:    ------------------------------------------------------
2534  |Info:    |            Detecting libusb HID devices            |
2534  |Info:    ------------------------------------------------------
2552  |Info:    [HyperX Quadcast S] Registering RGB controller
2552  |Info:    ------------------------------------------------------
2552  |Info:    |              Detecting other devices               |
2552  |Info:    ------------------------------------------------------
2561  |Info:    ------------------------------------------------------
2561  |Info:    |                Detection completed                 |
2561  |Info:    ------------------------------------------------------
8508  |Info:    Profile loading: Succeeded for ENE DRAM @ I2C: /dev/i2c-8, address 0x72
8508  |Info:    Profile loading: Succeeded for ENE DRAM @ I2C: /dev/i2c-8, address 0x73
8508  |Info:    Profile loading: Succeeded for ENE DRAM @ I2C: /dev/i2c-8, address 0x74
8508  |Info:    Profile loading: Succeeded for ENE DRAM @ I2C: /dev/i2c-8, address 0x75
8508  |Info:    Profile loading: Succeeded for Z390 AORUS MASTER-CF @ HID: /dev/hidraw6
8508  |Info:    Profile loading: Succeeded for Logitech G915 Wireless RGB Mechanical Gaming Keyboard @ 
8508  |Info:    Profile loading: Succeeded for HyperX Quadcast S @ 1-11.4.4:1.0
