    OpenRGB v0.9
    Commit:  from 
    Launched: 20240519_073152
====================================================================================================

0     |Info:    Found file: Off.orp attempting to validate header
0     |Info:    Valid v4 profile found for Off
0     |Info:    Found file: Snow.orp attempting to validate header
0     |Info:    Valid v4 profile found for Snow
1001  |Info:    ------------------------------------------------------
1001  |Info:    |               Start device detection               |
1001  |Info:    ------------------------------------------------------
1001  |Info:    Initializing HID interfaces: Success
1005  |Info:    ------------------------------------------------------
1005  |Info:    |             Detecting I2C interfaces               |
1005  |Info:    ------------------------------------------------------
1006  |Info:    Registering I2C interface: /dev/i2c-3 Device 10DE:1E07 Subsystem: 1458:37BD
1006  |Info:    Registering I2C interface: /dev/i2c-1 Device 10DE:1E07 Subsystem: 1458:37BD
1006  |Info:    Registering I2C interface: /dev/i2c-8 Device 8086:A323 Subsystem: 1458:5001
1006  |Info:    Registering I2C interface: /dev/i2c-6 Device 10DE:1E07 Subsystem: 1458:37BD
1006  |Info:    Registering I2C interface: /dev/i2c-4 Device 10DE:1E07 Subsystem: 1458:37BD
1006  |Info:    Registering I2C interface: /dev/i2c-2 Device 10DE:1E07 Subsystem: 1458:37BD
1006  |Info:    Registering I2C interface: /dev/i2c-0 Device 10DE:1E07 Subsystem: 1458:37BD
1006  |Info:    Registering I2C interface: /dev/i2c-7 Device 10DE:1AD7 Subsystem: 1458:37BD
1006  |Info:    Registering I2C interface: /dev/i2c-5 Device 10DE:1E07 Subsystem: 1458:37BD
1006  |Info:    ------------------------------------------------------
1006  |Info:    |               Detecting I2C devices                |
1006  |Info:    ------------------------------------------------------
1191  |Info:    [ENE DRAM] Registering RGB controller
1359  |Info:    [ENE DRAM] Registering RGB controller
1528  |Info:    [ENE DRAM] Registering RGB controller
1697  |Info:    [ENE DRAM] Registering RGB controller
2041  |Info:    ------------------------------------------------------
2041  |Info:    |               Detecting I2C PCI devices            |
2041  |Info:    ------------------------------------------------------
2041  |Info:    ------------------------------------------------------
2041  |Info:    |               Detecting HID devices                |
2041  |Info:    ------------------------------------------------------
2205  |Info:    [Z390 AORUS MASTER-CF] Registering RGB controller
2468  |Info:    [Logitech G915 Wireless RGB Mechanical Gaming Keyboard] Registering RGB controller
2468  |Info:    ------------------------------------------------------
2468  |Info:    |            Detecting libusb HID devices            |
2468  |Info:    ------------------------------------------------------
2479  |Info:    [HyperX Quadcast S] Registering RGB controller
2479  |Info:    ------------------------------------------------------
2479  |Info:    |              Detecting other devices               |
2479  |Info:    ------------------------------------------------------
2485  |Info:    ------------------------------------------------------
2485  |Info:    |                Detection completed                 |
2485  |Info:    ------------------------------------------------------
6713  |Info:    Profile loading: Succeeded for ENE DRAM @ I2C: /dev/i2c-8, address 0x72
6713  |Info:    Profile loading: Succeeded for ENE DRAM @ I2C: /dev/i2c-8, address 0x73
6713  |Info:    Profile loading: Succeeded for ENE DRAM @ I2C: /dev/i2c-8, address 0x74
6713  |Info:    Profile loading: Succeeded for ENE DRAM @ I2C: /dev/i2c-8, address 0x75
6713  |Info:    Profile loading: Succeeded for Z390 AORUS MASTER-CF @ HID: /dev/hidraw6
6713  |Info:    Profile loading: Succeeded for Logitech G915 Wireless RGB Mechanical Gaming Keyboard @ 
6713  |Info:    Profile loading: Succeeded for HyperX Quadcast S @ 1-11.4.4:1.0
