    OpenRGB v0.9
    Commit:  from 
    Launched: 20240322_005249
====================================================================================================

1     |Info:    Found file: Nord.orp attempting to validate header
2     |Info:    Valid v4 profile found for Nord
2     |Info:    Found file: Off.orp attempting to validate header
7     |Info:    Valid v4 profile found for Off
7     |Info:    Found file: Dim.orp attempting to validate header
8     |Info:    Valid v4 profile found for Dim
8     |Info:    Found file: Green.orp attempting to validate header
11    |Info:    Valid v4 profile found for Green
11    |Info:    Found file: Snow.orp attempting to validate header
13    |Info:    Valid v4 profile found for Snow
1015  |Info:    ------------------------------------------------------
1015  |Info:    |               Start device detection               |
1015  |Info:    ------------------------------------------------------
1015  |Info:    Initializing HID interfaces: Success
1019  |Info:    ------------------------------------------------------
1019  |Info:    |             Detecting I2C interfaces               |
1019  |Info:    ------------------------------------------------------
1019  |Info:    Registering I2C interface: /dev/i2c-3 Device 10DE:1E07 Subsystem: 1458:37BD
1019  |Info:    Registering I2C interface: /dev/i2c-1 Device 8086:A323 Subsystem: 1458:5001
1020  |Info:    Registering I2C interface: /dev/i2c-8 Device 10DE:1E07 Subsystem: 1458:37BD
1020  |Info:    Registering I2C interface: /dev/i2c-6 Device 10DE:1E07 Subsystem: 1458:37BD
1020  |Info:    Registering I2C interface: /dev/i2c-4 Device 10DE:1E07 Subsystem: 1458:37BD
1020  |Info:    Registering I2C interface: /dev/i2c-2 Device 10DE:1E07 Subsystem: 1458:37BD
1020  |Info:    Registering I2C interface: /dev/i2c-0 Device 10DE:1AD7 Subsystem: 1458:37BD
1020  |Info:    Registering I2C interface: /dev/i2c-7 Device 10DE:1E07 Subsystem: 1458:37BD
1020  |Info:    Registering I2C interface: /dev/i2c-5 Device 10DE:1E07 Subsystem: 1458:37BD
1020  |Info:    ------------------------------------------------------
1020  |Info:    |               Detecting I2C devices                |
1020  |Info:    ------------------------------------------------------
1516  |Info:    [ENE DRAM] Registering RGB controller
1687  |Info:    [ENE DRAM] Registering RGB controller
1858  |Info:    [ENE DRAM] Registering RGB controller
2027  |Info:    [ENE DRAM] Registering RGB controller
2068  |Info:    ------------------------------------------------------
2068  |Info:    |               Detecting I2C PCI devices            |
2068  |Info:    ------------------------------------------------------
2069  |Info:    ------------------------------------------------------
2069  |Info:    |               Detecting HID devices                |
2069  |Info:    ------------------------------------------------------
2232  |Info:    [Z390 AORUS MASTER-CF] Registering RGB controller
2491  |Info:    [Logitech G915 Wireless RGB Mechanical Gaming Keyboard] Registering RGB controller
2491  |Info:    ------------------------------------------------------
2491  |Info:    |            Detecting libusb HID devices            |
2491  |Info:    ------------------------------------------------------
