    OpenRGB v0.9
    Commit:  from 
    Launched: 20240228_032159
====================================================================================================

16    |Info:    Found file: Nord.orp attempting to validate header
16    |Info:    Valid v4 profile found for Nord
16    |Info:    Found file: Off.orp attempting to validate header
18    |Info:    Valid v4 profile found for Off
18    |Info:    Found file: Dim.orp attempting to validate header
18    |Info:    Valid v4 profile found for Dim
18    |Info:    Found file: Green.orp attempting to validate header
19    |Info:    Valid v4 profile found for Green
19    |Info:    Found file: Snow.orp attempting to validate header
19    |Info:    Valid v4 profile found for Snow
1022  |Info:    ------------------------------------------------------
1022  |Info:    |               Start device detection               |
1022  |Info:    ------------------------------------------------------
1022  |Info:    Initializing HID interfaces: Success
1026  |Info:    ------------------------------------------------------
1026  |Info:    |             Detecting I2C interfaces               |
1026  |Info:    ------------------------------------------------------
1026  |Info:    Registering I2C interface: /dev/i2c-3 Device 10DE:1E07 Subsystem: 1458:37BD
1026  |Info:    Registering I2C interface: /dev/i2c-1 Device 8086:A323 Subsystem: 1458:5001
1026  |Info:    Registering I2C interface: /dev/i2c-8 Device 10DE:1E07 Subsystem: 1458:37BD
1026  |Info:    Registering I2C interface: /dev/i2c-6 Device 10DE:1E07 Subsystem: 1458:37BD
1026  |Info:    Registering I2C interface: /dev/i2c-4 Device 10DE:1E07 Subsystem: 1458:37BD
1026  |Info:    Registering I2C interface: /dev/i2c-2 Device 10DE:1E07 Subsystem: 1458:37BD
1026  |Info:    Registering I2C interface: /dev/i2c-0 Device 10DE:1AD7 Subsystem: 1458:37BD
1026  |Info:    Registering I2C interface: /dev/i2c-7 Device 10DE:1E07 Subsystem: 1458:37BD
1026  |Info:    Registering I2C interface: /dev/i2c-5 Device 10DE:1E07 Subsystem: 1458:37BD
1026  |Info:    ------------------------------------------------------
1026  |Info:    |               Detecting I2C devices                |
1026  |Info:    ------------------------------------------------------
1515  |Info:    [ENE DRAM] Registering RGB controller
1681  |Info:    [ENE DRAM] Registering RGB controller
1852  |Info:    [ENE DRAM] Registering RGB controller
2021  |Info:    [ENE DRAM] Registering RGB controller
2062  |Info:    ------------------------------------------------------
2062  |Info:    |               Detecting I2C PCI devices            |
2062  |Info:    ------------------------------------------------------
2063  |Info:    ------------------------------------------------------
2063  |Info:    |               Detecting HID devices                |
2063  |Info:    ------------------------------------------------------
2225  |Info:    [Z390 AORUS MASTER-CF] Registering RGB controller
2487  |Info:    [Logitech G915 Wireless RGB Mechanical Gaming Keyboard] Registering RGB controller
2487  |Info:    ------------------------------------------------------
2487  |Info:    |            Detecting libusb HID devices            |
2487  |Info:    ------------------------------------------------------
2505  |Info:    [HyperX Quadcast S] Registering RGB controller
2505  |Info:    ------------------------------------------------------
2505  |Info:    |              Detecting other devices               |
2505  |Info:    ------------------------------------------------------
2513  |Info:    ------------------------------------------------------
2513  |Info:    |                Detection completed                 |
2513  |Info:    ------------------------------------------------------
8820  |Info:    Profile loading: Succeeded for ENE DRAM @ I2C: /dev/i2c-1, address 0x72
8820  |Info:    Profile loading: Succeeded for ENE DRAM @ I2C: /dev/i2c-1, address 0x73
8820  |Info:    Profile loading: Succeeded for ENE DRAM @ I2C: /dev/i2c-1, address 0x74
8820  |Info:    Profile loading: Succeeded for ENE DRAM @ I2C: /dev/i2c-1, address 0x75
8820  |Info:    Profile loading: Succeeded for Z390 AORUS MASTER-CF @ HID: /dev/hidraw8
8820  |Info:    Profile loading: Succeeded for Logitech G915 Wireless RGB Mechanical Gaming Keyboard @ 
8820  |Info:    Profile loading: FAILED! for HyperX Quadcast S @ 1-4.4:1.0
