    OpenRGB v0.9
    Commit:  from 
    Launched: 20240502_011404
====================================================================================================

0     |Info:    Found file: Off.orp attempting to validate header
0     |Info:    Valid v4 profile found for Off
0     |Info:    Found file: Snow.orp attempting to validate header
1     |Info:    Valid v4 profile found for Snow
1007  |Info:    ------------------------------------------------------
1007  |Info:    |               Start device detection               |
1007  |Info:    ------------------------------------------------------
1008  |Info:    Initializing HID interfaces: Success
1013  |Info:    ------------------------------------------------------
1013  |Info:    |             Detecting I2C interfaces               |
1013  |Info:    ------------------------------------------------------
1013  |Info:    Registering I2C interface: /dev/i2c-3 Device 10DE:1E07 Subsystem: 1458:37BD
1013  |Info:    Registering I2C interface: /dev/i2c-1 Device 10DE:1E07 Subsystem: 1458:37BD
1013  |Info:    Registering I2C interface: /dev/i2c-8 Device 8086:A323 Subsystem: 1458:5001
1013  |Info:    Registering I2C interface: /dev/i2c-6 Device 10DE:1E07 Subsystem: 1458:37BD
1013  |Info:    Registering I2C interface: /dev/i2c-4 Device 10DE:1E07 Subsystem: 1458:37BD
1013  |Info:    Registering I2C interface: /dev/i2c-2 Device 10DE:1E07 Subsystem: 1458:37BD
1014  |Info:    Registering I2C interface: /dev/i2c-0 Device 10DE:1E07 Subsystem: 1458:37BD
1014  |Info:    Registering I2C interface: /dev/i2c-7 Device 10DE:1AD7 Subsystem: 1458:37BD
1014  |Info:    Registering I2C interface: /dev/i2c-5 Device 10DE:1E07 Subsystem: 1458:37BD
1014  |Info:    ------------------------------------------------------
1014  |Info:    |               Detecting I2C devices                |
1014  |Info:    ------------------------------------------------------
1200  |Info:    [ENE DRAM] Registering RGB controller
1365  |Info:    [ENE DRAM] Registering RGB controller
1533  |Info:    [ENE DRAM] Registering RGB controller
1699  |Info:    [ENE DRAM] Registering RGB controller
2040  |Info:    ------------------------------------------------------
2040  |Info:    |               Detecting I2C PCI devices            |
2040  |Info:    ------------------------------------------------------
2041  |Info:    ------------------------------------------------------
2041  |Info:    |               Detecting HID devices                |
2041  |Info:    ------------------------------------------------------
2200  |Info:    [Z390 AORUS MASTER-CF] Registering RGB controller
2460  |Info:    [Logitech G915 Wireless RGB Mechanical Gaming Keyboard] Registering RGB controller
2460  |Info:    ------------------------------------------------------
2460  |Info:    |            Detecting libusb HID devices            |
2460  |Info:    ------------------------------------------------------
2472  |Info:    [HyperX Quadcast S] Registering RGB controller
2472  |Info:    ------------------------------------------------------
2472  |Info:    |              Detecting other devices               |
2472  |Info:    ------------------------------------------------------
2479  |Info:    ------------------------------------------------------
2479  |Info:    |                Detection completed                 |
2479  |Info:    ------------------------------------------------------
7037  |Info:    Profile loading: Succeeded for ENE DRAM @ I2C: /dev/i2c-8, address 0x72
7037  |Info:    Profile loading: Succeeded for ENE DRAM @ I2C: /dev/i2c-8, address 0x73
7037  |Info:    Profile loading: Succeeded for ENE DRAM @ I2C: /dev/i2c-8, address 0x74
7037  |Info:    Profile loading: Succeeded for ENE DRAM @ I2C: /dev/i2c-8, address 0x75
7037  |Info:    Profile loading: Succeeded for Z390 AORUS MASTER-CF @ HID: /dev/hidraw6
7037  |Info:    Profile loading: Succeeded for Logitech G915 Wireless RGB Mechanical Gaming Keyboard @ 
7037  |Info:    Profile loading: Succeeded for HyperX Quadcast S @ 1-11.4.4:1.0
