    OpenRGB v0.9
    Commit:  from 
    Launched: 20240616_220447
====================================================================================================

0     |Info:    Found file: Off.orp attempting to validate header
0     |Info:    Valid v4 profile found for Off
0     |Info:    Found file: Snow.orp attempting to validate header
0     |Info:    Valid v4 profile found for Snow
1004  |Info:    ------------------------------------------------------
1004  |Info:    |               Start device detection               |
1004  |Info:    ------------------------------------------------------
1005  |Info:    Initializing HID interfaces: Success
1012  |Info:    ------------------------------------------------------
1012  |Info:    |             Detecting I2C interfaces               |
1012  |Info:    ------------------------------------------------------
1013  |Info:    Registering I2C interface: /dev/i2c-3 Device 10DE:1E07 Subsystem: 1458:37BD
1013  |Info:    Registering I2C interface: /dev/i2c-1 Device 10DE:1E07 Subsystem: 1458:37BD
1013  |Info:    Registering I2C interface: /dev/i2c-8 Device 8086:A323 Subsystem: 1458:5001
1013  |Info:    Registering I2C interface: /dev/i2c-6 Device 10DE:1E07 Subsystem: 1458:37BD
1013  |Info:    Registering I2C interface: /dev/i2c-4 Device 10DE:1E07 Subsystem: 1458:37BD
1013  |Info:    Registering I2C interface: /dev/i2c-2 Device 10DE:1E07 Subsystem: 1458:37BD
1013  |Info:    Registering I2C interface: /dev/i2c-0 Device 10DE:1E07 Subsystem: 1458:37BD
1014  |Info:    Registering I2C interface: /dev/i2c-7 Device 10DE:1AD7 Subsystem: 1458:37BD
1014  |Info:    Registering I2C interface: /dev/i2c-5 Device 10DE:1E07 Subsystem: 1458:37BD
1014  |Info:    ------------------------------------------------------
1014  |Info:    |               Detecting I2C devices                |
1014  |Info:    ------------------------------------------------------
1211  |Info:    [ENE DRAM] Registering RGB controller
1389  |Info:    [ENE DRAM] Registering RGB controller
1568  |Info:    [ENE DRAM] Registering RGB controller
1747  |Info:    [ENE DRAM] Registering RGB controller
2097  |Info:    ------------------------------------------------------
2097  |Info:    |               Detecting I2C PCI devices            |
2097  |Info:    ------------------------------------------------------
2098  |Info:    ------------------------------------------------------
2098  |Info:    |               Detecting HID devices                |
2098  |Info:    ------------------------------------------------------
2202  |Info:    [Z390 AORUS MASTER-CF] Registering RGB controller
2408  |Info:    [Logitech G915 Wireless RGB Mechanical Gaming Keyboard] Registering RGB controller
2408  |Info:    ------------------------------------------------------
2408  |Info:    |            Detecting libusb HID devices            |
2408  |Info:    ------------------------------------------------------
2422  |Info:    ------------------------------------------------------
2422  |Info:    |              Detecting other devices               |
2422  |Info:    ------------------------------------------------------
2427  |Info:    ------------------------------------------------------
2427  |Info:    |                Detection completed                 |
2427  |Info:    ------------------------------------------------------
4557  |Info:    Profile loading: Succeeded for ENE DRAM @ I2C: /dev/i2c-8, address 0x72
4557  |Info:    Profile loading: Succeeded for ENE DRAM @ I2C: /dev/i2c-8, address 0x73
4557  |Info:    Profile loading: Succeeded for ENE DRAM @ I2C: /dev/i2c-8, address 0x74
4557  |Info:    Profile loading: Succeeded for ENE DRAM @ I2C: /dev/i2c-8, address 0x75
4557  |Info:    Profile loading: Succeeded for Z390 AORUS MASTER-CF @ HID: /dev/hidraw4
4557  |Info:    Profile loading: Succeeded for Logitech G915 Wireless RGB Mechanical Gaming Keyboard @ 
