    OpenRGB v0.9
    Commit:  from 
    Launched: 20240409_183628
====================================================================================================

22    |Info:    Found file: Nord.orp attempting to validate header
25    |Info:    Valid v4 profile found for Nord
25    |Info:    Found file: Off.orp attempting to validate header
30    |Info:    Valid v4 profile found for Off
30    |Info:    Found file: Dim.orp attempting to validate header
33    |Info:    Valid v4 profile found for Dim
33    |Info:    Found file: Green.orp attempting to validate header
37    |Info:    Valid v4 profile found for Green
37    |Info:    Found file: Snow.orp attempting to validate header
38    |Info:    Valid v4 profile found for Snow
1045  |Info:    ------------------------------------------------------
1045  |Info:    |               Start device detection               |
1045  |Info:    ------------------------------------------------------
1045  |Info:    Initializing HID interfaces: Success
1048  |Info:    ------------------------------------------------------
1048  |Info:    |             Detecting I2C interfaces               |
1048  |Info:    ------------------------------------------------------
1048  |Info:    Registering I2C interface: /dev/i2c-3 Device 10DE:1E07 Subsystem: 1458:37BD
1048  |Info:    Registering I2C interface: /dev/i2c-1 Device 8086:A323 Subsystem: 1458:5001
1048  |Info:    Registering I2C interface: /dev/i2c-8 Device 10DE:1E07 Subsystem: 1458:37BD
1048  |Info:    Registering I2C interface: /dev/i2c-6 Device 10DE:1E07 Subsystem: 1458:37BD
1048  |Info:    Registering I2C interface: /dev/i2c-4 Device 10DE:1E07 Subsystem: 1458:37BD
1048  |Info:    Registering I2C interface: /dev/i2c-2 Device 10DE:1E07 Subsystem: 1458:37BD
1048  |Info:    Registering I2C interface: /dev/i2c-0 Device 10DE:1AD7 Subsystem: 1458:37BD
1048  |Info:    Registering I2C interface: /dev/i2c-7 Device 10DE:1E07 Subsystem: 1458:37BD
1048  |Info:    Registering I2C interface: /dev/i2c-5 Device 10DE:1E07 Subsystem: 1458:37BD
1048  |Info:    ------------------------------------------------------
1048  |Info:    |               Detecting I2C devices                |
1048  |Info:    ------------------------------------------------------
1533  |Info:    [ENE DRAM] Registering RGB controller
1699  |Info:    [ENE DRAM] Registering RGB controller
1871  |Info:    [ENE DRAM] Registering RGB controller
2047  |Info:    [ENE DRAM] Registering RGB controller
2090  |Info:    ------------------------------------------------------
2090  |Info:    |               Detecting I2C PCI devices            |
2090  |Info:    ------------------------------------------------------
2091  |Info:    ------------------------------------------------------
2091  |Info:    |               Detecting HID devices                |
2091  |Info:    ------------------------------------------------------
2252  |Info:    [Z390 AORUS MASTER-CF] Registering RGB controller
2511  |Info:    [Logitech G915 Wireless RGB Mechanical Gaming Keyboard] Registering RGB controller
2511  |Info:    ------------------------------------------------------
2511  |Info:    |            Detecting libusb HID devices            |
2511  |Info:    ------------------------------------------------------
