    OpenRGB v0.9
    Commit:  from 
    Launched: 20240621_160245
====================================================================================================

1     |Info:    Found file: Off.orp attempting to validate header
1     |Info:    Valid v4 profile found for Off
1     |Info:    Found file: Snow.orp attempting to validate header
1     |Info:    Valid v4 profile found for Snow
1008  |Info:    ------------------------------------------------------
1008  |Info:    |               Start device detection               |
1008  |Info:    ------------------------------------------------------
1008  |Info:    Initializing HID interfaces: Success
1012  |Info:    ------------------------------------------------------
1012  |Info:    |             Detecting I2C interfaces               |
1012  |Info:    ------------------------------------------------------
1013  |Info:    Registering I2C interface: /dev/i2c-3 Device 10DE:1E07 Subsystem: 1458:37BD
1013  |Info:    Registering I2C interface: /dev/i2c-1 Device 10DE:1E07 Subsystem: 1458:37BD
1013  |Info:    Registering I2C interface: /dev/i2c-8 Device 8086:A323 Subsystem: 1458:5001
1013  |Info:    Registering I2C interface: /dev/i2c-6 Device 10DE:1E07 Subsystem: 1458:37BD
1013  |Info:    Registering I2C interface: /dev/i2c-4 Device 10DE:1E07 Subsystem: 1458:37BD
1013  |Info:    Registering I2C interface: /dev/i2c-2 Device 10DE:1E07 Subsystem: 1458:37BD
1013  |Info:    Registering I2C interface: /dev/i2c-0 Device 10DE:1E07 Subsystem: 1458:37BD
1013  |Info:    Registering I2C interface: /dev/i2c-7 Device 10DE:1AD7 Subsystem: 1458:37BD
1013  |Info:    Registering I2C interface: /dev/i2c-5 Device 10DE:1E07 Subsystem: 1458:37BD
1013  |Info:    ------------------------------------------------------
1013  |Info:    |               Detecting I2C devices                |
1013  |Info:    ------------------------------------------------------
1258  |Info:    [ENE DRAM] Registering RGB controller
1434  |Info:    [ENE DRAM] Registering RGB controller
1602  |Info:    [ENE DRAM] Registering RGB controller
1771  |Info:    [ENE DRAM] Registering RGB controller
2113  |Info:    ------------------------------------------------------
2113  |Info:    |               Detecting I2C PCI devices            |
2113  |Info:    ------------------------------------------------------
2114  |Info:    ------------------------------------------------------
2114  |Info:    |               Detecting HID devices                |
2114  |Info:    ------------------------------------------------------
2270  |Info:    [Z390 AORUS MASTER-CF] Registering RGB controller
2527  |Info:    [Logitech G915 Wireless RGB Mechanical Gaming Keyboard] Registering RGB controller
2527  |Info:    ------------------------------------------------------
2527  |Info:    |            Detecting libusb HID devices            |
2527  |Info:    ------------------------------------------------------
2545  |Info:    [HyperX Quadcast S] Registering RGB controller
2545  |Info:    ------------------------------------------------------
2545  |Info:    |              Detecting other devices               |
2545  |Info:    ------------------------------------------------------
2550  |Info:    ------------------------------------------------------
2550  |Info:    |                Detection completed                 |
2550  |Info:    ------------------------------------------------------
1023758|Info:    Profile loading: Succeeded for ENE DRAM @ I2C: /dev/i2c-8, address 0x72
1023758|Info:    Profile loading: Succeeded for ENE DRAM @ I2C: /dev/i2c-8, address 0x73
1023758|Info:    Profile loading: Succeeded for ENE DRAM @ I2C: /dev/i2c-8, address 0x74
1023758|Info:    Profile loading: Succeeded for ENE DRAM @ I2C: /dev/i2c-8, address 0x75
1023758|Info:    Profile loading: Succeeded for Z390 AORUS MASTER-CF @ HID: /dev/hidraw6
1023758|Info:    Profile loading: Succeeded for Logitech G915 Wireless RGB Mechanical Gaming Keyboard @ 
1023758|Info:    Profile loading: Succeeded for HyperX Quadcast S @ 1-11.4.4:1.0
1024161|Info:    Profile loading: Succeeded for ENE DRAM @ I2C: /dev/i2c-8, address 0x72
1024161|Info:    Profile loading: Succeeded for ENE DRAM @ I2C: /dev/i2c-8, address 0x73
1024161|Info:    Profile loading: Succeeded for ENE DRAM @ I2C: /dev/i2c-8, address 0x74
1024161|Info:    Profile loading: Succeeded for ENE DRAM @ I2C: /dev/i2c-8, address 0x75
1024161|Info:    Profile loading: Succeeded for Z390 AORUS MASTER-CF @ HID: /dev/hidraw6
1024161|Info:    Profile loading: Succeeded for Logitech G915 Wireless RGB Mechanical Gaming Keyboard @ 
1024161|Info:    Profile loading: Succeeded for HyperX Quadcast S @ 1-11.4.4:1.0
