    OpenRGB v0.9
    Commit:  from 
    Launched: 20240115_180416
====================================================================================================

0     |Info:    Found file: Nord.orp attempting to validate header
1     |Info:    Valid v4 profile found for Nord
1     |Info:    Found file: Off.orp attempting to validate header
2     |Info:    Valid v4 profile found for Off
2     |Info:    Found file: Dim.orp attempting to validate header
3     |Info:    Valid v4 profile found for Dim
1005  |Info:    ------------------------------------------------------
1005  |Info:    |               Start device detection               |
1005  |Info:    ------------------------------------------------------
1005  |Info:    Initializing HID interfaces: Success
1009  |Info:    ------------------------------------------------------
1009  |Info:    |             Detecting I2C interfaces               |
1009  |Info:    ------------------------------------------------------
1012  |Info:    Registering I2C interface: /dev/i2c-3 Device 10DE:1E07 Subsystem: 1458:37BD
1012  |Info:    Registering I2C interface: /dev/i2c-1 Device 8086:A323 Subsystem: 1458:5001
1012  |Info:    Registering I2C interface: /dev/i2c-8 Device 10DE:1E07 Subsystem: 1458:37BD
1012  |Info:    Registering I2C interface: /dev/i2c-6 Device 10DE:1E07 Subsystem: 1458:37BD
1012  |Info:    Registering I2C interface: /dev/i2c-4 Device 10DE:1E07 Subsystem: 1458:37BD
1012  |Info:    Registering I2C interface: /dev/i2c-2 Device 10DE:1E07 Subsystem: 1458:37BD
1012  |Info:    Registering I2C interface: /dev/i2c-0 Device 10DE:1AD7 Subsystem: 1458:37BD
1017  |Info:    Registering I2C interface: /dev/i2c-7 Device 10DE:1E07 Subsystem: 1458:37BD
1017  |Info:    Registering I2C interface: /dev/i2c-5 Device 10DE:1E07 Subsystem: 1458:37BD
1017  |Info:    ------------------------------------------------------
1017  |Info:    |               Detecting I2C devices                |
1017  |Info:    ------------------------------------------------------
1716  |Info:    [ENE DRAM] Registering RGB controller
1903  |Info:    [ENE DRAM] Registering RGB controller
2067  |Info:    [ENE DRAM] Registering RGB controller
2233  |Info:    [ENE DRAM] Registering RGB controller
2235  |Info:    ------------------------------------------------------
2235  |Info:    |               Detecting I2C PCI devices            |
2235  |Info:    ------------------------------------------------------
2236  |Info:    ------------------------------------------------------
2236  |Info:    |               Detecting HID devices                |
2236  |Info:    ------------------------------------------------------
2396  |Info:    [Z390 AORUS MASTER-CF] Registering RGB controller
2659  |Info:    [Logitech G915 Wireless RGB Mechanical Gaming Keyboard] Registering RGB controller
2659  |Info:    ------------------------------------------------------
2659  |Info:    |            Detecting libusb HID devices            |
2659  |Info:    ------------------------------------------------------
2669  |Info:    [HyperX Quadcast S] Registering RGB controller
2670  |Info:    ------------------------------------------------------
2670  |Info:    |              Detecting other devices               |
2670  |Info:    ------------------------------------------------------
2670  |Info:    ------------------------------------------------------
2670  |Info:    |                Detection completed                 |
2670  |Info:    ------------------------------------------------------
17224 |Info:    Profile loading: FAILED! for ENE DRAM @ I2C: /dev/i2c-1, address 0x39
17224 |Info:    Profile loading: FAILED! for ENE DRAM @ I2C: /dev/i2c-1, address 0x3B
17224 |Info:    Profile loading: FAILED! for ENE DRAM @ I2C: /dev/i2c-1, address 0x3C
17224 |Info:    Profile loading: FAILED! for ENE DRAM @ I2C: /dev/i2c-1, address 0x3D
17224 |Info:    Profile loading: Succeeded for Z390 AORUS MASTER-CF @ HID: /dev/hidraw8
17224 |Info:    Profile loading: Succeeded for Logitech G915 Wireless RGB Mechanical Gaming Keyboard @ 
17224 |Info:    Profile loading: Succeeded for HyperX Quadcast S @ 1-7.4:1.0
29048 |Info:    Profile loading: FAILED! for ENE DRAM @ I2C: /dev/i2c-1, address 0x39
29048 |Info:    Profile loading: FAILED! for ENE DRAM @ I2C: /dev/i2c-1, address 0x3B
29048 |Info:    Profile loading: FAILED! for ENE DRAM @ I2C: /dev/i2c-1, address 0x3C
29048 |Info:    Profile loading: FAILED! for ENE DRAM @ I2C: /dev/i2c-1, address 0x3D
29048 |Info:    Profile loading: Succeeded for Z390 AORUS MASTER-CF @ HID: /dev/hidraw8
29048 |Info:    Profile loading: Succeeded for Logitech G915 Wireless RGB Mechanical Gaming Keyboard @ 
29048 |Info:    Profile loading: Succeeded for HyperX Quadcast S @ 1-7.4:1.0
29303 |Info:    Profile loading: FAILED! for ENE DRAM @ I2C: /dev/i2c-1, address 0x39
29303 |Info:    Profile loading: FAILED! for ENE DRAM @ I2C: /dev/i2c-1, address 0x3B
29303 |Info:    Profile loading: FAILED! for ENE DRAM @ I2C: /dev/i2c-1, address 0x3C
29303 |Info:    Profile loading: FAILED! for ENE DRAM @ I2C: /dev/i2c-1, address 0x3D
29303 |Info:    Profile loading: Succeeded for Z390 AORUS MASTER-CF @ HID: /dev/hidraw8
29303 |Info:    Profile loading: Succeeded for Logitech G915 Wireless RGB Mechanical Gaming Keyboard @ 
29303 |Info:    Profile loading: Succeeded for HyperX Quadcast S @ 1-7.4:1.0
