    OpenRGB v0.9
    Commit:  from 
    Launched: 20240219_170311
====================================================================================================

0     |Info:    Found file: Nord.orp attempting to validate header
0     |Info:    Valid v4 profile found for Nord
0     |Info:    Found file: Off.orp attempting to validate header
2     |Info:    Valid v4 profile found for Off
2     |Info:    Found file: Dim.orp attempting to validate header
2     |Info:    Valid v4 profile found for Dim
2     |Info:    Found file: Green.orp attempting to validate header
4     |Info:    Valid v4 profile found for Green
4     |Info:    Found file: Snow.orp attempting to validate header
6     |Info:    Valid v4 profile found for Snow
1010  |Info:    ------------------------------------------------------
1010  |Info:    |               Start device detection               |
1010  |Info:    ------------------------------------------------------
1010  |Info:    Initializing HID interfaces: Success
1013  |Info:    ------------------------------------------------------
1013  |Info:    |             Detecting I2C interfaces               |
1013  |Info:    ------------------------------------------------------
1014  |Info:    Registering I2C interface: /dev/i2c-3 Device 10DE:1E07 Subsystem: 1458:37BD
1014  |Info:    Registering I2C interface: /dev/i2c-1 Device 8086:A323 Subsystem: 1458:5001
1014  |Info:    Registering I2C interface: /dev/i2c-8 Device 10DE:1E07 Subsystem: 1458:37BD
1014  |Info:    Registering I2C interface: /dev/i2c-6 Device 10DE:1E07 Subsystem: 1458:37BD
1014  |Info:    Registering I2C interface: /dev/i2c-4 Device 10DE:1E07 Subsystem: 1458:37BD
1014  |Info:    Registering I2C interface: /dev/i2c-2 Device 10DE:1E07 Subsystem: 1458:37BD
1014  |Info:    Registering I2C interface: /dev/i2c-0 Device 10DE:1AD7 Subsystem: 1458:37BD
1014  |Info:    Registering I2C interface: /dev/i2c-7 Device 10DE:1E07 Subsystem: 1458:37BD
1014  |Info:    Registering I2C interface: /dev/i2c-5 Device 10DE:1E07 Subsystem: 1458:37BD
1014  |Info:    ------------------------------------------------------
1014  |Info:    |               Detecting I2C devices                |
1014  |Info:    ------------------------------------------------------
1509  |Info:    [ENE DRAM] Registering RGB controller
1676  |Info:    [ENE DRAM] Registering RGB controller
1839  |Info:    [ENE DRAM] Registering RGB controller
2004  |Info:    [ENE DRAM] Registering RGB controller
2044  |Info:    ------------------------------------------------------
2044  |Info:    |               Detecting I2C PCI devices            |
2044  |Info:    ------------------------------------------------------
2045  |Info:    ------------------------------------------------------
2045  |Info:    |               Detecting HID devices                |
2045  |Info:    ------------------------------------------------------
2204  |Info:    [Z390 AORUS MASTER-CF] Registering RGB controller
2463  |Info:    [Logitech G915 Wireless RGB Mechanical Gaming Keyboard] Registering RGB controller
2463  |Info:    ------------------------------------------------------
2463  |Info:    |            Detecting libusb HID devices            |
2463  |Info:    ------------------------------------------------------
2480  |Info:    [HyperX Quadcast S] Registering RGB controller
2480  |Info:    ------------------------------------------------------
2480  |Info:    |              Detecting other devices               |
2480  |Info:    ------------------------------------------------------
2486  |Info:    ------------------------------------------------------
2486  |Info:    |                Detection completed                 |
2486  |Info:    ------------------------------------------------------
