    OpenRGB v0.9
    Commit:  from 
    Launched: 20240316_223752
====================================================================================================

20    |Info:    Found file: Nord.orp attempting to validate header
24    |Info:    Valid v4 profile found for Nord
24    |Info:    Found file: Off.orp attempting to validate header
29    |Info:    Valid v4 profile found for Off
29    |Info:    Found file: Dim.orp attempting to validate header
31    |Info:    Valid v4 profile found for Dim
31    |Info:    Found file: Green.orp attempting to validate header
33    |Info:    Valid v4 profile found for Green
33    |Info:    Found file: Snow.orp attempting to validate header
34    |Info:    Valid v4 profile found for Snow
1038  |Info:    ------------------------------------------------------
1038  |Info:    |               Start device detection               |
1038  |Info:    ------------------------------------------------------
1038  |Info:    Initializing HID interfaces: Success
1041  |Info:    ------------------------------------------------------
1041  |Info:    |             Detecting I2C interfaces               |
1041  |Info:    ------------------------------------------------------
1041  |Info:    Registering I2C interface: /dev/i2c-3 Device 10DE:1E07 Subsystem: 1458:37BD
1041  |Info:    Registering I2C interface: /dev/i2c-1 Device 8086:A323 Subsystem: 1458:5001
1041  |Info:    Registering I2C interface: /dev/i2c-8 Device 10DE:1E07 Subsystem: 1458:37BD
1041  |Info:    Registering I2C interface: /dev/i2c-6 Device 10DE:1E07 Subsystem: 1458:37BD
1041  |Info:    Registering I2C interface: /dev/i2c-4 Device 10DE:1E07 Subsystem: 1458:37BD
1041  |Info:    Registering I2C interface: /dev/i2c-2 Device 10DE:1E07 Subsystem: 1458:37BD
1041  |Info:    Registering I2C interface: /dev/i2c-0 Device 10DE:1AD7 Subsystem: 1458:37BD
1041  |Info:    Registering I2C interface: /dev/i2c-7 Device 10DE:1E07 Subsystem: 1458:37BD
1041  |Info:    Registering I2C interface: /dev/i2c-5 Device 10DE:1E07 Subsystem: 1458:37BD
1041  |Info:    ------------------------------------------------------
1041  |Info:    |               Detecting I2C devices                |
1041  |Info:    ------------------------------------------------------
1530  |Info:    [ENE DRAM] Registering RGB controller
1701  |Info:    [ENE DRAM] Registering RGB controller
1872  |Info:    [ENE DRAM] Registering RGB controller
2044  |Info:    [ENE DRAM] Registering RGB controller
2087  |Info:    ------------------------------------------------------
2087  |Info:    |               Detecting I2C PCI devices            |
2087  |Info:    ------------------------------------------------------
2087  |Info:    ------------------------------------------------------
2087  |Info:    |               Detecting HID devices                |
2087  |Info:    ------------------------------------------------------
2246  |Info:    [Z390 AORUS MASTER-CF] Registering RGB controller
2505  |Info:    [Logitech G915 Wireless RGB Mechanical Gaming Keyboard] Registering RGB controller
2505  |Info:    ------------------------------------------------------
2505  |Info:    |            Detecting libusb HID devices            |
2505  |Info:    ------------------------------------------------------
2520  |Info:    [HyperX Quadcast S] Registering RGB controller
2520  |Info:    ------------------------------------------------------
2520  |Info:    |              Detecting other devices               |
2520  |Info:    ------------------------------------------------------
2524  |Info:    ------------------------------------------------------
2524  |Info:    |                Detection completed                 |
2524  |Info:    ------------------------------------------------------
6750  |Info:    Profile loading: Succeeded for ENE DRAM @ I2C: /dev/i2c-1, address 0x72
6750  |Info:    Profile loading: Succeeded for ENE DRAM @ I2C: /dev/i2c-1, address 0x73
6750  |Info:    Profile loading: Succeeded for ENE DRAM @ I2C: /dev/i2c-1, address 0x74
6750  |Info:    Profile loading: Succeeded for ENE DRAM @ I2C: /dev/i2c-1, address 0x75
6750  |Info:    Profile loading: Succeeded for Z390 AORUS MASTER-CF @ HID: /dev/hidraw8
6750  |Info:    Profile loading: Succeeded for Logitech G915 Wireless RGB Mechanical Gaming Keyboard @ 
6750  |Info:    Profile loading: Succeeded for HyperX Quadcast S @ 1-4.4:1.0
