    OpenRGB v0.9
    Commit:  from 
    Launched: 20240313_144537
====================================================================================================

0     |Info:    Found file: Nord.orp attempting to validate header
0     |Info:    Valid v4 profile found for Nord
0     |Info:    Found file: Off.orp attempting to validate header
0     |Info:    Valid v4 profile found for Off
0     |Info:    Found file: Dim.orp attempting to validate header
0     |Info:    Valid v4 profile found for Dim
0     |Info:    Found file: Green.orp attempting to validate header
0     |Info:    Valid v4 profile found for Green
0     |Info:    Found file: Snow.orp attempting to validate header
0     |Info:    Valid v4 profile found for Snow
1002  |Info:    ------------------------------------------------------
1002  |Info:    |               Start device detection               |
1002  |Info:    ------------------------------------------------------
1002  |Info:    Initializing HID interfaces: Success
1008  |Info:    ------------------------------------------------------
1008  |Info:    |             Detecting I2C interfaces               |
1008  |Info:    ------------------------------------------------------
1008  |Info:    Registering I2C interface: /dev/i2c-3 Device 10DE:1E07 Subsystem: 1458:37BD
1008  |Info:    Registering I2C interface: /dev/i2c-1 Device 8086:A323 Subsystem: 1458:5001
1008  |Info:    Registering I2C interface: /dev/i2c-8 Device 10DE:1E07 Subsystem: 1458:37BD
1008  |Info:    Registering I2C interface: /dev/i2c-6 Device 10DE:1E07 Subsystem: 1458:37BD
1008  |Info:    Registering I2C interface: /dev/i2c-4 Device 10DE:1E07 Subsystem: 1458:37BD
1008  |Info:    Registering I2C interface: /dev/i2c-2 Device 10DE:1E07 Subsystem: 1458:37BD
1008  |Info:    Registering I2C interface: /dev/i2c-0 Device 10DE:1AD7 Subsystem: 1458:37BD
1009  |Info:    Registering I2C interface: /dev/i2c-7 Device 10DE:1E07 Subsystem: 1458:37BD
1009  |Info:    Registering I2C interface: /dev/i2c-5 Device 10DE:1E07 Subsystem: 1458:37BD
1009  |Info:    ------------------------------------------------------
1009  |Info:    |               Detecting I2C devices                |
1009  |Info:    ------------------------------------------------------
1501  |Info:    [ENE DRAM] Registering RGB controller
1673  |Info:    [ENE DRAM] Registering RGB controller
1845  |Info:    [ENE DRAM] Registering RGB controller
2016  |Info:    [ENE DRAM] Registering RGB controller
2057  |Info:    ------------------------------------------------------
2057  |Info:    |               Detecting I2C PCI devices            |
2057  |Info:    ------------------------------------------------------
2058  |Info:    ------------------------------------------------------
2058  |Info:    |               Detecting HID devices                |
2058  |Info:    ------------------------------------------------------
2222  |Info:    [Z390 AORUS MASTER-CF] Registering RGB controller
2485  |Info:    [Logitech G915 Wireless RGB Mechanical Gaming Keyboard] Registering RGB controller
2485  |Info:    ------------------------------------------------------
2485  |Info:    |            Detecting libusb HID devices            |
2485  |Info:    ------------------------------------------------------
2499  |Info:    [HyperX Quadcast S] Registering RGB controller
2499  |Info:    ------------------------------------------------------
2499  |Info:    |              Detecting other devices               |
2499  |Info:    ------------------------------------------------------
2503  |Info:    ------------------------------------------------------
2504  |Info:    |                Detection completed                 |
2504  |Info:    ------------------------------------------------------
8588  |Info:    Profile loading: Succeeded for ENE DRAM @ I2C: /dev/i2c-1, address 0x72
8588  |Info:    Profile loading: Succeeded for ENE DRAM @ I2C: /dev/i2c-1, address 0x73
8588  |Info:    Profile loading: Succeeded for ENE DRAM @ I2C: /dev/i2c-1, address 0x74
8588  |Info:    Profile loading: Succeeded for ENE DRAM @ I2C: /dev/i2c-1, address 0x75
8588  |Info:    Profile loading: Succeeded for Z390 AORUS MASTER-CF @ HID: /dev/hidraw9
8588  |Info:    Profile loading: Succeeded for Logitech G915 Wireless RGB Mechanical Gaming Keyboard @ 
8588  |Info:    Profile loading: Succeeded for HyperX Quadcast S @ 1-4.4:1.0
30517 |Info:    Found file: Nord.orp attempting to validate header
30517 |Info:    Valid v4 profile found for Nord
30517 |Info:    Found file: Off.orp attempting to validate header
30517 |Info:    Valid v4 profile found for Off
30517 |Info:    Found file: Dim.orp attempting to validate header
30517 |Info:    Valid v4 profile found for Dim
30517 |Info:    Found file: Green.orp attempting to validate header
30517 |Info:    Valid v4 profile found for Green
30517 |Info:    Found file: Snow.orp attempting to validate header
30517 |Info:    Valid v4 profile found for Snow
76680 |Info:    Profile loading: Succeeded for ENE DRAM @ I2C: /dev/i2c-1, address 0x72
76680 |Info:    Profile loading: Succeeded for ENE DRAM @ I2C: /dev/i2c-1, address 0x73
76680 |Info:    Profile loading: Succeeded for ENE DRAM @ I2C: /dev/i2c-1, address 0x74
76680 |Info:    Profile loading: Succeeded for ENE DRAM @ I2C: /dev/i2c-1, address 0x75
76680 |Info:    Profile loading: Succeeded for Z390 AORUS MASTER-CF @ HID: /dev/hidraw9
76680 |Info:    Profile loading: Succeeded for Logitech G915 Wireless RGB Mechanical Gaming Keyboard @ 
76680 |Info:    Profile loading: Succeeded for HyperX Quadcast S @ 1-4.4:1.0
92480 |Info:    Found file: Nord.orp attempting to validate header
92480 |Info:    Valid v4 profile found for Nord
92480 |Info:    Found file: Off.orp attempting to validate header
92480 |Info:    Valid v4 profile found for Off
92480 |Info:    Found file: Dim.orp attempting to validate header
92480 |Info:    Valid v4 profile found for Dim
92480 |Info:    Found file: Green.orp attempting to validate header
92480 |Info:    Valid v4 profile found for Green
92480 |Info:    Found file: Snow.orp attempting to validate header
92480 |Info:    Valid v4 profile found for Snow
95004 |Info:    Found file: Nord.orp attempting to validate header
95004 |Info:    Valid v4 profile found for Nord
95004 |Info:    Found file: Off.orp attempting to validate header
95004 |Info:    Valid v4 profile found for Off
95004 |Info:    Found file: Dim.orp attempting to validate header
95004 |Info:    Valid v4 profile found for Dim
95004 |Info:    Found file: Green.orp attempting to validate header
95004 |Info:    Valid v4 profile found for Green
95004 |Info:    Found file: Snow.orp attempting to validate header
95004 |Info:    Valid v4 profile found for Snow
95197 |Info:    Found file: Nord.orp attempting to validate header
95197 |Info:    Valid v4 profile found for Nord
95197 |Info:    Found file: Off.orp attempting to validate header
95197 |Info:    Valid v4 profile found for Off
95197 |Info:    Found file: Dim.orp attempting to validate header
95197 |Info:    Valid v4 profile found for Dim
95197 |Info:    Found file: Green.orp attempting to validate header
95197 |Info:    Valid v4 profile found for Green
95197 |Info:    Found file: Snow.orp attempting to validate header
95197 |Info:    Valid v4 profile found for Snow
186462|Info:    Profile loading: Succeeded for ENE DRAM @ I2C: /dev/i2c-1, address 0x72
186462|Info:    Profile loading: Succeeded for ENE DRAM @ I2C: /dev/i2c-1, address 0x73
186462|Info:    Profile loading: Succeeded for ENE DRAM @ I2C: /dev/i2c-1, address 0x74
186462|Info:    Profile loading: Succeeded for ENE DRAM @ I2C: /dev/i2c-1, address 0x75
186462|Info:    Profile loading: Succeeded for Z390 AORUS MASTER-CF @ HID: /dev/hidraw9
186462|Info:    Profile loading: Succeeded for Logitech G915 Wireless RGB Mechanical Gaming Keyboard @ 
186462|Info:    Profile loading: Succeeded for HyperX Quadcast S @ 1-4.4:1.0
206619|Info:    Found file: Nord.orp attempting to validate header
206619|Info:    Valid v4 profile found for Nord
206619|Info:    Found file: Off.orp attempting to validate header
206619|Info:    Valid v4 profile found for Off
206619|Info:    Found file: Dim.orp attempting to validate header
206619|Info:    Valid v4 profile found for Dim
206619|Info:    Found file: Green.orp attempting to validate header
206619|Info:    Valid v4 profile found for Green
206619|Info:    Found file: Snow.orp attempting to validate header
206619|Info:    Valid v4 profile found for Snow
207211|Info:    Found file: Nord.orp attempting to validate header
207211|Info:    Valid v4 profile found for Nord
207211|Info:    Found file: Off.orp attempting to validate header
207211|Info:    Valid v4 profile found for Off
207211|Info:    Found file: Dim.orp attempting to validate header
207211|Info:    Valid v4 profile found for Dim
207211|Info:    Found file: Green.orp attempting to validate header
207211|Info:    Valid v4 profile found for Green
207211|Info:    Found file: Snow.orp attempting to validate header
207211|Info:    Valid v4 profile found for Snow
207371|Info:    Found file: Nord.orp attempting to validate header
207371|Info:    Valid v4 profile found for Nord
207371|Info:    Found file: Off.orp attempting to validate header
207371|Info:    Valid v4 profile found for Off
207371|Info:    Found file: Dim.orp attempting to validate header
207371|Info:    Valid v4 profile found for Dim
207371|Info:    Found file: Green.orp attempting to validate header
207371|Info:    Valid v4 profile found for Green
207371|Info:    Found file: Snow.orp attempting to validate header
207371|Info:    Valid v4 profile found for Snow
