    OpenRGB v0.9
    Commit:  from 
    Launched: 20240519_074922
====================================================================================================

0     |Info:    Found file: Off.orp attempting to validate header
0     |Info:    Valid v4 profile found for Off
0     |Info:    Found file: Snow.orp attempting to validate header
1     |Info:    Valid v4 profile found for Snow
1008  |Info:    ------------------------------------------------------
1008  |Info:    |               Start device detection               |
1008  |Info:    ------------------------------------------------------
1008  |Info:    Initializing HID interfaces: Success
1012  |Info:    ------------------------------------------------------
1012  |Info:    |             Detecting I2C interfaces               |
1012  |Info:    ------------------------------------------------------
1012  |Info:    Registering I2C interface: /dev/i2c-3 Device 10DE:1E07 Subsystem: 1458:37BD
1012  |Info:    Registering I2C interface: /dev/i2c-1 Device 10DE:1E07 Subsystem: 1458:37BD
1012  |Info:    Registering I2C interface: /dev/i2c-8 Device 8086:A323 Subsystem: 1458:5001
1012  |Info:    Registering I2C interface: /dev/i2c-6 Device 10DE:1E07 Subsystem: 1458:37BD
1012  |Info:    Registering I2C interface: /dev/i2c-4 Device 10DE:1E07 Subsystem: 1458:37BD
1013  |Info:    Registering I2C interface: /dev/i2c-2 Device 10DE:1E07 Subsystem: 1458:37BD
1013  |Info:    Registering I2C interface: /dev/i2c-0 Device 10DE:1E07 Subsystem: 1458:37BD
1013  |Info:    Registering I2C interface: /dev/i2c-7 Device 10DE:1AD7 Subsystem: 1458:37BD
1013  |Info:    Registering I2C interface: /dev/i2c-5 Device 10DE:1E07 Subsystem: 1458:37BD
1013  |Info:    ------------------------------------------------------
1013  |Info:    |               Detecting I2C devices                |
1013  |Info:    ------------------------------------------------------
1202  |Info:    [ENE DRAM] Registering RGB controller
1367  |Info:    [ENE DRAM] Registering RGB controller
1536  |Info:    [ENE DRAM] Registering RGB controller
1708  |Info:    [ENE DRAM] Registering RGB controller
2053  |Info:    ------------------------------------------------------
2053  |Info:    |               Detecting I2C PCI devices            |
2053  |Info:    ------------------------------------------------------
2054  |Info:    ------------------------------------------------------
2054  |Info:    |               Detecting HID devices                |
2054  |Info:    ------------------------------------------------------
2217  |Info:    [Z390 AORUS MASTER-CF] Registering RGB controller
2480  |Info:    [Logitech G915 Wireless RGB Mechanical Gaming Keyboard] Registering RGB controller
2480  |Info:    ------------------------------------------------------
2480  |Info:    |            Detecting libusb HID devices            |
2480  |Info:    ------------------------------------------------------
2495  |Info:    [HyperX Quadcast S] Registering RGB controller
2495  |Info:    ------------------------------------------------------
2495  |Info:    |              Detecting other devices               |
2495  |Info:    ------------------------------------------------------
2502  |Info:    ------------------------------------------------------
2502  |Info:    |                Detection completed                 |
2502  |Info:    ------------------------------------------------------
5880  |Info:    Profile loading: Succeeded for ENE DRAM @ I2C: /dev/i2c-8, address 0x72
5880  |Info:    Profile loading: Succeeded for ENE DRAM @ I2C: /dev/i2c-8, address 0x73
5880  |Info:    Profile loading: Succeeded for ENE DRAM @ I2C: /dev/i2c-8, address 0x74
5880  |Info:    Profile loading: Succeeded for ENE DRAM @ I2C: /dev/i2c-8, address 0x75
5880  |Info:    Profile loading: Succeeded for Z390 AORUS MASTER-CF @ HID: /dev/hidraw6
5880  |Info:    Profile loading: Succeeded for Logitech G915 Wireless RGB Mechanical Gaming Keyboard @ 
5880  |Info:    Profile loading: Succeeded for HyperX Quadcast S @ 1-11.4.4:1.0
