    OpenRGB v0.9
    Commit:  from 
    Launched: 20240330_163638
====================================================================================================

0     |Info:    Found file: Nord.orp attempting to validate header
0     |Info:    Valid v4 profile found for Nord
0     |Info:    Found file: Off.orp attempting to validate header
0     |Info:    Valid v4 profile found for Off
0     |Info:    Found file: Dim.orp attempting to validate header
0     |Info:    Valid v4 profile found for Dim
0     |Info:    Found file: Green.orp attempting to validate header
0     |Info:    Valid v4 profile found for Green
0     |Info:    Found file: Snow.orp attempting to validate header
0     |Info:    Valid v4 profile found for Snow
1001  |Info:    ------------------------------------------------------
1001  |Info:    |               Start device detection               |
1001  |Info:    ------------------------------------------------------
1002  |Info:    Initializing HID interfaces: Success
1005  |Info:    ------------------------------------------------------
1005  |Info:    |             Detecting I2C interfaces               |
1005  |Info:    ------------------------------------------------------
1005  |Info:    Registering I2C interface: /dev/i2c-3 Device 10DE:1E07 Subsystem: 1458:37BD
1005  |Info:    Registering I2C interface: /dev/i2c-1 Device 8086:A323 Subsystem: 1458:5001
1005  |Info:    Registering I2C interface: /dev/i2c-8 Device 10DE:1E07 Subsystem: 1458:37BD
1005  |Info:    Registering I2C interface: /dev/i2c-6 Device 10DE:1E07 Subsystem: 1458:37BD
1005  |Info:    Registering I2C interface: /dev/i2c-4 Device 10DE:1E07 Subsystem: 1458:37BD
1005  |Info:    Registering I2C interface: /dev/i2c-2 Device 10DE:1E07 Subsystem: 1458:37BD
1005  |Info:    Registering I2C interface: /dev/i2c-0 Device 10DE:1AD7 Subsystem: 1458:37BD
1005  |Info:    Registering I2C interface: /dev/i2c-7 Device 10DE:1E07 Subsystem: 1458:37BD
1005  |Info:    Registering I2C interface: /dev/i2c-5 Device 10DE:1E07 Subsystem: 1458:37BD
1005  |Info:    ------------------------------------------------------
1005  |Info:    |               Detecting I2C devices                |
1005  |Info:    ------------------------------------------------------
1505  |Info:    [ENE DRAM] Registering RGB controller
1680  |Info:    [ENE DRAM] Registering RGB controller
1856  |Info:    [ENE DRAM] Registering RGB controller
2030  |Info:    [ENE DRAM] Registering RGB controller
2073  |Info:    ------------------------------------------------------
2073  |Info:    |               Detecting I2C PCI devices            |
2073  |Info:    ------------------------------------------------------
2074  |Info:    ------------------------------------------------------
2074  |Info:    |               Detecting HID devices                |
2074  |Info:    ------------------------------------------------------
2237  |Info:    [Z390 AORUS MASTER-CF] Registering RGB controller
2497  |Info:    [Logitech G915 Wireless RGB Mechanical Gaming Keyboard] Registering RGB controller
2497  |Info:    ------------------------------------------------------
2497  |Info:    |            Detecting libusb HID devices            |
2497  |Info:    ------------------------------------------------------
2512  |Info:    [HyperX Quadcast S] Registering RGB controller
2512  |Info:    ------------------------------------------------------
2512  |Info:    |              Detecting other devices               |
2512  |Info:    ------------------------------------------------------
2517  |Info:    ------------------------------------------------------
2517  |Info:    |                Detection completed                 |
2517  |Info:    ------------------------------------------------------
18558 |Info:    Profile loading: Succeeded for ENE DRAM @ I2C: /dev/i2c-1, address 0x72
18558 |Info:    Profile loading: Succeeded for ENE DRAM @ I2C: /dev/i2c-1, address 0x73
18558 |Info:    Profile loading: Succeeded for ENE DRAM @ I2C: /dev/i2c-1, address 0x74
18558 |Info:    Profile loading: Succeeded for ENE DRAM @ I2C: /dev/i2c-1, address 0x75
18558 |Info:    Profile loading: Succeeded for Z390 AORUS MASTER-CF @ HID: /dev/hidraw8
18558 |Info:    Profile loading: Succeeded for Logitech G915 Wireless RGB Mechanical Gaming Keyboard @ 
18558 |Info:    Profile loading: Succeeded for HyperX Quadcast S @ 1-4.4:1.0
3749791|Info:    Profile loading: FAILED! for ENE DRAM @ I2C: /dev/i2c-1, address 0x72
3749791|Info:    Profile loading: FAILED! for ENE DRAM @ I2C: /dev/i2c-1, address 0x73
3749791|Info:    Profile loading: FAILED! for ENE DRAM @ I2C: /dev/i2c-1, address 0x74
3749791|Info:    Profile loading: FAILED! for ENE DRAM @ I2C: /dev/i2c-1, address 0x75
3749791|Info:    Profile loading: Succeeded for Z390 AORUS MASTER-CF @ HID: /dev/hidraw8
3749791|Info:    Profile loading: Succeeded for Logitech G915 Wireless RGB Mechanical Gaming Keyboard @ 
3749791|Info:    Profile loading: FAILED! for HyperX Quadcast S @ 1-4.4:1.0
3751225|Info:    Profile loading: FAILED! for ENE DRAM @ I2C: /dev/i2c-1, address 0x72
3751225|Info:    Profile loading: FAILED! for ENE DRAM @ I2C: /dev/i2c-1, address 0x73
3751225|Info:    Profile loading: FAILED! for ENE DRAM @ I2C: /dev/i2c-1, address 0x74
3751225|Info:    Profile loading: FAILED! for ENE DRAM @ I2C: /dev/i2c-1, address 0x75
3751225|Info:    Profile loading: Succeeded for Z390 AORUS MASTER-CF @ HID: /dev/hidraw8
3751225|Info:    Profile loading: Succeeded for Logitech G915 Wireless RGB Mechanical Gaming Keyboard @ 
3751225|Info:    Profile loading: FAILED! for HyperX Quadcast S @ 1-4.4:1.0
3758320|Info:    Profile loading: FAILED! for ENE DRAM @ I2C: /dev/i2c-1, address 0x72
3758320|Info:    Profile loading: FAILED! for ENE DRAM @ I2C: /dev/i2c-1, address 0x73
3758320|Info:    Profile loading: FAILED! for ENE DRAM @ I2C: /dev/i2c-1, address 0x74
3758320|Info:    Profile loading: FAILED! for ENE DRAM @ I2C: /dev/i2c-1, address 0x75
3758320|Info:    Profile loading: Succeeded for Z390 AORUS MASTER-CF @ HID: /dev/hidraw8
3758320|Info:    Profile loading: Succeeded for Logitech G915 Wireless RGB Mechanical Gaming Keyboard @ 
3758320|Info:    Profile loading: FAILED! for HyperX Quadcast S @ 1-4.4:1.0
3762871|Info:    Profile loading: Succeeded for ENE DRAM @ I2C: /dev/i2c-1, address 0x72
3762871|Info:    Profile loading: Succeeded for ENE DRAM @ I2C: /dev/i2c-1, address 0x73
3762871|Info:    Profile loading: Succeeded for ENE DRAM @ I2C: /dev/i2c-1, address 0x74
3762871|Info:    Profile loading: Succeeded for ENE DRAM @ I2C: /dev/i2c-1, address 0x75
3762871|Info:    Profile loading: Succeeded for Z390 AORUS MASTER-CF @ HID: /dev/hidraw8
3762871|Info:    Profile loading: Succeeded for Logitech G915 Wireless RGB Mechanical Gaming Keyboard @ 
3762871|Info:    Profile loading: Succeeded for HyperX Quadcast S @ 1-4.4:1.0
