    OpenRGB v0.9
    Commit:  from 
    Launched: 20240112_191304
====================================================================================================

0     |Info:    Found file: Nord.orp attempting to validate header
0     |Info:    Valid v4 profile found for Nord
1001  |Info:    ------------------------------------------------------
1001  |Info:    |               Start device detection               |
1001  |Info:    ------------------------------------------------------
1001  |Info:    Initializing HID interfaces: Success
1004  |Info:    ------------------------------------------------------
1004  |Info:    |             Detecting I2C interfaces               |
1004  |Info:    ------------------------------------------------------
1005  |Info:    Registering I2C interface: /dev/i2c-3 Device 10DE:1E07 Subsystem: 1458:37BD
1005  |Info:    Registering I2C interface: /dev/i2c-1 Device 8086:A323 Subsystem: 1458:5001
1005  |Info:    Registering I2C interface: /dev/i2c-8 Device 10DE:1E07 Subsystem: 1458:37BD
1005  |Info:    Registering I2C interface: /dev/i2c-6 Device 10DE:1E07 Subsystem: 1458:37BD
1005  |Info:    Registering I2C interface: /dev/i2c-4 Device 10DE:1E07 Subsystem: 1458:37BD
1005  |Info:    Registering I2C interface: /dev/i2c-2 Device 10DE:1E07 Subsystem: 1458:37BD
1005  |Info:    Registering I2C interface: /dev/i2c-0 Device 10DE:1AD7 Subsystem: 1458:37BD
1005  |Info:    Registering I2C interface: /dev/i2c-7 Device 10DE:1E07 Subsystem: 1458:37BD
1005  |Info:    Registering I2C interface: /dev/i2c-5 Device 10DE:1E07 Subsystem: 1458:37BD
1005  |Info:    ------------------------------------------------------
1005  |Info:    |               Detecting I2C devices                |
1005  |Info:    ------------------------------------------------------
1672  |Info:    [ENE DRAM] Registering RGB controller
1854  |Info:    [ENE DRAM] Registering RGB controller
2022  |Info:    [ENE DRAM] Registering RGB controller
2188  |Info:    [ENE DRAM] Registering RGB controller
2191  |Info:    ------------------------------------------------------
2191  |Info:    |               Detecting I2C PCI devices            |
2191  |Info:    ------------------------------------------------------
2191  |Info:    ------------------------------------------------------
2191  |Info:    |               Detecting HID devices                |
2191  |Info:    ------------------------------------------------------
2353  |Info:    [Z390 AORUS MASTER-CF] Registering RGB controller
2612  |Info:    [Logitech G915 Wireless RGB Mechanical Gaming Keyboard] Registering RGB controller
2612  |Info:    ------------------------------------------------------
2612  |Info:    |            Detecting libusb HID devices            |
2612  |Info:    ------------------------------------------------------
2622  |Info:    [HyperX Quadcast S] Registering RGB controller
2622  |Info:    ------------------------------------------------------
2622  |Info:    |              Detecting other devices               |
2622  |Info:    ------------------------------------------------------
2622  |Info:    ------------------------------------------------------
2622  |Info:    |                Detection completed                 |
2622  |Info:    ------------------------------------------------------
675278|Info:    Found file: Nord.orp attempting to validate header
675278|Info:    Valid v4 profile found for Nord
