    OpenRGB v0.9
    Commit:  from 
    Launched: 20240619_190828
====================================================================================================

0     |Info:    Found file: Off.orp attempting to validate header
1     |Info:    Valid v4 profile found for Off
1     |Info:    Found file: Snow.orp attempting to validate header
1     |Info:    Valid v4 profile found for Snow
1007  |Info:    ------------------------------------------------------
1007  |Info:    |               Start device detection               |
1007  |Info:    ------------------------------------------------------
1007  |Info:    Initializing HID interfaces: Success
1012  |Info:    ------------------------------------------------------
1012  |Info:    |             Detecting I2C interfaces               |
1012  |Info:    ------------------------------------------------------
1012  |Info:    Registering I2C interface: /dev/i2c-3 Device 10DE:1E07 Subsystem: 1458:37BD
1012  |Info:    Registering I2C interface: /dev/i2c-1 Device 10DE:1E07 Subsystem: 1458:37BD
1012  |Info:    Registering I2C interface: /dev/i2c-8 Device 8086:A323 Subsystem: 1458:5001
1012  |Info:    Registering I2C interface: /dev/i2c-6 Device 10DE:1E07 Subsystem: 1458:37BD
1013  |Info:    Registering I2C interface: /dev/i2c-4 Device 10DE:1E07 Subsystem: 1458:37BD
1013  |Info:    Registering I2C interface: /dev/i2c-2 Device 10DE:1E07 Subsystem: 1458:37BD
1013  |Info:    Registering I2C interface: /dev/i2c-0 Device 10DE:1E07 Subsystem: 1458:37BD
1013  |Info:    Registering I2C interface: /dev/i2c-7 Device 10DE:1AD7 Subsystem: 1458:37BD
1013  |Info:    Registering I2C interface: /dev/i2c-5 Device 10DE:1E07 Subsystem: 1458:37BD
1013  |Info:    ------------------------------------------------------
1013  |Info:    |               Detecting I2C devices                |
1013  |Info:    ------------------------------------------------------
1274  |Info:    [ENE DRAM] Registering RGB controller
1441  |Info:    [ENE DRAM] Registering RGB controller
1608  |Info:    [ENE DRAM] Registering RGB controller
1777  |Info:    [ENE DRAM] Registering RGB controller
2122  |Info:    ------------------------------------------------------
2122  |Info:    |               Detecting I2C PCI devices            |
2122  |Info:    ------------------------------------------------------
2123  |Info:    ------------------------------------------------------
2123  |Info:    |               Detecting HID devices                |
2123  |Info:    ------------------------------------------------------
2280  |Info:    [Z390 AORUS MASTER-CF] Registering RGB controller
2539  |Info:    [Logitech G915 Wireless RGB Mechanical Gaming Keyboard] Registering RGB controller
2539  |Info:    ------------------------------------------------------
2539  |Info:    |            Detecting libusb HID devices            |
2539  |Info:    ------------------------------------------------------
2557  |Info:    [HyperX Quadcast S] Registering RGB controller
2557  |Info:    ------------------------------------------------------
2557  |Info:    |              Detecting other devices               |
2557  |Info:    ------------------------------------------------------
2564  |Info:    ------------------------------------------------------
2564  |Info:    |                Detection completed                 |
2564  |Info:    ------------------------------------------------------
17111 |Info:    Profile loading: Succeeded for ENE DRAM @ I2C: /dev/i2c-8, address 0x72
17111 |Info:    Profile loading: Succeeded for ENE DRAM @ I2C: /dev/i2c-8, address 0x73
17111 |Info:    Profile loading: Succeeded for ENE DRAM @ I2C: /dev/i2c-8, address 0x74
17111 |Info:    Profile loading: Succeeded for ENE DRAM @ I2C: /dev/i2c-8, address 0x75
17111 |Info:    Profile loading: Succeeded for Z390 AORUS MASTER-CF @ HID: /dev/hidraw6
17111 |Info:    Profile loading: Succeeded for Logitech G915 Wireless RGB Mechanical Gaming Keyboard @ 
17111 |Info:    Profile loading: Succeeded for HyperX Quadcast S @ 1-11.4.4:1.0
