    OpenRGB v0.9
    Commit:  from 
    Launched: 20240513_221532
====================================================================================================

1     |Info:    Found file: Off.orp attempting to validate header
1     |Info:    Valid v4 profile found for Off
1     |Info:    Found file: Snow.orp attempting to validate header
1     |Info:    Valid v4 profile found for Snow
1009  |Info:    ------------------------------------------------------
1009  |Info:    |               Start device detection               |
1009  |Info:    ------------------------------------------------------
1009  |Info:    Initializing HID interfaces: Success
1014  |Info:    ------------------------------------------------------
1014  |Info:    |             Detecting I2C interfaces               |
1014  |Info:    ------------------------------------------------------
1014  |Info:    Registering I2C interface: /dev/i2c-3 Device 10DE:1E07 Subsystem: 1458:37BD
1014  |Info:    Registering I2C interface: /dev/i2c-1 Device 10DE:1E07 Subsystem: 1458:37BD
1014  |Info:    Registering I2C interface: /dev/i2c-8 Device 8086:A323 Subsystem: 1458:5001
1014  |Info:    Registering I2C interface: /dev/i2c-6 Device 10DE:1E07 Subsystem: 1458:37BD
1014  |Info:    Registering I2C interface: /dev/i2c-4 Device 10DE:1E07 Subsystem: 1458:37BD
1014  |Info:    Registering I2C interface: /dev/i2c-2 Device 10DE:1E07 Subsystem: 1458:37BD
1014  |Info:    Registering I2C interface: /dev/i2c-0 Device 10DE:1E07 Subsystem: 1458:37BD
1014  |Info:    Registering I2C interface: /dev/i2c-7 Device 10DE:1AD7 Subsystem: 1458:37BD
1014  |Info:    Registering I2C interface: /dev/i2c-5 Device 10DE:1E07 Subsystem: 1458:37BD
1014  |Info:    ------------------------------------------------------
1014  |Info:    |               Detecting I2C devices                |
1014  |Info:    ------------------------------------------------------
1259  |Info:    [ENE DRAM] Registering RGB controller
1429  |Info:    [ENE DRAM] Registering RGB controller
1600  |Info:    [ENE DRAM] Registering RGB controller
1769  |Info:    [ENE DRAM] Registering RGB controller
2113  |Info:    ------------------------------------------------------
2113  |Info:    |               Detecting I2C PCI devices            |
2113  |Info:    ------------------------------------------------------
2114  |Info:    ------------------------------------------------------
2114  |Info:    |               Detecting HID devices                |
2114  |Info:    ------------------------------------------------------
2273  |Info:    [Z390 AORUS MASTER-CF] Registering RGB controller
2536  |Info:    [Logitech G915 Wireless RGB Mechanical Gaming Keyboard] Registering RGB controller
2536  |Info:    ------------------------------------------------------
2536  |Info:    |            Detecting libusb HID devices            |
2536  |Info:    ------------------------------------------------------
2549  |Info:    [HyperX Quadcast S] Registering RGB controller
2549  |Info:    ------------------------------------------------------
2549  |Info:    |              Detecting other devices               |
2549  |Info:    ------------------------------------------------------
2554  |Info:    ------------------------------------------------------
2554  |Info:    |                Detection completed                 |
2554  |Info:    ------------------------------------------------------
8524  |Info:    Profile loading: Succeeded for ENE DRAM @ I2C: /dev/i2c-8, address 0x72
8524  |Info:    Profile loading: Succeeded for ENE DRAM @ I2C: /dev/i2c-8, address 0x73
8524  |Info:    Profile loading: Succeeded for ENE DRAM @ I2C: /dev/i2c-8, address 0x74
8524  |Info:    Profile loading: Succeeded for ENE DRAM @ I2C: /dev/i2c-8, address 0x75
8524  |Info:    Profile loading: Succeeded for Z390 AORUS MASTER-CF @ HID: /dev/hidraw6
8524  |Info:    Profile loading: Succeeded for Logitech G915 Wireless RGB Mechanical Gaming Keyboard @ 
8524  |Info:    Profile loading: Succeeded for HyperX Quadcast S @ 1-11.4.4:1.0
