    OpenRGB v0.9
    Commit:  from 
    Launched: 20240419_094216
====================================================================================================

0     |Info:    Found file: Nord.orp attempting to validate header
1     |Info:    Valid v4 profile found for Nord
1     |Info:    Found file: Off.orp attempting to validate header
5     |Info:    Valid v4 profile found for Off
5     |Info:    Found file: Dim.orp attempting to validate header
7     |Info:    Valid v4 profile found for Dim
7     |Info:    Found file: Green.orp attempting to validate header
10    |Info:    Valid v4 profile found for Green
10    |Info:    Found file: Snow.orp attempting to validate header
12    |Info:    Valid v4 profile found for Snow
1015  |Info:    ------------------------------------------------------
1015  |Info:    |               Start device detection               |
1015  |Info:    ------------------------------------------------------
1015  |Info:    Initializing HID interfaces: Success
1018  |Info:    ------------------------------------------------------
1018  |Info:    |             Detecting I2C interfaces               |
1018  |Info:    ------------------------------------------------------
1018  |Info:    Registering I2C interface: /dev/i2c-3 Device 10DE:1E07 Subsystem: 1458:37BD
1019  |Info:    Registering I2C interface: /dev/i2c-1 Device 8086:A323 Subsystem: 1458:5001
1019  |Info:    Registering I2C interface: /dev/i2c-8 Device 10DE:1E07 Subsystem: 1458:37BD
1019  |Info:    Registering I2C interface: /dev/i2c-6 Device 10DE:1E07 Subsystem: 1458:37BD
1019  |Info:    Registering I2C interface: /dev/i2c-4 Device 10DE:1E07 Subsystem: 1458:37BD
1019  |Info:    Registering I2C interface: /dev/i2c-2 Device 10DE:1E07 Subsystem: 1458:37BD
1019  |Info:    Registering I2C interface: /dev/i2c-0 Device 10DE:1AD7 Subsystem: 1458:37BD
1019  |Info:    Registering I2C interface: /dev/i2c-7 Device 10DE:1E07 Subsystem: 1458:37BD
1019  |Info:    Registering I2C interface: /dev/i2c-5 Device 10DE:1E07 Subsystem: 1458:37BD
1019  |Info:    ------------------------------------------------------
1019  |Info:    |               Detecting I2C devices                |
1019  |Info:    ------------------------------------------------------
1521  |Info:    [ENE DRAM] Registering RGB controller
1689  |Info:    [ENE DRAM] Registering RGB controller
1859  |Info:    [ENE DRAM] Registering RGB controller
2036  |Info:    [ENE DRAM] Registering RGB controller
2080  |Info:    ------------------------------------------------------
2080  |Info:    |               Detecting I2C PCI devices            |
2080  |Info:    ------------------------------------------------------
2081  |Info:    ------------------------------------------------------
2081  |Info:    |               Detecting HID devices                |
2081  |Info:    ------------------------------------------------------
2245  |Info:    [Z390 AORUS MASTER-CF] Registering RGB controller
2511  |Info:    [Logitech G915 Wireless RGB Mechanical Gaming Keyboard] Registering RGB controller
2511  |Info:    ------------------------------------------------------
2511  |Info:    |            Detecting libusb HID devices            |
2511  |Info:    ------------------------------------------------------
2525  |Info:    [HyperX Quadcast S] Registering RGB controller
2525  |Info:    ------------------------------------------------------
2525  |Info:    |              Detecting other devices               |
2525  |Info:    ------------------------------------------------------
2530  |Info:    ------------------------------------------------------
2530  |Info:    |                Detection completed                 |
2530  |Info:    ------------------------------------------------------
34320 |Info:    Profile loading: Succeeded for ENE DRAM @ I2C: /dev/i2c-1, address 0x72
34320 |Info:    Profile loading: Succeeded for ENE DRAM @ I2C: /dev/i2c-1, address 0x73
34320 |Info:    Profile loading: Succeeded for ENE DRAM @ I2C: /dev/i2c-1, address 0x74
34320 |Info:    Profile loading: Succeeded for ENE DRAM @ I2C: /dev/i2c-1, address 0x75
34320 |Info:    Profile loading: Succeeded for Z390 AORUS MASTER-CF @ HID: /dev/hidraw8
34320 |Info:    Profile loading: Succeeded for Logitech G915 Wireless RGB Mechanical Gaming Keyboard @ 
34320 |Info:    Profile loading: Succeeded for HyperX Quadcast S @ 1-4.4:1.0
