    OpenRGB v0.9
    Commit:  from 
    Launched: 20240225_004513
====================================================================================================

26    |Info:    Found file: Nord.orp attempting to validate header
26    |Info:    Valid v4 profile found for Nord
26    |Info:    Found file: Off.orp attempting to validate header
26    |Info:    Valid v4 profile found for Off
26    |Info:    Found file: Dim.orp attempting to validate header
27    |Info:    Valid v4 profile found for Dim
27    |Info:    Found file: Green.orp attempting to validate header
28    |Info:    Valid v4 profile found for Green
28    |Info:    Found file: Snow.orp attempting to validate header
29    |Info:    Valid v4 profile found for Snow
1033  |Info:    ------------------------------------------------------
1033  |Info:    |               Start device detection               |
1033  |Info:    ------------------------------------------------------
1033  |Info:    Initializing HID interfaces: Success
1036  |Info:    ------------------------------------------------------
1036  |Info:    |             Detecting I2C interfaces               |
1036  |Info:    ------------------------------------------------------
1038  |Info:    Registering I2C interface: /dev/i2c-3 Device 10DE:1E07 Subsystem: 1458:37BD
1038  |Info:    Registering I2C interface: /dev/i2c-1 Device 8086:A323 Subsystem: 1458:5001
1038  |Info:    Registering I2C interface: /dev/i2c-8 Device 10DE:1E07 Subsystem: 1458:37BD
1038  |Info:    Registering I2C interface: /dev/i2c-6 Device 10DE:1E07 Subsystem: 1458:37BD
1038  |Info:    Registering I2C interface: /dev/i2c-4 Device 10DE:1E07 Subsystem: 1458:37BD
1038  |Info:    Registering I2C interface: /dev/i2c-2 Device 10DE:1E07 Subsystem: 1458:37BD
1038  |Info:    Registering I2C interface: /dev/i2c-0 Device 10DE:1AD7 Subsystem: 1458:37BD
1038  |Info:    Registering I2C interface: /dev/i2c-7 Device 10DE:1E07 Subsystem: 1458:37BD
1038  |Info:    Registering I2C interface: /dev/i2c-5 Device 10DE:1E07 Subsystem: 1458:37BD
1038  |Info:    ------------------------------------------------------
1038  |Info:    |               Detecting I2C devices                |
1038  |Info:    ------------------------------------------------------
1523  |Info:    [ENE DRAM] Registering RGB controller
1693  |Info:    [ENE DRAM] Registering RGB controller
1857  |Info:    [ENE DRAM] Registering RGB controller
2021  |Info:    [ENE DRAM] Registering RGB controller
2062  |Info:    ------------------------------------------------------
2062  |Info:    |               Detecting I2C PCI devices            |
2062  |Info:    ------------------------------------------------------
2062  |Info:    ------------------------------------------------------
2062  |Info:    |               Detecting HID devices                |
2062  |Info:    ------------------------------------------------------
2221  |Info:    [Z390 AORUS MASTER-CF] Registering RGB controller
2484  |Info:    [Logitech G915 Wireless RGB Mechanical Gaming Keyboard] Registering RGB controller
2484  |Info:    ------------------------------------------------------
2484  |Info:    |            Detecting libusb HID devices            |
2484  |Info:    ------------------------------------------------------
2499  |Info:    [HyperX Quadcast S] Registering RGB controller
2499  |Info:    ------------------------------------------------------
2499  |Info:    |              Detecting other devices               |
2499  |Info:    ------------------------------------------------------
2504  |Info:    ------------------------------------------------------
2504  |Info:    |                Detection completed                 |
2504  |Info:    ------------------------------------------------------
12574 |Info:    Profile loading: Succeeded for ENE DRAM @ I2C: /dev/i2c-1, address 0x72
12574 |Info:    Profile loading: Succeeded for ENE DRAM @ I2C: /dev/i2c-1, address 0x73
12574 |Info:    Profile loading: Succeeded for ENE DRAM @ I2C: /dev/i2c-1, address 0x74
12574 |Info:    Profile loading: Succeeded for ENE DRAM @ I2C: /dev/i2c-1, address 0x75
12574 |Info:    Profile loading: Succeeded for Z390 AORUS MASTER-CF @ HID: /dev/hidraw5
12574 |Info:    Profile loading: Succeeded for Logitech G915 Wireless RGB Mechanical Gaming Keyboard @ 
12574 |Info:    Profile loading: FAILED! for HyperX Quadcast S @ 1-4.4:1.0
