    OpenRGB v0.9
    Commit:  from 
    Launched: 20240303_091829
====================================================================================================

17    |Info:    Found file: Nord.orp attempting to validate header
18    |Info:    Valid v4 profile found for Nord
18    |Info:    Found file: Off.orp attempting to validate header
20    |Info:    Valid v4 profile found for Off
20    |Info:    Found file: Dim.orp attempting to validate header
20    |Info:    Valid v4 profile found for Dim
20    |Info:    Found file: Green.orp attempting to validate header
22    |Info:    Valid v4 profile found for Green
22    |Info:    Found file: Snow.orp attempting to validate header
22    |Info:    Valid v4 profile found for Snow
1025  |Info:    ------------------------------------------------------
1025  |Info:    |               Start device detection               |
1025  |Info:    ------------------------------------------------------
1025  |Info:    Initializing HID interfaces: Success
1028  |Info:    ------------------------------------------------------
1029  |Info:    |             Detecting I2C interfaces               |
1029  |Info:    ------------------------------------------------------
1029  |Info:    Registering I2C interface: /dev/i2c-3 Device 10DE:1E07 Subsystem: 1458:37BD
1029  |Info:    Registering I2C interface: /dev/i2c-1 Device 8086:A323 Subsystem: 1458:5001
1029  |Info:    Registering I2C interface: /dev/i2c-8 Device 10DE:1E07 Subsystem: 1458:37BD
1029  |Info:    Registering I2C interface: /dev/i2c-6 Device 10DE:1E07 Subsystem: 1458:37BD
1029  |Info:    Registering I2C interface: /dev/i2c-4 Device 10DE:1E07 Subsystem: 1458:37BD
1029  |Info:    Registering I2C interface: /dev/i2c-2 Device 10DE:1E07 Subsystem: 1458:37BD
1029  |Info:    Registering I2C interface: /dev/i2c-0 Device 10DE:1AD7 Subsystem: 1458:37BD
1029  |Info:    Registering I2C interface: /dev/i2c-7 Device 10DE:1E07 Subsystem: 1458:37BD
1029  |Info:    Registering I2C interface: /dev/i2c-5 Device 10DE:1E07 Subsystem: 1458:37BD
1029  |Info:    ------------------------------------------------------
1029  |Info:    |               Detecting I2C devices                |
1029  |Info:    ------------------------------------------------------
1697  |Info:    [ENE DRAM] Registering RGB controller
1880  |Info:    [ENE DRAM] Registering RGB controller
2050  |Info:    [ENE DRAM] Registering RGB controller
2220  |Info:    [ENE DRAM] Registering RGB controller
2223  |Info:    ------------------------------------------------------
2223  |Info:    |               Detecting I2C PCI devices            |
2223  |Info:    ------------------------------------------------------
2224  |Info:    ------------------------------------------------------
2224  |Info:    |               Detecting HID devices                |
2224  |Info:    ------------------------------------------------------
2383  |Info:    [Z390 AORUS MASTER-CF] Registering RGB controller
2642  |Info:    [Logitech G915 Wireless RGB Mechanical Gaming Keyboard] Registering RGB controller
2642  |Info:    ------------------------------------------------------
2642  |Info:    |            Detecting libusb HID devices            |
2642  |Info:    ------------------------------------------------------
2660  |Info:    [HyperX Quadcast S] Registering RGB controller
2660  |Info:    ------------------------------------------------------
2660  |Info:    |              Detecting other devices               |
2660  |Info:    ------------------------------------------------------
2666  |Info:    ------------------------------------------------------
2666  |Info:    |                Detection completed                 |
2666  |Info:    ------------------------------------------------------
9530  |Info:    Profile loading: FAILED! for ENE DRAM @ I2C: /dev/i2c-1, address 0x39
9530  |Info:    Profile loading: FAILED! for ENE DRAM @ I2C: /dev/i2c-1, address 0x3B
9530  |Info:    Profile loading: FAILED! for ENE DRAM @ I2C: /dev/i2c-1, address 0x3C
9530  |Info:    Profile loading: FAILED! for ENE DRAM @ I2C: /dev/i2c-1, address 0x3D
9530  |Info:    Profile loading: Succeeded for Z390 AORUS MASTER-CF @ HID: /dev/hidraw8
9530  |Info:    Profile loading: Succeeded for Logitech G915 Wireless RGB Mechanical Gaming Keyboard @ 
9530  |Info:    Profile loading: Succeeded for HyperX Quadcast S @ 1-4.4:1.0
