    OpenRGB v0.9
    Commit:  from 
    Launched: 20240121_032446
====================================================================================================

0     |Info:    Found file: Nord.orp attempting to validate header
0     |Info:    Valid v4 profile found for Nord
0     |Info:    Found file: Off.orp attempting to validate header
0     |Info:    Valid v4 profile found for Off
0     |Info:    Found file: Dim.orp attempting to validate header
0     |Info:    Valid v4 profile found for Dim
0     |Info:    Found file: Green.orp attempting to validate header
0     |Info:    Valid v4 profile found for Green
0     |Info:    Found file: Snow.orp attempting to validate header
0     |Info:    Valid v4 profile found for Snow
1003  |Info:    ------------------------------------------------------
1003  |Info:    |               Start device detection               |
1003  |Info:    ------------------------------------------------------
1004  |Info:    Initializing HID interfaces: Success
1007  |Info:    ------------------------------------------------------
1007  |Info:    |             Detecting I2C interfaces               |
1007  |Info:    ------------------------------------------------------
1007  |Info:    Registering I2C interface: /dev/i2c-3 Device 10DE:1E07 Subsystem: 1458:37BD
1007  |Info:    Registering I2C interface: /dev/i2c-1 Device 8086:A323 Subsystem: 1458:5001
1007  |Info:    Registering I2C interface: /dev/i2c-8 Device 10DE:1E07 Subsystem: 1458:37BD
1007  |Info:    Registering I2C interface: /dev/i2c-6 Device 10DE:1E07 Subsystem: 1458:37BD
1007  |Info:    Registering I2C interface: /dev/i2c-4 Device 10DE:1E07 Subsystem: 1458:37BD
1007  |Info:    Registering I2C interface: /dev/i2c-2 Device 10DE:1E07 Subsystem: 1458:37BD
1007  |Info:    Registering I2C interface: /dev/i2c-0 Device 10DE:1AD7 Subsystem: 1458:37BD
1007  |Info:    Registering I2C interface: /dev/i2c-7 Device 10DE:1E07 Subsystem: 1458:37BD
1007  |Info:    Registering I2C interface: /dev/i2c-5 Device 10DE:1E07 Subsystem: 1458:37BD
1007  |Info:    ------------------------------------------------------
1007  |Info:    |               Detecting I2C devices                |
1007  |Info:    ------------------------------------------------------
1513  |Info:    [ENE DRAM] Registering RGB controller
1696  |Info:    [ENE DRAM] Registering RGB controller
1881  |Info:    [ENE DRAM] Registering RGB controller
2066  |Info:    [ENE DRAM] Registering RGB controller
2110  |Info:    ------------------------------------------------------
2110  |Info:    |               Detecting I2C PCI devices            |
2110  |Info:    ------------------------------------------------------
2111  |Info:    ------------------------------------------------------
2111  |Info:    |               Detecting HID devices                |
2111  |Info:    ------------------------------------------------------
2272  |Info:    [Z390 AORUS MASTER-CF] Registering RGB controller
2531  |Info:    [Logitech G915 Wireless RGB Mechanical Gaming Keyboard] Registering RGB controller
2531  |Info:    ------------------------------------------------------
2531  |Info:    |            Detecting libusb HID devices            |
2531  |Info:    ------------------------------------------------------
2547  |Info:    [HyperX Quadcast S] Registering RGB controller
2547  |Info:    ------------------------------------------------------
2547  |Info:    |              Detecting other devices               |
2547  |Info:    ------------------------------------------------------
2553  |Info:    ------------------------------------------------------
2553  |Info:    |                Detection completed                 |
2553  |Info:    ------------------------------------------------------
4845  |Info:    Profile loading: FAILED! for ENE DRAM @ I2C: /dev/i2c-1, address 0x72
4845  |Info:    Profile loading: FAILED! for ENE DRAM @ I2C: /dev/i2c-1, address 0x73
4845  |Info:    Profile loading: FAILED! for ENE DRAM @ I2C: /dev/i2c-1, address 0x74
4845  |Info:    Profile loading: FAILED! for ENE DRAM @ I2C: /dev/i2c-1, address 0x75
4845  |Info:    Profile loading: Succeeded for Z390 AORUS MASTER-CF @ HID: /dev/hidraw7
4845  |Info:    Profile loading: Succeeded for Logitech G915 Wireless RGB Mechanical Gaming Keyboard @ 
4845  |Info:    Profile loading: Succeeded for HyperX Quadcast S @ 1-7.4:1.0
12101 |Info:    Profile loading: Succeeded for ENE DRAM @ I2C: /dev/i2c-1, address 0x72
12101 |Info:    Profile loading: Succeeded for ENE DRAM @ I2C: /dev/i2c-1, address 0x73
12101 |Info:    Profile loading: Succeeded for ENE DRAM @ I2C: /dev/i2c-1, address 0x74
12101 |Info:    Profile loading: Succeeded for ENE DRAM @ I2C: /dev/i2c-1, address 0x75
12101 |Info:    Profile loading: Succeeded for Z390 AORUS MASTER-CF @ HID: /dev/hidraw7
12101 |Info:    Profile loading: Succeeded for Logitech G915 Wireless RGB Mechanical Gaming Keyboard @ 
12101 |Info:    Profile loading: Succeeded for HyperX Quadcast S @ 1-7.4:1.0
27167 |Info:    Found file: Nord.orp attempting to validate header
27167 |Info:    Valid v4 profile found for Nord
27167 |Info:    Found file: Off.orp attempting to validate header
27167 |Info:    Valid v4 profile found for Off
27167 |Info:    Found file: Dim.orp attempting to validate header
27167 |Info:    Valid v4 profile found for Dim
27167 |Info:    Found file: Green.orp attempting to validate header
27167 |Info:    Valid v4 profile found for Green
27167 |Info:    Found file: Snow.orp attempting to validate header
27167 |Info:    Valid v4 profile found for Snow
31171 |Info:    Profile loading: Succeeded for ENE DRAM @ I2C: /dev/i2c-1, address 0x72
31171 |Info:    Profile loading: Succeeded for ENE DRAM @ I2C: /dev/i2c-1, address 0x73
31171 |Info:    Profile loading: Succeeded for ENE DRAM @ I2C: /dev/i2c-1, address 0x74
31171 |Info:    Profile loading: Succeeded for ENE DRAM @ I2C: /dev/i2c-1, address 0x75
31171 |Info:    Profile loading: Succeeded for Z390 AORUS MASTER-CF @ HID: /dev/hidraw7
31171 |Info:    Profile loading: Succeeded for Logitech G915 Wireless RGB Mechanical Gaming Keyboard @ 
31171 |Info:    Profile loading: Succeeded for HyperX Quadcast S @ 1-7.4:1.0
47313 |Info:    Profile loading: Succeeded for ENE DRAM @ I2C: /dev/i2c-1, address 0x72
47314 |Info:    Profile loading: Succeeded for ENE DRAM @ I2C: /dev/i2c-1, address 0x73
47314 |Info:    Profile loading: Succeeded for ENE DRAM @ I2C: /dev/i2c-1, address 0x74
47314 |Info:    Profile loading: Succeeded for ENE DRAM @ I2C: /dev/i2c-1, address 0x75
47314 |Info:    Profile loading: Succeeded for Z390 AORUS MASTER-CF @ HID: /dev/hidraw7
47314 |Info:    Profile loading: Succeeded for Logitech G915 Wireless RGB Mechanical Gaming Keyboard @ 
47314 |Info:    Profile loading: Succeeded for HyperX Quadcast S @ 1-7.4:1.0
59397 |Info:    Found file: Nord.orp attempting to validate header
59397 |Info:    Valid v4 profile found for Nord
59397 |Info:    Found file: Off.orp attempting to validate header
59397 |Info:    Valid v4 profile found for Off
59397 |Info:    Found file: Dim.orp attempting to validate header
59397 |Info:    Valid v4 profile found for Dim
59397 |Info:    Found file: Green.orp attempting to validate header
59397 |Info:    Valid v4 profile found for Green
59397 |Info:    Found file: Snow.orp attempting to validate header
59397 |Info:    Valid v4 profile found for Snow
