    OpenRGB v0.9
    Commit:  from 
    Launched: 20240425_182134
====================================================================================================

0     |Info:    Found file: Dim.orp attempting to validate header
0     |Info:    Valid v4 profile found for Dim
0     |Info:    Found file: Green.orp attempting to validate header
0     |Info:    Valid v4 profile found for Green
0     |Info:    Found file: Nord.orp attempting to validate header
0     |Info:    Valid v4 profile found for Nord
0     |Info:    Found file: Off.orp attempting to validate header
0     |Info:    Valid v4 profile found for Off
0     |Info:    Found file: Snow.orp attempting to validate header
0     |Info:    Valid v4 profile found for Snow
1001  |Info:    ------------------------------------------------------
1001  |Info:    |               Start device detection               |
1001  |Info:    ------------------------------------------------------
1002  |Info:    Initializing HID interfaces: Success
1007  |Info:    ------------------------------------------------------
1007  |Info:    |             Detecting I2C interfaces               |
1007  |Info:    ------------------------------------------------------
1007  |Info:    Registering I2C interface: /dev/i2c-3 Device 10DE:1E07 Subsystem: 1458:37BD
1007  |Info:    Registering I2C interface: /dev/i2c-8 Device 10DE:1E07 Subsystem: 1458:37BD
1007  |Info:    Registering I2C interface: /dev/i2c-6 Device 10DE:1E07 Subsystem: 1458:37BD
1007  |Info:    Registering I2C interface: /dev/i2c-4 Device 10DE:1E07 Subsystem: 1458:37BD
1007  |Info:    Registering I2C interface: /dev/i2c-0 Device 10DE:1AD7 Subsystem: 1458:37BD
1007  |Info:    Registering I2C interface: /dev/i2c-7 Device 10DE:1E07 Subsystem: 1458:37BD
1007  |Info:    Registering I2C interface: /dev/i2c-5 Device 10DE:1E07 Subsystem: 1458:37BD
1007  |Info:    ------------------------------------------------------
1007  |Info:    |               Detecting I2C devices                |
1007  |Info:    ------------------------------------------------------
1007  |Info:    ------------------------------------------------------
1007  |Info:    |               Detecting I2C PCI devices            |
1007  |Info:    ------------------------------------------------------
1008  |Info:    ------------------------------------------------------
1008  |Info:    |               Detecting HID devices                |
1008  |Info:    ------------------------------------------------------
1008  |Info:    ------------------------------------------------------
1008  |Info:    |            Detecting libusb HID devices            |
1008  |Info:    ------------------------------------------------------
1013  |Info:    ------------------------------------------------------
1013  |Info:    |              Detecting other devices               |
1013  |Info:    ------------------------------------------------------
1019  |Info:    ------------------------------------------------------
1019  |Info:    |                Detection completed                 |
1019  |Info:    ------------------------------------------------------
1019  |Dialog:  <h2>WARNING:</h2><p>The OpenRGB udev rules are not installed.</p><p>Most devices will not be available unless running OpenRGB as root.</p><p>If using AppImage, Flatpak, or self-compiled versions of OpenRGB you must install the udev rules manually</p><p>See <a href='https://openrgb.org/udev'>https://openrgb.org/udev</a> to install the udev rules manually</p>
