    OpenRGB v0.9
    Commit:  from 
    Launched: 20240430_170342
====================================================================================================

0     |Info:    Found file: Off.orp attempting to validate header
0     |Info:    Valid v4 profile found for Off
0     |Info:    Found file: Snow.orp attempting to validate header
1     |Info:    Valid v4 profile found for Snow
1008  |Info:    ------------------------------------------------------
1008  |Info:    |               Start device detection               |
1008  |Info:    ------------------------------------------------------
1008  |Info:    Initializing HID interfaces: Success
1015  |Info:    ------------------------------------------------------
1015  |Info:    |             Detecting I2C interfaces               |
1015  |Info:    ------------------------------------------------------
1015  |Info:    Registering I2C interface: /dev/i2c-3 Device 10DE:1E07 Subsystem: 1458:37BD
1015  |Info:    Registering I2C interface: /dev/i2c-1 Device 10DE:1E07 Subsystem: 1458:37BD
1015  |Info:    Registering I2C interface: /dev/i2c-8 Device 8086:A323 Subsystem: 1458:5001
1015  |Info:    Registering I2C interface: /dev/i2c-6 Device 10DE:1E07 Subsystem: 1458:37BD
1015  |Info:    Registering I2C interface: /dev/i2c-4 Device 10DE:1E07 Subsystem: 1458:37BD
1015  |Info:    Registering I2C interface: /dev/i2c-2 Device 10DE:1E07 Subsystem: 1458:37BD
1015  |Info:    Registering I2C interface: /dev/i2c-0 Device 10DE:1E07 Subsystem: 1458:37BD
1016  |Info:    Registering I2C interface: /dev/i2c-7 Device 10DE:1AD7 Subsystem: 1458:37BD
1016  |Info:    Registering I2C interface: /dev/i2c-5 Device 10DE:1E07 Subsystem: 1458:37BD
1016  |Info:    ------------------------------------------------------
1016  |Info:    |               Detecting I2C devices                |
1016  |Info:    ------------------------------------------------------
1199  |Info:    [ENE DRAM] Registering RGB controller
1364  |Info:    [ENE DRAM] Registering RGB controller
1529  |Info:    [ENE DRAM] Registering RGB controller
1694  |Info:    [ENE DRAM] Registering RGB controller
2035  |Info:    ------------------------------------------------------
2035  |Info:    |               Detecting I2C PCI devices            |
2035  |Info:    ------------------------------------------------------
2036  |Info:    ------------------------------------------------------
2036  |Info:    |               Detecting HID devices                |
2036  |Info:    ------------------------------------------------------
2200  |Info:    [Z390 AORUS MASTER-CF] Registering RGB controller
2466  |Info:    [Logitech G915 Wireless RGB Mechanical Gaming Keyboard] Registering RGB controller
2466  |Info:    ------------------------------------------------------
2466  |Info:    |            Detecting libusb HID devices            |
2466  |Info:    ------------------------------------------------------
2478  |Info:    [HyperX Quadcast S] Registering RGB controller
2478  |Info:    ------------------------------------------------------
2478  |Info:    |              Detecting other devices               |
2478  |Info:    ------------------------------------------------------
2484  |Info:    ------------------------------------------------------
2484  |Info:    |                Detection completed                 |
2484  |Info:    ------------------------------------------------------
6122  |Info:    Profile loading: Succeeded for ENE DRAM @ I2C: /dev/i2c-8, address 0x72
6122  |Info:    Profile loading: Succeeded for ENE DRAM @ I2C: /dev/i2c-8, address 0x73
6122  |Info:    Profile loading: Succeeded for ENE DRAM @ I2C: /dev/i2c-8, address 0x74
6122  |Info:    Profile loading: Succeeded for ENE DRAM @ I2C: /dev/i2c-8, address 0x75
6122  |Info:    Profile loading: Succeeded for Z390 AORUS MASTER-CF @ HID: /dev/hidraw6
6122  |Info:    Profile loading: Succeeded for Logitech G915 Wireless RGB Mechanical Gaming Keyboard @ 
6122  |Info:    Profile loading: Succeeded for HyperX Quadcast S @ 1-11.4.4:1.0
