    OpenRGB v0.9
    Commit:  from 
    Launched: 20240520_110020
====================================================================================================

0     |Info:    Found file: Off.orp attempting to validate header
0     |Info:    Valid v4 profile found for Off
0     |Info:    Found file: Snow.orp attempting to validate header
1     |Info:    Valid v4 profile found for Snow
1009  |Info:    ------------------------------------------------------
1009  |Info:    |               Start device detection               |
1009  |Info:    ------------------------------------------------------
1009  |Info:    Initializing HID interfaces: Success
1013  |Info:    ------------------------------------------------------
1013  |Info:    |             Detecting I2C interfaces               |
1013  |Info:    ------------------------------------------------------
1013  |Info:    Registering I2C interface: /dev/i2c-3 Device 10DE:1E07 Subsystem: 1458:37BD
1013  |Info:    Registering I2C interface: /dev/i2c-1 Device 10DE:1E07 Subsystem: 1458:37BD
1013  |Info:    Registering I2C interface: /dev/i2c-8 Device 8086:A323 Subsystem: 1458:5001
1013  |Info:    Registering I2C interface: /dev/i2c-6 Device 10DE:1E07 Subsystem: 1458:37BD
1013  |Info:    Registering I2C interface: /dev/i2c-4 Device 10DE:1E07 Subsystem: 1458:37BD
1013  |Info:    Registering I2C interface: /dev/i2c-2 Device 10DE:1E07 Subsystem: 1458:37BD
1014  |Info:    Registering I2C interface: /dev/i2c-0 Device 10DE:1E07 Subsystem: 1458:37BD
1014  |Info:    Registering I2C interface: /dev/i2c-7 Device 10DE:1AD7 Subsystem: 1458:37BD
1014  |Info:    Registering I2C interface: /dev/i2c-5 Device 10DE:1E07 Subsystem: 1458:37BD
1014  |Info:    ------------------------------------------------------
1014  |Info:    |               Detecting I2C devices                |
1014  |Info:    ------------------------------------------------------
1199  |Info:    [ENE DRAM] Registering RGB controller
1364  |Info:    [ENE DRAM] Registering RGB controller
1531  |Info:    [ENE DRAM] Registering RGB controller
1698  |Info:    [ENE DRAM] Registering RGB controller
2041  |Info:    ------------------------------------------------------
2041  |Info:    |               Detecting I2C PCI devices            |
2041  |Info:    ------------------------------------------------------
2043  |Info:    ------------------------------------------------------
2043  |Info:    |               Detecting HID devices                |
2043  |Info:    ------------------------------------------------------
2201  |Info:    [Z390 AORUS MASTER-CF] Registering RGB controller
2464  |Info:    [Logitech G915 Wireless RGB Mechanical Gaming Keyboard] Registering RGB controller
2464  |Info:    ------------------------------------------------------
2464  |Info:    |            Detecting libusb HID devices            |
2464  |Info:    ------------------------------------------------------
2477  |Info:    [HyperX Quadcast S] Registering RGB controller
2477  |Info:    ------------------------------------------------------
2477  |Info:    |              Detecting other devices               |
2477  |Info:    ------------------------------------------------------
2482  |Info:    ------------------------------------------------------
2482  |Info:    |                Detection completed                 |
2482  |Info:    ------------------------------------------------------
7983  |Info:    Profile loading: Succeeded for ENE DRAM @ I2C: /dev/i2c-8, address 0x72
7983  |Info:    Profile loading: Succeeded for ENE DRAM @ I2C: /dev/i2c-8, address 0x73
7983  |Info:    Profile loading: Succeeded for ENE DRAM @ I2C: /dev/i2c-8, address 0x74
7983  |Info:    Profile loading: Succeeded for ENE DRAM @ I2C: /dev/i2c-8, address 0x75
7983  |Info:    Profile loading: Succeeded for Z390 AORUS MASTER-CF @ HID: /dev/hidraw6
7983  |Info:    Profile loading: Succeeded for Logitech G915 Wireless RGB Mechanical Gaming Keyboard @ 
7983  |Info:    Profile loading: Succeeded for HyperX Quadcast S @ 1-11.4.4:1.0
8305  |Info:    Profile loading: Succeeded for ENE DRAM @ I2C: /dev/i2c-8, address 0x72
8305  |Info:    Profile loading: Succeeded for ENE DRAM @ I2C: /dev/i2c-8, address 0x73
8305  |Info:    Profile loading: Succeeded for ENE DRAM @ I2C: /dev/i2c-8, address 0x74
8305  |Info:    Profile loading: Succeeded for ENE DRAM @ I2C: /dev/i2c-8, address 0x75
8305  |Info:    Profile loading: Succeeded for Z390 AORUS MASTER-CF @ HID: /dev/hidraw6
8305  |Info:    Profile loading: Succeeded for Logitech G915 Wireless RGB Mechanical Gaming Keyboard @ 
8305  |Info:    Profile loading: Succeeded for HyperX Quadcast S @ 1-11.4.4:1.0
