    OpenRGB v0.9
    Commit:  from 
    Launched: 20240430_202254
====================================================================================================

0     |Info:    Found file: Off.orp attempting to validate header
0     |Info:    Valid v4 profile found for Off
0     |Info:    Found file: Snow.orp attempting to validate header
0     |Info:    Valid v4 profile found for Snow
1001  |Info:    ------------------------------------------------------
1001  |Info:    |               Start device detection               |
1001  |Info:    ------------------------------------------------------
1001  |Info:    Initializing HID interfaces: Success
1007  |Info:    ------------------------------------------------------
1007  |Info:    |             Detecting I2C interfaces               |
1007  |Info:    ------------------------------------------------------
1007  |Info:    Registering I2C interface: /dev/i2c-3 Device 10DE:1E07 Subsystem: 1458:37BD
1007  |Info:    Registering I2C interface: /dev/i2c-1 Device 10DE:1E07 Subsystem: 1458:37BD
1007  |Info:    Registering I2C interface: /dev/i2c-8 Device 8086:A323 Subsystem: 1458:5001
1007  |Info:    Registering I2C interface: /dev/i2c-6 Device 10DE:1E07 Subsystem: 1458:37BD
1007  |Info:    Registering I2C interface: /dev/i2c-4 Device 10DE:1E07 Subsystem: 1458:37BD
1007  |Info:    Registering I2C interface: /dev/i2c-2 Device 10DE:1E07 Subsystem: 1458:37BD
1007  |Info:    Registering I2C interface: /dev/i2c-0 Device 10DE:1E07 Subsystem: 1458:37BD
1007  |Info:    Registering I2C interface: /dev/i2c-7 Device 10DE:1AD7 Subsystem: 1458:37BD
1007  |Info:    Registering I2C interface: /dev/i2c-5 Device 10DE:1E07 Subsystem: 1458:37BD
1007  |Info:    ------------------------------------------------------
1007  |Info:    |               Detecting I2C devices                |
1007  |Info:    ------------------------------------------------------
1198  |Info:    [ENE DRAM] Registering RGB controller
1370  |Info:    [ENE DRAM] Registering RGB controller
1542  |Info:    [ENE DRAM] Registering RGB controller
1715  |Info:    [ENE DRAM] Registering RGB controller
2059  |Info:    ------------------------------------------------------
2059  |Info:    |               Detecting I2C PCI devices            |
2059  |Info:    ------------------------------------------------------
2059  |Info:    ------------------------------------------------------
2059  |Info:    |               Detecting HID devices                |
2059  |Info:    ------------------------------------------------------
2217  |Info:    [Z390 AORUS MASTER-CF] Registering RGB controller
2480  |Info:    [Logitech G915 Wireless RGB Mechanical Gaming Keyboard] Registering RGB controller
2480  |Info:    ------------------------------------------------------
2480  |Info:    |            Detecting libusb HID devices            |
2480  |Info:    ------------------------------------------------------
2498  |Info:    [HyperX Quadcast S] Registering RGB controller
2498  |Info:    ------------------------------------------------------
2498  |Info:    |              Detecting other devices               |
2498  |Info:    ------------------------------------------------------
2504  |Info:    ------------------------------------------------------
2504  |Info:    |                Detection completed                 |
2504  |Info:    ------------------------------------------------------
