    OpenRGB v0.9
    Commit:  from 
    Launched: 20240113_110545
====================================================================================================

0     |Info:    Found file: Nord.orp attempting to validate header
0     |Info:    Valid v4 profile found for Nord
0     |Info:    Found file: Off.orp attempting to validate header
0     |Info:    Valid v4 profile found for Off
0     |Info:    Found file: Dim.orp attempting to validate header
0     |Info:    Valid v4 profile found for Dim
1001  |Info:    ------------------------------------------------------
1001  |Info:    |               Start device detection               |
1001  |Info:    ------------------------------------------------------
1001  |Info:    Initializing HID interfaces: Success
1005  |Info:    ------------------------------------------------------
1005  |Info:    |             Detecting I2C interfaces               |
1005  |Info:    ------------------------------------------------------
1006  |Info:    Registering I2C interface: /dev/i2c-3 Device 10DE:1E07 Subsystem: 1458:37BD
1006  |Info:    Registering I2C interface: /dev/i2c-1 Device 8086:A323 Subsystem: 1458:5001
1006  |Info:    Registering I2C interface: /dev/i2c-8 Device 10DE:1E07 Subsystem: 1458:37BD
1006  |Info:    Registering I2C interface: /dev/i2c-6 Device 10DE:1E07 Subsystem: 1458:37BD
1006  |Info:    Registering I2C interface: /dev/i2c-4 Device 10DE:1E07 Subsystem: 1458:37BD
1006  |Info:    Registering I2C interface: /dev/i2c-2 Device 10DE:1E07 Subsystem: 1458:37BD
1006  |Info:    Registering I2C interface: /dev/i2c-0 Device 10DE:1AD7 Subsystem: 1458:37BD
1006  |Info:    Registering I2C interface: /dev/i2c-7 Device 10DE:1E07 Subsystem: 1458:37BD
1006  |Info:    Registering I2C interface: /dev/i2c-5 Device 10DE:1E07 Subsystem: 1458:37BD
1006  |Info:    ------------------------------------------------------
1006  |Info:    |               Detecting I2C devices                |
1006  |Info:    ------------------------------------------------------
1678  |Info:    [ENE DRAM] Registering RGB controller
1862  |Info:    [ENE DRAM] Registering RGB controller
2033  |Info:    [ENE DRAM] Registering RGB controller
2199  |Info:    [ENE DRAM] Registering RGB controller
2202  |Info:    ------------------------------------------------------
2202  |Info:    |               Detecting I2C PCI devices            |
2202  |Info:    ------------------------------------------------------
2203  |Info:    ------------------------------------------------------
2203  |Info:    |               Detecting HID devices                |
2203  |Info:    ------------------------------------------------------
2361  |Info:    [Z390 AORUS MASTER-CF] Registering RGB controller
2620  |Info:    [Logitech G915 Wireless RGB Mechanical Gaming Keyboard] Registering RGB controller
2620  |Info:    ------------------------------------------------------
2620  |Info:    |            Detecting libusb HID devices            |
2620  |Info:    ------------------------------------------------------
2631  |Info:    [HyperX Quadcast S] Registering RGB controller
2631  |Info:    ------------------------------------------------------
2631  |Info:    |              Detecting other devices               |
2631  |Info:    ------------------------------------------------------
2631  |Info:    ------------------------------------------------------
2631  |Info:    |                Detection completed                 |
2631  |Info:    ------------------------------------------------------
21627 |Info:    Found file: Nord.orp attempting to validate header
21627 |Info:    Valid v4 profile found for Nord
21627 |Info:    Found file: Off.orp attempting to validate header
21627 |Info:    Valid v4 profile found for Off
21627 |Info:    Found file: Dim.orp attempting to validate header
21627 |Info:    Valid v4 profile found for Dim
35444 |Info:    Found file: Nord.orp attempting to validate header
35444 |Info:    Valid v4 profile found for Nord
35444 |Info:    Found file: Off.orp attempting to validate header
35444 |Info:    Valid v4 profile found for Off
35444 |Info:    Found file: Dim.orp attempting to validate header
35444 |Info:    Valid v4 profile found for Dim
826469|Info:    Profile loading: Succeeded for ENE DRAM @ I2C: /dev/i2c-1, address 0x39
826469|Info:    Profile loading: Succeeded for ENE DRAM @ I2C: /dev/i2c-1, address 0x3B
826469|Info:    Profile loading: Succeeded for ENE DRAM @ I2C: /dev/i2c-1, address 0x3C
826469|Info:    Profile loading: Succeeded for ENE DRAM @ I2C: /dev/i2c-1, address 0x3D
826469|Info:    Profile loading: Succeeded for Z390 AORUS MASTER-CF @ HID: /dev/hidraw7
826469|Info:    Profile loading: Succeeded for Logitech G915 Wireless RGB Mechanical Gaming Keyboard @ 
826469|Info:    Profile loading: Succeeded for HyperX Quadcast S @ 1-7.4:1.0
828184|Info:    Profile loading: Succeeded for ENE DRAM @ I2C: /dev/i2c-1, address 0x39
828184|Info:    Profile loading: Succeeded for ENE DRAM @ I2C: /dev/i2c-1, address 0x3B
828184|Info:    Profile loading: Succeeded for ENE DRAM @ I2C: /dev/i2c-1, address 0x3C
828184|Info:    Profile loading: Succeeded for ENE DRAM @ I2C: /dev/i2c-1, address 0x3D
828184|Info:    Profile loading: Succeeded for Z390 AORUS MASTER-CF @ HID: /dev/hidraw7
828184|Info:    Profile loading: Succeeded for Logitech G915 Wireless RGB Mechanical Gaming Keyboard @ 
828184|Info:    Profile loading: Succeeded for HyperX Quadcast S @ 1-7.4:1.0
828603|Info:    Profile loading: Succeeded for ENE DRAM @ I2C: /dev/i2c-1, address 0x39
828603|Info:    Profile loading: Succeeded for ENE DRAM @ I2C: /dev/i2c-1, address 0x3B
828603|Info:    Profile loading: Succeeded for ENE DRAM @ I2C: /dev/i2c-1, address 0x3C
828603|Info:    Profile loading: Succeeded for ENE DRAM @ I2C: /dev/i2c-1, address 0x3D
828603|Info:    Profile loading: Succeeded for Z390 AORUS MASTER-CF @ HID: /dev/hidraw7
828603|Info:    Profile loading: Succeeded for Logitech G915 Wireless RGB Mechanical Gaming Keyboard @ 
828603|Info:    Profile loading: Succeeded for HyperX Quadcast S @ 1-7.4:1.0
828765|Info:    Profile loading: Succeeded for ENE DRAM @ I2C: /dev/i2c-1, address 0x39
828765|Info:    Profile loading: Succeeded for ENE DRAM @ I2C: /dev/i2c-1, address 0x3B
828765|Info:    Profile loading: Succeeded for ENE DRAM @ I2C: /dev/i2c-1, address 0x3C
828765|Info:    Profile loading: Succeeded for ENE DRAM @ I2C: /dev/i2c-1, address 0x3D
828765|Info:    Profile loading: Succeeded for Z390 AORUS MASTER-CF @ HID: /dev/hidraw7
828765|Info:    Profile loading: Succeeded for Logitech G915 Wireless RGB Mechanical Gaming Keyboard @ 
828765|Info:    Profile loading: Succeeded for HyperX Quadcast S @ 1-7.4:1.0
828927|Info:    Profile loading: Succeeded for ENE DRAM @ I2C: /dev/i2c-1, address 0x39
828927|Info:    Profile loading: Succeeded for ENE DRAM @ I2C: /dev/i2c-1, address 0x3B
828927|Info:    Profile loading: Succeeded for ENE DRAM @ I2C: /dev/i2c-1, address 0x3C
828927|Info:    Profile loading: Succeeded for ENE DRAM @ I2C: /dev/i2c-1, address 0x3D
828927|Info:    Profile loading: Succeeded for Z390 AORUS MASTER-CF @ HID: /dev/hidraw7
828927|Info:    Profile loading: Succeeded for Logitech G915 Wireless RGB Mechanical Gaming Keyboard @ 
828927|Info:    Profile loading: Succeeded for HyperX Quadcast S @ 1-7.4:1.0
829111|Info:    Profile loading: Succeeded for ENE DRAM @ I2C: /dev/i2c-1, address 0x39
829111|Info:    Profile loading: Succeeded for ENE DRAM @ I2C: /dev/i2c-1, address 0x3B
829111|Info:    Profile loading: Succeeded for ENE DRAM @ I2C: /dev/i2c-1, address 0x3C
829111|Info:    Profile loading: Succeeded for ENE DRAM @ I2C: /dev/i2c-1, address 0x3D
829111|Info:    Profile loading: Succeeded for Z390 AORUS MASTER-CF @ HID: /dev/hidraw7
829111|Info:    Profile loading: Succeeded for Logitech G915 Wireless RGB Mechanical Gaming Keyboard @ 
829111|Info:    Profile loading: Succeeded for HyperX Quadcast S @ 1-7.4:1.0
829284|Info:    Profile loading: Succeeded for ENE DRAM @ I2C: /dev/i2c-1, address 0x39
829284|Info:    Profile loading: Succeeded for ENE DRAM @ I2C: /dev/i2c-1, address 0x3B
829284|Info:    Profile loading: Succeeded for ENE DRAM @ I2C: /dev/i2c-1, address 0x3C
829284|Info:    Profile loading: Succeeded for ENE DRAM @ I2C: /dev/i2c-1, address 0x3D
829284|Info:    Profile loading: Succeeded for Z390 AORUS MASTER-CF @ HID: /dev/hidraw7
829284|Info:    Profile loading: Succeeded for Logitech G915 Wireless RGB Mechanical Gaming Keyboard @ 
829284|Info:    Profile loading: Succeeded for HyperX Quadcast S @ 1-7.4:1.0
831247|Info:    Profile loading: Succeeded for ENE DRAM @ I2C: /dev/i2c-1, address 0x39
831247|Info:    Profile loading: Succeeded for ENE DRAM @ I2C: /dev/i2c-1, address 0x3B
831247|Info:    Profile loading: Succeeded for ENE DRAM @ I2C: /dev/i2c-1, address 0x3C
831247|Info:    Profile loading: Succeeded for ENE DRAM @ I2C: /dev/i2c-1, address 0x3D
831247|Info:    Profile loading: Succeeded for Z390 AORUS MASTER-CF @ HID: /dev/hidraw7
831247|Info:    Profile loading: Succeeded for Logitech G915 Wireless RGB Mechanical Gaming Keyboard @ 
831247|Info:    Profile loading: Succeeded for HyperX Quadcast S @ 1-7.4:1.0
831573|Info:    Profile loading: Succeeded for ENE DRAM @ I2C: /dev/i2c-1, address 0x39
831573|Info:    Profile loading: Succeeded for ENE DRAM @ I2C: /dev/i2c-1, address 0x3B
831573|Info:    Profile loading: Succeeded for ENE DRAM @ I2C: /dev/i2c-1, address 0x3C
831573|Info:    Profile loading: Succeeded for ENE DRAM @ I2C: /dev/i2c-1, address 0x3D
831573|Info:    Profile loading: Succeeded for Z390 AORUS MASTER-CF @ HID: /dev/hidraw7
831573|Info:    Profile loading: Succeeded for Logitech G915 Wireless RGB Mechanical Gaming Keyboard @ 
831573|Info:    Profile loading: Succeeded for HyperX Quadcast S @ 1-7.4:1.0
831717|Info:    Profile loading: Succeeded for ENE DRAM @ I2C: /dev/i2c-1, address 0x39
831717|Info:    Profile loading: Succeeded for ENE DRAM @ I2C: /dev/i2c-1, address 0x3B
831717|Info:    Profile loading: Succeeded for ENE DRAM @ I2C: /dev/i2c-1, address 0x3C
831717|Info:    Profile loading: Succeeded for ENE DRAM @ I2C: /dev/i2c-1, address 0x3D
831717|Info:    Profile loading: Succeeded for Z390 AORUS MASTER-CF @ HID: /dev/hidraw7
831717|Info:    Profile loading: Succeeded for Logitech G915 Wireless RGB Mechanical Gaming Keyboard @ 
831717|Info:    Profile loading: Succeeded for HyperX Quadcast S @ 1-7.4:1.0
833085|Info:    Profile loading: Succeeded for ENE DRAM @ I2C: /dev/i2c-1, address 0x39
833085|Info:    Profile loading: Succeeded for ENE DRAM @ I2C: /dev/i2c-1, address 0x3B
833085|Info:    Profile loading: Succeeded for ENE DRAM @ I2C: /dev/i2c-1, address 0x3C
833085|Info:    Profile loading: Succeeded for ENE DRAM @ I2C: /dev/i2c-1, address 0x3D
833085|Info:    Profile loading: Succeeded for Z390 AORUS MASTER-CF @ HID: /dev/hidraw7
833085|Info:    Profile loading: Succeeded for Logitech G915 Wireless RGB Mechanical Gaming Keyboard @ 
833085|Info:    Profile loading: Succeeded for HyperX Quadcast S @ 1-7.4:1.0
833348|Info:    Profile loading: Succeeded for ENE DRAM @ I2C: /dev/i2c-1, address 0x39
833348|Info:    Profile loading: Succeeded for ENE DRAM @ I2C: /dev/i2c-1, address 0x3B
833348|Info:    Profile loading: Succeeded for ENE DRAM @ I2C: /dev/i2c-1, address 0x3C
833348|Info:    Profile loading: Succeeded for ENE DRAM @ I2C: /dev/i2c-1, address 0x3D
833348|Info:    Profile loading: Succeeded for Z390 AORUS MASTER-CF @ HID: /dev/hidraw7
833348|Info:    Profile loading: Succeeded for Logitech G915 Wireless RGB Mechanical Gaming Keyboard @ 
833348|Info:    Profile loading: Succeeded for HyperX Quadcast S @ 1-7.4:1.0
833542|Info:    Profile loading: Succeeded for ENE DRAM @ I2C: /dev/i2c-1, address 0x39
833542|Info:    Profile loading: Succeeded for ENE DRAM @ I2C: /dev/i2c-1, address 0x3B
833542|Info:    Profile loading: Succeeded for ENE DRAM @ I2C: /dev/i2c-1, address 0x3C
833542|Info:    Profile loading: Succeeded for ENE DRAM @ I2C: /dev/i2c-1, address 0x3D
833542|Info:    Profile loading: Succeeded for Z390 AORUS MASTER-CF @ HID: /dev/hidraw7
833542|Info:    Profile loading: Succeeded for Logitech G915 Wireless RGB Mechanical Gaming Keyboard @ 
833542|Info:    Profile loading: Succeeded for HyperX Quadcast S @ 1-7.4:1.0
833720|Info:    Profile loading: Succeeded for ENE DRAM @ I2C: /dev/i2c-1, address 0x39
833720|Info:    Profile loading: Succeeded for ENE DRAM @ I2C: /dev/i2c-1, address 0x3B
833720|Info:    Profile loading: Succeeded for ENE DRAM @ I2C: /dev/i2c-1, address 0x3C
833720|Info:    Profile loading: Succeeded for ENE DRAM @ I2C: /dev/i2c-1, address 0x3D
833720|Info:    Profile loading: Succeeded for Z390 AORUS MASTER-CF @ HID: /dev/hidraw7
833720|Info:    Profile loading: Succeeded for Logitech G915 Wireless RGB Mechanical Gaming Keyboard @ 
833720|Info:    Profile loading: Succeeded for HyperX Quadcast S @ 1-7.4:1.0
833910|Info:    Profile loading: Succeeded for ENE DRAM @ I2C: /dev/i2c-1, address 0x39
833910|Info:    Profile loading: Succeeded for ENE DRAM @ I2C: /dev/i2c-1, address 0x3B
833910|Info:    Profile loading: Succeeded for ENE DRAM @ I2C: /dev/i2c-1, address 0x3C
833910|Info:    Profile loading: Succeeded for ENE DRAM @ I2C: /dev/i2c-1, address 0x3D
833910|Info:    Profile loading: Succeeded for Z390 AORUS MASTER-CF @ HID: /dev/hidraw7
833910|Info:    Profile loading: Succeeded for Logitech G915 Wireless RGB Mechanical Gaming Keyboard @ 
833910|Info:    Profile loading: Succeeded for HyperX Quadcast S @ 1-7.4:1.0
834097|Info:    Profile loading: Succeeded for ENE DRAM @ I2C: /dev/i2c-1, address 0x39
834097|Info:    Profile loading: Succeeded for ENE DRAM @ I2C: /dev/i2c-1, address 0x3B
834097|Info:    Profile loading: Succeeded for ENE DRAM @ I2C: /dev/i2c-1, address 0x3C
834097|Info:    Profile loading: Succeeded for ENE DRAM @ I2C: /dev/i2c-1, address 0x3D
834097|Info:    Profile loading: Succeeded for Z390 AORUS MASTER-CF @ HID: /dev/hidraw7
834097|Info:    Profile loading: Succeeded for Logitech G915 Wireless RGB Mechanical Gaming Keyboard @ 
834097|Info:    Profile loading: Succeeded for HyperX Quadcast S @ 1-7.4:1.0
834281|Info:    Profile loading: Succeeded for ENE DRAM @ I2C: /dev/i2c-1, address 0x39
834281|Info:    Profile loading: Succeeded for ENE DRAM @ I2C: /dev/i2c-1, address 0x3B
834281|Info:    Profile loading: Succeeded for ENE DRAM @ I2C: /dev/i2c-1, address 0x3C
834281|Info:    Profile loading: Succeeded for ENE DRAM @ I2C: /dev/i2c-1, address 0x3D
834281|Info:    Profile loading: Succeeded for Z390 AORUS MASTER-CF @ HID: /dev/hidraw7
834281|Info:    Profile loading: Succeeded for Logitech G915 Wireless RGB Mechanical Gaming Keyboard @ 
834281|Info:    Profile loading: Succeeded for HyperX Quadcast S @ 1-7.4:1.0
834463|Info:    Profile loading: Succeeded for ENE DRAM @ I2C: /dev/i2c-1, address 0x39
834463|Info:    Profile loading: Succeeded for ENE DRAM @ I2C: /dev/i2c-1, address 0x3B
834463|Info:    Profile loading: Succeeded for ENE DRAM @ I2C: /dev/i2c-1, address 0x3C
834463|Info:    Profile loading: Succeeded for ENE DRAM @ I2C: /dev/i2c-1, address 0x3D
834463|Info:    Profile loading: Succeeded for Z390 AORUS MASTER-CF @ HID: /dev/hidraw7
834463|Info:    Profile loading: Succeeded for Logitech G915 Wireless RGB Mechanical Gaming Keyboard @ 
834463|Info:    Profile loading: Succeeded for HyperX Quadcast S @ 1-7.4:1.0
