    OpenRGB v0.9
    Commit:  from 
    Launched: 20240118_221120
====================================================================================================

0     |Info:    Found file: Nord.orp attempting to validate header
1     |Info:    Valid v4 profile found for Nord
1     |Info:    Found file: Off.orp attempting to validate header
2     |Info:    Valid v4 profile found for Off
2     |Info:    Found file: Dim.orp attempting to validate header
3     |Info:    Valid v4 profile found for Dim
1005  |Info:    ------------------------------------------------------
1005  |Info:    |               Start device detection               |
1005  |Info:    ------------------------------------------------------
1006  |Info:    Initializing HID interfaces: Success
1010  |Info:    ------------------------------------------------------
1010  |Info:    |             Detecting I2C interfaces               |
1010  |Info:    ------------------------------------------------------
1010  |Info:    Registering I2C interface: /dev/i2c-3 Device 10DE:1E07 Subsystem: 1458:37BD
1010  |Info:    Registering I2C interface: /dev/i2c-1 Device 8086:A323 Subsystem: 1458:5001
1010  |Info:    Registering I2C interface: /dev/i2c-8 Device 10DE:1E07 Subsystem: 1458:37BD
1013  |Info:    Registering I2C interface: /dev/i2c-6 Device 10DE:1E07 Subsystem: 1458:37BD
1013  |Info:    Registering I2C interface: /dev/i2c-4 Device 10DE:1E07 Subsystem: 1458:37BD
1013  |Info:    Registering I2C interface: /dev/i2c-2 Device 10DE:1E07 Subsystem: 1458:37BD
1013  |Info:    Registering I2C interface: /dev/i2c-0 Device 10DE:1AD7 Subsystem: 1458:37BD
1013  |Info:    Registering I2C interface: /dev/i2c-7 Device 10DE:1E07 Subsystem: 1458:37BD
1013  |Info:    Registering I2C interface: /dev/i2c-5 Device 10DE:1E07 Subsystem: 1458:37BD
1013  |Info:    ------------------------------------------------------
1013  |Info:    |               Detecting I2C devices                |
1013  |Info:    ------------------------------------------------------
1720  |Info:    [ENE DRAM] Registering RGB controller
1900  |Info:    [ENE DRAM] Registering RGB controller
2067  |Info:    [ENE DRAM] Registering RGB controller
2232  |Info:    [ENE DRAM] Registering RGB controller
2234  |Info:    ------------------------------------------------------
2234  |Info:    |               Detecting I2C PCI devices            |
2234  |Info:    ------------------------------------------------------
2235  |Info:    ------------------------------------------------------
2235  |Info:    |               Detecting HID devices                |
2235  |Info:    ------------------------------------------------------
2397  |Info:    [Z390 AORUS MASTER-CF] Registering RGB controller
2660  |Info:    [Logitech G915 Wireless RGB Mechanical Gaming Keyboard] Registering RGB controller
2660  |Info:    ------------------------------------------------------
2660  |Info:    |            Detecting libusb HID devices            |
2660  |Info:    ------------------------------------------------------
2671  |Info:    [HyperX Quadcast S] Registering RGB controller
2671  |Info:    ------------------------------------------------------
2671  |Info:    |              Detecting other devices               |
2671  |Info:    ------------------------------------------------------
2672  |Info:    ------------------------------------------------------
2672  |Info:    |                Detection completed                 |
2672  |Info:    ------------------------------------------------------
5861  |Info:    Profile loading: Succeeded for ENE DRAM @ I2C: /dev/i2c-1, address 0x39
5861  |Info:    Profile loading: Succeeded for ENE DRAM @ I2C: /dev/i2c-1, address 0x3B
5861  |Info:    Profile loading: Succeeded for ENE DRAM @ I2C: /dev/i2c-1, address 0x3C
5861  |Info:    Profile loading: Succeeded for ENE DRAM @ I2C: /dev/i2c-1, address 0x3D
5861  |Info:    Profile loading: Succeeded for Z390 AORUS MASTER-CF @ HID: /dev/hidraw7
5861  |Info:    Profile loading: Succeeded for Logitech G915 Wireless RGB Mechanical Gaming Keyboard @ 
5861  |Info:    Profile loading: Succeeded for HyperX Quadcast S @ 1-7.4:1.0
6470  |Info:    Profile loading: Succeeded for ENE DRAM @ I2C: /dev/i2c-1, address 0x39
6470  |Info:    Profile loading: Succeeded for ENE DRAM @ I2C: /dev/i2c-1, address 0x3B
6470  |Info:    Profile loading: Succeeded for ENE DRAM @ I2C: /dev/i2c-1, address 0x3C
6470  |Info:    Profile loading: Succeeded for ENE DRAM @ I2C: /dev/i2c-1, address 0x3D
6470  |Info:    Profile loading: Succeeded for Z390 AORUS MASTER-CF @ HID: /dev/hidraw7
6470  |Info:    Profile loading: Succeeded for Logitech G915 Wireless RGB Mechanical Gaming Keyboard @ 
6470  |Info:    Profile loading: Succeeded for HyperX Quadcast S @ 1-7.4:1.0
6726  |Info:    Profile loading: Succeeded for ENE DRAM @ I2C: /dev/i2c-1, address 0x39
6726  |Info:    Profile loading: Succeeded for ENE DRAM @ I2C: /dev/i2c-1, address 0x3B
6726  |Info:    Profile loading: Succeeded for ENE DRAM @ I2C: /dev/i2c-1, address 0x3C
6726  |Info:    Profile loading: Succeeded for ENE DRAM @ I2C: /dev/i2c-1, address 0x3D
6726  |Info:    Profile loading: Succeeded for Z390 AORUS MASTER-CF @ HID: /dev/hidraw7
6726  |Info:    Profile loading: Succeeded for Logitech G915 Wireless RGB Mechanical Gaming Keyboard @ 
6726  |Info:    Profile loading: Succeeded for HyperX Quadcast S @ 1-7.4:1.0
