    OpenRGB v0.9
    Commit:  from 
    Launched: 20240423_163056
====================================================================================================

19    |Info:    Found file: Nord.orp attempting to validate header
22    |Info:    Valid v4 profile found for Nord
22    |Info:    Found file: Off.orp attempting to validate header
24    |Info:    Valid v4 profile found for Off
24    |Info:    Found file: Dim.orp attempting to validate header
26    |Info:    Valid v4 profile found for Dim
26    |Info:    Found file: Green.orp attempting to validate header
29    |Info:    Valid v4 profile found for Green
29    |Info:    Found file: Snow.orp attempting to validate header
31    |Info:    Valid v4 profile found for Snow
1037  |Info:    ------------------------------------------------------
1037  |Info:    |               Start device detection               |
1037  |Info:    ------------------------------------------------------
1037  |Info:    Initializing HID interfaces: Success
1041  |Info:    ------------------------------------------------------
1041  |Info:    |             Detecting I2C interfaces               |
1041  |Info:    ------------------------------------------------------
1041  |Info:    Registering I2C interface: /dev/i2c-3 Device 10DE:1E07 Subsystem: 1458:37BD
1041  |Info:    Registering I2C interface: /dev/i2c-1 Device 8086:A323 Subsystem: 1458:5001
1041  |Info:    Registering I2C interface: /dev/i2c-8 Device 10DE:1E07 Subsystem: 1458:37BD
1041  |Info:    Registering I2C interface: /dev/i2c-6 Device 10DE:1E07 Subsystem: 1458:37BD
1041  |Info:    Registering I2C interface: /dev/i2c-4 Device 10DE:1E07 Subsystem: 1458:37BD
1041  |Info:    Registering I2C interface: /dev/i2c-2 Device 10DE:1E07 Subsystem: 1458:37BD
1041  |Info:    Registering I2C interface: /dev/i2c-0 Device 10DE:1AD7 Subsystem: 1458:37BD
1042  |Info:    Registering I2C interface: /dev/i2c-7 Device 10DE:1E07 Subsystem: 1458:37BD
1042  |Info:    Registering I2C interface: /dev/i2c-5 Device 10DE:1E07 Subsystem: 1458:37BD
1042  |Info:    ------------------------------------------------------
1042  |Info:    |               Detecting I2C devices                |
1042  |Info:    ------------------------------------------------------
1540  |Info:    [ENE DRAM] Registering RGB controller
1708  |Info:    [ENE DRAM] Registering RGB controller
1877  |Info:    [ENE DRAM] Registering RGB controller
2047  |Info:    [ENE DRAM] Registering RGB controller
2088  |Info:    ------------------------------------------------------
2088  |Info:    |               Detecting I2C PCI devices            |
2088  |Info:    ------------------------------------------------------
2089  |Info:    ------------------------------------------------------
2089  |Info:    |               Detecting HID devices                |
2089  |Info:    ------------------------------------------------------
2247  |Info:    [Z390 AORUS MASTER-CF] Registering RGB controller
2509  |Info:    [Logitech G915 Wireless RGB Mechanical Gaming Keyboard] Registering RGB controller
2509  |Info:    ------------------------------------------------------
2509  |Info:    |            Detecting libusb HID devices            |
2509  |Info:    ------------------------------------------------------
2525  |Info:    [HyperX Quadcast S] Registering RGB controller
2525  |Info:    ------------------------------------------------------
2525  |Info:    |              Detecting other devices               |
2525  |Info:    ------------------------------------------------------
2530  |Info:    ------------------------------------------------------
2530  |Info:    |                Detection completed                 |
2530  |Info:    ------------------------------------------------------
7320  |Info:    Profile loading: Succeeded for ENE DRAM @ I2C: /dev/i2c-1, address 0x72
7320  |Info:    Profile loading: Succeeded for ENE DRAM @ I2C: /dev/i2c-1, address 0x73
7320  |Info:    Profile loading: Succeeded for ENE DRAM @ I2C: /dev/i2c-1, address 0x74
7320  |Info:    Profile loading: Succeeded for ENE DRAM @ I2C: /dev/i2c-1, address 0x75
7320  |Info:    Profile loading: Succeeded for Z390 AORUS MASTER-CF @ HID: /dev/hidraw8
7320  |Info:    Profile loading: Succeeded for Logitech G915 Wireless RGB Mechanical Gaming Keyboard @ 
7320  |Info:    Profile loading: Succeeded for HyperX Quadcast S @ 1-4.4:1.0
