    OpenRGB v0.9
    Commit:  from 
    Launched: 20240227_171312
====================================================================================================

15    |Info:    Found file: Nord.orp attempting to validate header
16    |Info:    Valid v4 profile found for Nord
16    |Info:    Found file: Off.orp attempting to validate header
16    |Info:    Valid v4 profile found for Off
16    |Info:    Found file: Dim.orp attempting to validate header
17    |Info:    Valid v4 profile found for Dim
17    |Info:    Found file: Green.orp attempting to validate header
18    |Info:    Valid v4 profile found for Green
18    |Info:    Found file: Snow.orp attempting to validate header
19    |Info:    Valid v4 profile found for Snow
1022  |Info:    ------------------------------------------------------
1022  |Info:    |               Start device detection               |
1022  |Info:    ------------------------------------------------------
1022  |Info:    Initializing HID interfaces: Success
1025  |Info:    ------------------------------------------------------
1025  |Info:    |             Detecting I2C interfaces               |
1025  |Info:    ------------------------------------------------------
1025  |Info:    Registering I2C interface: /dev/i2c-3 Device 10DE:1E07 Subsystem: 1458:37BD
1025  |Info:    Registering I2C interface: /dev/i2c-1 Device 8086:A323 Subsystem: 1458:5001
1025  |Info:    Registering I2C interface: /dev/i2c-8 Device 10DE:1E07 Subsystem: 1458:37BD
1025  |Info:    Registering I2C interface: /dev/i2c-6 Device 10DE:1E07 Subsystem: 1458:37BD
1026  |Info:    Registering I2C interface: /dev/i2c-4 Device 10DE:1E07 Subsystem: 1458:37BD
1026  |Info:    Registering I2C interface: /dev/i2c-2 Device 10DE:1E07 Subsystem: 1458:37BD
1026  |Info:    Registering I2C interface: /dev/i2c-0 Device 10DE:1AD7 Subsystem: 1458:37BD
1026  |Info:    Registering I2C interface: /dev/i2c-7 Device 10DE:1E07 Subsystem: 1458:37BD
1026  |Info:    Registering I2C interface: /dev/i2c-5 Device 10DE:1E07 Subsystem: 1458:37BD
1026  |Info:    ------------------------------------------------------
1026  |Info:    |               Detecting I2C devices                |
1026  |Info:    ------------------------------------------------------
1507  |Info:    [ENE DRAM] Registering RGB controller
1671  |Info:    [ENE DRAM] Registering RGB controller
1834  |Info:    [ENE DRAM] Registering RGB controller
1999  |Info:    [ENE DRAM] Registering RGB controller
2040  |Info:    ------------------------------------------------------
2040  |Info:    |               Detecting I2C PCI devices            |
2040  |Info:    ------------------------------------------------------
2041  |Info:    ------------------------------------------------------
2041  |Info:    |               Detecting HID devices                |
2041  |Info:    ------------------------------------------------------
2204  |Info:    [Z390 AORUS MASTER-CF] Registering RGB controller
2464  |Info:    [Logitech G915 Wireless RGB Mechanical Gaming Keyboard] Registering RGB controller
2464  |Info:    ------------------------------------------------------
2464  |Info:    |            Detecting libusb HID devices            |
2464  |Info:    ------------------------------------------------------
2480  |Info:    [HyperX Quadcast S] Registering RGB controller
2480  |Info:    ------------------------------------------------------
2480  |Info:    |              Detecting other devices               |
2480  |Info:    ------------------------------------------------------
2485  |Info:    ------------------------------------------------------
2485  |Info:    |                Detection completed                 |
2485  |Info:    ------------------------------------------------------
23276 |Info:    Profile loading: Succeeded for ENE DRAM @ I2C: /dev/i2c-1, address 0x72
23276 |Info:    Profile loading: Succeeded for ENE DRAM @ I2C: /dev/i2c-1, address 0x73
23276 |Info:    Profile loading: Succeeded for ENE DRAM @ I2C: /dev/i2c-1, address 0x74
23276 |Info:    Profile loading: Succeeded for ENE DRAM @ I2C: /dev/i2c-1, address 0x75
23276 |Info:    Profile loading: Succeeded for Z390 AORUS MASTER-CF @ HID: /dev/hidraw8
23276 |Info:    Profile loading: Succeeded for Logitech G915 Wireless RGB Mechanical Gaming Keyboard @ 
23276 |Info:    Profile loading: FAILED! for HyperX Quadcast S @ 1-4.4:1.0
