    OpenRGB v0.9
    Commit:  from 
    Launched: 20240522_081341
====================================================================================================

0     |Info:    Found file: Off.orp attempting to validate header
0     |Info:    Valid v4 profile found for Off
0     |Info:    Found file: Snow.orp attempting to validate header
0     |Info:    Valid v4 profile found for Snow
1001  |Info:    ------------------------------------------------------
1001  |Info:    |               Start device detection               |
1001  |Info:    ------------------------------------------------------
1002  |Info:    Initializing HID interfaces: Success
1006  |Info:    ------------------------------------------------------
1006  |Info:    |             Detecting I2C interfaces               |
1006  |Info:    ------------------------------------------------------
1008  |Info:    Registering I2C interface: /dev/i2c-3 Device 10DE:1E07 Subsystem: 1458:37BD
1008  |Info:    Registering I2C interface: /dev/i2c-1 Device 10DE:1E07 Subsystem: 1458:37BD
1008  |Info:    Registering I2C interface: /dev/i2c-8 Device 8086:A323 Subsystem: 1458:5001
1008  |Info:    Registering I2C interface: /dev/i2c-6 Device 10DE:1E07 Subsystem: 1458:37BD
1008  |Info:    Registering I2C interface: /dev/i2c-4 Device 10DE:1E07 Subsystem: 1458:37BD
1008  |Info:    Registering I2C interface: /dev/i2c-2 Device 10DE:1E07 Subsystem: 1458:37BD
1008  |Info:    Registering I2C interface: /dev/i2c-0 Device 10DE:1E07 Subsystem: 1458:37BD
1008  |Info:    Registering I2C interface: /dev/i2c-7 Device 10DE:1AD7 Subsystem: 1458:37BD
1008  |Info:    Registering I2C interface: /dev/i2c-5 Device 10DE:1E07 Subsystem: 1458:37BD
1008  |Info:    ------------------------------------------------------
1008  |Info:    |               Detecting I2C devices                |
1008  |Info:    ------------------------------------------------------
1196  |Info:    [ENE DRAM] Registering RGB controller
1364  |Info:    [ENE DRAM] Registering RGB controller
1538  |Info:    [ENE DRAM] Registering RGB controller
1714  |Info:    [ENE DRAM] Registering RGB controller
2060  |Info:    ------------------------------------------------------
2060  |Info:    |               Detecting I2C PCI devices            |
2060  |Info:    ------------------------------------------------------
2061  |Info:    ------------------------------------------------------
2061  |Info:    |               Detecting HID devices                |
2061  |Info:    ------------------------------------------------------
2225  |Info:    [Z390 AORUS MASTER-CF] Registering RGB controller
2488  |Info:    [Logitech G915 Wireless RGB Mechanical Gaming Keyboard] Registering RGB controller
2488  |Info:    ------------------------------------------------------
2488  |Info:    |            Detecting libusb HID devices            |
2488  |Info:    ------------------------------------------------------
2510  |Info:    [HyperX Quadcast S] Registering RGB controller
2510  |Info:    ------------------------------------------------------
2510  |Info:    |              Detecting other devices               |
2510  |Info:    ------------------------------------------------------
2518  |Info:    ------------------------------------------------------
2518  |Info:    |                Detection completed                 |
2518  |Info:    ------------------------------------------------------
544640|Info:    Profile loading: Succeeded for ENE DRAM @ I2C: /dev/i2c-8, address 0x72
544640|Info:    Profile loading: Succeeded for ENE DRAM @ I2C: /dev/i2c-8, address 0x73
544640|Info:    Profile loading: Succeeded for ENE DRAM @ I2C: /dev/i2c-8, address 0x74
544640|Info:    Profile loading: Succeeded for ENE DRAM @ I2C: /dev/i2c-8, address 0x75
544640|Info:    Profile loading: Succeeded for Z390 AORUS MASTER-CF @ HID: /dev/hidraw6
544640|Info:    Profile loading: Succeeded for Logitech G915 Wireless RGB Mechanical Gaming Keyboard @ 
544640|Info:    Profile loading: Succeeded for HyperX Quadcast S @ 1-11.4.4:1.0
