    OpenRGB v0.9
    Commit:  from 
    Launched: 20240322_005448
====================================================================================================

20    |Info:    Found file: Nord.orp attempting to validate header
22    |Info:    Valid v4 profile found for Nord
22    |Info:    Found file: Off.orp attempting to validate header
27    |Info:    Valid v4 profile found for Off
27    |Info:    Found file: Dim.orp attempting to validate header
28    |Info:    Valid v4 profile found for Dim
28    |Info:    Found file: Green.orp attempting to validate header
31    |Info:    Valid v4 profile found for Green
31    |Info:    Found file: Snow.orp attempting to validate header
34    |Info:    Valid v4 profile found for Snow
1037  |Info:    ------------------------------------------------------
1037  |Info:    |               Start device detection               |
1037  |Info:    ------------------------------------------------------
1037  |Info:    Initializing HID interfaces: Success
1041  |Info:    ------------------------------------------------------
1041  |Info:    |             Detecting I2C interfaces               |
1041  |Info:    ------------------------------------------------------
1041  |Info:    Registering I2C interface: /dev/i2c-3 Device 10DE:1E07 Subsystem: 1458:37BD
1041  |Info:    Registering I2C interface: /dev/i2c-1 Device 8086:A323 Subsystem: 1458:5001
1041  |Info:    Registering I2C interface: /dev/i2c-8 Device 10DE:1E07 Subsystem: 1458:37BD
1041  |Info:    Registering I2C interface: /dev/i2c-6 Device 10DE:1E07 Subsystem: 1458:37BD
1041  |Info:    Registering I2C interface: /dev/i2c-4 Device 10DE:1E07 Subsystem: 1458:37BD
1042  |Info:    Registering I2C interface: /dev/i2c-2 Device 10DE:1E07 Subsystem: 1458:37BD
1042  |Info:    Registering I2C interface: /dev/i2c-0 Device 10DE:1AD7 Subsystem: 1458:37BD
1042  |Info:    Registering I2C interface: /dev/i2c-7 Device 10DE:1E07 Subsystem: 1458:37BD
1042  |Info:    Registering I2C interface: /dev/i2c-5 Device 10DE:1E07 Subsystem: 1458:37BD
1042  |Info:    ------------------------------------------------------
1042  |Info:    |               Detecting I2C devices                |
1042  |Info:    ------------------------------------------------------
1537  |Info:    [ENE DRAM] Registering RGB controller
1708  |Info:    [ENE DRAM] Registering RGB controller
1881  |Info:    [ENE DRAM] Registering RGB controller
2052  |Info:    [ENE DRAM] Registering RGB controller
2095  |Info:    ------------------------------------------------------
2095  |Info:    |               Detecting I2C PCI devices            |
2095  |Info:    ------------------------------------------------------
2095  |Info:    ------------------------------------------------------
2095  |Info:    |               Detecting HID devices                |
2095  |Info:    ------------------------------------------------------
2254  |Info:    [Z390 AORUS MASTER-CF] Registering RGB controller
2513  |Info:    [Logitech G915 Wireless RGB Mechanical Gaming Keyboard] Registering RGB controller
2513  |Info:    ------------------------------------------------------
2513  |Info:    |            Detecting libusb HID devices            |
2513  |Info:    ------------------------------------------------------
