    OpenRGB v0.9
    Commit:  from 
    Launched: 20240616_064538
====================================================================================================

1     |Info:    Found file: Off.orp attempting to validate header
1     |Info:    Valid v4 profile found for Off
1     |Info:    Found file: Snow.orp attempting to validate header
1     |Info:    Valid v4 profile found for Snow
1008  |Info:    ------------------------------------------------------
1008  |Info:    |               Start device detection               |
1008  |Info:    ------------------------------------------------------
1008  |Info:    Initializing HID interfaces: Success
1011  |Info:    ------------------------------------------------------
1011  |Info:    |             Detecting I2C interfaces               |
1011  |Info:    ------------------------------------------------------
1011  |Info:    Registering I2C interface: /dev/i2c-3 Device 10DE:1E07 Subsystem: 1458:37BD
1011  |Info:    Registering I2C interface: /dev/i2c-1 Device 10DE:1E07 Subsystem: 1458:37BD
1011  |Info:    Registering I2C interface: /dev/i2c-8 Device 8086:A323 Subsystem: 1458:5001
1011  |Info:    Registering I2C interface: /dev/i2c-6 Device 10DE:1E07 Subsystem: 1458:37BD
1011  |Info:    Registering I2C interface: /dev/i2c-4 Device 10DE:1E07 Subsystem: 1458:37BD
1011  |Info:    Registering I2C interface: /dev/i2c-2 Device 10DE:1E07 Subsystem: 1458:37BD
1011  |Info:    Registering I2C interface: /dev/i2c-0 Device 10DE:1E07 Subsystem: 1458:37BD
1012  |Info:    Registering I2C interface: /dev/i2c-7 Device 10DE:1AD7 Subsystem: 1458:37BD
1012  |Info:    Registering I2C interface: /dev/i2c-5 Device 10DE:1E07 Subsystem: 1458:37BD
1012  |Info:    ------------------------------------------------------
1012  |Info:    |               Detecting I2C devices                |
1012  |Info:    ------------------------------------------------------
1271  |Info:    [ENE DRAM] Registering RGB controller
1444  |Info:    [ENE DRAM] Registering RGB controller
1610  |Info:    [ENE DRAM] Registering RGB controller
1777  |Info:    [ENE DRAM] Registering RGB controller
2121  |Info:    ------------------------------------------------------
2121  |Info:    |               Detecting I2C PCI devices            |
2121  |Info:    ------------------------------------------------------
2123  |Info:    ------------------------------------------------------
2123  |Info:    |               Detecting HID devices                |
2123  |Info:    ------------------------------------------------------
2279  |Info:    [Z390 AORUS MASTER-CF] Registering RGB controller
2485  |Info:    ------------------------------------------------------
2485  |Info:    |            Detecting libusb HID devices            |
2485  |Info:    ------------------------------------------------------
2505  |Info:    [HyperX Quadcast S] Registering RGB controller
2505  |Info:    ------------------------------------------------------
2505  |Info:    |              Detecting other devices               |
2505  |Info:    ------------------------------------------------------
2512  |Info:    ------------------------------------------------------
2512  |Info:    |                Detection completed                 |
2512  |Info:    ------------------------------------------------------
25817 |Info:    Profile loading: Succeeded for ENE DRAM @ I2C: /dev/i2c-8, address 0x72
25817 |Info:    Profile loading: Succeeded for ENE DRAM @ I2C: /dev/i2c-8, address 0x73
25817 |Info:    Profile loading: Succeeded for ENE DRAM @ I2C: /dev/i2c-8, address 0x74
25817 |Info:    Profile loading: Succeeded for ENE DRAM @ I2C: /dev/i2c-8, address 0x75
25817 |Info:    Profile loading: Succeeded for Z390 AORUS MASTER-CF @ HID: /dev/hidraw4
25817 |Info:    Profile loading: Succeeded for HyperX Quadcast S @ 1-11.4.4:1.0
