    OpenRGB v0.9
    Commit:  from 
    Launched: 20240317_000107
====================================================================================================

7     |Info:    Found file: Nord.orp attempting to validate header
7     |Info:    Valid v4 profile found for Nord
7     |Info:    Found file: Off.orp attempting to validate header
7     |Info:    Valid v4 profile found for Off
7     |Info:    Found file: Dim.orp attempting to validate header
7     |Info:    Valid v4 profile found for Dim
7     |Info:    Found file: Green.orp attempting to validate header
7     |Info:    Valid v4 profile found for Green
7     |Info:    Found file: Snow.orp attempting to validate header
7     |Info:    Valid v4 profile found for Snow
1008  |Info:    ------------------------------------------------------
1008  |Info:    |               Start device detection               |
1008  |Info:    ------------------------------------------------------
1008  |Info:    Initializing HID interfaces: Success
1011  |Info:    ------------------------------------------------------
1011  |Info:    |             Detecting I2C interfaces               |
1011  |Info:    ------------------------------------------------------
1011  |Info:    Registering I2C interface: /dev/i2c-3 Device 10DE:1E07 Subsystem: 1458:37BD
1012  |Info:    Registering I2C interface: /dev/i2c-1 Device 8086:A323 Subsystem: 1458:5001
1012  |Info:    Registering I2C interface: /dev/i2c-8 Device 10DE:1E07 Subsystem: 1458:37BD
1012  |Info:    Registering I2C interface: /dev/i2c-6 Device 10DE:1E07 Subsystem: 1458:37BD
1012  |Info:    Registering I2C interface: /dev/i2c-4 Device 10DE:1E07 Subsystem: 1458:37BD
1012  |Info:    Registering I2C interface: /dev/i2c-2 Device 10DE:1E07 Subsystem: 1458:37BD
1012  |Info:    Registering I2C interface: /dev/i2c-0 Device 10DE:1AD7 Subsystem: 1458:37BD
1012  |Info:    Registering I2C interface: /dev/i2c-7 Device 10DE:1E07 Subsystem: 1458:37BD
1012  |Info:    Registering I2C interface: /dev/i2c-5 Device 10DE:1E07 Subsystem: 1458:37BD
1012  |Info:    ------------------------------------------------------
1012  |Info:    |               Detecting I2C devices                |
1012  |Info:    ------------------------------------------------------
1695  |Info:    [ENE DRAM] Registering RGB controller
1878  |Info:    [ENE DRAM] Registering RGB controller
2052  |Info:    [ENE DRAM] Registering RGB controller
2224  |Info:    [ENE DRAM] Registering RGB controller
2226  |Info:    ------------------------------------------------------
2226  |Info:    |               Detecting I2C PCI devices            |
2226  |Info:    ------------------------------------------------------
2227  |Info:    ------------------------------------------------------
2227  |Info:    |               Detecting HID devices                |
2227  |Info:    ------------------------------------------------------
2386  |Info:    [Z390 AORUS MASTER-CF] Registering RGB controller
2646  |Info:    [Logitech G915 Wireless RGB Mechanical Gaming Keyboard] Registering RGB controller
2646  |Info:    ------------------------------------------------------
2646  |Info:    |            Detecting libusb HID devices            |
2646  |Info:    ------------------------------------------------------
2660  |Info:    [HyperX Quadcast S] Registering RGB controller
2660  |Info:    ------------------------------------------------------
2660  |Info:    |              Detecting other devices               |
2660  |Info:    ------------------------------------------------------
2664  |Info:    ------------------------------------------------------
2664  |Info:    |                Detection completed                 |
2664  |Info:    ------------------------------------------------------
15434 |Info:    Profile loading: FAILED! for ENE DRAM @ I2C: /dev/i2c-1, address 0x39
15435 |Info:    Profile loading: FAILED! for ENE DRAM @ I2C: /dev/i2c-1, address 0x3B
15435 |Info:    Profile loading: FAILED! for ENE DRAM @ I2C: /dev/i2c-1, address 0x3C
15435 |Info:    Profile loading: FAILED! for ENE DRAM @ I2C: /dev/i2c-1, address 0x3D
15435 |Info:    Profile loading: Succeeded for Z390 AORUS MASTER-CF @ HID: /dev/hidraw8
15435 |Info:    Profile loading: Succeeded for Logitech G915 Wireless RGB Mechanical Gaming Keyboard @ 
15435 |Info:    Profile loading: Succeeded for HyperX Quadcast S @ 1-4.4:1.0
