    OpenRGB v0.9
    Commit:  from 
    Launched: 20240613_040034
====================================================================================================

0     |Info:    Found file: Off.orp attempting to validate header
0     |Info:    Valid v4 profile found for Off
0     |Info:    Found file: Snow.orp attempting to validate header
0     |Info:    Valid v4 profile found for Snow
1001  |Info:    ------------------------------------------------------
1001  |Info:    |               Start device detection               |
1001  |Info:    ------------------------------------------------------
1002  |Info:    Initializing HID interfaces: Success
1005  |Info:    ------------------------------------------------------
1005  |Info:    |             Detecting I2C interfaces               |
1005  |Info:    ------------------------------------------------------
1009  |Info:    Registering I2C interface: /dev/i2c-3 Device 10DE:1E07 Subsystem: 1458:37BD
1009  |Info:    Registering I2C interface: /dev/i2c-1 Device 10DE:1E07 Subsystem: 1458:37BD
1009  |Info:    Registering I2C interface: /dev/i2c-8 Device 8086:A323 Subsystem: 1458:5001
1009  |Info:    Registering I2C interface: /dev/i2c-6 Device 10DE:1E07 Subsystem: 1458:37BD
1009  |Info:    Registering I2C interface: /dev/i2c-4 Device 10DE:1E07 Subsystem: 1458:37BD
1009  |Info:    Registering I2C interface: /dev/i2c-2 Device 10DE:1E07 Subsystem: 1458:37BD
1009  |Info:    Registering I2C interface: /dev/i2c-0 Device 10DE:1E07 Subsystem: 1458:37BD
1009  |Info:    Registering I2C interface: /dev/i2c-7 Device 10DE:1AD7 Subsystem: 1458:37BD
1009  |Info:    Registering I2C interface: /dev/i2c-5 Device 10DE:1E07 Subsystem: 1458:37BD
1009  |Info:    ------------------------------------------------------
1009  |Info:    |               Detecting I2C devices                |
1009  |Info:    ------------------------------------------------------
1198  |Info:    [ENE DRAM] Registering RGB controller
1369  |Info:    [ENE DRAM] Registering RGB controller
1540  |Info:    [ENE DRAM] Registering RGB controller
1707  |Info:    [ENE DRAM] Registering RGB controller
2050  |Info:    ------------------------------------------------------
2050  |Info:    |               Detecting I2C PCI devices            |
2050  |Info:    ------------------------------------------------------
2052  |Info:    ------------------------------------------------------
2052  |Info:    |               Detecting HID devices                |
2052  |Info:    ------------------------------------------------------
2208  |Info:    [Z390 AORUS MASTER-CF] Registering RGB controller
2465  |Info:    [Logitech G915 Wireless RGB Mechanical Gaming Keyboard] Registering RGB controller
2465  |Info:    ------------------------------------------------------
2465  |Info:    |            Detecting libusb HID devices            |
2465  |Info:    ------------------------------------------------------
2485  |Info:    [HyperX Quadcast S] Registering RGB controller
2485  |Info:    ------------------------------------------------------
2485  |Info:    |              Detecting other devices               |
2485  |Info:    ------------------------------------------------------
2490  |Info:    ------------------------------------------------------
2490  |Info:    |                Detection completed                 |
2490  |Info:    ------------------------------------------------------
9148  |Info:    Profile loading: Succeeded for ENE DRAM @ I2C: /dev/i2c-8, address 0x72
9148  |Info:    Profile loading: Succeeded for ENE DRAM @ I2C: /dev/i2c-8, address 0x73
9148  |Info:    Profile loading: Succeeded for ENE DRAM @ I2C: /dev/i2c-8, address 0x74
9148  |Info:    Profile loading: Succeeded for ENE DRAM @ I2C: /dev/i2c-8, address 0x75
9148  |Info:    Profile loading: Succeeded for Z390 AORUS MASTER-CF @ HID: /dev/hidraw6
9148  |Info:    Profile loading: Succeeded for Logitech G915 Wireless RGB Mechanical Gaming Keyboard @ 
9148  |Info:    Profile loading: Succeeded for HyperX Quadcast S @ 1-11.4.4:1.0
