    OpenRGB v0.9
    Commit:  from 
    Launched: 20240226_182644
====================================================================================================

14    |Info:    Found file: Nord.orp attempting to validate header
15    |Info:    Valid v4 profile found for Nord
15    |Info:    Found file: Off.orp attempting to validate header
15    |Info:    Valid v4 profile found for Off
15    |Info:    Found file: Dim.orp attempting to validate header
16    |Info:    Valid v4 profile found for Dim
16    |Info:    Found file: Green.orp attempting to validate header
16    |Info:    Valid v4 profile found for Green
16    |Info:    Found file: Snow.orp attempting to validate header
16    |Info:    Valid v4 profile found for Snow
1019  |Info:    ------------------------------------------------------
1020  |Info:    |               Start device detection               |
1020  |Info:    ------------------------------------------------------
1020  |Info:    Initializing HID interfaces: Success
1023  |Info:    ------------------------------------------------------
1023  |Info:    |             Detecting I2C interfaces               |
1023  |Info:    ------------------------------------------------------
1023  |Info:    Registering I2C interface: /dev/i2c-3 Device 10DE:1E07 Subsystem: 1458:37BD
1023  |Info:    Registering I2C interface: /dev/i2c-1 Device 8086:A323 Subsystem: 1458:5001
1023  |Info:    Registering I2C interface: /dev/i2c-8 Device 10DE:1E07 Subsystem: 1458:37BD
1023  |Info:    Registering I2C interface: /dev/i2c-6 Device 10DE:1E07 Subsystem: 1458:37BD
1023  |Info:    Registering I2C interface: /dev/i2c-4 Device 10DE:1E07 Subsystem: 1458:37BD
1023  |Info:    Registering I2C interface: /dev/i2c-2 Device 10DE:1E07 Subsystem: 1458:37BD
1023  |Info:    Registering I2C interface: /dev/i2c-0 Device 10DE:1AD7 Subsystem: 1458:37BD
1023  |Info:    Registering I2C interface: /dev/i2c-7 Device 10DE:1E07 Subsystem: 1458:37BD
1023  |Info:    Registering I2C interface: /dev/i2c-5 Device 10DE:1E07 Subsystem: 1458:37BD
1023  |Info:    ------------------------------------------------------
1023  |Info:    |               Detecting I2C devices                |
1023  |Info:    ------------------------------------------------------
1513  |Info:    [ENE DRAM] Registering RGB controller
1680  |Info:    [ENE DRAM] Registering RGB controller
1849  |Info:    [ENE DRAM] Registering RGB controller
2022  |Info:    [ENE DRAM] Registering RGB controller
2062  |Info:    ------------------------------------------------------
2062  |Info:    |               Detecting I2C PCI devices            |
2062  |Info:    ------------------------------------------------------
2063  |Info:    ------------------------------------------------------
2063  |Info:    |               Detecting HID devices                |
2063  |Info:    ------------------------------------------------------
2223  |Info:    [Z390 AORUS MASTER-CF] Registering RGB controller
2485  |Info:    [Logitech G915 Wireless RGB Mechanical Gaming Keyboard] Registering RGB controller
2485  |Info:    ------------------------------------------------------
2485  |Info:    |            Detecting libusb HID devices            |
2485  |Info:    ------------------------------------------------------
2498  |Info:    [HyperX Quadcast S] Registering RGB controller
2498  |Info:    ------------------------------------------------------
2498  |Info:    |              Detecting other devices               |
2498  |Info:    ------------------------------------------------------
2503  |Info:    ------------------------------------------------------
2503  |Info:    |                Detection completed                 |
2503  |Info:    ------------------------------------------------------
7504  |Info:    Profile loading: Succeeded for ENE DRAM @ I2C: /dev/i2c-1, address 0x72
7504  |Info:    Profile loading: Succeeded for ENE DRAM @ I2C: /dev/i2c-1, address 0x73
7504  |Info:    Profile loading: Succeeded for ENE DRAM @ I2C: /dev/i2c-1, address 0x74
7504  |Info:    Profile loading: Succeeded for ENE DRAM @ I2C: /dev/i2c-1, address 0x75
7504  |Info:    Profile loading: Succeeded for Z390 AORUS MASTER-CF @ HID: /dev/hidraw5
7504  |Info:    Profile loading: Succeeded for Logitech G915 Wireless RGB Mechanical Gaming Keyboard @ 
7504  |Info:    Profile loading: FAILED! for HyperX Quadcast S @ 1-4.4:1.0
