    OpenRGB v0.9
    Commit:  from 
    Launched: 20231114_084053
====================================================================================================

1002  |Info:    ------------------------------------------------------
1002  |Info:    |               Start device detection               |
1002  |Info:    ------------------------------------------------------
1002  |Info:    Initializing HID interfaces: Success
1010  |Info:    ------------------------------------------------------
1010  |Info:    |             Detecting I2C interfaces               |
1010  |Info:    ------------------------------------------------------
1010  |Info:    Registering I2C interface: /dev/i2c-3 Device 10DE:1E07 Subsystem: 1458:37BD
1010  |Info:    Registering I2C interface: /dev/i2c-1 Device 10DE:1E07 Subsystem: 1458:37BD
1010  |Info:    Registering I2C interface: /dev/i2c-8 Device 8086:A323 Subsystem: 1458:5001
1010  |Info:    Registering I2C interface: /dev/i2c-6 Device 10DE:1E07 Subsystem: 1458:37BD
1010  |Info:    Registering I2C interface: /dev/i2c-2 Device 10DE:1E07 Subsystem: 1458:37BD
1010  |Info:    Registering I2C interface: /dev/i2c-0 Device 10DE:1E07 Subsystem: 1458:37BD
1011  |Info:    Registering I2C interface: /dev/i2c-7 Device 10DE:1AD7 Subsystem: 1458:37BD
1011  |Info:    Registering I2C interface: /dev/i2c-5 Device 10DE:1E07 Subsystem: 1458:37BD
1011  |Info:    ------------------------------------------------------
1011  |Info:    |               Detecting I2C devices                |
1011  |Info:    ------------------------------------------------------
1289  |Info:    ------------------------------------------------------
1289  |Info:    |               Detecting I2C PCI devices            |
1289  |Info:    ------------------------------------------------------
1290  |Info:    ------------------------------------------------------
1290  |Info:    |               Detecting HID devices                |
1290  |Info:    ------------------------------------------------------
1291  |Info:    ------------------------------------------------------
1291  |Info:    |            Detecting libusb HID devices            |
1291  |Info:    ------------------------------------------------------
1291  |Info:    ------------------------------------------------------
1291  |Info:    |              Detecting other devices               |
1291  |Info:    ------------------------------------------------------
1305  |Info:    ------------------------------------------------------
1305  |Info:    |                Detection completed                 |
1305  |Info:    ------------------------------------------------------
1305  |Dialog:  <h2>WARNING:</h2><p>One or more I2C/SMBus interfaces failed to initialize.</p><p>RGB DRAM modules and some motherboards' onboard RGB lighting will not be available without I2C/SMBus.</p><p>On Linux, this is usually because the i2c-dev module is not loaded.  You must load the i2c-dev module along with the correct i2c driver for your motherboard.  This is usually i2c-piix4 for AMD systems and i2c-i801 for Intel systems.</p><p>See <a href='https://help.openrgb.org/'>help.openrgb.org</a> for additional troubleshooting steps if you keep seeing this message.<br></p>
28226 |Info:    ------------------------------------------------------
28226 |Info:    |               Start device detection               |
28226 |Info:    ------------------------------------------------------
28227 |Info:    Initializing HID interfaces: Success
28234 |Info:    ------------------------------------------------------
28234 |Info:    |             Detecting I2C interfaces               |
28234 |Info:    ------------------------------------------------------
28234 |Info:    Registering I2C interface: /dev/i2c-3 Device 10DE:1E07 Subsystem: 1458:37BD
28234 |Info:    Registering I2C interface: /dev/i2c-1 Device 10DE:1E07 Subsystem: 1458:37BD
28234 |Info:    Registering I2C interface: /dev/i2c-8 Device 8086:A323 Subsystem: 1458:5001
28234 |Info:    Registering I2C interface: /dev/i2c-6 Device 10DE:1E07 Subsystem: 1458:37BD
28235 |Info:    Registering I2C interface: /dev/i2c-2 Device 10DE:1E07 Subsystem: 1458:37BD
28235 |Info:    Registering I2C interface: /dev/i2c-0 Device 10DE:1E07 Subsystem: 1458:37BD
28235 |Info:    Registering I2C interface: /dev/i2c-7 Device 10DE:1AD7 Subsystem: 1458:37BD
28235 |Info:    Registering I2C interface: /dev/i2c-5 Device 10DE:1E07 Subsystem: 1458:37BD
28235 |Info:    ------------------------------------------------------
28235 |Info:    |               Detecting I2C devices                |
28235 |Info:    ------------------------------------------------------
28513 |Info:    ------------------------------------------------------
28513 |Info:    |               Detecting I2C PCI devices            |
28513 |Info:    ------------------------------------------------------
28514 |Info:    ------------------------------------------------------
28514 |Info:    |               Detecting HID devices                |
28514 |Info:    ------------------------------------------------------
28515 |Info:    ------------------------------------------------------
28515 |Info:    |            Detecting libusb HID devices            |
28515 |Info:    ------------------------------------------------------
28515 |Info:    ------------------------------------------------------
28515 |Info:    |              Detecting other devices               |
28515 |Info:    ------------------------------------------------------
28516 |Info:    ------------------------------------------------------
28516 |Info:    |                Detection completed                 |
28516 |Info:    ------------------------------------------------------
28516 |Dialog:  <h2>WARNING:</h2><p>One or more I2C/SMBus interfaces failed to initialize.</p><p>RGB DRAM modules and some motherboards' onboard RGB lighting will not be available without I2C/SMBus.</p><p>On Linux, this is usually because the i2c-dev module is not loaded.  You must load the i2c-dev module along with the correct i2c driver for your motherboard.  This is usually i2c-piix4 for AMD systems and i2c-i801 for Intel systems.</p><p>See <a href='https://help.openrgb.org/'>help.openrgb.org</a> for additional troubleshooting steps if you keep seeing this message.<br></p>
