    OpenRGB v0.9
    Commit:  from 
    Launched: 20240522_060234
====================================================================================================

1     |Info:    Found file: Off.orp attempting to validate header
1     |Info:    Valid v4 profile found for Off
1     |Info:    Found file: Snow.orp attempting to validate header
1     |Info:    Valid v4 profile found for Snow
1010  |Info:    ------------------------------------------------------
1010  |Info:    |               Start device detection               |
1010  |Info:    ------------------------------------------------------
1010  |Info:    Initializing HID interfaces: Success
1013  |Info:    ------------------------------------------------------
1013  |Info:    |             Detecting I2C interfaces               |
1013  |Info:    ------------------------------------------------------
1013  |Info:    Registering I2C interface: /dev/i2c-3 Device 10DE:1E07 Subsystem: 1458:37BD
1013  |Info:    Registering I2C interface: /dev/i2c-1 Device 10DE:1E07 Subsystem: 1458:37BD
1013  |Info:    Registering I2C interface: /dev/i2c-8 Device 8086:A323 Subsystem: 1458:5001
1014  |Info:    Registering I2C interface: /dev/i2c-6 Device 10DE:1E07 Subsystem: 1458:37BD
1014  |Info:    Registering I2C interface: /dev/i2c-4 Device 10DE:1E07 Subsystem: 1458:37BD
1014  |Info:    Registering I2C interface: /dev/i2c-2 Device 10DE:1E07 Subsystem: 1458:37BD
1014  |Info:    Registering I2C interface: /dev/i2c-0 Device 10DE:1E07 Subsystem: 1458:37BD
1014  |Info:    Registering I2C interface: /dev/i2c-7 Device 10DE:1AD7 Subsystem: 1458:37BD
1014  |Info:    Registering I2C interface: /dev/i2c-5 Device 10DE:1E07 Subsystem: 1458:37BD
1014  |Info:    ------------------------------------------------------
1014  |Info:    |               Detecting I2C devices                |
1014  |Info:    ------------------------------------------------------
1268  |Info:    [ENE DRAM] Registering RGB controller
1442  |Info:    [ENE DRAM] Registering RGB controller
1614  |Info:    [ENE DRAM] Registering RGB controller
1786  |Info:    [ENE DRAM] Registering RGB controller
2129  |Info:    ------------------------------------------------------
2129  |Info:    |               Detecting I2C PCI devices            |
2129  |Info:    ------------------------------------------------------
2130  |Info:    ------------------------------------------------------
2130  |Info:    |               Detecting HID devices                |
2130  |Info:    ------------------------------------------------------
2288  |Info:    [Z390 AORUS MASTER-CF] Registering RGB controller
2551  |Info:    [Logitech G915 Wireless RGB Mechanical Gaming Keyboard] Registering RGB controller
2551  |Info:    ------------------------------------------------------
2551  |Info:    |            Detecting libusb HID devices            |
2551  |Info:    ------------------------------------------------------
2565  |Info:    [HyperX Quadcast S] Registering RGB controller
2565  |Info:    ------------------------------------------------------
2565  |Info:    |              Detecting other devices               |
2565  |Info:    ------------------------------------------------------
2570  |Info:    ------------------------------------------------------
2570  |Info:    |                Detection completed                 |
2570  |Info:    ------------------------------------------------------
