    OpenRGB v0.9
    Commit:  from 
    Launched: 20240118_215032
====================================================================================================

20    |Info:    Found file: Nord.orp attempting to validate header
21    |Info:    Valid v4 profile found for Nord
21    |Info:    Found file: Off.orp attempting to validate header
23    |Info:    Valid v4 profile found for Off
23    |Info:    Found file: Dim.orp attempting to validate header
23    |Info:    Valid v4 profile found for Dim
1027  |Info:    ------------------------------------------------------
1027  |Info:    |               Start device detection               |
1027  |Info:    ------------------------------------------------------
1027  |Info:    Initializing HID interfaces: Success
1030  |Info:    ------------------------------------------------------
1030  |Info:    |             Detecting I2C interfaces               |
1030  |Info:    ------------------------------------------------------
1030  |Info:    Registering I2C interface: /dev/i2c-3 Device 10DE:1E07 Subsystem: 1458:37BD
1030  |Info:    Registering I2C interface: /dev/i2c-1 Device 8086:A323 Subsystem: 1458:5001
1031  |Info:    Registering I2C interface: /dev/i2c-8 Device 10DE:1E07 Subsystem: 1458:37BD
1031  |Info:    Registering I2C interface: /dev/i2c-6 Device 10DE:1E07 Subsystem: 1458:37BD
1031  |Info:    Registering I2C interface: /dev/i2c-4 Device 10DE:1E07 Subsystem: 1458:37BD
1031  |Info:    Registering I2C interface: /dev/i2c-2 Device 10DE:1E07 Subsystem: 1458:37BD
1031  |Info:    Registering I2C interface: /dev/i2c-0 Device 10DE:1AD7 Subsystem: 1458:37BD
1031  |Info:    Registering I2C interface: /dev/i2c-7 Device 10DE:1E07 Subsystem: 1458:37BD
1031  |Info:    Registering I2C interface: /dev/i2c-5 Device 10DE:1E07 Subsystem: 1458:37BD
1031  |Info:    ------------------------------------------------------
1031  |Info:    |               Detecting I2C devices                |
1031  |Info:    ------------------------------------------------------
1751  |Info:    [ENE DRAM] Registering RGB controller
1935  |Info:    [ENE DRAM] Registering RGB controller
2102  |Info:    [ENE DRAM] Registering RGB controller
2268  |Info:    [ENE DRAM] Registering RGB controller
2270  |Info:    ------------------------------------------------------
2270  |Info:    |               Detecting I2C PCI devices            |
2270  |Info:    ------------------------------------------------------
2271  |Info:    ------------------------------------------------------
2271  |Info:    |               Detecting HID devices                |
2271  |Info:    ------------------------------------------------------
2434  |Info:    [Z390 AORUS MASTER-CF] Registering RGB controller
2694  |Info:    [Logitech G915 Wireless RGB Mechanical Gaming Keyboard] Registering RGB controller
2694  |Info:    ------------------------------------------------------
2694  |Info:    |            Detecting libusb HID devices            |
2694  |Info:    ------------------------------------------------------
2705  |Info:    [HyperX Quadcast S] Registering RGB controller
2705  |Info:    ------------------------------------------------------
2705  |Info:    |              Detecting other devices               |
2705  |Info:    ------------------------------------------------------
2706  |Info:    ------------------------------------------------------
2706  |Info:    |                Detection completed                 |
2706  |Info:    ------------------------------------------------------
7535  |Info:    Profile loading: Succeeded for ENE DRAM @ I2C: /dev/i2c-1, address 0x39
7535  |Info:    Profile loading: Succeeded for ENE DRAM @ I2C: /dev/i2c-1, address 0x3B
7535  |Info:    Profile loading: Succeeded for ENE DRAM @ I2C: /dev/i2c-1, address 0x3C
7535  |Info:    Profile loading: Succeeded for ENE DRAM @ I2C: /dev/i2c-1, address 0x3D
7535  |Info:    Profile loading: Succeeded for Z390 AORUS MASTER-CF @ HID: /dev/hidraw7
7535  |Info:    Profile loading: Succeeded for Logitech G915 Wireless RGB Mechanical Gaming Keyboard @ 
7535  |Info:    Profile loading: Succeeded for HyperX Quadcast S @ 1-7.4:1.0
8501  |Info:    Profile loading: Succeeded for ENE DRAM @ I2C: /dev/i2c-1, address 0x39
8501  |Info:    Profile loading: Succeeded for ENE DRAM @ I2C: /dev/i2c-1, address 0x3B
8501  |Info:    Profile loading: Succeeded for ENE DRAM @ I2C: /dev/i2c-1, address 0x3C
8501  |Info:    Profile loading: Succeeded for ENE DRAM @ I2C: /dev/i2c-1, address 0x3D
8501  |Info:    Profile loading: Succeeded for Z390 AORUS MASTER-CF @ HID: /dev/hidraw7
8501  |Info:    Profile loading: Succeeded for Logitech G915 Wireless RGB Mechanical Gaming Keyboard @ 
8501  |Info:    Profile loading: Succeeded for HyperX Quadcast S @ 1-7.4:1.0
8756  |Info:    Profile loading: Succeeded for ENE DRAM @ I2C: /dev/i2c-1, address 0x39
8756  |Info:    Profile loading: Succeeded for ENE DRAM @ I2C: /dev/i2c-1, address 0x3B
8756  |Info:    Profile loading: Succeeded for ENE DRAM @ I2C: /dev/i2c-1, address 0x3C
8756  |Info:    Profile loading: Succeeded for ENE DRAM @ I2C: /dev/i2c-1, address 0x3D
8756  |Info:    Profile loading: Succeeded for Z390 AORUS MASTER-CF @ HID: /dev/hidraw7
8756  |Info:    Profile loading: Succeeded for Logitech G915 Wireless RGB Mechanical Gaming Keyboard @ 
8756  |Info:    Profile loading: Succeeded for HyperX Quadcast S @ 1-7.4:1.0
