    OpenRGB v0.9
    Commit:  from 
    Launched: 20240613_024458
====================================================================================================

6     |Info:    Found file: Off.orp attempting to validate header
6     |Info:    Valid v4 profile found for Off
6     |Info:    Found file: Snow.orp attempting to validate header
6     |Info:    Valid v4 profile found for Snow
1008  |Info:    ------------------------------------------------------
1008  |Info:    |               Start device detection               |
1008  |Info:    ------------------------------------------------------
1009  |Info:    Initializing HID interfaces: Success
1012  |Info:    ------------------------------------------------------
1012  |Info:    |             Detecting I2C interfaces               |
1012  |Info:    ------------------------------------------------------
1016  |Info:    Registering I2C interface: /dev/i2c-3 Device 10DE:1E07 Subsystem: 1458:37BD
1017  |Info:    Registering I2C interface: /dev/i2c-1 Device 10DE:1E07 Subsystem: 1458:37BD
1017  |Info:    Registering I2C interface: /dev/i2c-8 Device 8086:A323 Subsystem: 1458:5001
1017  |Info:    Registering I2C interface: /dev/i2c-6 Device 10DE:1E07 Subsystem: 1458:37BD
1017  |Info:    Registering I2C interface: /dev/i2c-4 Device 10DE:1E07 Subsystem: 1458:37BD
1017  |Info:    Registering I2C interface: /dev/i2c-2 Device 10DE:1E07 Subsystem: 1458:37BD
1017  |Info:    Registering I2C interface: /dev/i2c-0 Device 10DE:1E07 Subsystem: 1458:37BD
1017  |Info:    Registering I2C interface: /dev/i2c-7 Device 10DE:1AD7 Subsystem: 1458:37BD
1017  |Info:    Registering I2C interface: /dev/i2c-5 Device 10DE:1E07 Subsystem: 1458:37BD
1017  |Info:    ------------------------------------------------------
1017  |Info:    |               Detecting I2C devices                |
1017  |Info:    ------------------------------------------------------
1207  |Info:    [ENE DRAM] Registering RGB controller
1378  |Info:    [ENE DRAM] Registering RGB controller
1546  |Info:    [ENE DRAM] Registering RGB controller
1715  |Info:    [ENE DRAM] Registering RGB controller
2057  |Info:    ------------------------------------------------------
2057  |Info:    |               Detecting I2C PCI devices            |
2057  |Info:    ------------------------------------------------------
2058  |Info:    ------------------------------------------------------
2058  |Info:    |               Detecting HID devices                |
2058  |Info:    ------------------------------------------------------
2215  |Info:    [Z390 AORUS MASTER-CF] Registering RGB controller
2471  |Info:    [Logitech G915 Wireless RGB Mechanical Gaming Keyboard] Registering RGB controller
2472  |Info:    ------------------------------------------------------
2472  |Info:    |            Detecting libusb HID devices            |
2472  |Info:    ------------------------------------------------------
2492  |Info:    [HyperX Quadcast S] Registering RGB controller
2492  |Info:    ------------------------------------------------------
2492  |Info:    |              Detecting other devices               |
2492  |Info:    ------------------------------------------------------
2502  |Info:    ------------------------------------------------------
2502  |Info:    |                Detection completed                 |
2502  |Info:    ------------------------------------------------------
17382 |Info:    Profile loading: Succeeded for ENE DRAM @ I2C: /dev/i2c-8, address 0x72
17382 |Info:    Profile loading: Succeeded for ENE DRAM @ I2C: /dev/i2c-8, address 0x73
17382 |Info:    Profile loading: Succeeded for ENE DRAM @ I2C: /dev/i2c-8, address 0x74
17382 |Info:    Profile loading: Succeeded for ENE DRAM @ I2C: /dev/i2c-8, address 0x75
17382 |Info:    Profile loading: Succeeded for Z390 AORUS MASTER-CF @ HID: /dev/hidraw6
17382 |Info:    Profile loading: Succeeded for Logitech G915 Wireless RGB Mechanical Gaming Keyboard @ 
17382 |Info:    Profile loading: Succeeded for HyperX Quadcast S @ 1-11.4.4:1.0
