    OpenRGB v0.9
    Commit:  from 
    Launched: 20240416_154939
====================================================================================================

24    |Info:    Found file: Nord.orp attempting to validate header
29    |Info:    Valid v4 profile found for Nord
29    |Info:    Found file: Off.orp attempting to validate header
33    |Info:    Valid v4 profile found for Off
33    |Info:    Found file: Dim.orp attempting to validate header
35    |Info:    Valid v4 profile found for Dim
35    |Info:    Found file: Green.orp attempting to validate header
39    |Info:    Valid v4 profile found for Green
39    |Info:    Found file: Snow.orp attempting to validate header
40    |Info:    Valid v4 profile found for Snow
1046  |Info:    ------------------------------------------------------
1046  |Info:    |               Start device detection               |
1046  |Info:    ------------------------------------------------------
1047  |Info:    Initializing HID interfaces: Success
1051  |Info:    ------------------------------------------------------
1051  |Info:    |             Detecting I2C interfaces               |
1051  |Info:    ------------------------------------------------------
1051  |Info:    Registering I2C interface: /dev/i2c-3 Device 10DE:1E07 Subsystem: 1458:37BD
1051  |Info:    Registering I2C interface: /dev/i2c-1 Device 8086:A323 Subsystem: 1458:5001
1051  |Info:    Registering I2C interface: /dev/i2c-8 Device 10DE:1E07 Subsystem: 1458:37BD
1051  |Info:    Registering I2C interface: /dev/i2c-6 Device 10DE:1E07 Subsystem: 1458:37BD
1051  |Info:    Registering I2C interface: /dev/i2c-4 Device 10DE:1E07 Subsystem: 1458:37BD
1051  |Info:    Registering I2C interface: /dev/i2c-2 Device 10DE:1E07 Subsystem: 1458:37BD
1051  |Info:    Registering I2C interface: /dev/i2c-0 Device 10DE:1AD7 Subsystem: 1458:37BD
1051  |Info:    Registering I2C interface: /dev/i2c-7 Device 10DE:1E07 Subsystem: 1458:37BD
1052  |Info:    Registering I2C interface: /dev/i2c-5 Device 10DE:1E07 Subsystem: 1458:37BD
1052  |Info:    ------------------------------------------------------
1052  |Info:    |               Detecting I2C devices                |
1052  |Info:    ------------------------------------------------------
1536  |Info:    [ENE DRAM] Registering RGB controller
1703  |Info:    [ENE DRAM] Registering RGB controller
1873  |Info:    [ENE DRAM] Registering RGB controller
2050  |Info:    [ENE DRAM] Registering RGB controller
2093  |Info:    ------------------------------------------------------
2093  |Info:    |               Detecting I2C PCI devices            |
2093  |Info:    ------------------------------------------------------
2093  |Info:    ------------------------------------------------------
2093  |Info:    |               Detecting HID devices                |
2093  |Info:    ------------------------------------------------------
2252  |Info:    [Z390 AORUS MASTER-CF] Registering RGB controller
2511  |Info:    [Logitech G915 Wireless RGB Mechanical Gaming Keyboard] Registering RGB controller
2511  |Info:    ------------------------------------------------------
2511  |Info:    |            Detecting libusb HID devices            |
2511  |Info:    ------------------------------------------------------
2527  |Info:    [HyperX Quadcast S] Registering RGB controller
2527  |Info:    ------------------------------------------------------
2527  |Info:    |              Detecting other devices               |
2527  |Info:    ------------------------------------------------------
2532  |Info:    ------------------------------------------------------
2532  |Info:    |                Detection completed                 |
2532  |Info:    ------------------------------------------------------
7451  |Info:    Profile loading: Succeeded for ENE DRAM @ I2C: /dev/i2c-1, address 0x72
7451  |Info:    Profile loading: Succeeded for ENE DRAM @ I2C: /dev/i2c-1, address 0x73
7451  |Info:    Profile loading: Succeeded for ENE DRAM @ I2C: /dev/i2c-1, address 0x74
7451  |Info:    Profile loading: Succeeded for ENE DRAM @ I2C: /dev/i2c-1, address 0x75
7451  |Info:    Profile loading: Succeeded for Z390 AORUS MASTER-CF @ HID: /dev/hidraw8
7451  |Info:    Profile loading: Succeeded for Logitech G915 Wireless RGB Mechanical Gaming Keyboard @ 
7451  |Info:    Profile loading: Succeeded for HyperX Quadcast S @ 1-4.4:1.0
