    OpenRGB v0.9
    Commit:  from 
    Launched: 20240527_112008
====================================================================================================

0     |Info:    Found file: Off.orp attempting to validate header
1     |Info:    Valid v4 profile found for Off
1     |Info:    Found file: Snow.orp attempting to validate header
1     |Info:    Valid v4 profile found for Snow
1008  |Info:    ------------------------------------------------------
1008  |Info:    |               Start device detection               |
1008  |Info:    ------------------------------------------------------
1008  |Info:    Initializing HID interfaces: Success
1012  |Info:    ------------------------------------------------------
1012  |Info:    |             Detecting I2C interfaces               |
1012  |Info:    ------------------------------------------------------
1012  |Info:    Registering I2C interface: /dev/i2c-3 Device 10DE:1E07 Subsystem: 1458:37BD
1012  |Info:    Registering I2C interface: /dev/i2c-1 Device 10DE:1E07 Subsystem: 1458:37BD
1012  |Info:    Registering I2C interface: /dev/i2c-8 Device 8086:A323 Subsystem: 1458:5001
1012  |Info:    Registering I2C interface: /dev/i2c-6 Device 10DE:1E07 Subsystem: 1458:37BD
1012  |Info:    Registering I2C interface: /dev/i2c-4 Device 10DE:1E07 Subsystem: 1458:37BD
1012  |Info:    Registering I2C interface: /dev/i2c-2 Device 10DE:1E07 Subsystem: 1458:37BD
1012  |Info:    Registering I2C interface: /dev/i2c-0 Device 10DE:1E07 Subsystem: 1458:37BD
1012  |Info:    Registering I2C interface: /dev/i2c-7 Device 10DE:1AD7 Subsystem: 1458:37BD
1012  |Info:    Registering I2C interface: /dev/i2c-5 Device 10DE:1E07 Subsystem: 1458:37BD
1012  |Info:    ------------------------------------------------------
1012  |Info:    |               Detecting I2C devices                |
1012  |Info:    ------------------------------------------------------
1270  |Info:    [ENE DRAM] Registering RGB controller
1439  |Info:    [ENE DRAM] Registering RGB controller
1609  |Info:    [ENE DRAM] Registering RGB controller
1776  |Info:    [ENE DRAM] Registering RGB controller
2118  |Info:    ------------------------------------------------------
2118  |Info:    |               Detecting I2C PCI devices            |
2118  |Info:    ------------------------------------------------------
2119  |Info:    ------------------------------------------------------
2119  |Info:    |               Detecting HID devices                |
2119  |Info:    ------------------------------------------------------
2280  |Info:    [Z390 AORUS MASTER-CF] Registering RGB controller
2543  |Info:    [Logitech G915 Wireless RGB Mechanical Gaming Keyboard] Registering RGB controller
2543  |Info:    ------------------------------------------------------
2543  |Info:    |            Detecting libusb HID devices            |
2543  |Info:    ------------------------------------------------------
2564  |Info:    [HyperX Quadcast S] Registering RGB controller
2564  |Info:    ------------------------------------------------------
2564  |Info:    |              Detecting other devices               |
2564  |Info:    ------------------------------------------------------
2571  |Info:    ------------------------------------------------------
2571  |Info:    |                Detection completed                 |
2571  |Info:    ------------------------------------------------------
598619|Info:    Profile loading: Succeeded for ENE DRAM @ I2C: /dev/i2c-8, address 0x72
598619|Info:    Profile loading: Succeeded for ENE DRAM @ I2C: /dev/i2c-8, address 0x73
598619|Info:    Profile loading: Succeeded for ENE DRAM @ I2C: /dev/i2c-8, address 0x74
598619|Info:    Profile loading: Succeeded for ENE DRAM @ I2C: /dev/i2c-8, address 0x75
598619|Info:    Profile loading: Succeeded for Z390 AORUS MASTER-CF @ HID: /dev/hidraw6
598619|Info:    Profile loading: Succeeded for Logitech G915 Wireless RGB Mechanical Gaming Keyboard @ 
598619|Info:    Profile loading: Succeeded for HyperX Quadcast S @ 1-11.4.4:1.0
