    OpenRGB v0.9
    Commit:  from 
    Launched: 20240120_120047
====================================================================================================

0     |Info:    Found file: Nord.orp attempting to validate header
0     |Info:    Valid v4 profile found for Nord
0     |Info:    Found file: Off.orp attempting to validate header
0     |Info:    Valid v4 profile found for Off
0     |Info:    Found file: Dim.orp attempting to validate header
0     |Info:    Valid v4 profile found for Dim
0     |Info:    Found file: Green.orp attempting to validate header
0     |Info:    Valid v4 profile found for Green
0     |Info:    Found file: Snow.orp attempting to validate header
0     |Info:    Valid v4 profile found for Snow
1002  |Info:    ------------------------------------------------------
1002  |Info:    |               Start device detection               |
1002  |Info:    ------------------------------------------------------
1002  |Info:    Initializing HID interfaces: Success
1007  |Info:    ------------------------------------------------------
1007  |Info:    |             Detecting I2C interfaces               |
1007  |Info:    ------------------------------------------------------
1007  |Info:    Registering I2C interface: /dev/i2c-3 Device 10DE:1E07 Subsystem: 1458:37BD
1007  |Info:    Registering I2C interface: /dev/i2c-1 Device 8086:A323 Subsystem: 1458:5001
1007  |Info:    Registering I2C interface: /dev/i2c-8 Device 10DE:1E07 Subsystem: 1458:37BD
1007  |Info:    Registering I2C interface: /dev/i2c-6 Device 10DE:1E07 Subsystem: 1458:37BD
1007  |Info:    Registering I2C interface: /dev/i2c-4 Device 10DE:1E07 Subsystem: 1458:37BD
1008  |Info:    Registering I2C interface: /dev/i2c-2 Device 10DE:1E07 Subsystem: 1458:37BD
1008  |Info:    Registering I2C interface: /dev/i2c-0 Device 10DE:1AD7 Subsystem: 1458:37BD
1008  |Info:    Registering I2C interface: /dev/i2c-7 Device 10DE:1E07 Subsystem: 1458:37BD
1008  |Info:    Registering I2C interface: /dev/i2c-5 Device 10DE:1E07 Subsystem: 1458:37BD
1008  |Info:    ------------------------------------------------------
1008  |Info:    |               Detecting I2C devices                |
1008  |Info:    ------------------------------------------------------
1489  |Info:    [ENE DRAM] Registering RGB controller
1653  |Info:    [ENE DRAM] Registering RGB controller
1816  |Info:    [ENE DRAM] Registering RGB controller
1980  |Info:    [ENE DRAM] Registering RGB controller
2020  |Info:    ------------------------------------------------------
2020  |Info:    |               Detecting I2C PCI devices            |
2020  |Info:    ------------------------------------------------------
2021  |Info:    ------------------------------------------------------
2021  |Info:    |               Detecting HID devices                |
2021  |Info:    ------------------------------------------------------
2180  |Info:    [Z390 AORUS MASTER-CF] Registering RGB controller
2439  |Info:    [Logitech G915 Wireless RGB Mechanical Gaming Keyboard] Registering RGB controller
2439  |Info:    ------------------------------------------------------
2439  |Info:    |            Detecting libusb HID devices            |
2439  |Info:    ------------------------------------------------------
2459  |Info:    [HyperX Quadcast S] Registering RGB controller
2459  |Info:    ------------------------------------------------------
2459  |Info:    |              Detecting other devices               |
2459  |Info:    ------------------------------------------------------
2469  |Info:    ------------------------------------------------------
2469  |Info:    |                Detection completed                 |
2469  |Info:    ------------------------------------------------------
144916|Info:    Found file: Nord.orp attempting to validate header
144916|Info:    Valid v4 profile found for Nord
144916|Info:    Found file: Off.orp attempting to validate header
144916|Info:    Valid v4 profile found for Off
144916|Info:    Found file: Dim.orp attempting to validate header
144916|Info:    Valid v4 profile found for Dim
144916|Info:    Found file: Green.orp attempting to validate header
144916|Info:    Valid v4 profile found for Green
144916|Info:    Found file: Snow.orp attempting to validate header
144916|Info:    Valid v4 profile found for Snow
147244|Info:    Found file: Nord.orp attempting to validate header
147244|Info:    Valid v4 profile found for Nord
147244|Info:    Found file: Off.orp attempting to validate header
147244|Info:    Valid v4 profile found for Off
147244|Info:    Found file: Dim.orp attempting to validate header
147244|Info:    Valid v4 profile found for Dim
147244|Info:    Found file: Green.orp attempting to validate header
147244|Info:    Valid v4 profile found for Green
147244|Info:    Found file: Snow.orp attempting to validate header
147244|Info:    Valid v4 profile found for Snow
