    OpenRGB v0.9
    Commit:  from 
    Launched: 20240303_001944
====================================================================================================

1     |Info:    Found file: Nord.orp attempting to validate header
1     |Info:    Valid v4 profile found for Nord
1     |Info:    Found file: Off.orp attempting to validate header
4     |Info:    Valid v4 profile found for Off
4     |Info:    Found file: Dim.orp attempting to validate header
7     |Info:    Valid v4 profile found for Dim
7     |Info:    Found file: Green.orp attempting to validate header
8     |Info:    Valid v4 profile found for Green
8     |Info:    Found file: Snow.orp attempting to validate header
10    |Info:    Valid v4 profile found for Snow
1013  |Info:    ------------------------------------------------------
1013  |Info:    |               Start device detection               |
1013  |Info:    ------------------------------------------------------
1013  |Info:    Initializing HID interfaces: Success
1017  |Info:    ------------------------------------------------------
1017  |Info:    |             Detecting I2C interfaces               |
1017  |Info:    ------------------------------------------------------
1017  |Info:    Registering I2C interface: /dev/i2c-3 Device 10DE:1E07 Subsystem: 1458:37BD
1017  |Info:    Registering I2C interface: /dev/i2c-1 Device 8086:A323 Subsystem: 1458:5001
1017  |Info:    Registering I2C interface: /dev/i2c-8 Device 10DE:1E07 Subsystem: 1458:37BD
1017  |Info:    Registering I2C interface: /dev/i2c-6 Device 10DE:1E07 Subsystem: 1458:37BD
1017  |Info:    Registering I2C interface: /dev/i2c-4 Device 10DE:1E07 Subsystem: 1458:37BD
1017  |Info:    Registering I2C interface: /dev/i2c-2 Device 10DE:1E07 Subsystem: 1458:37BD
1017  |Info:    Registering I2C interface: /dev/i2c-0 Device 10DE:1AD7 Subsystem: 1458:37BD
1017  |Info:    Registering I2C interface: /dev/i2c-7 Device 10DE:1E07 Subsystem: 1458:37BD
1017  |Info:    Registering I2C interface: /dev/i2c-5 Device 10DE:1E07 Subsystem: 1458:37BD
1017  |Info:    ------------------------------------------------------
1017  |Info:    |               Detecting I2C devices                |
1017  |Info:    ------------------------------------------------------
1521  |Info:    [ENE DRAM] Registering RGB controller
1689  |Info:    [ENE DRAM] Registering RGB controller
1862  |Info:    [ENE DRAM] Registering RGB controller
2033  |Info:    [ENE DRAM] Registering RGB controller
2074  |Info:    ------------------------------------------------------
2074  |Info:    |               Detecting I2C PCI devices            |
2074  |Info:    ------------------------------------------------------
2075  |Info:    ------------------------------------------------------
2075  |Info:    |               Detecting HID devices                |
2075  |Info:    ------------------------------------------------------
2234  |Info:    [Z390 AORUS MASTER-CF] Registering RGB controller
2494  |Info:    [Logitech G915 Wireless RGB Mechanical Gaming Keyboard] Registering RGB controller
2494  |Info:    ------------------------------------------------------
2494  |Info:    |            Detecting libusb HID devices            |
2494  |Info:    ------------------------------------------------------
2510  |Info:    [HyperX Quadcast S] Registering RGB controller
2510  |Info:    ------------------------------------------------------
2510  |Info:    |              Detecting other devices               |
2510  |Info:    ------------------------------------------------------
2515  |Info:    ------------------------------------------------------
2515  |Info:    |                Detection completed                 |
2515  |Info:    ------------------------------------------------------
106443|Info:    Profile loading: Succeeded for ENE DRAM @ I2C: /dev/i2c-1, address 0x72
106443|Info:    Profile loading: Succeeded for ENE DRAM @ I2C: /dev/i2c-1, address 0x73
106443|Info:    Profile loading: Succeeded for ENE DRAM @ I2C: /dev/i2c-1, address 0x74
106443|Info:    Profile loading: Succeeded for ENE DRAM @ I2C: /dev/i2c-1, address 0x75
106443|Info:    Profile loading: Succeeded for Z390 AORUS MASTER-CF @ HID: /dev/hidraw8
106443|Info:    Profile loading: Succeeded for Logitech G915 Wireless RGB Mechanical Gaming Keyboard @ 
106443|Info:    Profile loading: Succeeded for HyperX Quadcast S @ 1-4.4:1.0
