    OpenRGB v0.9
    Commit:  from 
    Launched: 20240526_180155
====================================================================================================

0     |Info:    Found file: Off.orp attempting to validate header
0     |Info:    Valid v4 profile found for Off
0     |Info:    Found file: Snow.orp attempting to validate header
0     |Info:    Valid v4 profile found for Snow
1006  |Info:    ------------------------------------------------------
1006  |Info:    |               Start device detection               |
1006  |Info:    ------------------------------------------------------
1006  |Info:    Initializing HID interfaces: Success
1011  |Info:    ------------------------------------------------------
1011  |Info:    |             Detecting I2C interfaces               |
1011  |Info:    ------------------------------------------------------
1011  |Info:    Registering I2C interface: /dev/i2c-3 Device 10DE:1E07 Subsystem: 1458:37BD
1011  |Info:    Registering I2C interface: /dev/i2c-1 Device 10DE:1E07 Subsystem: 1458:37BD
1011  |Info:    Registering I2C interface: /dev/i2c-8 Device 8086:A323 Subsystem: 1458:5001
1011  |Info:    Registering I2C interface: /dev/i2c-6 Device 10DE:1E07 Subsystem: 1458:37BD
1011  |Info:    Registering I2C interface: /dev/i2c-4 Device 10DE:1E07 Subsystem: 1458:37BD
1011  |Info:    Registering I2C interface: /dev/i2c-2 Device 10DE:1E07 Subsystem: 1458:37BD
1011  |Info:    Registering I2C interface: /dev/i2c-0 Device 10DE:1E07 Subsystem: 1458:37BD
1011  |Info:    Registering I2C interface: /dev/i2c-7 Device 10DE:1AD7 Subsystem: 1458:37BD
1011  |Info:    Registering I2C interface: /dev/i2c-5 Device 10DE:1E07 Subsystem: 1458:37BD
1011  |Info:    ------------------------------------------------------
1011  |Info:    |               Detecting I2C devices                |
1011  |Info:    ------------------------------------------------------
1258  |Info:    [ENE DRAM] Registering RGB controller
1426  |Info:    [ENE DRAM] Registering RGB controller
1595  |Info:    [ENE DRAM] Registering RGB controller
1762  |Info:    [ENE DRAM] Registering RGB controller
2105  |Info:    ------------------------------------------------------
2105  |Info:    |               Detecting I2C PCI devices            |
2105  |Info:    ------------------------------------------------------
2105  |Info:    ------------------------------------------------------
2105  |Info:    |               Detecting HID devices                |
2105  |Info:    ------------------------------------------------------
2266  |Info:    [Z390 AORUS MASTER-CF] Registering RGB controller
2526  |Info:    [Logitech G915 Wireless RGB Mechanical Gaming Keyboard] Registering RGB controller
2526  |Info:    ------------------------------------------------------
2526  |Info:    |            Detecting libusb HID devices            |
2526  |Info:    ------------------------------------------------------
2544  |Info:    [HyperX Quadcast S] Registering RGB controller
2544  |Info:    ------------------------------------------------------
2544  |Info:    |              Detecting other devices               |
2544  |Info:    ------------------------------------------------------
2552  |Info:    ------------------------------------------------------
2552  |Info:    |                Detection completed                 |
2552  |Info:    ------------------------------------------------------
12493 |Info:    Profile loading: Succeeded for ENE DRAM @ I2C: /dev/i2c-8, address 0x72
12493 |Info:    Profile loading: Succeeded for ENE DRAM @ I2C: /dev/i2c-8, address 0x73
12493 |Info:    Profile loading: Succeeded for ENE DRAM @ I2C: /dev/i2c-8, address 0x74
12493 |Info:    Profile loading: Succeeded for ENE DRAM @ I2C: /dev/i2c-8, address 0x75
12493 |Info:    Profile loading: Succeeded for Z390 AORUS MASTER-CF @ HID: /dev/hidraw6
12493 |Info:    Profile loading: Succeeded for Logitech G915 Wireless RGB Mechanical Gaming Keyboard @ 
12493 |Info:    Profile loading: Succeeded for HyperX Quadcast S @ 1-11.4.4:1.0
