    OpenRGB v0.9
    Commit:  from 
    Launched: 20240303_061845
====================================================================================================

18    |Info:    Found file: Nord.orp attempting to validate header
19    |Info:    Valid v4 profile found for Nord
19    |Info:    Found file: Off.orp attempting to validate header
21    |Info:    Valid v4 profile found for Off
21    |Info:    Found file: Dim.orp attempting to validate header
23    |Info:    Valid v4 profile found for Dim
23    |Info:    Found file: Green.orp attempting to validate header
24    |Info:    Valid v4 profile found for Green
24    |Info:    Found file: Snow.orp attempting to validate header
25    |Info:    Valid v4 profile found for Snow
1032  |Info:    ------------------------------------------------------
1032  |Info:    |               Start device detection               |
1032  |Info:    ------------------------------------------------------
1032  |Info:    Initializing HID interfaces: Success
1035  |Info:    ------------------------------------------------------
1035  |Info:    |             Detecting I2C interfaces               |
1035  |Info:    ------------------------------------------------------
1035  |Info:    Registering I2C interface: /dev/i2c-3 Device 10DE:1E07 Subsystem: 1458:37BD
1035  |Info:    Registering I2C interface: /dev/i2c-1 Device 8086:A323 Subsystem: 1458:5001
1035  |Info:    Registering I2C interface: /dev/i2c-8 Device 10DE:1E07 Subsystem: 1458:37BD
1035  |Info:    Registering I2C interface: /dev/i2c-6 Device 10DE:1E07 Subsystem: 1458:37BD
1036  |Info:    Registering I2C interface: /dev/i2c-4 Device 10DE:1E07 Subsystem: 1458:37BD
1036  |Info:    Registering I2C interface: /dev/i2c-2 Device 10DE:1E07 Subsystem: 1458:37BD
1036  |Info:    Registering I2C interface: /dev/i2c-0 Device 10DE:1AD7 Subsystem: 1458:37BD
1036  |Info:    Registering I2C interface: /dev/i2c-7 Device 10DE:1E07 Subsystem: 1458:37BD
1036  |Info:    Registering I2C interface: /dev/i2c-5 Device 10DE:1E07 Subsystem: 1458:37BD
1036  |Info:    ------------------------------------------------------
1036  |Info:    |               Detecting I2C devices                |
1036  |Info:    ------------------------------------------------------
1699  |Info:    [ENE DRAM] Registering RGB controller
1873  |Info:    [ENE DRAM] Registering RGB controller
2038  |Info:    [ENE DRAM] Registering RGB controller
2201  |Info:    [ENE DRAM] Registering RGB controller
2203  |Info:    ------------------------------------------------------
2203  |Info:    |               Detecting I2C PCI devices            |
2203  |Info:    ------------------------------------------------------
2204  |Info:    ------------------------------------------------------
2204  |Info:    |               Detecting HID devices                |
2204  |Info:    ------------------------------------------------------
2367  |Info:    [Z390 AORUS MASTER-CF] Registering RGB controller
2630  |Info:    [Logitech G915 Wireless RGB Mechanical Gaming Keyboard] Registering RGB controller
2630  |Info:    ------------------------------------------------------
2630  |Info:    |            Detecting libusb HID devices            |
2630  |Info:    ------------------------------------------------------
2646  |Info:    [HyperX Quadcast S] Registering RGB controller
2646  |Info:    ------------------------------------------------------
2646  |Info:    |              Detecting other devices               |
2646  |Info:    ------------------------------------------------------
2652  |Info:    ------------------------------------------------------
2652  |Info:    |                Detection completed                 |
2652  |Info:    ------------------------------------------------------
9658  |Info:    Profile loading: FAILED! for ENE DRAM @ I2C: /dev/i2c-1, address 0x39
9658  |Info:    Profile loading: FAILED! for ENE DRAM @ I2C: /dev/i2c-1, address 0x3B
9658  |Info:    Profile loading: FAILED! for ENE DRAM @ I2C: /dev/i2c-1, address 0x3C
9658  |Info:    Profile loading: FAILED! for ENE DRAM @ I2C: /dev/i2c-1, address 0x3D
9658  |Info:    Profile loading: Succeeded for Z390 AORUS MASTER-CF @ HID: /dev/hidraw8
9658  |Info:    Profile loading: Succeeded for Logitech G915 Wireless RGB Mechanical Gaming Keyboard @ 
9658  |Info:    Profile loading: Succeeded for HyperX Quadcast S @ 1-4.4:1.0
