    OpenRGB v0.9
    Commit:  from 
    Launched: 20240316_225846
====================================================================================================

22    |Info:    Found file: Nord.orp attempting to validate header
25    |Info:    Valid v4 profile found for Nord
25    |Info:    Found file: Off.orp attempting to validate header
27    |Info:    Valid v4 profile found for Off
27    |Info:    Found file: Dim.orp attempting to validate header
31    |Info:    Valid v4 profile found for Dim
31    |Info:    Found file: Green.orp attempting to validate header
35    |Info:    Valid v4 profile found for Green
35    |Info:    Found file: Snow.orp attempting to validate header
35    |Info:    Valid v4 profile found for Snow
1041  |Info:    ------------------------------------------------------
1041  |Info:    |               Start device detection               |
1041  |Info:    ------------------------------------------------------
1041  |Info:    Initializing HID interfaces: Success
1044  |Info:    ------------------------------------------------------
1044  |Info:    |             Detecting I2C interfaces               |
1044  |Info:    ------------------------------------------------------
1044  |Info:    Registering I2C interface: /dev/i2c-3 Device 10DE:1E07 Subsystem: 1458:37BD
1044  |Info:    Registering I2C interface: /dev/i2c-1 Device 8086:A323 Subsystem: 1458:5001
1044  |Info:    Registering I2C interface: /dev/i2c-8 Device 10DE:1E07 Subsystem: 1458:37BD
1044  |Info:    Registering I2C interface: /dev/i2c-6 Device 10DE:1E07 Subsystem: 1458:37BD
1044  |Info:    Registering I2C interface: /dev/i2c-4 Device 10DE:1E07 Subsystem: 1458:37BD
1044  |Info:    Registering I2C interface: /dev/i2c-2 Device 10DE:1E07 Subsystem: 1458:37BD
1044  |Info:    Registering I2C interface: /dev/i2c-0 Device 10DE:1AD7 Subsystem: 1458:37BD
1044  |Info:    Registering I2C interface: /dev/i2c-7 Device 10DE:1E07 Subsystem: 1458:37BD
1044  |Info:    Registering I2C interface: /dev/i2c-5 Device 10DE:1E07 Subsystem: 1458:37BD
1044  |Info:    ------------------------------------------------------
1044  |Info:    |               Detecting I2C devices                |
1044  |Info:    ------------------------------------------------------
1542  |Info:    [ENE DRAM] Registering RGB controller
1711  |Info:    [ENE DRAM] Registering RGB controller
1876  |Info:    [ENE DRAM] Registering RGB controller
2041  |Info:    [ENE DRAM] Registering RGB controller
2082  |Info:    ------------------------------------------------------
2082  |Info:    |               Detecting I2C PCI devices            |
2082  |Info:    ------------------------------------------------------
2083  |Info:    ------------------------------------------------------
2083  |Info:    |               Detecting HID devices                |
2083  |Info:    ------------------------------------------------------
2247  |Info:    [Z390 AORUS MASTER-CF] Registering RGB controller
2506  |Info:    [Logitech G915 Wireless RGB Mechanical Gaming Keyboard] Registering RGB controller
2506  |Info:    ------------------------------------------------------
2506  |Info:    |            Detecting libusb HID devices            |
2506  |Info:    ------------------------------------------------------
2522  |Info:    [HyperX Quadcast S] Registering RGB controller
2522  |Info:    ------------------------------------------------------
2522  |Info:    |              Detecting other devices               |
2522  |Info:    ------------------------------------------------------
2526  |Info:    ------------------------------------------------------
2526  |Info:    |                Detection completed                 |
2526  |Info:    ------------------------------------------------------
13874 |Info:    Profile loading: Succeeded for ENE DRAM @ I2C: /dev/i2c-1, address 0x72
13874 |Info:    Profile loading: Succeeded for ENE DRAM @ I2C: /dev/i2c-1, address 0x73
13874 |Info:    Profile loading: Succeeded for ENE DRAM @ I2C: /dev/i2c-1, address 0x74
13874 |Info:    Profile loading: Succeeded for ENE DRAM @ I2C: /dev/i2c-1, address 0x75
13874 |Info:    Profile loading: Succeeded for Z390 AORUS MASTER-CF @ HID: /dev/hidraw8
13874 |Info:    Profile loading: Succeeded for Logitech G915 Wireless RGB Mechanical Gaming Keyboard @ 
13874 |Info:    Profile loading: Succeeded for HyperX Quadcast S @ 1-4.4:1.0
