    OpenRGB v0.9
    Commit:  from 
    Launched: 20240114_164357
====================================================================================================

0     |Info:    Found file: Nord.orp attempting to validate header
0     |Info:    Valid v4 profile found for Nord
0     |Info:    Found file: Off.orp attempting to validate header
0     |Info:    Valid v4 profile found for Off
0     |Info:    Found file: Dim.orp attempting to validate header
0     |Info:    Valid v4 profile found for Dim
1003  |Info:    ------------------------------------------------------
1003  |Info:    |               Start device detection               |
1003  |Info:    ------------------------------------------------------
1004  |Info:    Initializing HID interfaces: Success
1022  |Info:    ------------------------------------------------------
1022  |Info:    |             Detecting I2C interfaces               |
1022  |Info:    ------------------------------------------------------
1023  |Info:    Registering I2C interface: /dev/i2c-3 Device 10DE:1E07 Subsystem: 1458:37BD
1023  |Info:    Registering I2C interface: /dev/i2c-1 Device 8086:A323 Subsystem: 1458:5001
1023  |Info:    Registering I2C interface: /dev/i2c-8 Device 10DE:1E07 Subsystem: 1458:37BD
1023  |Info:    Registering I2C interface: /dev/i2c-6 Device 10DE:1E07 Subsystem: 1458:37BD
1023  |Info:    Registering I2C interface: /dev/i2c-4 Device 10DE:1E07 Subsystem: 1458:37BD
1023  |Info:    Registering I2C interface: /dev/i2c-2 Device 10DE:1E07 Subsystem: 1458:37BD
1024  |Info:    Registering I2C interface: /dev/i2c-0 Device 10DE:1AD7 Subsystem: 1458:37BD
1024  |Info:    Registering I2C interface: /dev/i2c-7 Device 10DE:1E07 Subsystem: 1458:37BD
1024  |Info:    Registering I2C interface: /dev/i2c-5 Device 10DE:1E07 Subsystem: 1458:37BD
1024  |Info:    ------------------------------------------------------
1024  |Info:    |               Detecting I2C devices                |
1024  |Info:    ------------------------------------------------------
1524  |Info:    [ENE DRAM] Registering RGB controller
1698  |Info:    [ENE DRAM] Registering RGB controller
1863  |Info:    [ENE DRAM] Registering RGB controller
2038  |Info:    [ENE DRAM] Registering RGB controller
2081  |Info:    ------------------------------------------------------
2081  |Info:    |               Detecting I2C PCI devices            |
2081  |Info:    ------------------------------------------------------
2081  |Info:    ------------------------------------------------------
2081  |Info:    |               Detecting HID devices                |
2081  |Info:    ------------------------------------------------------
2239  |Info:    [Z390 AORUS MASTER-CF] Registering RGB controller
2499  |Info:    [Logitech G915 Wireless RGB Mechanical Gaming Keyboard] Registering RGB controller
2499  |Info:    ------------------------------------------------------
2499  |Info:    |            Detecting libusb HID devices            |
2499  |Info:    ------------------------------------------------------
2509  |Info:    [HyperX Quadcast S] Registering RGB controller
2509  |Info:    ------------------------------------------------------
2509  |Info:    |              Detecting other devices               |
2509  |Info:    ------------------------------------------------------
2510  |Info:    ------------------------------------------------------
2510  |Info:    |                Detection completed                 |
2510  |Info:    ------------------------------------------------------
20585 |Info:    Profile loading: Succeeded for ENE DRAM @ I2C: /dev/i2c-1, address 0x72
20585 |Info:    Profile loading: Succeeded for ENE DRAM @ I2C: /dev/i2c-1, address 0x73
20585 |Info:    Profile loading: Succeeded for ENE DRAM @ I2C: /dev/i2c-1, address 0x74
20585 |Info:    Profile loading: Succeeded for ENE DRAM @ I2C: /dev/i2c-1, address 0x75
20585 |Info:    Profile loading: Succeeded for Z390 AORUS MASTER-CF @ HID: /dev/hidraw7
20585 |Info:    Profile loading: Succeeded for Logitech G915 Wireless RGB Mechanical Gaming Keyboard @ 
20585 |Info:    Profile loading: Succeeded for HyperX Quadcast S @ 1-7.4:1.0
211677|Info:    Found file: Nord.orp attempting to validate header
211677|Info:    Valid v4 profile found for Nord
211677|Info:    Found file: Off.orp attempting to validate header
211678|Info:    Valid v4 profile found for Off
211678|Info:    Found file: Dim.orp attempting to validate header
211678|Info:    Valid v4 profile found for Dim
215298|Info:    Profile loading: Succeeded for ENE DRAM @ I2C: /dev/i2c-1, address 0x72
215298|Info:    Profile loading: Succeeded for ENE DRAM @ I2C: /dev/i2c-1, address 0x73
215298|Info:    Profile loading: Succeeded for ENE DRAM @ I2C: /dev/i2c-1, address 0x74
215298|Info:    Profile loading: Succeeded for ENE DRAM @ I2C: /dev/i2c-1, address 0x75
215298|Info:    Profile loading: Succeeded for Z390 AORUS MASTER-CF @ HID: /dev/hidraw7
215298|Info:    Profile loading: Succeeded for Logitech G915 Wireless RGB Mechanical Gaming Keyboard @ 
215298|Info:    Profile loading: Succeeded for HyperX Quadcast S @ 1-7.4:1.0
215558|Info:    Profile loading: Succeeded for ENE DRAM @ I2C: /dev/i2c-1, address 0x72
215558|Info:    Profile loading: Succeeded for ENE DRAM @ I2C: /dev/i2c-1, address 0x73
215558|Info:    Profile loading: Succeeded for ENE DRAM @ I2C: /dev/i2c-1, address 0x74
215558|Info:    Profile loading: Succeeded for ENE DRAM @ I2C: /dev/i2c-1, address 0x75
215558|Info:    Profile loading: Succeeded for Z390 AORUS MASTER-CF @ HID: /dev/hidraw7
215558|Info:    Profile loading: Succeeded for Logitech G915 Wireless RGB Mechanical Gaming Keyboard @ 
215558|Info:    Profile loading: Succeeded for HyperX Quadcast S @ 1-7.4:1.0
