    OpenRGB v0.9
    Commit:  from 
    Launched: 20240510_152617
====================================================================================================

0     |Info:    Found file: Off.orp attempting to validate header
1     |Info:    Valid v4 profile found for Off
1     |Info:    Found file: Snow.orp attempting to validate header
1     |Info:    Valid v4 profile found for Snow
1008  |Info:    ------------------------------------------------------
1008  |Info:    |               Start device detection               |
1008  |Info:    ------------------------------------------------------
1008  |Info:    Initializing HID interfaces: Success
1012  |Info:    ------------------------------------------------------
1012  |Info:    |             Detecting I2C interfaces               |
1012  |Info:    ------------------------------------------------------
1012  |Info:    Registering I2C interface: /dev/i2c-3 Device 10DE:1E07 Subsystem: 1458:37BD
1012  |Info:    Registering I2C interface: /dev/i2c-1 Device 10DE:1E07 Subsystem: 1458:37BD
1012  |Info:    Registering I2C interface: /dev/i2c-8 Device 8086:A323 Subsystem: 1458:5001
1012  |Info:    Registering I2C interface: /dev/i2c-6 Device 10DE:1E07 Subsystem: 1458:37BD
1012  |Info:    Registering I2C interface: /dev/i2c-4 Device 10DE:1E07 Subsystem: 1458:37BD
1012  |Info:    Registering I2C interface: /dev/i2c-2 Device 10DE:1E07 Subsystem: 1458:37BD
1012  |Info:    Registering I2C interface: /dev/i2c-0 Device 10DE:1E07 Subsystem: 1458:37BD
1012  |Info:    Registering I2C interface: /dev/i2c-7 Device 10DE:1AD7 Subsystem: 1458:37BD
1012  |Info:    Registering I2C interface: /dev/i2c-5 Device 10DE:1E07 Subsystem: 1458:37BD
1012  |Info:    ------------------------------------------------------
1012  |Info:    |               Detecting I2C devices                |
1012  |Info:    ------------------------------------------------------
1254  |Info:    [ENE DRAM] Registering RGB controller
1419  |Info:    [ENE DRAM] Registering RGB controller
1586  |Info:    [ENE DRAM] Registering RGB controller
1751  |Info:    [ENE DRAM] Registering RGB controller
2092  |Info:    ------------------------------------------------------
2092  |Info:    |               Detecting I2C PCI devices            |
2092  |Info:    ------------------------------------------------------
2093  |Info:    ------------------------------------------------------
2093  |Info:    |               Detecting HID devices                |
2093  |Info:    ------------------------------------------------------
2253  |Info:    [Z390 AORUS MASTER-CF] Registering RGB controller
2516  |Info:    [Logitech G915 Wireless RGB Mechanical Gaming Keyboard] Registering RGB controller
2516  |Info:    ------------------------------------------------------
2516  |Info:    |            Detecting libusb HID devices            |
2516  |Info:    ------------------------------------------------------
2530  |Info:    [HyperX Quadcast S] Registering RGB controller
2530  |Info:    ------------------------------------------------------
2530  |Info:    |              Detecting other devices               |
2530  |Info:    ------------------------------------------------------
2536  |Info:    ------------------------------------------------------
2536  |Info:    |                Detection completed                 |
2536  |Info:    ------------------------------------------------------
6194  |Info:    Profile loading: Succeeded for ENE DRAM @ I2C: /dev/i2c-8, address 0x72
6194  |Info:    Profile loading: Succeeded for ENE DRAM @ I2C: /dev/i2c-8, address 0x73
6194  |Info:    Profile loading: Succeeded for ENE DRAM @ I2C: /dev/i2c-8, address 0x74
6194  |Info:    Profile loading: Succeeded for ENE DRAM @ I2C: /dev/i2c-8, address 0x75
6194  |Info:    Profile loading: Succeeded for Z390 AORUS MASTER-CF @ HID: /dev/hidraw6
6194  |Info:    Profile loading: Succeeded for Logitech G915 Wireless RGB Mechanical Gaming Keyboard @ 
6194  |Info:    Profile loading: Succeeded for HyperX Quadcast S @ 1-11.4.4:1.0
