    OpenRGB v0.9
    Commit:  from 
    Launched: 20240409_064458
====================================================================================================

18    |Info:    Found file: Nord.orp attempting to validate header
22    |Info:    Valid v4 profile found for Nord
22    |Info:    Found file: Off.orp attempting to validate header
25    |Info:    Valid v4 profile found for Off
26    |Info:    Found file: Dim.orp attempting to validate header
28    |Info:    Valid v4 profile found for Dim
28    |Info:    Found file: Green.orp attempting to validate header
33    |Info:    Valid v4 profile found for Green
33    |Info:    Found file: Snow.orp attempting to validate header
35    |Info:    Valid v4 profile found for Snow
1038  |Info:    ------------------------------------------------------
1038  |Info:    |               Start device detection               |
1038  |Info:    ------------------------------------------------------
1039  |Info:    Initializing HID interfaces: Success
1042  |Info:    ------------------------------------------------------
1042  |Info:    |             Detecting I2C interfaces               |
1042  |Info:    ------------------------------------------------------
1042  |Info:    Registering I2C interface: /dev/i2c-3 Device 10DE:1E07 Subsystem: 1458:37BD
1042  |Info:    Registering I2C interface: /dev/i2c-1 Device 8086:A323 Subsystem: 1458:5001
1042  |Info:    Registering I2C interface: /dev/i2c-8 Device 10DE:1E07 Subsystem: 1458:37BD
1042  |Info:    Registering I2C interface: /dev/i2c-6 Device 10DE:1E07 Subsystem: 1458:37BD
1042  |Info:    Registering I2C interface: /dev/i2c-4 Device 10DE:1E07 Subsystem: 1458:37BD
1042  |Info:    Registering I2C interface: /dev/i2c-2 Device 10DE:1E07 Subsystem: 1458:37BD
1042  |Info:    Registering I2C interface: /dev/i2c-0 Device 10DE:1AD7 Subsystem: 1458:37BD
1042  |Info:    Registering I2C interface: /dev/i2c-7 Device 10DE:1E07 Subsystem: 1458:37BD
1042  |Info:    Registering I2C interface: /dev/i2c-5 Device 10DE:1E07 Subsystem: 1458:37BD
1042  |Info:    ------------------------------------------------------
1042  |Info:    |               Detecting I2C devices                |
1042  |Info:    ------------------------------------------------------
1531  |Info:    [ENE DRAM] Registering RGB controller
1698  |Info:    [ENE DRAM] Registering RGB controller
1867  |Info:    [ENE DRAM] Registering RGB controller
2041  |Info:    [ENE DRAM] Registering RGB controller
2084  |Info:    ------------------------------------------------------
2084  |Info:    |               Detecting I2C PCI devices            |
2084  |Info:    ------------------------------------------------------
2085  |Info:    ------------------------------------------------------
2085  |Info:    |               Detecting HID devices                |
2085  |Info:    ------------------------------------------------------
2243  |Info:    [Z390 AORUS MASTER-CF] Registering RGB controller
2502  |Info:    [Logitech G915 Wireless RGB Mechanical Gaming Keyboard] Registering RGB controller
2502  |Info:    ------------------------------------------------------
2502  |Info:    |            Detecting libusb HID devices            |
2502  |Info:    ------------------------------------------------------
2517  |Info:    [HyperX Quadcast S] Registering RGB controller
2517  |Info:    ------------------------------------------------------
2517  |Info:    |              Detecting other devices               |
2517  |Info:    ------------------------------------------------------
2521  |Info:    ------------------------------------------------------
2521  |Info:    |                Detection completed                 |
2521  |Info:    ------------------------------------------------------
64606 |Info:    Profile loading: Succeeded for ENE DRAM @ I2C: /dev/i2c-1, address 0x72
64606 |Info:    Profile loading: Succeeded for ENE DRAM @ I2C: /dev/i2c-1, address 0x73
64606 |Info:    Profile loading: Succeeded for ENE DRAM @ I2C: /dev/i2c-1, address 0x74
64606 |Info:    Profile loading: Succeeded for ENE DRAM @ I2C: /dev/i2c-1, address 0x75
64606 |Info:    Profile loading: Succeeded for Z390 AORUS MASTER-CF @ HID: /dev/hidraw8
64606 |Info:    Profile loading: Succeeded for Logitech G915 Wireless RGB Mechanical Gaming Keyboard @ 
64606 |Info:    Profile loading: Succeeded for HyperX Quadcast S @ 1-4.4:1.0
