    OpenRGB v0.9
    Commit:  from 
    Launched: 20240704_154314
====================================================================================================

2     |Info:    Found file: Off.orp attempting to validate header
2     |Info:    Valid v4 profile found for Off
2     |Info:    Found file: Snow.orp attempting to validate header
2     |Info:    Valid v4 profile found for Snow
1010  |Info:    ------------------------------------------------------
1010  |Info:    |               Start device detection               |
1010  |Info:    ------------------------------------------------------
1010  |Info:    Initializing HID interfaces: Success
1014  |Info:    ------------------------------------------------------
1014  |Info:    |             Detecting I2C interfaces               |
1014  |Info:    ------------------------------------------------------
1014  |Info:    Registering I2C interface: /dev/i2c-3 Device 10DE:1E07 Subsystem: 1458:37BD
1014  |Info:    Registering I2C interface: /dev/i2c-1 Device 10DE:1E07 Subsystem: 1458:37BD
1014  |Info:    Registering I2C interface: /dev/i2c-8 Device 8086:A323 Subsystem: 1458:5001
1014  |Info:    Registering I2C interface: /dev/i2c-6 Device 10DE:1E07 Subsystem: 1458:37BD
1014  |Info:    Registering I2C interface: /dev/i2c-4 Device 10DE:1E07 Subsystem: 1458:37BD
1014  |Info:    Registering I2C interface: /dev/i2c-2 Device 10DE:1E07 Subsystem: 1458:37BD
1014  |Info:    Registering I2C interface: /dev/i2c-0 Device 10DE:1E07 Subsystem: 1458:37BD
1014  |Info:    Registering I2C interface: /dev/i2c-7 Device 10DE:1AD7 Subsystem: 1458:37BD
1015  |Info:    Registering I2C interface: /dev/i2c-5 Device 10DE:1E07 Subsystem: 1458:37BD
1015  |Info:    ------------------------------------------------------
1015  |Info:    |               Detecting I2C devices                |
1015  |Info:    ------------------------------------------------------
1266  |Info:    [ENE DRAM] Registering RGB controller
1435  |Info:    [ENE DRAM] Registering RGB controller
1604  |Info:    [ENE DRAM] Registering RGB controller
1777  |Info:    [ENE DRAM] Registering RGB controller
2128  |Info:    ------------------------------------------------------
2128  |Info:    |               Detecting I2C PCI devices            |
2128  |Info:    ------------------------------------------------------
2129  |Info:    ------------------------------------------------------
2129  |Info:    |               Detecting HID devices                |
2129  |Info:    ------------------------------------------------------
2286  |Info:    [Z390 AORUS MASTER-CF] Registering RGB controller
2544  |Info:    [Logitech G915 Wireless RGB Mechanical Gaming Keyboard] Registering RGB controller
2544  |Info:    ------------------------------------------------------
2544  |Info:    |            Detecting libusb HID devices            |
2544  |Info:    ------------------------------------------------------
2567  |Info:    [HyperX Quadcast S] Registering RGB controller
2567  |Info:    ------------------------------------------------------
2567  |Info:    |              Detecting other devices               |
2567  |Info:    ------------------------------------------------------
2576  |Info:    ------------------------------------------------------
2576  |Info:    |                Detection completed                 |
2576  |Info:    ------------------------------------------------------
11611 |Info:    Profile loading: Succeeded for ENE DRAM @ I2C: /dev/i2c-8, address 0x72
11611 |Info:    Profile loading: Succeeded for ENE DRAM @ I2C: /dev/i2c-8, address 0x73
11611 |Info:    Profile loading: Succeeded for ENE DRAM @ I2C: /dev/i2c-8, address 0x74
11611 |Info:    Profile loading: Succeeded for ENE DRAM @ I2C: /dev/i2c-8, address 0x75
11611 |Info:    Profile loading: Succeeded for Z390 AORUS MASTER-CF @ HID: /dev/hidraw6
11611 |Info:    Profile loading: Succeeded for Logitech G915 Wireless RGB Mechanical Gaming Keyboard @ 
11611 |Info:    Profile loading: Succeeded for HyperX Quadcast S @ 1-11.4.4:1.0
