    OpenRGB v0.9
    Commit:  from 
    Launched: 20240119_055706
====================================================================================================

0     |Info:    Found file: Nord.orp attempting to validate header
0     |Info:    Valid v4 profile found for Nord
0     |Info:    Found file: Off.orp attempting to validate header
0     |Info:    Valid v4 profile found for Off
0     |Info:    Found file: Dim.orp attempting to validate header
0     |Info:    Valid v4 profile found for Dim
0     |Info:    Found file: Green.orp attempting to validate header
0     |Info:    Valid v4 profile found for Green
1001  |Info:    ------------------------------------------------------
1001  |Info:    |               Start device detection               |
1001  |Info:    ------------------------------------------------------
1001  |Info:    Initializing HID interfaces: Success
1005  |Info:    ------------------------------------------------------
1005  |Info:    |             Detecting I2C interfaces               |
1005  |Info:    ------------------------------------------------------
1005  |Info:    Registering I2C interface: /dev/i2c-3 Device 10DE:1E07 Subsystem: 1458:37BD
1005  |Info:    Registering I2C interface: /dev/i2c-1 Device 8086:A323 Subsystem: 1458:5001
1005  |Info:    Registering I2C interface: /dev/i2c-8 Device 10DE:1E07 Subsystem: 1458:37BD
1005  |Info:    Registering I2C interface: /dev/i2c-6 Device 10DE:1E07 Subsystem: 1458:37BD
1005  |Info:    Registering I2C interface: /dev/i2c-4 Device 10DE:1E07 Subsystem: 1458:37BD
1005  |Info:    Registering I2C interface: /dev/i2c-2 Device 10DE:1E07 Subsystem: 1458:37BD
1006  |Info:    Registering I2C interface: /dev/i2c-0 Device 10DE:1AD7 Subsystem: 1458:37BD
1006  |Info:    Registering I2C interface: /dev/i2c-7 Device 10DE:1E07 Subsystem: 1458:37BD
1006  |Info:    Registering I2C interface: /dev/i2c-5 Device 10DE:1E07 Subsystem: 1458:37BD
1006  |Info:    ------------------------------------------------------
1006  |Info:    |               Detecting I2C devices                |
1006  |Info:    ------------------------------------------------------
1680  |Info:    [ENE DRAM] Registering RGB controller
1864  |Info:    [ENE DRAM] Registering RGB controller
2033  |Info:    [ENE DRAM] Registering RGB controller
2204  |Info:    [ENE DRAM] Registering RGB controller
2206  |Info:    ------------------------------------------------------
2206  |Info:    |               Detecting I2C PCI devices            |
2206  |Info:    ------------------------------------------------------
2207  |Info:    ------------------------------------------------------
2207  |Info:    |               Detecting HID devices                |
2207  |Info:    ------------------------------------------------------
2369  |Info:    [Z390 AORUS MASTER-CF] Registering RGB controller
2629  |Info:    [Logitech G915 Wireless RGB Mechanical Gaming Keyboard] Registering RGB controller
2629  |Info:    ------------------------------------------------------
2629  |Info:    |            Detecting libusb HID devices            |
2629  |Info:    ------------------------------------------------------
2639  |Info:    [HyperX Quadcast S] Registering RGB controller
2639  |Info:    ------------------------------------------------------
2639  |Info:    |              Detecting other devices               |
2639  |Info:    ------------------------------------------------------
2640  |Info:    ------------------------------------------------------
2640  |Info:    |                Detection completed                 |
2640  |Info:    ------------------------------------------------------
18979 |Info:    Profile loading: Succeeded for ENE DRAM @ I2C: /dev/i2c-1, address 0x39
18979 |Info:    Profile loading: Succeeded for ENE DRAM @ I2C: /dev/i2c-1, address 0x3B
18979 |Info:    Profile loading: Succeeded for ENE DRAM @ I2C: /dev/i2c-1, address 0x3C
18979 |Info:    Profile loading: Succeeded for ENE DRAM @ I2C: /dev/i2c-1, address 0x3D
18979 |Info:    Profile loading: Succeeded for Z390 AORUS MASTER-CF @ HID: /dev/hidraw7
18979 |Info:    Profile loading: Succeeded for Logitech G915 Wireless RGB Mechanical Gaming Keyboard @ 
18979 |Info:    Profile loading: Succeeded for HyperX Quadcast S @ 1-7.4:1.0
