    OpenRGB v0.9
    Commit:  from 
    Launched: 20240617_000704
====================================================================================================

0     |Info:    Found file: Off.orp attempting to validate header
0     |Info:    Valid v4 profile found for Off
0     |Info:    Found file: Snow.orp attempting to validate header
0     |Info:    Valid v4 profile found for Snow
1001  |Info:    ------------------------------------------------------
1001  |Info:    |               Start device detection               |
1001  |Info:    ------------------------------------------------------
1002  |Info:    Initializing HID interfaces: Success
1006  |Info:    ------------------------------------------------------
1006  |Info:    |             Detecting I2C interfaces               |
1006  |Info:    ------------------------------------------------------
1008  |Info:    Registering I2C interface: /dev/i2c-3 Device 10DE:1E07 Subsystem: 1458:37BD
1008  |Info:    Registering I2C interface: /dev/i2c-1 Device 10DE:1E07 Subsystem: 1458:37BD
1008  |Info:    Registering I2C interface: /dev/i2c-8 Device 8086:A323 Subsystem: 1458:5001
1008  |Info:    Registering I2C interface: /dev/i2c-6 Device 10DE:1E07 Subsystem: 1458:37BD
1008  |Info:    Registering I2C interface: /dev/i2c-4 Device 10DE:1E07 Subsystem: 1458:37BD
1008  |Info:    Registering I2C interface: /dev/i2c-2 Device 10DE:1E07 Subsystem: 1458:37BD
1008  |Info:    Registering I2C interface: /dev/i2c-0 Device 10DE:1E07 Subsystem: 1458:37BD
1008  |Info:    Registering I2C interface: /dev/i2c-7 Device 10DE:1AD7 Subsystem: 1458:37BD
1008  |Info:    Registering I2C interface: /dev/i2c-5 Device 10DE:1E07 Subsystem: 1458:37BD
1008  |Info:    ------------------------------------------------------
1008  |Info:    |               Detecting I2C devices                |
1008  |Info:    ------------------------------------------------------
1216  |Info:    [ENE DRAM] Registering RGB controller
1384  |Info:    [ENE DRAM] Registering RGB controller
1553  |Info:    [ENE DRAM] Registering RGB controller
1722  |Info:    [ENE DRAM] Registering RGB controller
2067  |Info:    ------------------------------------------------------
2067  |Info:    |               Detecting I2C PCI devices            |
2067  |Info:    ------------------------------------------------------
2068  |Info:    ------------------------------------------------------
2068  |Info:    |               Detecting HID devices                |
2068  |Info:    ------------------------------------------------------
2224  |Info:    [Z390 AORUS MASTER-CF] Registering RGB controller
2482  |Info:    [Logitech G915 Wireless RGB Mechanical Gaming Keyboard] Registering RGB controller
2482  |Info:    ------------------------------------------------------
2482  |Info:    |            Detecting libusb HID devices            |
2482  |Info:    ------------------------------------------------------
2499  |Info:    [HyperX Quadcast S] Registering RGB controller
2499  |Info:    ------------------------------------------------------
2499  |Info:    |              Detecting other devices               |
2499  |Info:    ------------------------------------------------------
2504  |Info:    ------------------------------------------------------
2504  |Info:    |                Detection completed                 |
2504  |Info:    ------------------------------------------------------
