    OpenRGB v0.9
    Commit:  from 
    Launched: 20240611_001607
====================================================================================================

0     |Info:    Found file: Off.orp attempting to validate header
1     |Info:    Valid v4 profile found for Off
1     |Info:    Found file: Snow.orp attempting to validate header
1     |Info:    Valid v4 profile found for Snow
1007  |Info:    ------------------------------------------------------
1007  |Info:    |               Start device detection               |
1007  |Info:    ------------------------------------------------------
1007  |Info:    Initializing HID interfaces: Success
1011  |Info:    ------------------------------------------------------
1011  |Info:    |             Detecting I2C interfaces               |
1011  |Info:    ------------------------------------------------------
1011  |Info:    Registering I2C interface: /dev/i2c-3 Device 10DE:1E07 Subsystem: 1458:37BD
1011  |Info:    Registering I2C interface: /dev/i2c-1 Device 10DE:1E07 Subsystem: 1458:37BD
1011  |Info:    Registering I2C interface: /dev/i2c-8 Device 8086:A323 Subsystem: 1458:5001
1012  |Info:    Registering I2C interface: /dev/i2c-6 Device 10DE:1E07 Subsystem: 1458:37BD
1012  |Info:    Registering I2C interface: /dev/i2c-4 Device 10DE:1E07 Subsystem: 1458:37BD
1012  |Info:    Registering I2C interface: /dev/i2c-2 Device 10DE:1E07 Subsystem: 1458:37BD
1012  |Info:    Registering I2C interface: /dev/i2c-0 Device 10DE:1E07 Subsystem: 1458:37BD
1012  |Info:    Registering I2C interface: /dev/i2c-7 Device 10DE:1AD7 Subsystem: 1458:37BD
1012  |Info:    Registering I2C interface: /dev/i2c-5 Device 10DE:1E07 Subsystem: 1458:37BD
1012  |Info:    ------------------------------------------------------
1012  |Info:    |               Detecting I2C devices                |
1012  |Info:    ------------------------------------------------------
1257  |Info:    [ENE DRAM] Registering RGB controller
1425  |Info:    [ENE DRAM] Registering RGB controller
1595  |Info:    [ENE DRAM] Registering RGB controller
1764  |Info:    [ENE DRAM] Registering RGB controller
2106  |Info:    ------------------------------------------------------
2106  |Info:    |               Detecting I2C PCI devices            |
2106  |Info:    ------------------------------------------------------
2107  |Info:    ------------------------------------------------------
2107  |Info:    |               Detecting HID devices                |
2107  |Info:    ------------------------------------------------------
2263  |Info:    [Z390 AORUS MASTER-CF] Registering RGB controller
2522  |Info:    [Logitech G915 Wireless RGB Mechanical Gaming Keyboard] Registering RGB controller
2522  |Info:    ------------------------------------------------------
2522  |Info:    |            Detecting libusb HID devices            |
2522  |Info:    ------------------------------------------------------
2539  |Info:    [HyperX Quadcast S] Registering RGB controller
2539  |Info:    ------------------------------------------------------
2539  |Info:    |              Detecting other devices               |
2539  |Info:    ------------------------------------------------------
2545  |Info:    ------------------------------------------------------
2545  |Info:    |                Detection completed                 |
2545  |Info:    ------------------------------------------------------
16191 |Info:    Profile loading: Succeeded for ENE DRAM @ I2C: /dev/i2c-8, address 0x72
16191 |Info:    Profile loading: Succeeded for ENE DRAM @ I2C: /dev/i2c-8, address 0x73
16191 |Info:    Profile loading: Succeeded for ENE DRAM @ I2C: /dev/i2c-8, address 0x74
16191 |Info:    Profile loading: Succeeded for ENE DRAM @ I2C: /dev/i2c-8, address 0x75
16191 |Info:    Profile loading: Succeeded for Z390 AORUS MASTER-CF @ HID: /dev/hidraw6
16191 |Info:    Profile loading: Succeeded for Logitech G915 Wireless RGB Mechanical Gaming Keyboard @ 
16191 |Info:    Profile loading: Succeeded for HyperX Quadcast S @ 1-11.4.4:1.0
