    OpenRGB v0.9
    Commit:  from 
    Launched: 20240209_025046
====================================================================================================

23    |Info:    Found file: Nord.orp attempting to validate header
24    |Info:    Valid v4 profile found for Nord
24    |Info:    Found file: Off.orp attempting to validate header
24    |Info:    Valid v4 profile found for Off
24    |Info:    Found file: Dim.orp attempting to validate header
24    |Info:    Valid v4 profile found for Dim
24    |Info:    Found file: Green.orp attempting to validate header
24    |Info:    Valid v4 profile found for Green
24    |Info:    Found file: Snow.orp attempting to validate header
25    |Info:    Valid v4 profile found for Snow
1027  |Info:    ------------------------------------------------------
1027  |Info:    |               Start device detection               |
1027  |Info:    ------------------------------------------------------
1027  |Info:    Initializing HID interfaces: Success
1030  |Info:    ------------------------------------------------------
1030  |Info:    |             Detecting I2C interfaces               |
1030  |Info:    ------------------------------------------------------
1030  |Info:    Registering I2C interface: /dev/i2c-3 Device 10DE:1E07 Subsystem: 1458:37BD
1030  |Info:    Registering I2C interface: /dev/i2c-1 Device 8086:A323 Subsystem: 1458:5001
1030  |Info:    Registering I2C interface: /dev/i2c-8 Device 10DE:1E07 Subsystem: 1458:37BD
1030  |Info:    Registering I2C interface: /dev/i2c-6 Device 10DE:1E07 Subsystem: 1458:37BD
1030  |Info:    Registering I2C interface: /dev/i2c-4 Device 10DE:1E07 Subsystem: 1458:37BD
1030  |Info:    Registering I2C interface: /dev/i2c-2 Device 10DE:1E07 Subsystem: 1458:37BD
1030  |Info:    Registering I2C interface: /dev/i2c-0 Device 10DE:1AD7 Subsystem: 1458:37BD
1030  |Info:    Registering I2C interface: /dev/i2c-7 Device 10DE:1E07 Subsystem: 1458:37BD
1030  |Info:    Registering I2C interface: /dev/i2c-5 Device 10DE:1E07 Subsystem: 1458:37BD
1030  |Info:    ------------------------------------------------------
1030  |Info:    |               Detecting I2C devices                |
1030  |Info:    ------------------------------------------------------
1519  |Info:    [ENE DRAM] Registering RGB controller
1688  |Info:    [ENE DRAM] Registering RGB controller
1854  |Info:    [ENE DRAM] Registering RGB controller
2018  |Info:    [ENE DRAM] Registering RGB controller
2059  |Info:    ------------------------------------------------------
2059  |Info:    |               Detecting I2C PCI devices            |
2059  |Info:    ------------------------------------------------------
2060  |Info:    ------------------------------------------------------
2060  |Info:    |               Detecting HID devices                |
2060  |Info:    ------------------------------------------------------
2218  |Info:    [Z390 AORUS MASTER-CF] Registering RGB controller
2477  |Info:    [Logitech G915 Wireless RGB Mechanical Gaming Keyboard] Registering RGB controller
2477  |Info:    ------------------------------------------------------
2477  |Info:    |            Detecting libusb HID devices            |
2477  |Info:    ------------------------------------------------------
2493  |Info:    [HyperX Quadcast S] Registering RGB controller
2493  |Info:    ------------------------------------------------------
2493  |Info:    |              Detecting other devices               |
2493  |Info:    ------------------------------------------------------
2500  |Info:    ------------------------------------------------------
2500  |Info:    |                Detection completed                 |
2500  |Info:    ------------------------------------------------------
6311  |Info:    Profile loading: Succeeded for ENE DRAM @ I2C: /dev/i2c-1, address 0x72
6311  |Info:    Profile loading: Succeeded for ENE DRAM @ I2C: /dev/i2c-1, address 0x73
6311  |Info:    Profile loading: Succeeded for ENE DRAM @ I2C: /dev/i2c-1, address 0x74
6311  |Info:    Profile loading: Succeeded for ENE DRAM @ I2C: /dev/i2c-1, address 0x75
6311  |Info:    Profile loading: Succeeded for Z390 AORUS MASTER-CF @ HID: /dev/hidraw8
6311  |Info:    Profile loading: Succeeded for Logitech G915 Wireless RGB Mechanical Gaming Keyboard @ 
6311  |Info:    Profile loading: Succeeded for HyperX Quadcast S @ 1-7.4:1.0
