    OpenRGB v0.9
    Commit:  from 
    Launched: 20240505_170311
====================================================================================================

0     |Info:    Found file: Off.orp attempting to validate header
0     |Info:    Valid v4 profile found for Off
0     |Info:    Found file: Snow.orp attempting to validate header
0     |Info:    Valid v4 profile found for Snow
1003  |Info:    ------------------------------------------------------
1003  |Info:    |               Start device detection               |
1003  |Info:    ------------------------------------------------------
1003  |Info:    Initializing HID interfaces: Success
1015  |Info:    ------------------------------------------------------
1015  |Info:    |             Detecting I2C interfaces               |
1015  |Info:    ------------------------------------------------------
1015  |Info:    Registering I2C interface: /dev/i2c-3 Device 10DE:1E07 Subsystem: 1458:37BD
1015  |Info:    Registering I2C interface: /dev/i2c-1 Device 10DE:1E07 Subsystem: 1458:37BD
1015  |Info:    Registering I2C interface: /dev/i2c-8 Device 8086:A323 Subsystem: 1458:5001
1015  |Info:    Registering I2C interface: /dev/i2c-6 Device 10DE:1E07 Subsystem: 1458:37BD
1015  |Info:    Registering I2C interface: /dev/i2c-4 Device 10DE:1E07 Subsystem: 1458:37BD
1015  |Info:    Registering I2C interface: /dev/i2c-2 Device 10DE:1E07 Subsystem: 1458:37BD
1015  |Info:    Registering I2C interface: /dev/i2c-0 Device 10DE:1E07 Subsystem: 1458:37BD
1015  |Info:    Registering I2C interface: /dev/i2c-7 Device 10DE:1AD7 Subsystem: 1458:37BD
1015  |Info:    Registering I2C interface: /dev/i2c-5 Device 10DE:1E07 Subsystem: 1458:37BD
1015  |Info:    ------------------------------------------------------
1015  |Info:    |               Detecting I2C devices                |
1015  |Info:    ------------------------------------------------------
1206  |Info:    [ENE DRAM] Registering RGB controller
1378  |Info:    [ENE DRAM] Registering RGB controller
1550  |Info:    [ENE DRAM] Registering RGB controller
1722  |Info:    [ENE DRAM] Registering RGB controller
2068  |Info:    ------------------------------------------------------
2068  |Info:    |               Detecting I2C PCI devices            |
2068  |Info:    ------------------------------------------------------
2069  |Info:    ------------------------------------------------------
2069  |Info:    |               Detecting HID devices                |
2069  |Info:    ------------------------------------------------------
2228  |Info:    [Z390 AORUS MASTER-CF] Registering RGB controller
2494  |Info:    [Logitech G915 Wireless RGB Mechanical Gaming Keyboard] Registering RGB controller
2494  |Info:    ------------------------------------------------------
2494  |Info:    |            Detecting libusb HID devices            |
2494  |Info:    ------------------------------------------------------
2516  |Info:    [HyperX Quadcast S] Registering RGB controller
2516  |Info:    ------------------------------------------------------
2516  |Info:    |              Detecting other devices               |
2516  |Info:    ------------------------------------------------------
2524  |Info:    ------------------------------------------------------
2524  |Info:    |                Detection completed                 |
2524  |Info:    ------------------------------------------------------
4329  |Info:    Profile loading: Succeeded for ENE DRAM @ I2C: /dev/i2c-8, address 0x72
4329  |Info:    Profile loading: Succeeded for ENE DRAM @ I2C: /dev/i2c-8, address 0x73
4329  |Info:    Profile loading: Succeeded for ENE DRAM @ I2C: /dev/i2c-8, address 0x74
4329  |Info:    Profile loading: Succeeded for ENE DRAM @ I2C: /dev/i2c-8, address 0x75
4329  |Info:    Profile loading: Succeeded for Z390 AORUS MASTER-CF @ HID: /dev/hidraw6
4329  |Info:    Profile loading: Succeeded for Logitech G915 Wireless RGB Mechanical Gaming Keyboard @ 
4329  |Info:    Profile loading: Succeeded for HyperX Quadcast S @ 1-11.4.4:1.0
