    OpenRGB v0.9
    Commit:  from 
    Launched: 20240505_064236
====================================================================================================

0     |Info:    Found file: Off.orp attempting to validate header
1     |Info:    Valid v4 profile found for Off
1     |Info:    Found file: Snow.orp attempting to validate header
1     |Info:    Valid v4 profile found for Snow
1010  |Info:    ------------------------------------------------------
1010  |Info:    |               Start device detection               |
1010  |Info:    ------------------------------------------------------
1010  |Info:    Initializing HID interfaces: Success
1014  |Info:    ------------------------------------------------------
1014  |Info:    |             Detecting I2C interfaces               |
1014  |Info:    ------------------------------------------------------
1014  |Info:    Registering I2C interface: /dev/i2c-3 Device 10DE:1E07 Subsystem: 1458:37BD
1014  |Info:    Registering I2C interface: /dev/i2c-1 Device 10DE:1E07 Subsystem: 1458:37BD
1015  |Info:    Registering I2C interface: /dev/i2c-8 Device 8086:A323 Subsystem: 1458:5001
1015  |Info:    Registering I2C interface: /dev/i2c-6 Device 10DE:1E07 Subsystem: 1458:37BD
1015  |Info:    Registering I2C interface: /dev/i2c-4 Device 10DE:1E07 Subsystem: 1458:37BD
1015  |Info:    Registering I2C interface: /dev/i2c-2 Device 10DE:1E07 Subsystem: 1458:37BD
1015  |Info:    Registering I2C interface: /dev/i2c-0 Device 10DE:1E07 Subsystem: 1458:37BD
1015  |Info:    Registering I2C interface: /dev/i2c-7 Device 10DE:1AD7 Subsystem: 1458:37BD
1015  |Info:    Registering I2C interface: /dev/i2c-5 Device 10DE:1E07 Subsystem: 1458:37BD
1015  |Info:    ------------------------------------------------------
1015  |Info:    |               Detecting I2C devices                |
1015  |Info:    ------------------------------------------------------
1258  |Info:    [ENE DRAM] Registering RGB controller
1424  |Info:    [ENE DRAM] Registering RGB controller
1593  |Info:    [ENE DRAM] Registering RGB controller
1762  |Info:    [ENE DRAM] Registering RGB controller
2104  |Info:    ------------------------------------------------------
2104  |Info:    |               Detecting I2C PCI devices            |
2104  |Info:    ------------------------------------------------------
2104  |Info:    ------------------------------------------------------
2104  |Info:    |               Detecting HID devices                |
2104  |Info:    ------------------------------------------------------
2263  |Info:    [Z390 AORUS MASTER-CF] Registering RGB controller
2526  |Info:    [Logitech G915 Wireless RGB Mechanical Gaming Keyboard] Registering RGB controller
2527  |Info:    ------------------------------------------------------
2527  |Info:    |            Detecting libusb HID devices            |
2527  |Info:    ------------------------------------------------------
2540  |Info:    [HyperX Quadcast S] Registering RGB controller
2540  |Info:    ------------------------------------------------------
2540  |Info:    |              Detecting other devices               |
2540  |Info:    ------------------------------------------------------
2546  |Info:    ------------------------------------------------------
2546  |Info:    |                Detection completed                 |
2546  |Info:    ------------------------------------------------------
9094  |Info:    Profile loading: Succeeded for ENE DRAM @ I2C: /dev/i2c-8, address 0x72
9094  |Info:    Profile loading: Succeeded for ENE DRAM @ I2C: /dev/i2c-8, address 0x73
9094  |Info:    Profile loading: Succeeded for ENE DRAM @ I2C: /dev/i2c-8, address 0x74
9094  |Info:    Profile loading: Succeeded for ENE DRAM @ I2C: /dev/i2c-8, address 0x75
9094  |Info:    Profile loading: Succeeded for Z390 AORUS MASTER-CF @ HID: /dev/hidraw6
9094  |Info:    Profile loading: Succeeded for Logitech G915 Wireless RGB Mechanical Gaming Keyboard @ 
9094  |Info:    Profile loading: Succeeded for HyperX Quadcast S @ 1-11.4.4:1.0
