    OpenRGB v0.9
    Commit:  from 
    Launched: 20240118_221950
====================================================================================================

0     |Info:    Found file: Nord.orp attempting to validate header
0     |Info:    Valid v4 profile found for Nord
0     |Info:    Found file: Off.orp attempting to validate header
0     |Info:    Valid v4 profile found for Off
0     |Info:    Found file: Dim.orp attempting to validate header
0     |Info:    Valid v4 profile found for Dim
1004  |Info:    ------------------------------------------------------
1004  |Info:    |               Start device detection               |
1004  |Info:    ------------------------------------------------------
1004  |Info:    Initializing HID interfaces: Success
1008  |Info:    ------------------------------------------------------
1008  |Info:    |             Detecting I2C interfaces               |
1008  |Info:    ------------------------------------------------------
1008  |Info:    Registering I2C interface: /dev/i2c-3 Device 10DE:1E07 Subsystem: 1458:37BD
1008  |Info:    Registering I2C interface: /dev/i2c-1 Device 8086:A323 Subsystem: 1458:5001
1008  |Info:    Registering I2C interface: /dev/i2c-8 Device 10DE:1E07 Subsystem: 1458:37BD
1008  |Info:    Registering I2C interface: /dev/i2c-6 Device 10DE:1E07 Subsystem: 1458:37BD
1008  |Info:    Registering I2C interface: /dev/i2c-4 Device 10DE:1E07 Subsystem: 1458:37BD
1008  |Info:    Registering I2C interface: /dev/i2c-2 Device 10DE:1E07 Subsystem: 1458:37BD
1008  |Info:    Registering I2C interface: /dev/i2c-0 Device 10DE:1AD7 Subsystem: 1458:37BD
1008  |Info:    Registering I2C interface: /dev/i2c-7 Device 10DE:1E07 Subsystem: 1458:37BD
1008  |Info:    Registering I2C interface: /dev/i2c-5 Device 10DE:1E07 Subsystem: 1458:37BD
1008  |Info:    ------------------------------------------------------
1008  |Info:    |               Detecting I2C devices                |
1008  |Info:    ------------------------------------------------------
1694  |Info:    [ENE DRAM] Registering RGB controller
1882  |Info:    [ENE DRAM] Registering RGB controller
2057  |Info:    [ENE DRAM] Registering RGB controller
2230  |Info:    [ENE DRAM] Registering RGB controller
2233  |Info:    ------------------------------------------------------
2233  |Info:    |               Detecting I2C PCI devices            |
2233  |Info:    ------------------------------------------------------
2233  |Info:    ------------------------------------------------------
2233  |Info:    |               Detecting HID devices                |
2233  |Info:    ------------------------------------------------------
2395  |Info:    [Z390 AORUS MASTER-CF] Registering RGB controller
2600  |Info:    ------------------------------------------------------
2600  |Info:    |            Detecting libusb HID devices            |
2600  |Info:    ------------------------------------------------------
2606  |Info:    [HyperX Quadcast S] Registering RGB controller
2606  |Info:    ------------------------------------------------------
2606  |Info:    |              Detecting other devices               |
2606  |Info:    ------------------------------------------------------
2607  |Info:    ------------------------------------------------------
2607  |Info:    |                Detection completed                 |
2607  |Info:    ------------------------------------------------------
17664 |Info:    Found file: Nord.orp attempting to validate header
17664 |Info:    Valid v4 profile found for Nord
17664 |Info:    Found file: Off.orp attempting to validate header
17664 |Info:    Valid v4 profile found for Off
17664 |Info:    Found file: Dim.orp attempting to validate header
17664 |Info:    Valid v4 profile found for Dim
17664 |Info:    Found file: Green.orp attempting to validate header
17664 |Info:    Valid v4 profile found for Green
146009|Info:    Found file: Nord.orp attempting to validate header
146009|Info:    Valid v4 profile found for Nord
146009|Info:    Found file: Off.orp attempting to validate header
146009|Info:    Valid v4 profile found for Off
146009|Info:    Found file: Dim.orp attempting to validate header
146009|Info:    Valid v4 profile found for Dim
146009|Info:    Found file: Green.orp attempting to validate header
146009|Info:    Valid v4 profile found for Green
272518|Info:    ------------------------------------------------------
272518|Info:    |               Start device detection               |
272518|Info:    ------------------------------------------------------
272518|Info:    Initializing HID interfaces: Success
272522|Info:    ------------------------------------------------------
272522|Info:    |             Detecting I2C interfaces               |
272522|Info:    ------------------------------------------------------
272522|Info:    Registering I2C interface: /dev/i2c-3 Device 10DE:1E07 Subsystem: 1458:37BD
272522|Info:    Registering I2C interface: /dev/i2c-1 Device 8086:A323 Subsystem: 1458:5001
272522|Info:    Registering I2C interface: /dev/i2c-8 Device 10DE:1E07 Subsystem: 1458:37BD
272522|Info:    Registering I2C interface: /dev/i2c-6 Device 10DE:1E07 Subsystem: 1458:37BD
272522|Info:    Registering I2C interface: /dev/i2c-4 Device 10DE:1E07 Subsystem: 1458:37BD
272522|Info:    Registering I2C interface: /dev/i2c-2 Device 10DE:1E07 Subsystem: 1458:37BD
272522|Info:    Registering I2C interface: /dev/i2c-0 Device 10DE:1AD7 Subsystem: 1458:37BD
272522|Info:    Registering I2C interface: /dev/i2c-7 Device 10DE:1E07 Subsystem: 1458:37BD
272523|Info:    Registering I2C interface: /dev/i2c-5 Device 10DE:1E07 Subsystem: 1458:37BD
272523|Info:    ------------------------------------------------------
272523|Info:    |               Detecting I2C devices                |
272523|Info:    ------------------------------------------------------
273253|Info:    [ENE DRAM] Registering RGB controller
273441|Info:    [ENE DRAM] Registering RGB controller
273623|Info:    [ENE DRAM] Registering RGB controller
273813|Info:    [ENE DRAM] Registering RGB controller
273816|Info:    ------------------------------------------------------
273816|Info:    |               Detecting I2C PCI devices            |
273816|Info:    ------------------------------------------------------
273819|Info:    ------------------------------------------------------
273819|Info:    |               Detecting HID devices                |
273819|Info:    ------------------------------------------------------
273978|Info:    [Z390 AORUS MASTER-CF] Registering RGB controller
274184|Info:    ------------------------------------------------------
274184|Info:    |            Detecting libusb HID devices            |
274184|Info:    ------------------------------------------------------
274191|Info:    [HyperX Quadcast S] Registering RGB controller
274191|Info:    ------------------------------------------------------
274191|Info:    |              Detecting other devices               |
274191|Info:    ------------------------------------------------------
274192|Info:    ------------------------------------------------------
274192|Info:    |                Detection completed                 |
274192|Info:    ------------------------------------------------------
283607|Info:    Profile loading: Succeeded for ENE DRAM @ I2C: /dev/i2c-1, address 0x39
283607|Info:    Profile loading: Succeeded for ENE DRAM @ I2C: /dev/i2c-1, address 0x3B
283607|Info:    Profile loading: Succeeded for ENE DRAM @ I2C: /dev/i2c-1, address 0x3C
283607|Info:    Profile loading: Succeeded for ENE DRAM @ I2C: /dev/i2c-1, address 0x3D
283607|Info:    Profile loading: Succeeded for Z390 AORUS MASTER-CF @ HID: /dev/hidraw7
283607|Info:    Profile loading: Succeeded for HyperX Quadcast S @ 1-7.4:1.0
377799|Info:    Found file: Nord.orp attempting to validate header
377799|Info:    Valid v4 profile found for Nord
377799|Info:    Found file: Off.orp attempting to validate header
377799|Info:    Valid v4 profile found for Off
377799|Info:    Found file: Dim.orp attempting to validate header
377799|Info:    Valid v4 profile found for Dim
377799|Info:    Found file: Green.orp attempting to validate header
377799|Info:    Valid v4 profile found for Green
379871|Info:    Profile loading: Succeeded for ENE DRAM @ I2C: /dev/i2c-1, address 0x39
379871|Info:    Profile loading: Succeeded for ENE DRAM @ I2C: /dev/i2c-1, address 0x3B
379871|Info:    Profile loading: Succeeded for ENE DRAM @ I2C: /dev/i2c-1, address 0x3C
379871|Info:    Profile loading: Succeeded for ENE DRAM @ I2C: /dev/i2c-1, address 0x3D
379871|Info:    Profile loading: Succeeded for Z390 AORUS MASTER-CF @ HID: /dev/hidraw7
379871|Info:    Profile loading: Succeeded for HyperX Quadcast S @ 1-7.4:1.0
380128|Info:    Profile loading: Succeeded for ENE DRAM @ I2C: /dev/i2c-1, address 0x39
380128|Info:    Profile loading: Succeeded for ENE DRAM @ I2C: /dev/i2c-1, address 0x3B
380128|Info:    Profile loading: Succeeded for ENE DRAM @ I2C: /dev/i2c-1, address 0x3C
380128|Info:    Profile loading: Succeeded for ENE DRAM @ I2C: /dev/i2c-1, address 0x3D
380128|Info:    Profile loading: Succeeded for Z390 AORUS MASTER-CF @ HID: /dev/hidraw7
380128|Info:    Profile loading: Succeeded for HyperX Quadcast S @ 1-7.4:1.0
