    OpenRGB v0.9
    Commit:  from 
    Launched: 20240113_145141
====================================================================================================

0     |Info:    Found file: Nord.orp attempting to validate header
0     |Info:    Valid v4 profile found for Nord
0     |Info:    Found file: Off.orp attempting to validate header
0     |Info:    Valid v4 profile found for Off
0     |Info:    Found file: Dim.orp attempting to validate header
0     |Info:    Valid v4 profile found for Dim
1002  |Info:    ------------------------------------------------------
1002  |Info:    |               Start device detection               |
1002  |Info:    ------------------------------------------------------
1002  |Info:    Initializing HID interfaces: Success
1005  |Info:    ------------------------------------------------------
1005  |Info:    |             Detecting I2C interfaces               |
1005  |Info:    ------------------------------------------------------
1006  |Info:    Registering I2C interface: /dev/i2c-3 Device 10DE:1E07 Subsystem: 1458:37BD
1006  |Info:    Registering I2C interface: /dev/i2c-1 Device 8086:A323 Subsystem: 1458:5001
1006  |Info:    Registering I2C interface: /dev/i2c-8 Device 10DE:1E07 Subsystem: 1458:37BD
1007  |Info:    Registering I2C interface: /dev/i2c-6 Device 10DE:1E07 Subsystem: 1458:37BD
1007  |Info:    Registering I2C interface: /dev/i2c-4 Device 10DE:1E07 Subsystem: 1458:37BD
1007  |Info:    Registering I2C interface: /dev/i2c-2 Device 10DE:1E07 Subsystem: 1458:37BD
1007  |Info:    Registering I2C interface: /dev/i2c-0 Device 10DE:1AD7 Subsystem: 1458:37BD
1007  |Info:    Registering I2C interface: /dev/i2c-7 Device 10DE:1E07 Subsystem: 1458:37BD
1007  |Info:    Registering I2C interface: /dev/i2c-5 Device 10DE:1E07 Subsystem: 1458:37BD
1007  |Info:    ------------------------------------------------------
1007  |Info:    |               Detecting I2C devices                |
1007  |Info:    ------------------------------------------------------
1681  |Info:    [ENE DRAM] Registering RGB controller
1856  |Info:    [ENE DRAM] Registering RGB controller
2019  |Info:    [ENE DRAM] Registering RGB controller
2182  |Info:    [ENE DRAM] Registering RGB controller
2185  |Info:    ------------------------------------------------------
2185  |Info:    |               Detecting I2C PCI devices            |
2185  |Info:    ------------------------------------------------------
2186  |Info:    ------------------------------------------------------
2186  |Info:    |               Detecting HID devices                |
2186  |Info:    ------------------------------------------------------
2345  |Info:    [Z390 AORUS MASTER-CF] Registering RGB controller
2608  |Info:    [Logitech G915 Wireless RGB Mechanical Gaming Keyboard] Registering RGB controller
2608  |Info:    ------------------------------------------------------
2608  |Info:    |            Detecting libusb HID devices            |
2608  |Info:    ------------------------------------------------------
2625  |Info:    [HyperX Quadcast S] Registering RGB controller
2626  |Info:    ------------------------------------------------------
2626  |Info:    |              Detecting other devices               |
2626  |Info:    ------------------------------------------------------
2627  |Info:    ------------------------------------------------------
2627  |Info:    |                Detection completed                 |
2627  |Info:    ------------------------------------------------------
