    OpenRGB v0.9
    Commit:  from 
    Launched: 20240701_103458
====================================================================================================

0     |Info:    Found file: Off.orp attempting to validate header
0     |Info:    Valid v4 profile found for Off
0     |Info:    Found file: Snow.orp attempting to validate header
0     |Info:    Valid v4 profile found for Snow
1002  |Info:    ------------------------------------------------------
1002  |Info:    |               Start device detection               |
1002  |Info:    ------------------------------------------------------
1002  |Info:    Initializing HID interfaces: Success
1006  |Info:    ------------------------------------------------------
1006  |Info:    |             Detecting I2C interfaces               |
1006  |Info:    ------------------------------------------------------
1010  |Info:    Registering I2C interface: /dev/i2c-3 Device 10DE:1E07 Subsystem: 1458:37BD
1010  |Info:    Registering I2C interface: /dev/i2c-1 Device 10DE:1E07 Subsystem: 1458:37BD
1010  |Info:    Registering I2C interface: /dev/i2c-8 Device 8086:A323 Subsystem: 1458:5001
1010  |Info:    Registering I2C interface: /dev/i2c-6 Device 10DE:1E07 Subsystem: 1458:37BD
1010  |Info:    Registering I2C interface: /dev/i2c-4 Device 10DE:1E07 Subsystem: 1458:37BD
1010  |Info:    Registering I2C interface: /dev/i2c-2 Device 10DE:1E07 Subsystem: 1458:37BD
1010  |Info:    Registering I2C interface: /dev/i2c-0 Device 10DE:1E07 Subsystem: 1458:37BD
1010  |Info:    Registering I2C interface: /dev/i2c-7 Device 10DE:1AD7 Subsystem: 1458:37BD
1010  |Info:    Registering I2C interface: /dev/i2c-5 Device 10DE:1E07 Subsystem: 1458:37BD
1010  |Info:    ------------------------------------------------------
1010  |Info:    |               Detecting I2C devices                |
1010  |Info:    ------------------------------------------------------
1198  |Info:    [ENE DRAM] Registering RGB controller
1367  |Info:    [ENE DRAM] Registering RGB controller
1538  |Info:    [ENE DRAM] Registering RGB controller
1714  |Info:    [ENE DRAM] Registering RGB controller
2058  |Info:    ------------------------------------------------------
2058  |Info:    |               Detecting I2C PCI devices            |
2058  |Info:    ------------------------------------------------------
2058  |Info:    ------------------------------------------------------
2059  |Info:    |               Detecting HID devices                |
2059  |Info:    ------------------------------------------------------
2215  |Info:    [Z390 AORUS MASTER-CF] Registering RGB controller
2473  |Info:    [Logitech G915 Wireless RGB Mechanical Gaming Keyboard] Registering RGB controller
2473  |Info:    ------------------------------------------------------
2473  |Info:    |            Detecting libusb HID devices            |
2473  |Info:    ------------------------------------------------------
2496  |Info:    [HyperX Quadcast S] Registering RGB controller
2496  |Info:    ------------------------------------------------------
2496  |Info:    |              Detecting other devices               |
2496  |Info:    ------------------------------------------------------
2503  |Info:    ------------------------------------------------------
2503  |Info:    |                Detection completed                 |
2503  |Info:    ------------------------------------------------------
10816 |Info:    Profile loading: Succeeded for ENE DRAM @ I2C: /dev/i2c-8, address 0x72
10816 |Info:    Profile loading: Succeeded for ENE DRAM @ I2C: /dev/i2c-8, address 0x73
10816 |Info:    Profile loading: Succeeded for ENE DRAM @ I2C: /dev/i2c-8, address 0x74
10816 |Info:    Profile loading: Succeeded for ENE DRAM @ I2C: /dev/i2c-8, address 0x75
10816 |Info:    Profile loading: Succeeded for Z390 AORUS MASTER-CF @ HID: /dev/hidraw6
10816 |Info:    Profile loading: Succeeded for Logitech G915 Wireless RGB Mechanical Gaming Keyboard @ 
10816 |Info:    Profile loading: Succeeded for HyperX Quadcast S @ 1-11.4.4:1.0
