    OpenRGB v0.9
    Commit:  from 
    Launched: 20240301_144522
====================================================================================================

1     |Info:    Found file: Nord.orp attempting to validate header
2     |Info:    Valid v4 profile found for Nord
2     |Info:    Found file: Off.orp attempting to validate header
6     |Info:    Valid v4 profile found for Off
6     |Info:    Found file: Dim.orp attempting to validate header
7     |Info:    Valid v4 profile found for Dim
7     |Info:    Found file: Green.orp attempting to validate header
8     |Info:    Valid v4 profile found for Green
8     |Info:    Found file: Snow.orp attempting to validate header
11    |Info:    Valid v4 profile found for Snow
1013  |Info:    ------------------------------------------------------
1013  |Info:    |               Start device detection               |
1013  |Info:    ------------------------------------------------------
1013  |Info:    Initializing HID interfaces: Success
1017  |Info:    ------------------------------------------------------
1017  |Info:    |             Detecting I2C interfaces               |
1017  |Info:    ------------------------------------------------------
1017  |Info:    Registering I2C interface: /dev/i2c-3 Device 10DE:1E07 Subsystem: 1458:37BD
1017  |Info:    Registering I2C interface: /dev/i2c-1 Device 8086:A323 Subsystem: 1458:5001
1017  |Info:    Registering I2C interface: /dev/i2c-8 Device 10DE:1E07 Subsystem: 1458:37BD
1017  |Info:    Registering I2C interface: /dev/i2c-6 Device 10DE:1E07 Subsystem: 1458:37BD
1017  |Info:    Registering I2C interface: /dev/i2c-4 Device 10DE:1E07 Subsystem: 1458:37BD
1017  |Info:    Registering I2C interface: /dev/i2c-2 Device 10DE:1E07 Subsystem: 1458:37BD
1017  |Info:    Registering I2C interface: /dev/i2c-0 Device 10DE:1AD7 Subsystem: 1458:37BD
1017  |Info:    Registering I2C interface: /dev/i2c-7 Device 10DE:1E07 Subsystem: 1458:37BD
1017  |Info:    Registering I2C interface: /dev/i2c-5 Device 10DE:1E07 Subsystem: 1458:37BD
1017  |Info:    ------------------------------------------------------
1017  |Info:    |               Detecting I2C devices                |
1017  |Info:    ------------------------------------------------------
1527  |Info:    [ENE DRAM] Registering RGB controller
1701  |Info:    [ENE DRAM] Registering RGB controller
1871  |Info:    [ENE DRAM] Registering RGB controller
2043  |Info:    [ENE DRAM] Registering RGB controller
2085  |Info:    ------------------------------------------------------
2085  |Info:    |               Detecting I2C PCI devices            |
2085  |Info:    ------------------------------------------------------
2086  |Info:    ------------------------------------------------------
2086  |Info:    |               Detecting HID devices                |
2086  |Info:    ------------------------------------------------------
2247  |Info:    [Z390 AORUS MASTER-CF] Registering RGB controller
2452  |Info:    ------------------------------------------------------
2452  |Info:    |            Detecting libusb HID devices            |
2452  |Info:    ------------------------------------------------------
2463  |Info:    [HyperX Quadcast S] Registering RGB controller
2463  |Info:    ------------------------------------------------------
2463  |Info:    |              Detecting other devices               |
2463  |Info:    ------------------------------------------------------
2470  |Info:    ------------------------------------------------------
2470  |Info:    |                Detection completed                 |
2470  |Info:    ------------------------------------------------------
23095 |Info:    Profile loading: Succeeded for ENE DRAM @ I2C: /dev/i2c-1, address 0x72
23095 |Info:    Profile loading: Succeeded for ENE DRAM @ I2C: /dev/i2c-1, address 0x73
23095 |Info:    Profile loading: Succeeded for ENE DRAM @ I2C: /dev/i2c-1, address 0x74
23095 |Info:    Profile loading: Succeeded for ENE DRAM @ I2C: /dev/i2c-1, address 0x75
23095 |Info:    Profile loading: Succeeded for Z390 AORUS MASTER-CF @ HID: /dev/hidraw8
23095 |Info:    Profile loading: FAILED! for HyperX Quadcast S @ 1-4.4:1.0
