    OpenRGB v0.9
    Commit:  from 
    Launched: 20240630_210513
====================================================================================================

2     |Info:    Found file: Off.orp attempting to validate header
2     |Info:    Valid v4 profile found for Off
2     |Info:    Found file: Snow.orp attempting to validate header
2     |Info:    Valid v4 profile found for Snow
1011  |Info:    ------------------------------------------------------
1011  |Info:    |               Start device detection               |
1011  |Info:    ------------------------------------------------------
1012  |Info:    Initializing HID interfaces: Success
1016  |Info:    ------------------------------------------------------
1016  |Info:    |             Detecting I2C interfaces               |
1016  |Info:    ------------------------------------------------------
1016  |Info:    Registering I2C interface: /dev/i2c-3 Device 10DE:1E07 Subsystem: 1458:37BD
1016  |Info:    Registering I2C interface: /dev/i2c-1 Device 10DE:1E07 Subsystem: 1458:37BD
1016  |Info:    Registering I2C interface: /dev/i2c-8 Device 8086:A323 Subsystem: 1458:5001
1016  |Info:    Registering I2C interface: /dev/i2c-6 Device 10DE:1E07 Subsystem: 1458:37BD
1016  |Info:    Registering I2C interface: /dev/i2c-4 Device 10DE:1E07 Subsystem: 1458:37BD
1016  |Info:    Registering I2C interface: /dev/i2c-2 Device 10DE:1E07 Subsystem: 1458:37BD
1016  |Info:    Registering I2C interface: /dev/i2c-0 Device 10DE:1E07 Subsystem: 1458:37BD
1016  |Info:    Registering I2C interface: /dev/i2c-7 Device 10DE:1AD7 Subsystem: 1458:37BD
1016  |Info:    Registering I2C interface: /dev/i2c-5 Device 10DE:1E07 Subsystem: 1458:37BD
1016  |Info:    ------------------------------------------------------
1016  |Info:    |               Detecting I2C devices                |
1016  |Info:    ------------------------------------------------------
1258  |Info:    [ENE DRAM] Registering RGB controller
1427  |Info:    [ENE DRAM] Registering RGB controller
1595  |Info:    [ENE DRAM] Registering RGB controller
1763  |Info:    [ENE DRAM] Registering RGB controller
2110  |Info:    ------------------------------------------------------
2110  |Info:    |               Detecting I2C PCI devices            |
2110  |Info:    ------------------------------------------------------
2111  |Info:    ------------------------------------------------------
2111  |Info:    |               Detecting HID devices                |
2111  |Info:    ------------------------------------------------------
2268  |Info:    [Z390 AORUS MASTER-CF] Registering RGB controller
2473  |Info:    ------------------------------------------------------
2473  |Info:    |            Detecting libusb HID devices            |
2473  |Info:    ------------------------------------------------------
2495  |Info:    [HyperX Quadcast S] Registering RGB controller
2495  |Info:    ------------------------------------------------------
2495  |Info:    |              Detecting other devices               |
2495  |Info:    ------------------------------------------------------
2504  |Info:    ------------------------------------------------------
2504  |Info:    |                Detection completed                 |
2504  |Info:    ------------------------------------------------------
609933|Info:    Profile loading: Succeeded for ENE DRAM @ I2C: /dev/i2c-8, address 0x72
609933|Info:    Profile loading: Succeeded for ENE DRAM @ I2C: /dev/i2c-8, address 0x73
609933|Info:    Profile loading: Succeeded for ENE DRAM @ I2C: /dev/i2c-8, address 0x74
609933|Info:    Profile loading: Succeeded for ENE DRAM @ I2C: /dev/i2c-8, address 0x75
609933|Info:    Profile loading: Succeeded for Z390 AORUS MASTER-CF @ HID: /dev/hidraw7
609933|Info:    Profile loading: Succeeded for HyperX Quadcast S @ 1-11.4.4:1.0
