    OpenRGB v0.9
    Commit:  from 
    Launched: 20240222_145936
====================================================================================================

20    |Info:    Found file: Nord.orp attempting to validate header
21    |Info:    Valid v4 profile found for Nord
21    |Info:    Found file: Off.orp attempting to validate header
21    |Info:    Valid v4 profile found for Off
21    |Info:    Found file: Dim.orp attempting to validate header
22    |Info:    Valid v4 profile found for Dim
22    |Info:    Found file: Green.orp attempting to validate header
23    |Info:    Valid v4 profile found for Green
23    |Info:    Found file: Snow.orp attempting to validate header
23    |Info:    Valid v4 profile found for Snow
1029  |Info:    ------------------------------------------------------
1029  |Info:    |               Start device detection               |
1029  |Info:    ------------------------------------------------------
1029  |Info:    Initializing HID interfaces: Success
1032  |Info:    ------------------------------------------------------
1032  |Info:    |             Detecting I2C interfaces               |
1032  |Info:    ------------------------------------------------------
1033  |Info:    Registering I2C interface: /dev/i2c-3 Device 10DE:1E07 Subsystem: 1458:37BD
1033  |Info:    Registering I2C interface: /dev/i2c-1 Device 8086:A323 Subsystem: 1458:5001
1033  |Info:    Registering I2C interface: /dev/i2c-8 Device 10DE:1E07 Subsystem: 1458:37BD
1033  |Info:    Registering I2C interface: /dev/i2c-6 Device 10DE:1E07 Subsystem: 1458:37BD
1033  |Info:    Registering I2C interface: /dev/i2c-4 Device 10DE:1E07 Subsystem: 1458:37BD
1033  |Info:    Registering I2C interface: /dev/i2c-2 Device 10DE:1E07 Subsystem: 1458:37BD
1033  |Info:    Registering I2C interface: /dev/i2c-0 Device 10DE:1AD7 Subsystem: 1458:37BD
1033  |Info:    Registering I2C interface: /dev/i2c-7 Device 10DE:1E07 Subsystem: 1458:37BD
1033  |Info:    Registering I2C interface: /dev/i2c-5 Device 10DE:1E07 Subsystem: 1458:37BD
1033  |Info:    ------------------------------------------------------
1033  |Info:    |               Detecting I2C devices                |
1033  |Info:    ------------------------------------------------------
1533  |Info:    [ENE DRAM] Registering RGB controller
1698  |Info:    [ENE DRAM] Registering RGB controller
1864  |Info:    [ENE DRAM] Registering RGB controller
2029  |Info:    [ENE DRAM] Registering RGB controller
2069  |Info:    ------------------------------------------------------
2069  |Info:    |               Detecting I2C PCI devices            |
2069  |Info:    ------------------------------------------------------
2070  |Info:    ------------------------------------------------------
2070  |Info:    |               Detecting HID devices                |
2070  |Info:    ------------------------------------------------------
2230  |Info:    [Z390 AORUS MASTER-CF] Registering RGB controller
2489  |Info:    [Logitech G915 Wireless RGB Mechanical Gaming Keyboard] Registering RGB controller
2489  |Info:    ------------------------------------------------------
2489  |Info:    |            Detecting libusb HID devices            |
2489  |Info:    ------------------------------------------------------
2504  |Info:    [HyperX Quadcast S] Registering RGB controller
2504  |Info:    ------------------------------------------------------
2504  |Info:    |              Detecting other devices               |
2504  |Info:    ------------------------------------------------------
2510  |Info:    ------------------------------------------------------
2510  |Info:    |                Detection completed                 |
2510  |Info:    ------------------------------------------------------
26813 |Info:    Profile loading: Succeeded for ENE DRAM @ I2C: /dev/i2c-1, address 0x72
26813 |Info:    Profile loading: Succeeded for ENE DRAM @ I2C: /dev/i2c-1, address 0x73
26813 |Info:    Profile loading: Succeeded for ENE DRAM @ I2C: /dev/i2c-1, address 0x74
26813 |Info:    Profile loading: Succeeded for ENE DRAM @ I2C: /dev/i2c-1, address 0x75
26813 |Info:    Profile loading: Succeeded for Z390 AORUS MASTER-CF @ HID: /dev/hidraw5
26813 |Info:    Profile loading: Succeeded for Logitech G915 Wireless RGB Mechanical Gaming Keyboard @ 
26813 |Info:    Profile loading: FAILED! for HyperX Quadcast S @ 1-4.4:1.0
