    OpenRGB v0.9
    Commit:  from 
    Launched: 20240118_222615
====================================================================================================

0     |Info:    Found file: Nord.orp attempting to validate header
0     |Info:    Valid v4 profile found for Nord
0     |Info:    Found file: Off.orp attempting to validate header
0     |Info:    Valid v4 profile found for Off
0     |Info:    Found file: Dim.orp attempting to validate header
0     |Info:    Valid v4 profile found for Dim
0     |Info:    Found file: Green.orp attempting to validate header
0     |Info:    Valid v4 profile found for Green
1005  |Info:    ------------------------------------------------------
1005  |Info:    |               Start device detection               |
1005  |Info:    ------------------------------------------------------
1005  |Info:    Initializing HID interfaces: Success
1011  |Info:    ------------------------------------------------------
1011  |Info:    |             Detecting I2C interfaces               |
1011  |Info:    ------------------------------------------------------
1011  |Info:    Registering I2C interface: /dev/i2c-3 Device 10DE:1E07 Subsystem: 1458:37BD
1011  |Info:    Registering I2C interface: /dev/i2c-1 Device 8086:A323 Subsystem: 1458:5001
1011  |Info:    Registering I2C interface: /dev/i2c-8 Device 10DE:1E07 Subsystem: 1458:37BD
1011  |Info:    Registering I2C interface: /dev/i2c-6 Device 10DE:1E07 Subsystem: 1458:37BD
1011  |Info:    Registering I2C interface: /dev/i2c-4 Device 10DE:1E07 Subsystem: 1458:37BD
1012  |Info:    Registering I2C interface: /dev/i2c-2 Device 10DE:1E07 Subsystem: 1458:37BD
1012  |Info:    Registering I2C interface: /dev/i2c-0 Device 10DE:1AD7 Subsystem: 1458:37BD
1012  |Info:    Registering I2C interface: /dev/i2c-7 Device 10DE:1E07 Subsystem: 1458:37BD
1012  |Info:    Registering I2C interface: /dev/i2c-5 Device 10DE:1E07 Subsystem: 1458:37BD
1012  |Info:    ------------------------------------------------------
1012  |Info:    |               Detecting I2C devices                |
1012  |Info:    ------------------------------------------------------
1699  |Info:    [ENE DRAM] Registering RGB controller
1891  |Info:    [ENE DRAM] Registering RGB controller
2075  |Info:    [ENE DRAM] Registering RGB controller
2251  |Info:    [ENE DRAM] Registering RGB controller
2254  |Info:    ------------------------------------------------------
2254  |Info:    |               Detecting I2C PCI devices            |
2254  |Info:    ------------------------------------------------------
2254  |Info:    ------------------------------------------------------
2254  |Info:    |               Detecting HID devices                |
2254  |Info:    ------------------------------------------------------
2419  |Info:    [Z390 AORUS MASTER-CF] Registering RGB controller
2624  |Info:    ------------------------------------------------------
2624  |Info:    |            Detecting libusb HID devices            |
2624  |Info:    ------------------------------------------------------
2630  |Info:    [HyperX Quadcast S] Registering RGB controller
2630  |Info:    ------------------------------------------------------
2630  |Info:    |              Detecting other devices               |
2630  |Info:    ------------------------------------------------------
2631  |Info:    ------------------------------------------------------
2631  |Info:    |                Detection completed                 |
2631  |Info:    ------------------------------------------------------
6744  |Info:    Profile loading: Succeeded for ENE DRAM @ I2C: /dev/i2c-1, address 0x39
6744  |Info:    Profile loading: Succeeded for ENE DRAM @ I2C: /dev/i2c-1, address 0x3B
6744  |Info:    Profile loading: Succeeded for ENE DRAM @ I2C: /dev/i2c-1, address 0x3C
6744  |Info:    Profile loading: Succeeded for ENE DRAM @ I2C: /dev/i2c-1, address 0x3D
6744  |Info:    Profile loading: Succeeded for Z390 AORUS MASTER-CF @ HID: /dev/hidraw7
6744  |Info:    Profile loading: Succeeded for HyperX Quadcast S @ 1-7.4:1.0
