    OpenRGB v0.9
    Commit:  from 
    Launched: 20240209_030239
====================================================================================================

18    |Info:    Found file: Nord.orp attempting to validate header
18    |Info:    Valid v4 profile found for Nord
18    |Info:    Found file: Off.orp attempting to validate header
19    |Info:    Valid v4 profile found for Off
19    |Info:    Found file: Dim.orp attempting to validate header
19    |Info:    Valid v4 profile found for Dim
19    |Info:    Found file: Green.orp attempting to validate header
19    |Info:    Valid v4 profile found for Green
19    |Info:    Found file: Snow.orp attempting to validate header
20    |Info:    Valid v4 profile found for Snow
1026  |Info:    ------------------------------------------------------
1026  |Info:    |               Start device detection               |
1026  |Info:    ------------------------------------------------------
1028  |Info:    Initializing HID interfaces: Success
1031  |Info:    ------------------------------------------------------
1031  |Info:    |             Detecting I2C interfaces               |
1031  |Info:    ------------------------------------------------------
1033  |Info:    Registering I2C interface: /dev/i2c-3 Device 10DE:1E07 Subsystem: 1458:37BD
1033  |Info:    Registering I2C interface: /dev/i2c-1 Device 8086:A323 Subsystem: 1458:5001
1033  |Info:    Registering I2C interface: /dev/i2c-8 Device 10DE:1E07 Subsystem: 1458:37BD
1033  |Info:    Registering I2C interface: /dev/i2c-6 Device 10DE:1E07 Subsystem: 1458:37BD
1033  |Info:    Registering I2C interface: /dev/i2c-4 Device 10DE:1E07 Subsystem: 1458:37BD
1033  |Info:    Registering I2C interface: /dev/i2c-2 Device 10DE:1E07 Subsystem: 1458:37BD
1033  |Info:    Registering I2C interface: /dev/i2c-0 Device 10DE:1AD7 Subsystem: 1458:37BD
1033  |Info:    Registering I2C interface: /dev/i2c-7 Device 10DE:1E07 Subsystem: 1458:37BD
1033  |Info:    Registering I2C interface: /dev/i2c-5 Device 10DE:1E07 Subsystem: 1458:37BD
1033  |Info:    ------------------------------------------------------
1033  |Info:    |               Detecting I2C devices                |
1033  |Info:    ------------------------------------------------------
1523  |Info:    [ENE DRAM] Registering RGB controller
1689  |Info:    [ENE DRAM] Registering RGB controller
1857  |Info:    [ENE DRAM] Registering RGB controller
2025  |Info:    [ENE DRAM] Registering RGB controller
2066  |Info:    ------------------------------------------------------
2066  |Info:    |               Detecting I2C PCI devices            |
2066  |Info:    ------------------------------------------------------
2066  |Info:    ------------------------------------------------------
2066  |Info:    |               Detecting HID devices                |
2066  |Info:    ------------------------------------------------------
2228  |Info:    [Z390 AORUS MASTER-CF] Registering RGB controller
2487  |Info:    [Logitech G915 Wireless RGB Mechanical Gaming Keyboard] Registering RGB controller
2487  |Info:    ------------------------------------------------------
2487  |Info:    |            Detecting libusb HID devices            |
2487  |Info:    ------------------------------------------------------
2503  |Info:    [HyperX Quadcast S] Registering RGB controller
2503  |Info:    ------------------------------------------------------
2503  |Info:    |              Detecting other devices               |
2503  |Info:    ------------------------------------------------------
2510  |Info:    ------------------------------------------------------
2510  |Info:    |                Detection completed                 |
2510  |Info:    ------------------------------------------------------
5405  |Info:    Profile loading: Succeeded for ENE DRAM @ I2C: /dev/i2c-1, address 0x72
5405  |Info:    Profile loading: Succeeded for ENE DRAM @ I2C: /dev/i2c-1, address 0x73
5405  |Info:    Profile loading: Succeeded for ENE DRAM @ I2C: /dev/i2c-1, address 0x74
5405  |Info:    Profile loading: Succeeded for ENE DRAM @ I2C: /dev/i2c-1, address 0x75
5405  |Info:    Profile loading: Succeeded for Z390 AORUS MASTER-CF @ HID: /dev/hidraw8
5405  |Info:    Profile loading: Succeeded for Logitech G915 Wireless RGB Mechanical Gaming Keyboard @ 
5405  |Info:    Profile loading: Succeeded for HyperX Quadcast S @ 1-7.4:1.0
