    OpenRGB v0.9
    Commit:  from 
    Launched: 20240113_112116
====================================================================================================

0     |Info:    Found file: Nord.orp attempting to validate header
0     |Info:    Valid v4 profile found for Nord
0     |Info:    Found file: Off.orp attempting to validate header
0     |Info:    Valid v4 profile found for Off
0     |Info:    Found file: Dim.orp attempting to validate header
0     |Info:    Valid v4 profile found for Dim
1001  |Info:    ------------------------------------------------------
1001  |Info:    |               Start device detection               |
1001  |Info:    ------------------------------------------------------
1002  |Info:    Initializing HID interfaces: Success
1005  |Info:    ------------------------------------------------------
1005  |Info:    |             Detecting I2C interfaces               |
1005  |Info:    ------------------------------------------------------
1005  |Info:    Registering I2C interface: /dev/i2c-3 Device 10DE:1E07 Subsystem: 1458:37BD
1005  |Info:    Registering I2C interface: /dev/i2c-1 Device 8086:A323 Subsystem: 1458:5001
1005  |Info:    Registering I2C interface: /dev/i2c-8 Device 10DE:1E07 Subsystem: 1458:37BD
1005  |Info:    Registering I2C interface: /dev/i2c-6 Device 10DE:1E07 Subsystem: 1458:37BD
1005  |Info:    Registering I2C interface: /dev/i2c-4 Device 10DE:1E07 Subsystem: 1458:37BD
1005  |Info:    Registering I2C interface: /dev/i2c-2 Device 10DE:1E07 Subsystem: 1458:37BD
1005  |Info:    Registering I2C interface: /dev/i2c-0 Device 10DE:1AD7 Subsystem: 1458:37BD
1005  |Info:    Registering I2C interface: /dev/i2c-7 Device 10DE:1E07 Subsystem: 1458:37BD
1005  |Info:    Registering I2C interface: /dev/i2c-5 Device 10DE:1E07 Subsystem: 1458:37BD
1005  |Info:    ------------------------------------------------------
1005  |Info:    |               Detecting I2C devices                |
1005  |Info:    ------------------------------------------------------
1680  |Info:    [ENE DRAM] Registering RGB controller
1857  |Info:    [ENE DRAM] Registering RGB controller
2025  |Info:    [ENE DRAM] Registering RGB controller
2195  |Info:    [ENE DRAM] Registering RGB controller
2198  |Info:    ------------------------------------------------------
2198  |Info:    |               Detecting I2C PCI devices            |
2198  |Info:    ------------------------------------------------------
2198  |Info:    ------------------------------------------------------
2198  |Info:    |               Detecting HID devices                |
2198  |Info:    ------------------------------------------------------
2358  |Info:    [Z390 AORUS MASTER-CF] Registering RGB controller
2617  |Info:    [Logitech G915 Wireless RGB Mechanical Gaming Keyboard] Registering RGB controller
2617  |Info:    ------------------------------------------------------
2617  |Info:    |            Detecting libusb HID devices            |
2617  |Info:    ------------------------------------------------------
2627  |Info:    [HyperX Quadcast S] Registering RGB controller
2627  |Info:    ------------------------------------------------------
2627  |Info:    |              Detecting other devices               |
2627  |Info:    ------------------------------------------------------
2628  |Info:    ------------------------------------------------------
2628  |Info:    |                Detection completed                 |
2628  |Info:    ------------------------------------------------------
