    OpenRGB v0.9
    Commit:  from 
    Launched: 20240114_042934
====================================================================================================

0     |Info:    Found file: Nord.orp attempting to validate header
0     |Info:    Valid v4 profile found for Nord
0     |Info:    Found file: Off.orp attempting to validate header
0     |Info:    Valid v4 profile found for Off
0     |Info:    Found file: Dim.orp attempting to validate header
0     |Info:    Valid v4 profile found for Dim
1002  |Info:    ------------------------------------------------------
1002  |Info:    |               Start device detection               |
1002  |Info:    ------------------------------------------------------
1002  |Info:    Initializing HID interfaces: Success
1011  |Info:    ------------------------------------------------------
1011  |Info:    |             Detecting I2C interfaces               |
1011  |Info:    ------------------------------------------------------
1012  |Info:    Registering I2C interface: /dev/i2c-3 Device 10DE:1E07 Subsystem: 1458:37BD
1012  |Info:    Registering I2C interface: /dev/i2c-1 Device 8086:A323 Subsystem: 1458:5001
1012  |Info:    Registering I2C interface: /dev/i2c-8 Device 10DE:1E07 Subsystem: 1458:37BD
1012  |Info:    Registering I2C interface: /dev/i2c-6 Device 10DE:1E07 Subsystem: 1458:37BD
1012  |Info:    Registering I2C interface: /dev/i2c-4 Device 10DE:1E07 Subsystem: 1458:37BD
1012  |Info:    Registering I2C interface: /dev/i2c-2 Device 10DE:1E07 Subsystem: 1458:37BD
1012  |Info:    Registering I2C interface: /dev/i2c-0 Device 10DE:1AD7 Subsystem: 1458:37BD
1013  |Info:    Registering I2C interface: /dev/i2c-7 Device 10DE:1E07 Subsystem: 1458:37BD
1013  |Info:    Registering I2C interface: /dev/i2c-5 Device 10DE:1E07 Subsystem: 1458:37BD
1013  |Info:    ------------------------------------------------------
1013  |Info:    |               Detecting I2C devices                |
1013  |Info:    ------------------------------------------------------
1688  |Info:    [ENE DRAM] Registering RGB controller
1868  |Info:    [ENE DRAM] Registering RGB controller
2037  |Info:    [ENE DRAM] Registering RGB controller
2205  |Info:    [ENE DRAM] Registering RGB controller
2208  |Info:    ------------------------------------------------------
2208  |Info:    |               Detecting I2C PCI devices            |
2208  |Info:    ------------------------------------------------------
2208  |Info:    ------------------------------------------------------
2208  |Info:    |               Detecting HID devices                |
2208  |Info:    ------------------------------------------------------
2369  |Info:    [Z390 AORUS MASTER-CF] Registering RGB controller
2634  |Info:    [Logitech G915 Wireless RGB Mechanical Gaming Keyboard] Registering RGB controller
2634  |Info:    ------------------------------------------------------
2634  |Info:    |            Detecting libusb HID devices            |
2634  |Info:    ------------------------------------------------------
2644  |Info:    [HyperX Quadcast S] Registering RGB controller
2644  |Info:    ------------------------------------------------------
2644  |Info:    |              Detecting other devices               |
2644  |Info:    ------------------------------------------------------
2645  |Info:    ------------------------------------------------------
2645  |Info:    |                Detection completed                 |
2645  |Info:    ------------------------------------------------------
5781  |Info:    ------------------------------------------------------
5781  |Info:    |               Start device detection               |
5781  |Info:    ------------------------------------------------------
5781  |Info:    Initializing HID interfaces: Success
5785  |Info:    ------------------------------------------------------
5785  |Info:    |             Detecting I2C interfaces               |
5785  |Info:    ------------------------------------------------------
5785  |Info:    Registering I2C interface: /dev/i2c-3 Device 10DE:1E07 Subsystem: 1458:37BD
5785  |Info:    Registering I2C interface: /dev/i2c-1 Device 8086:A323 Subsystem: 1458:5001
5785  |Info:    Registering I2C interface: /dev/i2c-8 Device 10DE:1E07 Subsystem: 1458:37BD
5785  |Info:    Registering I2C interface: /dev/i2c-6 Device 10DE:1E07 Subsystem: 1458:37BD
5786  |Info:    Registering I2C interface: /dev/i2c-4 Device 10DE:1E07 Subsystem: 1458:37BD
5786  |Info:    Registering I2C interface: /dev/i2c-2 Device 10DE:1E07 Subsystem: 1458:37BD
5786  |Info:    Registering I2C interface: /dev/i2c-0 Device 10DE:1AD7 Subsystem: 1458:37BD
5786  |Info:    Registering I2C interface: /dev/i2c-7 Device 10DE:1E07 Subsystem: 1458:37BD
5786  |Info:    Registering I2C interface: /dev/i2c-5 Device 10DE:1E07 Subsystem: 1458:37BD
5786  |Info:    ------------------------------------------------------
5786  |Info:    |               Detecting I2C devices                |
5786  |Info:    ------------------------------------------------------
6473  |Info:    [ENE DRAM] Registering RGB controller
6652  |Info:    [ENE DRAM] Registering RGB controller
6822  |Info:    [ENE DRAM] Registering RGB controller
6990  |Info:    [ENE DRAM] Registering RGB controller
6992  |Info:    ------------------------------------------------------
6992  |Info:    |               Detecting I2C PCI devices            |
6992  |Info:    ------------------------------------------------------
6993  |Info:    ------------------------------------------------------
6993  |Info:    |               Detecting HID devices                |
6993  |Info:    ------------------------------------------------------
7156  |Info:    [Z390 AORUS MASTER-CF] Registering RGB controller
7363  |Info:    [Logitech G915 Wireless RGB Mechanical Gaming Keyboard] Registering RGB controller
7363  |Info:    ------------------------------------------------------
7363  |Info:    |            Detecting libusb HID devices            |
7363  |Info:    ------------------------------------------------------
7376  |Info:    [HyperX Quadcast S] Registering RGB controller
7376  |Info:    ------------------------------------------------------
7376  |Info:    |              Detecting other devices               |
7376  |Info:    ------------------------------------------------------
7379  |Info:    ------------------------------------------------------
7379  |Info:    |                Detection completed                 |
7379  |Info:    ------------------------------------------------------
