    OpenRGB v0.9
    Commit:  from 
    Launched: 20240113_194511
====================================================================================================

0     |Info:    Found file: Nord.orp attempting to validate header
0     |Info:    Valid v4 profile found for Nord
0     |Info:    Found file: Off.orp attempting to validate header
0     |Info:    Valid v4 profile found for Off
0     |Info:    Found file: Dim.orp attempting to validate header
0     |Info:    Valid v4 profile found for Dim
1002  |Info:    ------------------------------------------------------
1002  |Info:    |               Start device detection               |
1002  |Info:    ------------------------------------------------------
1002  |Info:    Initializing HID interfaces: Success
1005  |Info:    ------------------------------------------------------
1005  |Info:    |             Detecting I2C interfaces               |
1005  |Info:    ------------------------------------------------------
1005  |Info:    Registering I2C interface: /dev/i2c-3 Device 10DE:1E07 Subsystem: 1458:37BD
1005  |Info:    Registering I2C interface: /dev/i2c-1 Device 8086:A323 Subsystem: 1458:5001
1005  |Info:    Registering I2C interface: /dev/i2c-8 Device 10DE:1E07 Subsystem: 1458:37BD
1005  |Info:    Registering I2C interface: /dev/i2c-6 Device 10DE:1E07 Subsystem: 1458:37BD
1005  |Info:    Registering I2C interface: /dev/i2c-4 Device 10DE:1E07 Subsystem: 1458:37BD
1005  |Info:    Registering I2C interface: /dev/i2c-2 Device 10DE:1E07 Subsystem: 1458:37BD
1005  |Info:    Registering I2C interface: /dev/i2c-0 Device 10DE:1AD7 Subsystem: 1458:37BD
1005  |Info:    Registering I2C interface: /dev/i2c-7 Device 10DE:1E07 Subsystem: 1458:37BD
1005  |Info:    Registering I2C interface: /dev/i2c-5 Device 10DE:1E07 Subsystem: 1458:37BD
1005  |Info:    ------------------------------------------------------
1005  |Info:    |               Detecting I2C devices                |
1005  |Info:    ------------------------------------------------------
1689  |Info:    [ENE DRAM] Registering RGB controller
1873  |Info:    [ENE DRAM] Registering RGB controller
2043  |Info:    [ENE DRAM] Registering RGB controller
2214  |Info:    [ENE DRAM] Registering RGB controller
2217  |Info:    ------------------------------------------------------
2217  |Info:    |               Detecting I2C PCI devices            |
2217  |Info:    ------------------------------------------------------
2217  |Info:    ------------------------------------------------------
2217  |Info:    |               Detecting HID devices                |
2217  |Info:    ------------------------------------------------------
2376  |Info:    [Z390 AORUS MASTER-CF] Registering RGB controller
2635  |Info:    [Logitech G915 Wireless RGB Mechanical Gaming Keyboard] Registering RGB controller
2635  |Info:    ------------------------------------------------------
2635  |Info:    |            Detecting libusb HID devices            |
2635  |Info:    ------------------------------------------------------
2652  |Info:    [HyperX Quadcast S] Registering RGB controller
2652  |Info:    ------------------------------------------------------
2652  |Info:    |              Detecting other devices               |
2652  |Info:    ------------------------------------------------------
2653  |Info:    ------------------------------------------------------
2653  |Info:    |                Detection completed                 |
2653  |Info:    ------------------------------------------------------
7296  |Info:    Profile loading: Succeeded for ENE DRAM @ I2C: /dev/i2c-1, address 0x39
7296  |Info:    Profile loading: Succeeded for ENE DRAM @ I2C: /dev/i2c-1, address 0x3B
7296  |Info:    Profile loading: Succeeded for ENE DRAM @ I2C: /dev/i2c-1, address 0x3C
7296  |Info:    Profile loading: Succeeded for ENE DRAM @ I2C: /dev/i2c-1, address 0x3D
7296  |Info:    Profile loading: Succeeded for Z390 AORUS MASTER-CF @ HID: /dev/hidraw7
7296  |Info:    Profile loading: Succeeded for Logitech G915 Wireless RGB Mechanical Gaming Keyboard @ 
7296  |Info:    Profile loading: Succeeded for HyperX Quadcast S @ 1-7.4:1.0
