    OpenRGB v0.9
    Commit:  from 
    Launched: 20240429_200403
====================================================================================================

0     |Info:    Found file: Off.orp attempting to validate header
0     |Info:    Valid v4 profile found for Off
0     |Info:    Found file: Green.orp attempting to validate header
0     |Info:    Valid v4 profile found for Green
0     |Info:    Found file: Nord.orp attempting to validate header
0     |Info:    Valid v4 profile found for Nord
0     |Info:    Found file: Dim.orp attempting to validate header
0     |Info:    Valid v4 profile found for Dim
0     |Info:    Found file: Snow.orp attempting to validate header
0     |Info:    Valid v4 profile found for Snow
1002  |Info:    ------------------------------------------------------
1002  |Info:    |               Start device detection               |
1002  |Info:    ------------------------------------------------------
1002  |Info:    Initializing HID interfaces: Success
1007  |Info:    ------------------------------------------------------
1007  |Info:    |             Detecting I2C interfaces               |
1007  |Info:    ------------------------------------------------------
1007  |Info:    Registering I2C interface: /dev/i2c-3 Device 10DE:1E07 Subsystem: 1458:37BD
1007  |Info:    Registering I2C interface: /dev/i2c-1 Device 10DE:1E07 Subsystem: 1458:37BD
1007  |Info:    Registering I2C interface: /dev/i2c-8 Device 8086:A323 Subsystem: 1458:5001
1007  |Info:    Registering I2C interface: /dev/i2c-6 Device 10DE:1E07 Subsystem: 1458:37BD
1007  |Info:    Registering I2C interface: /dev/i2c-4 Device 10DE:1E07 Subsystem: 1458:37BD
1007  |Info:    Registering I2C interface: /dev/i2c-2 Device 10DE:1E07 Subsystem: 1458:37BD
1007  |Info:    Registering I2C interface: /dev/i2c-0 Device 10DE:1E07 Subsystem: 1458:37BD
1007  |Info:    Registering I2C interface: /dev/i2c-7 Device 10DE:1AD7 Subsystem: 1458:37BD
1008  |Info:    Registering I2C interface: /dev/i2c-5 Device 10DE:1E07 Subsystem: 1458:37BD
1008  |Info:    ------------------------------------------------------
1008  |Info:    |               Detecting I2C devices                |
1008  |Info:    ------------------------------------------------------
1196  |Info:    [ENE DRAM] Registering RGB controller
1368  |Info:    [ENE DRAM] Registering RGB controller
1540  |Info:    [ENE DRAM] Registering RGB controller
1708  |Info:    [ENE DRAM] Registering RGB controller
2052  |Info:    ------------------------------------------------------
2052  |Info:    |               Detecting I2C PCI devices            |
2052  |Info:    ------------------------------------------------------
2053  |Info:    ------------------------------------------------------
2053  |Info:    |               Detecting HID devices                |
2053  |Info:    ------------------------------------------------------
2212  |Info:    [Z390 AORUS MASTER-CF] Registering RGB controller
2472  |Info:    [Logitech G915 Wireless RGB Mechanical Gaming Keyboard] Registering RGB controller
2472  |Info:    ------------------------------------------------------
2472  |Info:    |            Detecting libusb HID devices            |
2472  |Info:    ------------------------------------------------------
2491  |Info:    [HyperX Quadcast S] Registering RGB controller
2491  |Info:    ------------------------------------------------------
2491  |Info:    |              Detecting other devices               |
2491  |Info:    ------------------------------------------------------
2497  |Info:    ------------------------------------------------------
2497  |Info:    |                Detection completed                 |
2497  |Info:    ------------------------------------------------------
4230  |Info:    Profile loading: Succeeded for ENE DRAM @ I2C: /dev/i2c-8, address 0x72
4230  |Info:    Profile loading: Succeeded for ENE DRAM @ I2C: /dev/i2c-8, address 0x73
4230  |Info:    Profile loading: Succeeded for ENE DRAM @ I2C: /dev/i2c-8, address 0x74
4230  |Info:    Profile loading: Succeeded for ENE DRAM @ I2C: /dev/i2c-8, address 0x75
4230  |Info:    Profile loading: Succeeded for Z390 AORUS MASTER-CF @ HID: /dev/hidraw6
4230  |Info:    Profile loading: Succeeded for Logitech G915 Wireless RGB Mechanical Gaming Keyboard @ 
4230  |Info:    Profile loading: Succeeded for HyperX Quadcast S @ 1-11.4.4:1.0
