    OpenRGB v0.9
    Commit:  from 
    Launched: 20240510_153727
====================================================================================================

1     |Info:    Found file: Off.orp attempting to validate header
1     |Info:    Valid v4 profile found for Off
1     |Info:    Found file: Snow.orp attempting to validate header
2     |Info:    Valid v4 profile found for Snow
1010  |Info:    ------------------------------------------------------
1010  |Info:    |               Start device detection               |
1010  |Info:    ------------------------------------------------------
1010  |Info:    Initializing HID interfaces: Success
1015  |Info:    ------------------------------------------------------
1015  |Info:    |             Detecting I2C interfaces               |
1015  |Info:    ------------------------------------------------------
1015  |Info:    Registering I2C interface: /dev/i2c-3 Device 10DE:1E07 Subsystem: 1458:37BD
1015  |Info:    Registering I2C interface: /dev/i2c-1 Device 10DE:1E07 Subsystem: 1458:37BD
1015  |Info:    Registering I2C interface: /dev/i2c-8 Device 8086:A323 Subsystem: 1458:5001
1015  |Info:    Registering I2C interface: /dev/i2c-6 Device 10DE:1E07 Subsystem: 1458:37BD
1015  |Info:    Registering I2C interface: /dev/i2c-4 Device 10DE:1E07 Subsystem: 1458:37BD
1016  |Info:    Registering I2C interface: /dev/i2c-2 Device 10DE:1E07 Subsystem: 1458:37BD
1016  |Info:    Registering I2C interface: /dev/i2c-0 Device 10DE:1E07 Subsystem: 1458:37BD
1016  |Info:    Registering I2C interface: /dev/i2c-7 Device 10DE:1AD7 Subsystem: 1458:37BD
1016  |Info:    Registering I2C interface: /dev/i2c-5 Device 10DE:1E07 Subsystem: 1458:37BD
1016  |Info:    ------------------------------------------------------
1016  |Info:    |               Detecting I2C devices                |
1016  |Info:    ------------------------------------------------------
1198  |Info:    [ENE DRAM] Registering RGB controller
1364  |Info:    [ENE DRAM] Registering RGB controller
1532  |Info:    [ENE DRAM] Registering RGB controller
1697  |Info:    [ENE DRAM] Registering RGB controller
2037  |Info:    ------------------------------------------------------
2037  |Info:    |               Detecting I2C PCI devices            |
2037  |Info:    ------------------------------------------------------
2038  |Info:    ------------------------------------------------------
2038  |Info:    |               Detecting HID devices                |
2038  |Info:    ------------------------------------------------------
2197  |Info:    [Z390 AORUS MASTER-CF] Registering RGB controller
2460  |Info:    [Logitech G915 Wireless RGB Mechanical Gaming Keyboard] Registering RGB controller
2460  |Info:    ------------------------------------------------------
2460  |Info:    |            Detecting libusb HID devices            |
2460  |Info:    ------------------------------------------------------
2472  |Info:    [HyperX Quadcast S] Registering RGB controller
2472  |Info:    ------------------------------------------------------
2472  |Info:    |              Detecting other devices               |
2472  |Info:    ------------------------------------------------------
2480  |Info:    ------------------------------------------------------
2480  |Info:    |                Detection completed                 |
2480  |Info:    ------------------------------------------------------
6181  |Info:    Profile loading: Succeeded for ENE DRAM @ I2C: /dev/i2c-8, address 0x72
6181  |Info:    Profile loading: Succeeded for ENE DRAM @ I2C: /dev/i2c-8, address 0x73
6181  |Info:    Profile loading: Succeeded for ENE DRAM @ I2C: /dev/i2c-8, address 0x74
6181  |Info:    Profile loading: Succeeded for ENE DRAM @ I2C: /dev/i2c-8, address 0x75
6181  |Info:    Profile loading: Succeeded for Z390 AORUS MASTER-CF @ HID: /dev/hidraw6
6181  |Info:    Profile loading: Succeeded for Logitech G915 Wireless RGB Mechanical Gaming Keyboard @ 
6181  |Info:    Profile loading: Succeeded for HyperX Quadcast S @ 1-11.4.4:1.0
