    OpenRGB v0.9
    Commit:  from 
    Launched: 20240112_131015
====================================================================================================

0     |Info:    Found file: Nord.orp attempting to validate header
0     |Info:    Valid v4 profile found for Nord
1001  |Info:    ------------------------------------------------------
1001  |Info:    |               Start device detection               |
1001  |Info:    ------------------------------------------------------
1001  |Info:    Initializing HID interfaces: Success
1004  |Info:    ------------------------------------------------------
1004  |Info:    |             Detecting I2C interfaces               |
1004  |Info:    ------------------------------------------------------
1004  |Info:    Registering I2C interface: /dev/i2c-3 Device 10DE:1E07 Subsystem: 1458:37BD
1005  |Info:    Registering I2C interface: /dev/i2c-1 Device 8086:A323 Subsystem: 1458:5001
1005  |Info:    Registering I2C interface: /dev/i2c-8 Device 10DE:1E07 Subsystem: 1458:37BD
1005  |Info:    Registering I2C interface: /dev/i2c-6 Device 10DE:1E07 Subsystem: 1458:37BD
1005  |Info:    Registering I2C interface: /dev/i2c-4 Device 10DE:1E07 Subsystem: 1458:37BD
1005  |Info:    Registering I2C interface: /dev/i2c-2 Device 10DE:1E07 Subsystem: 1458:37BD
1005  |Info:    Registering I2C interface: /dev/i2c-0 Device 10DE:1AD7 Subsystem: 1458:37BD
1005  |Info:    Registering I2C interface: /dev/i2c-7 Device 10DE:1E07 Subsystem: 1458:37BD
1005  |Info:    Registering I2C interface: /dev/i2c-5 Device 10DE:1E07 Subsystem: 1458:37BD
1005  |Info:    ------------------------------------------------------
1005  |Info:    |               Detecting I2C devices                |
1005  |Info:    ------------------------------------------------------
1685  |Info:    [ENE DRAM] Registering RGB controller
1873  |Info:    [ENE DRAM] Registering RGB controller
2042  |Info:    [ENE DRAM] Registering RGB controller
2215  |Info:    [ENE DRAM] Registering RGB controller
2218  |Info:    ------------------------------------------------------
2218  |Info:    |               Detecting I2C PCI devices            |
2218  |Info:    ------------------------------------------------------
2218  |Info:    ------------------------------------------------------
2218  |Info:    |               Detecting HID devices                |
2218  |Info:    ------------------------------------------------------
2218  |Info:    ------------------------------------------------------
2218  |Info:    |            Detecting libusb HID devices            |
2218  |Info:    ------------------------------------------------------
2219  |Info:    ------------------------------------------------------
2219  |Info:    |              Detecting other devices               |
2219  |Info:    ------------------------------------------------------
2220  |Info:    ------------------------------------------------------
2220  |Info:    |                Detection completed                 |
2220  |Info:    ------------------------------------------------------
4235  |Info:    ------------------------------------------------------
4235  |Info:    |               Start device detection               |
4235  |Info:    ------------------------------------------------------
4235  |Info:    Initializing HID interfaces: Success
4237  |Info:    ------------------------------------------------------
4237  |Info:    |             Detecting I2C interfaces               |
4237  |Info:    ------------------------------------------------------
4237  |Info:    Registering I2C interface: /dev/i2c-3 Device 10DE:1E07 Subsystem: 1458:37BD
4237  |Info:    Registering I2C interface: /dev/i2c-1 Device 8086:A323 Subsystem: 1458:5001
4237  |Info:    Registering I2C interface: /dev/i2c-8 Device 10DE:1E07 Subsystem: 1458:37BD
4238  |Info:    Registering I2C interface: /dev/i2c-6 Device 10DE:1E07 Subsystem: 1458:37BD
4238  |Info:    Registering I2C interface: /dev/i2c-4 Device 10DE:1E07 Subsystem: 1458:37BD
4238  |Info:    Registering I2C interface: /dev/i2c-2 Device 10DE:1E07 Subsystem: 1458:37BD
4238  |Info:    Registering I2C interface: /dev/i2c-0 Device 10DE:1AD7 Subsystem: 1458:37BD
4238  |Info:    Registering I2C interface: /dev/i2c-7 Device 10DE:1E07 Subsystem: 1458:37BD
4238  |Info:    Registering I2C interface: /dev/i2c-5 Device 10DE:1E07 Subsystem: 1458:37BD
4238  |Info:    ------------------------------------------------------
4238  |Info:    |               Detecting I2C devices                |
4238  |Info:    ------------------------------------------------------
4909  |Info:    [ENE DRAM] Registering RGB controller
5094  |Info:    [ENE DRAM] Registering RGB controller
5269  |Info:    [ENE DRAM] Registering RGB controller
5442  |Info:    [ENE DRAM] Registering RGB controller
5444  |Info:    ------------------------------------------------------
5444  |Info:    |               Detecting I2C PCI devices            |
5444  |Info:    ------------------------------------------------------
5445  |Info:    ------------------------------------------------------
5445  |Info:    |               Detecting HID devices                |
5445  |Info:    ------------------------------------------------------
5445  |Info:    ------------------------------------------------------
5445  |Info:    |            Detecting libusb HID devices            |
5445  |Info:    ------------------------------------------------------
5445  |Info:    ------------------------------------------------------
5445  |Info:    |              Detecting other devices               |
5445  |Info:    ------------------------------------------------------
5446  |Info:    ------------------------------------------------------
5446  |Info:    |                Detection completed                 |
5446  |Info:    ------------------------------------------------------
