    OpenRGB v0.9
    Commit:  from 
    Launched: 20240228_023437
====================================================================================================

16    |Info:    Found file: Nord.orp attempting to validate header
16    |Info:    Valid v4 profile found for Nord
16    |Info:    Found file: Off.orp attempting to validate header
16    |Info:    Valid v4 profile found for Off
16    |Info:    Found file: Dim.orp attempting to validate header
17    |Info:    Valid v4 profile found for Dim
17    |Info:    Found file: Green.orp attempting to validate header
19    |Info:    Valid v4 profile found for Green
19    |Info:    Found file: Snow.orp attempting to validate header
19    |Info:    Valid v4 profile found for Snow
1022  |Info:    ------------------------------------------------------
1022  |Info:    |               Start device detection               |
1022  |Info:    ------------------------------------------------------
1022  |Info:    Initializing HID interfaces: Success
1026  |Info:    ------------------------------------------------------
1026  |Info:    |             Detecting I2C interfaces               |
1026  |Info:    ------------------------------------------------------
1026  |Info:    Registering I2C interface: /dev/i2c-3 Device 10DE:1E07 Subsystem: 1458:37BD
1026  |Info:    Registering I2C interface: /dev/i2c-1 Device 8086:A323 Subsystem: 1458:5001
1026  |Info:    Registering I2C interface: /dev/i2c-8 Device 10DE:1E07 Subsystem: 1458:37BD
1026  |Info:    Registering I2C interface: /dev/i2c-6 Device 10DE:1E07 Subsystem: 1458:37BD
1026  |Info:    Registering I2C interface: /dev/i2c-4 Device 10DE:1E07 Subsystem: 1458:37BD
1026  |Info:    Registering I2C interface: /dev/i2c-2 Device 10DE:1E07 Subsystem: 1458:37BD
1026  |Info:    Registering I2C interface: /dev/i2c-0 Device 10DE:1AD7 Subsystem: 1458:37BD
1026  |Info:    Registering I2C interface: /dev/i2c-7 Device 10DE:1E07 Subsystem: 1458:37BD
1026  |Info:    Registering I2C interface: /dev/i2c-5 Device 10DE:1E07 Subsystem: 1458:37BD
1026  |Info:    ------------------------------------------------------
1026  |Info:    |               Detecting I2C devices                |
1026  |Info:    ------------------------------------------------------
1515  |Info:    [ENE DRAM] Registering RGB controller
1683  |Info:    [ENE DRAM] Registering RGB controller
1854  |Info:    [ENE DRAM] Registering RGB controller
2026  |Info:    [ENE DRAM] Registering RGB controller
2067  |Info:    ------------------------------------------------------
2067  |Info:    |               Detecting I2C PCI devices            |
2067  |Info:    ------------------------------------------------------
2068  |Info:    ------------------------------------------------------
2068  |Info:    |               Detecting HID devices                |
2068  |Info:    ------------------------------------------------------
2232  |Info:    [Z390 AORUS MASTER-CF] Registering RGB controller
2490  |Info:    [Logitech G915 Wireless RGB Mechanical Gaming Keyboard] Registering RGB controller
2491  |Info:    ------------------------------------------------------
2491  |Info:    |            Detecting libusb HID devices            |
2491  |Info:    ------------------------------------------------------
2506  |Info:    [HyperX Quadcast S] Registering RGB controller
2506  |Info:    ------------------------------------------------------
2506  |Info:    |              Detecting other devices               |
2506  |Info:    ------------------------------------------------------
2511  |Info:    ------------------------------------------------------
2511  |Info:    |                Detection completed                 |
2511  |Info:    ------------------------------------------------------
