    OpenRGB v0.9
    Commit:  from 
    Launched: 20240112_131806
====================================================================================================

0     |Info:    Found file: Nord.orp attempting to validate header
0     |Info:    Valid v4 profile found for Nord
1001  |Info:    ------------------------------------------------------
1001  |Info:    |               Start device detection               |
1001  |Info:    ------------------------------------------------------
1002  |Info:    Initializing HID interfaces: Success
1004  |Info:    ------------------------------------------------------
1004  |Info:    |             Detecting I2C interfaces               |
1004  |Info:    ------------------------------------------------------
1005  |Info:    Registering I2C interface: /dev/i2c-3 Device 10DE:1E07 Subsystem: 1458:37BD
1005  |Info:    Registering I2C interface: /dev/i2c-1 Device 8086:A323 Subsystem: 1458:5001
1005  |Info:    Registering I2C interface: /dev/i2c-8 Device 10DE:1E07 Subsystem: 1458:37BD
1005  |Info:    Registering I2C interface: /dev/i2c-6 Device 10DE:1E07 Subsystem: 1458:37BD
1005  |Info:    Registering I2C interface: /dev/i2c-4 Device 10DE:1E07 Subsystem: 1458:37BD
1005  |Info:    Registering I2C interface: /dev/i2c-2 Device 10DE:1E07 Subsystem: 1458:37BD
1005  |Info:    Registering I2C interface: /dev/i2c-0 Device 10DE:1AD7 Subsystem: 1458:37BD
1005  |Info:    Registering I2C interface: /dev/i2c-7 Device 10DE:1E07 Subsystem: 1458:37BD
1005  |Info:    Registering I2C interface: /dev/i2c-5 Device 10DE:1E07 Subsystem: 1458:37BD
1005  |Info:    ------------------------------------------------------
1005  |Info:    |               Detecting I2C devices                |
1005  |Info:    ------------------------------------------------------
1680  |Info:    [ENE DRAM] Registering RGB controller
1860  |Info:    [ENE DRAM] Registering RGB controller
2031  |Info:    [ENE DRAM] Registering RGB controller
2203  |Info:    [ENE DRAM] Registering RGB controller
2205  |Info:    ------------------------------------------------------
2205  |Info:    |               Detecting I2C PCI devices            |
2205  |Info:    ------------------------------------------------------
2206  |Info:    ------------------------------------------------------
2206  |Info:    |               Detecting HID devices                |
2206  |Info:    ------------------------------------------------------
2206  |Info:    ------------------------------------------------------
2206  |Info:    |            Detecting libusb HID devices            |
2206  |Info:    ------------------------------------------------------
2270  |Info:    ------------------------------------------------------
2270  |Info:    |              Detecting other devices               |
2270  |Info:    ------------------------------------------------------
2271  |Info:    ------------------------------------------------------
2271  |Info:    |                Detection completed                 |
2271  |Info:    ------------------------------------------------------
21067 |Info:    Profile loading: Succeeded for ENE DRAM @ I2C: /dev/i2c-1, address 0x39
21067 |Info:    Profile loading: Succeeded for ENE DRAM @ I2C: /dev/i2c-1, address 0x3B
21067 |Info:    Profile loading: Succeeded for ENE DRAM @ I2C: /dev/i2c-1, address 0x3C
21067 |Info:    Profile loading: Succeeded for ENE DRAM @ I2C: /dev/i2c-1, address 0x3D
