    OpenRGB v0.9
    Commit:  from 
    Launched: 20240124_052720
====================================================================================================

19    |Info:    Found file: Nord.orp attempting to validate header
19    |Info:    Valid v4 profile found for Nord
19    |Info:    Found file: Off.orp attempting to validate header
20    |Info:    Valid v4 profile found for Off
20    |Info:    Found file: Dim.orp attempting to validate header
21    |Info:    Valid v4 profile found for Dim
21    |Info:    Found file: Green.orp attempting to validate header
22    |Info:    Valid v4 profile found for Green
22    |Info:    Found file: Snow.orp attempting to validate header
22    |Info:    Valid v4 profile found for Snow
1026  |Info:    ------------------------------------------------------
1026  |Info:    |               Start device detection               |
1026  |Info:    ------------------------------------------------------
1026  |Info:    Initializing HID interfaces: Success
1029  |Info:    ------------------------------------------------------
1029  |Info:    |             Detecting I2C interfaces               |
1029  |Info:    ------------------------------------------------------
1029  |Info:    Registering I2C interface: /dev/i2c-3 Device 10DE:1E07 Subsystem: 1458:37BD
1029  |Info:    Registering I2C interface: /dev/i2c-1 Device 8086:A323 Subsystem: 1458:5001
1029  |Info:    Registering I2C interface: /dev/i2c-8 Device 10DE:1E07 Subsystem: 1458:37BD
1029  |Info:    Registering I2C interface: /dev/i2c-6 Device 10DE:1E07 Subsystem: 1458:37BD
1029  |Info:    Registering I2C interface: /dev/i2c-4 Device 10DE:1E07 Subsystem: 1458:37BD
1029  |Info:    Registering I2C interface: /dev/i2c-2 Device 10DE:1E07 Subsystem: 1458:37BD
1029  |Info:    Registering I2C interface: /dev/i2c-0 Device 10DE:1AD7 Subsystem: 1458:37BD
1029  |Info:    Registering I2C interface: /dev/i2c-7 Device 10DE:1E07 Subsystem: 1458:37BD
1029  |Info:    Registering I2C interface: /dev/i2c-5 Device 10DE:1E07 Subsystem: 1458:37BD
1029  |Info:    ------------------------------------------------------
1029  |Info:    |               Detecting I2C devices                |
1029  |Info:    ------------------------------------------------------
1524  |Info:    [ENE DRAM] Registering RGB controller
1698  |Info:    [ENE DRAM] Registering RGB controller
1869  |Info:    [ENE DRAM] Registering RGB controller
2036  |Info:    [ENE DRAM] Registering RGB controller
2078  |Info:    ------------------------------------------------------
2078  |Info:    |               Detecting I2C PCI devices            |
2078  |Info:    ------------------------------------------------------
2078  |Info:    ------------------------------------------------------
2078  |Info:    |               Detecting HID devices                |
2078  |Info:    ------------------------------------------------------
2243  |Info:    [Z390 AORUS MASTER-CF] Registering RGB controller
2502  |Info:    [Logitech G915 Wireless RGB Mechanical Gaming Keyboard] Registering RGB controller
2502  |Info:    ------------------------------------------------------
2502  |Info:    |            Detecting libusb HID devices            |
2502  |Info:    ------------------------------------------------------
2518  |Info:    [HyperX Quadcast S] Registering RGB controller
2518  |Info:    ------------------------------------------------------
2518  |Info:    |              Detecting other devices               |
2518  |Info:    ------------------------------------------------------
2527  |Info:    ------------------------------------------------------
2527  |Info:    |                Detection completed                 |
2527  |Info:    ------------------------------------------------------
36590 |Info:    Profile loading: Succeeded for ENE DRAM @ I2C: /dev/i2c-1, address 0x72
36590 |Info:    Profile loading: Succeeded for ENE DRAM @ I2C: /dev/i2c-1, address 0x73
36590 |Info:    Profile loading: Succeeded for ENE DRAM @ I2C: /dev/i2c-1, address 0x74
36590 |Info:    Profile loading: Succeeded for ENE DRAM @ I2C: /dev/i2c-1, address 0x75
36590 |Info:    Profile loading: Succeeded for Z390 AORUS MASTER-CF @ HID: /dev/hidraw8
36590 |Info:    Profile loading: Succeeded for Logitech G915 Wireless RGB Mechanical Gaming Keyboard @ 
36590 |Info:    Profile loading: Succeeded for HyperX Quadcast S @ 1-7.4:1.0
