    OpenRGB v0.9
    Commit:  from 
    Launched: 20240228_181626
====================================================================================================

17    |Info:    Found file: Nord.orp attempting to validate header
18    |Info:    Valid v4 profile found for Nord
18    |Info:    Found file: Off.orp attempting to validate header
19    |Info:    Valid v4 profile found for Off
19    |Info:    Found file: Dim.orp attempting to validate header
20    |Info:    Valid v4 profile found for Dim
20    |Info:    Found file: Green.orp attempting to validate header
21    |Info:    Valid v4 profile found for Green
21    |Info:    Found file: Snow.orp attempting to validate header
21    |Info:    Valid v4 profile found for Snow
1025  |Info:    ------------------------------------------------------
1025  |Info:    |               Start device detection               |
1025  |Info:    ------------------------------------------------------
1025  |Info:    Initializing HID interfaces: Success
1028  |Info:    ------------------------------------------------------
1028  |Info:    |             Detecting I2C interfaces               |
1028  |Info:    ------------------------------------------------------
1028  |Info:    Registering I2C interface: /dev/i2c-3 Device 10DE:1E07 Subsystem: 1458:37BD
1029  |Info:    Registering I2C interface: /dev/i2c-1 Device 8086:A323 Subsystem: 1458:5001
1029  |Info:    Registering I2C interface: /dev/i2c-8 Device 10DE:1E07 Subsystem: 1458:37BD
1029  |Info:    Registering I2C interface: /dev/i2c-6 Device 10DE:1E07 Subsystem: 1458:37BD
1029  |Info:    Registering I2C interface: /dev/i2c-4 Device 10DE:1E07 Subsystem: 1458:37BD
1029  |Info:    Registering I2C interface: /dev/i2c-2 Device 10DE:1E07 Subsystem: 1458:37BD
1029  |Info:    Registering I2C interface: /dev/i2c-0 Device 10DE:1AD7 Subsystem: 1458:37BD
1029  |Info:    Registering I2C interface: /dev/i2c-7 Device 10DE:1E07 Subsystem: 1458:37BD
1029  |Info:    Registering I2C interface: /dev/i2c-5 Device 10DE:1E07 Subsystem: 1458:37BD
1029  |Info:    ------------------------------------------------------
1029  |Info:    |               Detecting I2C devices                |
1029  |Info:    ------------------------------------------------------
1526  |Info:    [ENE DRAM] Registering RGB controller
1696  |Info:    [ENE DRAM] Registering RGB controller
1865  |Info:    [ENE DRAM] Registering RGB controller
2038  |Info:    [ENE DRAM] Registering RGB controller
2081  |Info:    ------------------------------------------------------
2081  |Info:    |               Detecting I2C PCI devices            |
2081  |Info:    ------------------------------------------------------
2082  |Info:    ------------------------------------------------------
2082  |Info:    |               Detecting HID devices                |
2082  |Info:    ------------------------------------------------------
2244  |Info:    [Z390 AORUS MASTER-CF] Registering RGB controller
2503  |Info:    [Logitech G915 Wireless RGB Mechanical Gaming Keyboard] Registering RGB controller
2503  |Info:    ------------------------------------------------------
2503  |Info:    |            Detecting libusb HID devices            |
2503  |Info:    ------------------------------------------------------
2520  |Info:    [HyperX Quadcast S] Registering RGB controller
2520  |Info:    ------------------------------------------------------
2520  |Info:    |              Detecting other devices               |
2520  |Info:    ------------------------------------------------------
2525  |Info:    ------------------------------------------------------
2525  |Info:    |                Detection completed                 |
2525  |Info:    ------------------------------------------------------
29045 |Info:    Profile loading: Succeeded for ENE DRAM @ I2C: /dev/i2c-1, address 0x72
29045 |Info:    Profile loading: Succeeded for ENE DRAM @ I2C: /dev/i2c-1, address 0x73
29045 |Info:    Profile loading: Succeeded for ENE DRAM @ I2C: /dev/i2c-1, address 0x74
29045 |Info:    Profile loading: Succeeded for ENE DRAM @ I2C: /dev/i2c-1, address 0x75
29045 |Info:    Profile loading: Succeeded for Z390 AORUS MASTER-CF @ HID: /dev/hidraw8
29045 |Info:    Profile loading: Succeeded for Logitech G915 Wireless RGB Mechanical Gaming Keyboard @ 
29045 |Info:    Profile loading: FAILED! for HyperX Quadcast S @ 1-4.4:1.0
70468 |Info:    Profile loading: Succeeded for ENE DRAM @ I2C: /dev/i2c-1, address 0x72
70468 |Info:    Profile loading: Succeeded for ENE DRAM @ I2C: /dev/i2c-1, address 0x73
70468 |Info:    Profile loading: Succeeded for ENE DRAM @ I2C: /dev/i2c-1, address 0x74
70468 |Info:    Profile loading: Succeeded for ENE DRAM @ I2C: /dev/i2c-1, address 0x75
70468 |Info:    Profile loading: Succeeded for Z390 AORUS MASTER-CF @ HID: /dev/hidraw8
70468 |Info:    Profile loading: Succeeded for Logitech G915 Wireless RGB Mechanical Gaming Keyboard @ 
70468 |Info:    Profile loading: FAILED! for HyperX Quadcast S @ 1-4.4:1.0
