    OpenRGB v0.9
    Commit:  from 
    Launched: 20240119_134855
====================================================================================================

0     |Info:    Found file: Nord.orp attempting to validate header
0     |Info:    Valid v4 profile found for Nord
0     |Info:    Found file: Off.orp attempting to validate header
0     |Info:    Valid v4 profile found for Off
0     |Info:    Found file: Dim.orp attempting to validate header
0     |Info:    Valid v4 profile found for Dim
0     |Info:    Found file: Green.orp attempting to validate header
0     |Info:    Valid v4 profile found for Green
0     |Info:    Found file: Snow.orp attempting to validate header
0     |Info:    Valid v4 profile found for Snow
1004  |Info:    ------------------------------------------------------
1004  |Info:    |               Start device detection               |
1004  |Info:    ------------------------------------------------------
1004  |Info:    Initializing HID interfaces: Success
1026  |Info:    ------------------------------------------------------
1026  |Info:    |             Detecting I2C interfaces               |
1026  |Info:    ------------------------------------------------------
1027  |Info:    Registering I2C interface: /dev/i2c-3 Device 10DE:1E07 Subsystem: 1458:37BD
1027  |Info:    Registering I2C interface: /dev/i2c-1 Device 8086:A323 Subsystem: 1458:5001
1027  |Info:    Registering I2C interface: /dev/i2c-8 Device 10DE:1E07 Subsystem: 1458:37BD
1027  |Info:    Registering I2C interface: /dev/i2c-6 Device 10DE:1E07 Subsystem: 1458:37BD
1028  |Info:    Registering I2C interface: /dev/i2c-4 Device 10DE:1E07 Subsystem: 1458:37BD
1028  |Info:    Registering I2C interface: /dev/i2c-2 Device 10DE:1E07 Subsystem: 1458:37BD
1028  |Info:    Registering I2C interface: /dev/i2c-0 Device 10DE:1AD7 Subsystem: 1458:37BD
1028  |Info:    Registering I2C interface: /dev/i2c-7 Device 10DE:1E07 Subsystem: 1458:37BD
1029  |Info:    Registering I2C interface: /dev/i2c-5 Device 10DE:1E07 Subsystem: 1458:37BD
1029  |Info:    ------------------------------------------------------
1029  |Info:    |               Detecting I2C devices                |
1029  |Info:    ------------------------------------------------------
1707  |Info:    [ENE DRAM] Registering RGB controller
1890  |Info:    [ENE DRAM] Registering RGB controller
2060  |Info:    [ENE DRAM] Registering RGB controller
2234  |Info:    [ENE DRAM] Registering RGB controller
2236  |Info:    ------------------------------------------------------
2236  |Info:    |               Detecting I2C PCI devices            |
2236  |Info:    ------------------------------------------------------
2237  |Info:    ------------------------------------------------------
2237  |Info:    |               Detecting HID devices                |
2237  |Info:    ------------------------------------------------------
2395  |Info:    [Z390 AORUS MASTER-CF] Registering RGB controller
2655  |Info:    [Logitech G915 Wireless RGB Mechanical Gaming Keyboard] Registering RGB controller
2655  |Info:    ------------------------------------------------------
2655  |Info:    |            Detecting libusb HID devices            |
2655  |Info:    ------------------------------------------------------
2665  |Info:    [HyperX Quadcast S] Registering RGB controller
2665  |Info:    ------------------------------------------------------
2665  |Info:    |              Detecting other devices               |
2665  |Info:    ------------------------------------------------------
2665  |Info:    ------------------------------------------------------
2665  |Info:    |                Detection completed                 |
2665  |Info:    ------------------------------------------------------
24215 |Info:    Profile loading: Succeeded for ENE DRAM @ I2C: /dev/i2c-1, address 0x39
24215 |Info:    Profile loading: Succeeded for ENE DRAM @ I2C: /dev/i2c-1, address 0x3B
24215 |Info:    Profile loading: Succeeded for ENE DRAM @ I2C: /dev/i2c-1, address 0x3C
24215 |Info:    Profile loading: Succeeded for ENE DRAM @ I2C: /dev/i2c-1, address 0x3D
24215 |Info:    Profile loading: Succeeded for Z390 AORUS MASTER-CF @ HID: /dev/hidraw8
24215 |Info:    Profile loading: Succeeded for Logitech G915 Wireless RGB Mechanical Gaming Keyboard @ 
24215 |Info:    Profile loading: Succeeded for HyperX Quadcast S @ 1-7.4:1.0
