    OpenRGB v0.9
    Commit:  from 
    Launched: 20240522_055310
====================================================================================================

0     |Info:    Found file: Off.orp attempting to validate header
0     |Info:    Valid v4 profile found for Off
0     |Info:    Found file: Snow.orp attempting to validate header
0     |Info:    Valid v4 profile found for Snow
1001  |Info:    ------------------------------------------------------
1001  |Info:    |               Start device detection               |
1001  |Info:    ------------------------------------------------------
1001  |Info:    Initializing HID interfaces: Success
1006  |Info:    ------------------------------------------------------
1006  |Info:    |             Detecting I2C interfaces               |
1006  |Info:    ------------------------------------------------------
1006  |Info:    Registering I2C interface: /dev/i2c-3 Device 10DE:1E07 Subsystem: 1458:37BD
1006  |Info:    Registering I2C interface: /dev/i2c-1 Device 10DE:1E07 Subsystem: 1458:37BD
1006  |Info:    Registering I2C interface: /dev/i2c-8 Device 8086:A323 Subsystem: 1458:5001
1006  |Info:    Registering I2C interface: /dev/i2c-6 Device 10DE:1E07 Subsystem: 1458:37BD
1006  |Info:    Registering I2C interface: /dev/i2c-4 Device 10DE:1E07 Subsystem: 1458:37BD
1006  |Info:    Registering I2C interface: /dev/i2c-2 Device 10DE:1E07 Subsystem: 1458:37BD
1006  |Info:    Registering I2C interface: /dev/i2c-0 Device 10DE:1E07 Subsystem: 1458:37BD
1006  |Info:    Registering I2C interface: /dev/i2c-7 Device 10DE:1AD7 Subsystem: 1458:37BD
1007  |Info:    Registering I2C interface: /dev/i2c-5 Device 10DE:1E07 Subsystem: 1458:37BD
1007  |Info:    ------------------------------------------------------
1007  |Info:    |               Detecting I2C devices                |
1007  |Info:    ------------------------------------------------------
1193  |Info:    [ENE DRAM] Registering RGB controller
1362  |Info:    [ENE DRAM] Registering RGB controller
1529  |Info:    [ENE DRAM] Registering RGB controller
1697  |Info:    [ENE DRAM] Registering RGB controller
2039  |Info:    ------------------------------------------------------
2039  |Info:    |               Detecting I2C PCI devices            |
2039  |Info:    ------------------------------------------------------
2040  |Info:    ------------------------------------------------------
2040  |Info:    |               Detecting HID devices                |
2040  |Info:    ------------------------------------------------------
2199  |Info:    [Z390 AORUS MASTER-CF] Registering RGB controller
2462  |Info:    [Logitech G915 Wireless RGB Mechanical Gaming Keyboard] Registering RGB controller
2462  |Info:    ------------------------------------------------------
2462  |Info:    |            Detecting libusb HID devices            |
2462  |Info:    ------------------------------------------------------
2473  |Info:    [HyperX Quadcast S] Registering RGB controller
2473  |Info:    ------------------------------------------------------
2473  |Info:    |              Detecting other devices               |
2473  |Info:    ------------------------------------------------------
2481  |Info:    ------------------------------------------------------
2481  |Info:    |                Detection completed                 |
2481  |Info:    ------------------------------------------------------
