    OpenRGB v0.9
    Commit:  from 
    Launched: 20240306_134721
====================================================================================================

19    |Info:    Found file: Nord.orp attempting to validate header
25    |Info:    Valid v4 profile found for Nord
25    |Info:    Found file: Off.orp attempting to validate header
27    |Info:    Valid v4 profile found for Off
27    |Info:    Found file: Dim.orp attempting to validate header
27    |Info:    Valid v4 profile found for Dim
27    |Info:    Found file: Green.orp attempting to validate header
29    |Info:    Valid v4 profile found for Green
29    |Info:    Found file: Snow.orp attempting to validate header
32    |Info:    Valid v4 profile found for Snow
1037  |Info:    ------------------------------------------------------
1037  |Info:    |               Start device detection               |
1037  |Info:    ------------------------------------------------------
1037  |Info:    Initializing HID interfaces: Success
1040  |Info:    ------------------------------------------------------
1040  |Info:    |             Detecting I2C interfaces               |
1040  |Info:    ------------------------------------------------------
1040  |Info:    Registering I2C interface: /dev/i2c-3 Device 10DE:1E07 Subsystem: 1458:37BD
1040  |Info:    Registering I2C interface: /dev/i2c-1 Device 8086:A323 Subsystem: 1458:5001
1040  |Info:    Registering I2C interface: /dev/i2c-8 Device 10DE:1E07 Subsystem: 1458:37BD
1040  |Info:    Registering I2C interface: /dev/i2c-6 Device 10DE:1E07 Subsystem: 1458:37BD
1040  |Info:    Registering I2C interface: /dev/i2c-4 Device 10DE:1E07 Subsystem: 1458:37BD
1040  |Info:    Registering I2C interface: /dev/i2c-2 Device 10DE:1E07 Subsystem: 1458:37BD
1041  |Info:    Registering I2C interface: /dev/i2c-0 Device 10DE:1AD7 Subsystem: 1458:37BD
1041  |Info:    Registering I2C interface: /dev/i2c-7 Device 10DE:1E07 Subsystem: 1458:37BD
1041  |Info:    Registering I2C interface: /dev/i2c-5 Device 10DE:1E07 Subsystem: 1458:37BD
1041  |Info:    ------------------------------------------------------
1041  |Info:    |               Detecting I2C devices                |
1041  |Info:    ------------------------------------------------------
1539  |Info:    [ENE DRAM] Registering RGB controller
1707  |Info:    [ENE DRAM] Registering RGB controller
1876  |Info:    [ENE DRAM] Registering RGB controller
2044  |Info:    [ENE DRAM] Registering RGB controller
2085  |Info:    ------------------------------------------------------
2085  |Info:    |               Detecting I2C PCI devices            |
2085  |Info:    ------------------------------------------------------
2086  |Info:    ------------------------------------------------------
2086  |Info:    |               Detecting HID devices                |
2086  |Info:    ------------------------------------------------------
2244  |Info:    [Z390 AORUS MASTER-CF] Registering RGB controller
2503  |Info:    [Logitech G915 Wireless RGB Mechanical Gaming Keyboard] Registering RGB controller
2503  |Info:    ------------------------------------------------------
2503  |Info:    |            Detecting libusb HID devices            |
2503  |Info:    ------------------------------------------------------
