    OpenRGB v0.9
    Commit:  from 
    Launched: 20240612_043728
====================================================================================================

0     |Info:    Found file: Off.orp attempting to validate header
0     |Info:    Valid v4 profile found for Off
0     |Info:    Found file: Snow.orp attempting to validate header
0     |Info:    Valid v4 profile found for Snow
1001  |Info:    ------------------------------------------------------
1001  |Info:    |               Start device detection               |
1001  |Info:    ------------------------------------------------------
1002  |Info:    Initializing HID interfaces: Success
1006  |Info:    ------------------------------------------------------
1006  |Info:    |             Detecting I2C interfaces               |
1006  |Info:    ------------------------------------------------------
1008  |Info:    Registering I2C interface: /dev/i2c-3 Device 10DE:1E07 Subsystem: 1458:37BD
1008  |Info:    Registering I2C interface: /dev/i2c-1 Device 10DE:1E07 Subsystem: 1458:37BD
1008  |Info:    Registering I2C interface: /dev/i2c-8 Device 8086:A323 Subsystem: 1458:5001
1008  |Info:    Registering I2C interface: /dev/i2c-6 Device 10DE:1E07 Subsystem: 1458:37BD
1008  |Info:    Registering I2C interface: /dev/i2c-4 Device 10DE:1E07 Subsystem: 1458:37BD
1008  |Info:    Registering I2C interface: /dev/i2c-2 Device 10DE:1E07 Subsystem: 1458:37BD
1008  |Info:    Registering I2C interface: /dev/i2c-0 Device 10DE:1E07 Subsystem: 1458:37BD
1008  |Info:    Registering I2C interface: /dev/i2c-7 Device 10DE:1AD7 Subsystem: 1458:37BD
1008  |Info:    Registering I2C interface: /dev/i2c-5 Device 10DE:1E07 Subsystem: 1458:37BD
1008  |Info:    ------------------------------------------------------
1008  |Info:    |               Detecting I2C devices                |
1008  |Info:    ------------------------------------------------------
1194  |Info:    [ENE DRAM] Registering RGB controller
1365  |Info:    [ENE DRAM] Registering RGB controller
1539  |Info:    [ENE DRAM] Registering RGB controller
1711  |Info:    [ENE DRAM] Registering RGB controller
2053  |Info:    ------------------------------------------------------
2053  |Info:    |               Detecting I2C PCI devices            |
2053  |Info:    ------------------------------------------------------
2054  |Info:    ------------------------------------------------------
2054  |Info:    |               Detecting HID devices                |
2054  |Info:    ------------------------------------------------------
2211  |Info:    [Z390 AORUS MASTER-CF] Registering RGB controller
2469  |Info:    [Logitech G915 Wireless RGB Mechanical Gaming Keyboard] Registering RGB controller
2469  |Info:    ------------------------------------------------------
2469  |Info:    |            Detecting libusb HID devices            |
2469  |Info:    ------------------------------------------------------
2487  |Info:    [HyperX Quadcast S] Registering RGB controller
2487  |Info:    ------------------------------------------------------
2487  |Info:    |              Detecting other devices               |
2487  |Info:    ------------------------------------------------------
2495  |Info:    ------------------------------------------------------
2495  |Info:    |                Detection completed                 |
2495  |Info:    ------------------------------------------------------
23780 |Info:    Profile loading: Succeeded for ENE DRAM @ I2C: /dev/i2c-8, address 0x72
23780 |Info:    Profile loading: Succeeded for ENE DRAM @ I2C: /dev/i2c-8, address 0x73
23780 |Info:    Profile loading: Succeeded for ENE DRAM @ I2C: /dev/i2c-8, address 0x74
23780 |Info:    Profile loading: Succeeded for ENE DRAM @ I2C: /dev/i2c-8, address 0x75
23780 |Info:    Profile loading: Succeeded for Z390 AORUS MASTER-CF @ HID: /dev/hidraw6
23780 |Info:    Profile loading: Succeeded for Logitech G915 Wireless RGB Mechanical Gaming Keyboard @ 
23780 |Info:    Profile loading: Succeeded for HyperX Quadcast S @ 1-11.4.4:1.0
