    OpenRGB v0.9
    Commit:  from 
    Launched: 20240609_225325
====================================================================================================

1     |Info:    Found file: Off.orp attempting to validate header
1     |Info:    Valid v4 profile found for Off
1     |Info:    Found file: Snow.orp attempting to validate header
1     |Info:    Valid v4 profile found for Snow
1009  |Info:    ------------------------------------------------------
1009  |Info:    |               Start device detection               |
1009  |Info:    ------------------------------------------------------
1010  |Info:    Initializing HID interfaces: Success
1014  |Info:    ------------------------------------------------------
1014  |Info:    |             Detecting I2C interfaces               |
1014  |Info:    ------------------------------------------------------
1014  |Info:    Registering I2C interface: /dev/i2c-3 Device 10DE:1E07 Subsystem: 1458:37BD
1014  |Info:    Registering I2C interface: /dev/i2c-1 Device 10DE:1E07 Subsystem: 1458:37BD
1014  |Info:    Registering I2C interface: /dev/i2c-8 Device 8086:A323 Subsystem: 1458:5001
1014  |Info:    Registering I2C interface: /dev/i2c-6 Device 10DE:1E07 Subsystem: 1458:37BD
1014  |Info:    Registering I2C interface: /dev/i2c-4 Device 10DE:1E07 Subsystem: 1458:37BD
1014  |Info:    Registering I2C interface: /dev/i2c-2 Device 10DE:1E07 Subsystem: 1458:37BD
1014  |Info:    Registering I2C interface: /dev/i2c-0 Device 10DE:1E07 Subsystem: 1458:37BD
1014  |Info:    Registering I2C interface: /dev/i2c-7 Device 10DE:1AD7 Subsystem: 1458:37BD
1014  |Info:    Registering I2C interface: /dev/i2c-5 Device 10DE:1E07 Subsystem: 1458:37BD
1014  |Info:    ------------------------------------------------------
1014  |Info:    |               Detecting I2C devices                |
1014  |Info:    ------------------------------------------------------
1264  |Info:    [ENE DRAM] Registering RGB controller
1432  |Info:    [ENE DRAM] Registering RGB controller
1602  |Info:    [ENE DRAM] Registering RGB controller
1772  |Info:    [ENE DRAM] Registering RGB controller
2115  |Info:    ------------------------------------------------------
2115  |Info:    |               Detecting I2C PCI devices            |
2115  |Info:    ------------------------------------------------------
2116  |Info:    ------------------------------------------------------
2116  |Info:    |               Detecting HID devices                |
2116  |Info:    ------------------------------------------------------
2272  |Info:    [Z390 AORUS MASTER-CF] Registering RGB controller
2531  |Info:    [Logitech G915 Wireless RGB Mechanical Gaming Keyboard] Registering RGB controller
2531  |Info:    ------------------------------------------------------
2531  |Info:    |            Detecting libusb HID devices            |
2531  |Info:    ------------------------------------------------------
2549  |Info:    [HyperX Quadcast S] Registering RGB controller
2549  |Info:    ------------------------------------------------------
2549  |Info:    |              Detecting other devices               |
2549  |Info:    ------------------------------------------------------
2555  |Info:    ------------------------------------------------------
2555  |Info:    |                Detection completed                 |
2555  |Info:    ------------------------------------------------------
29292 |Info:    Profile loading: Succeeded for ENE DRAM @ I2C: /dev/i2c-8, address 0x72
29292 |Info:    Profile loading: Succeeded for ENE DRAM @ I2C: /dev/i2c-8, address 0x73
29292 |Info:    Profile loading: Succeeded for ENE DRAM @ I2C: /dev/i2c-8, address 0x74
29292 |Info:    Profile loading: Succeeded for ENE DRAM @ I2C: /dev/i2c-8, address 0x75
29292 |Info:    Profile loading: Succeeded for Z390 AORUS MASTER-CF @ HID: /dev/hidraw6
29292 |Info:    Profile loading: Succeeded for Logitech G915 Wireless RGB Mechanical Gaming Keyboard @ 
29292 |Info:    Profile loading: Succeeded for HyperX Quadcast S @ 1-11.4.4:1.0
