    OpenRGB v0.9
    Commit:  from 
    Launched: 20240329_063655
====================================================================================================

0     |Info:    Found file: Nord.orp attempting to validate header
0     |Info:    Valid v4 profile found for Nord
0     |Info:    Found file: Off.orp attempting to validate header
5     |Info:    Valid v4 profile found for Off
5     |Info:    Found file: Dim.orp attempting to validate header
8     |Info:    Valid v4 profile found for Dim
8     |Info:    Found file: Green.orp attempting to validate header
8     |Info:    Valid v4 profile found for Green
8     |Info:    Found file: Snow.orp attempting to validate header
10    |Info:    Valid v4 profile found for Snow
1015  |Info:    ------------------------------------------------------
1015  |Info:    |               Start device detection               |
1015  |Info:    ------------------------------------------------------
1015  |Info:    Initializing HID interfaces: Success
1018  |Info:    ------------------------------------------------------
1018  |Info:    |             Detecting I2C interfaces               |
1018  |Info:    ------------------------------------------------------
1018  |Info:    Registering I2C interface: /dev/i2c-3 Device 10DE:1E07 Subsystem: 1458:37BD
1018  |Info:    Registering I2C interface: /dev/i2c-1 Device 8086:A323 Subsystem: 1458:5001
1018  |Info:    Registering I2C interface: /dev/i2c-8 Device 10DE:1E07 Subsystem: 1458:37BD
1018  |Info:    Registering I2C interface: /dev/i2c-6 Device 10DE:1E07 Subsystem: 1458:37BD
1018  |Info:    Registering I2C interface: /dev/i2c-4 Device 10DE:1E07 Subsystem: 1458:37BD
1018  |Info:    Registering I2C interface: /dev/i2c-2 Device 10DE:1E07 Subsystem: 1458:37BD
1019  |Info:    Registering I2C interface: /dev/i2c-0 Device 10DE:1AD7 Subsystem: 1458:37BD
1019  |Info:    Registering I2C interface: /dev/i2c-7 Device 10DE:1E07 Subsystem: 1458:37BD
1019  |Info:    Registering I2C interface: /dev/i2c-5 Device 10DE:1E07 Subsystem: 1458:37BD
1019  |Info:    ------------------------------------------------------
1019  |Info:    |               Detecting I2C devices                |
1019  |Info:    ------------------------------------------------------
1506  |Info:    [ENE DRAM] Registering RGB controller
1676  |Info:    [ENE DRAM] Registering RGB controller
1850  |Info:    [ENE DRAM] Registering RGB controller
2024  |Info:    [ENE DRAM] Registering RGB controller
2067  |Info:    ------------------------------------------------------
2067  |Info:    |               Detecting I2C PCI devices            |
2067  |Info:    ------------------------------------------------------
2067  |Info:    ------------------------------------------------------
2067  |Info:    |               Detecting HID devices                |
2067  |Info:    ------------------------------------------------------
2228  |Info:    [Z390 AORUS MASTER-CF] Registering RGB controller
2487  |Info:    [Logitech G915 Wireless RGB Mechanical Gaming Keyboard] Registering RGB controller
2487  |Info:    ------------------------------------------------------
2487  |Info:    |            Detecting libusb HID devices            |
2487  |Info:    ------------------------------------------------------
