    OpenRGB v0.9
    Commit:  from 
    Launched: 20240522_060101
====================================================================================================

0     |Info:    Found file: Off.orp attempting to validate header
0     |Info:    Valid v4 profile found for Off
0     |Info:    Found file: Snow.orp attempting to validate header
0     |Info:    Valid v4 profile found for Snow
1001  |Info:    ------------------------------------------------------
1001  |Info:    |               Start device detection               |
1001  |Info:    ------------------------------------------------------
1001  |Info:    Initializing HID interfaces: Success
1005  |Info:    ------------------------------------------------------
1005  |Info:    |             Detecting I2C interfaces               |
1005  |Info:    ------------------------------------------------------
1005  |Info:    Registering I2C interface: /dev/i2c-3 Device 10DE:1E07 Subsystem: 1458:37BD
1005  |Info:    Registering I2C interface: /dev/i2c-1 Device 10DE:1E07 Subsystem: 1458:37BD
1005  |Info:    Registering I2C interface: /dev/i2c-8 Device 8086:A323 Subsystem: 1458:5001
1005  |Info:    Registering I2C interface: /dev/i2c-6 Device 10DE:1E07 Subsystem: 1458:37BD
1006  |Info:    Registering I2C interface: /dev/i2c-4 Device 10DE:1E07 Subsystem: 1458:37BD
1006  |Info:    Registering I2C interface: /dev/i2c-2 Device 10DE:1E07 Subsystem: 1458:37BD
1006  |Info:    Registering I2C interface: /dev/i2c-0 Device 10DE:1E07 Subsystem: 1458:37BD
1006  |Info:    Registering I2C interface: /dev/i2c-7 Device 10DE:1AD7 Subsystem: 1458:37BD
1006  |Info:    Registering I2C interface: /dev/i2c-5 Device 10DE:1E07 Subsystem: 1458:37BD
1006  |Info:    ------------------------------------------------------
1006  |Info:    |               Detecting I2C devices                |
1006  |Info:    ------------------------------------------------------
1195  |Info:    [ENE DRAM] Registering RGB controller
1364  |Info:    [ENE DRAM] Registering RGB controller
1535  |Info:    [ENE DRAM] Registering RGB controller
1709  |Info:    [ENE DRAM] Registering RGB controller
2052  |Info:    ------------------------------------------------------
2052  |Info:    |               Detecting I2C PCI devices            |
2052  |Info:    ------------------------------------------------------
2053  |Info:    ------------------------------------------------------
2053  |Info:    |               Detecting HID devices                |
2053  |Info:    ------------------------------------------------------
2213  |Info:    [Z390 AORUS MASTER-CF] Registering RGB controller
2476  |Info:    [Logitech G915 Wireless RGB Mechanical Gaming Keyboard] Registering RGB controller
2476  |Info:    ------------------------------------------------------
2476  |Info:    |            Detecting libusb HID devices            |
2476  |Info:    ------------------------------------------------------
2488  |Info:    [HyperX Quadcast S] Registering RGB controller
2488  |Info:    ------------------------------------------------------
2488  |Info:    |              Detecting other devices               |
2488  |Info:    ------------------------------------------------------
2495  |Info:    ------------------------------------------------------
2495  |Info:    |                Detection completed                 |
2495  |Info:    ------------------------------------------------------
