    OpenRGB v0.9
    Commit:  from 
    Launched: 20240119_055809
====================================================================================================

0     |Info:    Found file: Nord.orp attempting to validate header
0     |Info:    Valid v4 profile found for Nord
0     |Info:    Found file: Off.orp attempting to validate header
0     |Info:    Valid v4 profile found for Off
0     |Info:    Found file: Dim.orp attempting to validate header
0     |Info:    Valid v4 profile found for Dim
0     |Info:    Found file: Green.orp attempting to validate header
0     |Info:    Valid v4 profile found for Green
1001  |Info:    ------------------------------------------------------
1001  |Info:    |               Start device detection               |
1001  |Info:    ------------------------------------------------------
1002  |Info:    Initializing HID interfaces: Success
1005  |Info:    ------------------------------------------------------
1005  |Info:    |             Detecting I2C interfaces               |
1005  |Info:    ------------------------------------------------------
1005  |Info:    Registering I2C interface: /dev/i2c-3 Device 10DE:1E07 Subsystem: 1458:37BD
1005  |Info:    Registering I2C interface: /dev/i2c-1 Device 8086:A323 Subsystem: 1458:5001
1005  |Info:    Registering I2C interface: /dev/i2c-8 Device 10DE:1E07 Subsystem: 1458:37BD
1005  |Info:    Registering I2C interface: /dev/i2c-6 Device 10DE:1E07 Subsystem: 1458:37BD
1005  |Info:    Registering I2C interface: /dev/i2c-4 Device 10DE:1E07 Subsystem: 1458:37BD
1005  |Info:    Registering I2C interface: /dev/i2c-2 Device 10DE:1E07 Subsystem: 1458:37BD
1005  |Info:    Registering I2C interface: /dev/i2c-0 Device 10DE:1AD7 Subsystem: 1458:37BD
1005  |Info:    Registering I2C interface: /dev/i2c-7 Device 10DE:1E07 Subsystem: 1458:37BD
1005  |Info:    Registering I2C interface: /dev/i2c-5 Device 10DE:1E07 Subsystem: 1458:37BD
1005  |Info:    ------------------------------------------------------
1005  |Info:    |               Detecting I2C devices                |
1005  |Info:    ------------------------------------------------------
1686  |Info:    [ENE DRAM] Registering RGB controller
1870  |Info:    [ENE DRAM] Registering RGB controller
2041  |Info:    [ENE DRAM] Registering RGB controller
2212  |Info:    [ENE DRAM] Registering RGB controller
2215  |Info:    ------------------------------------------------------
2215  |Info:    |               Detecting I2C PCI devices            |
2215  |Info:    ------------------------------------------------------
2216  |Info:    ------------------------------------------------------
2216  |Info:    |               Detecting HID devices                |
2216  |Info:    ------------------------------------------------------
2378  |Info:    [Z390 AORUS MASTER-CF] Registering RGB controller
2640  |Info:    [Logitech G915 Wireless RGB Mechanical Gaming Keyboard] Registering RGB controller
2641  |Info:    ------------------------------------------------------
2641  |Info:    |            Detecting libusb HID devices            |
2641  |Info:    ------------------------------------------------------
2650  |Info:    [HyperX Quadcast S] Registering RGB controller
2650  |Info:    ------------------------------------------------------
2650  |Info:    |              Detecting other devices               |
2650  |Info:    ------------------------------------------------------
2652  |Info:    ------------------------------------------------------
2652  |Info:    |                Detection completed                 |
2652  |Info:    ------------------------------------------------------
16060 |Info:    Found file: Nord.orp attempting to validate header
16060 |Info:    Valid v4 profile found for Nord
16060 |Info:    Found file: Off.orp attempting to validate header
16060 |Info:    Valid v4 profile found for Off
16060 |Info:    Found file: Dim.orp attempting to validate header
16060 |Info:    Valid v4 profile found for Dim
16060 |Info:    Found file: Green.orp attempting to validate header
16060 |Info:    Valid v4 profile found for Green
16060 |Info:    Found file: Snow.orp attempting to validate header
16060 |Info:    Valid v4 profile found for Snow
71450 |Info:    Found file: Nord.orp attempting to validate header
71450 |Info:    Valid v4 profile found for Nord
71450 |Info:    Found file: Off.orp attempting to validate header
71450 |Info:    Valid v4 profile found for Off
71450 |Info:    Found file: Dim.orp attempting to validate header
71450 |Info:    Valid v4 profile found for Dim
71450 |Info:    Found file: Green.orp attempting to validate header
71450 |Info:    Valid v4 profile found for Green
71450 |Info:    Found file: Snow.orp attempting to validate header
71450 |Info:    Valid v4 profile found for Snow
169900|Info:    Found file: Nord.orp attempting to validate header
169900|Info:    Valid v4 profile found for Nord
169900|Info:    Found file: Off.orp attempting to validate header
169900|Info:    Valid v4 profile found for Off
169900|Info:    Found file: Dim.orp attempting to validate header
169900|Info:    Valid v4 profile found for Dim
169900|Info:    Found file: Green.orp attempting to validate header
169900|Info:    Valid v4 profile found for Green
169900|Info:    Found file: Snow.orp attempting to validate header
169900|Info:    Valid v4 profile found for Snow
175582|Info:    Found file: Nord.orp attempting to validate header
175582|Info:    Valid v4 profile found for Nord
175582|Info:    Found file: Off.orp attempting to validate header
175582|Info:    Valid v4 profile found for Off
175582|Info:    Found file: Dim.orp attempting to validate header
175582|Info:    Valid v4 profile found for Dim
175582|Info:    Found file: Green.orp attempting to validate header
175582|Info:    Valid v4 profile found for Green
175582|Info:    Found file: Snow.orp attempting to validate header
175582|Info:    Valid v4 profile found for Snow
