    OpenRGB v0.9
    Commit:  from 
    Launched: 20240519_071601
====================================================================================================

0     |Info:    Found file: Off.orp attempting to validate header
0     |Info:    Valid v4 profile found for Off
0     |Info:    Found file: Snow.orp attempting to validate header
1     |Info:    Valid v4 profile found for Snow
1009  |Info:    ------------------------------------------------------
1009  |Info:    |               Start device detection               |
1009  |Info:    ------------------------------------------------------
1009  |Info:    Initializing HID interfaces: Success
1013  |Info:    ------------------------------------------------------
1013  |Info:    |             Detecting I2C interfaces               |
1013  |Info:    ------------------------------------------------------
1013  |Info:    Registering I2C interface: /dev/i2c-3 Device 10DE:1E07 Subsystem: 1458:37BD
1013  |Info:    Registering I2C interface: /dev/i2c-1 Device 10DE:1E07 Subsystem: 1458:37BD
1014  |Info:    Registering I2C interface: /dev/i2c-8 Device 8086:A323 Subsystem: 1458:5001
1014  |Info:    Registering I2C interface: /dev/i2c-6 Device 10DE:1E07 Subsystem: 1458:37BD
1014  |Info:    Registering I2C interface: /dev/i2c-4 Device 10DE:1E07 Subsystem: 1458:37BD
1014  |Info:    Registering I2C interface: /dev/i2c-2 Device 10DE:1E07 Subsystem: 1458:37BD
1014  |Info:    Registering I2C interface: /dev/i2c-0 Device 10DE:1E07 Subsystem: 1458:37BD
1014  |Info:    Registering I2C interface: /dev/i2c-7 Device 10DE:1AD7 Subsystem: 1458:37BD
1014  |Info:    Registering I2C interface: /dev/i2c-5 Device 10DE:1E07 Subsystem: 1458:37BD
1014  |Info:    ------------------------------------------------------
1014  |Info:    |               Detecting I2C devices                |
1014  |Info:    ------------------------------------------------------
1198  |Info:    [ENE DRAM] Registering RGB controller
1366  |Info:    [ENE DRAM] Registering RGB controller
1536  |Info:    [ENE DRAM] Registering RGB controller
1707  |Info:    [ENE DRAM] Registering RGB controller
2054  |Info:    ------------------------------------------------------
2054  |Info:    |               Detecting I2C PCI devices            |
2054  |Info:    ------------------------------------------------------
2055  |Info:    ------------------------------------------------------
2055  |Info:    |               Detecting HID devices                |
2055  |Info:    ------------------------------------------------------
2214  |Info:    [Z390 AORUS MASTER-CF] Registering RGB controller
2474  |Info:    [Logitech G915 Wireless RGB Mechanical Gaming Keyboard] Registering RGB controller
2474  |Info:    ------------------------------------------------------
2474  |Info:    |            Detecting libusb HID devices            |
2474  |Info:    ------------------------------------------------------
2486  |Info:    [HyperX Quadcast S] Registering RGB controller
2486  |Info:    ------------------------------------------------------
2486  |Info:    |              Detecting other devices               |
2486  |Info:    ------------------------------------------------------
2491  |Info:    ------------------------------------------------------
2491  |Info:    |                Detection completed                 |
2491  |Info:    ------------------------------------------------------
