    OpenRGB v0.9
    Commit:  from 
    Launched: 20240429_014426
====================================================================================================

0     |Info:    Found file: Off.orp attempting to validate header
0     |Info:    Valid v4 profile found for Off
0     |Info:    Found file: Green.orp attempting to validate header
0     |Info:    Valid v4 profile found for Green
1     |Info:    Found file: Nord.orp attempting to validate header
1     |Info:    Valid v4 profile found for Nord
1     |Info:    Found file: Dim.orp attempting to validate header
1     |Info:    Valid v4 profile found for Dim
1     |Info:    Found file: Snow.orp attempting to validate header
1     |Info:    Valid v4 profile found for Snow
1008  |Info:    ------------------------------------------------------
1008  |Info:    |               Start device detection               |
1008  |Info:    ------------------------------------------------------
1008  |Info:    Initializing HID interfaces: Success
1013  |Info:    ------------------------------------------------------
1013  |Info:    |             Detecting I2C interfaces               |
1013  |Info:    ------------------------------------------------------
1013  |Info:    Registering I2C interface: /dev/i2c-3 Device 10DE:1E07 Subsystem: 1458:37BD
1013  |Info:    Registering I2C interface: /dev/i2c-1 Device 10DE:1E07 Subsystem: 1458:37BD
1013  |Info:    Registering I2C interface: /dev/i2c-8 Device 8086:A323 Subsystem: 1458:5001
1013  |Info:    Registering I2C interface: /dev/i2c-6 Device 10DE:1E07 Subsystem: 1458:37BD
1013  |Info:    Registering I2C interface: /dev/i2c-4 Device 10DE:1E07 Subsystem: 1458:37BD
1013  |Info:    Registering I2C interface: /dev/i2c-2 Device 10DE:1E07 Subsystem: 1458:37BD
1013  |Info:    Registering I2C interface: /dev/i2c-0 Device 10DE:1E07 Subsystem: 1458:37BD
1013  |Info:    Registering I2C interface: /dev/i2c-7 Device 10DE:1AD7 Subsystem: 1458:37BD
1013  |Info:    Registering I2C interface: /dev/i2c-5 Device 10DE:1E07 Subsystem: 1458:37BD
1013  |Info:    ------------------------------------------------------
1013  |Info:    |               Detecting I2C devices                |
1013  |Info:    ------------------------------------------------------
1256  |Info:    [ENE DRAM] Registering RGB controller
1423  |Info:    [ENE DRAM] Registering RGB controller
1590  |Info:    [ENE DRAM] Registering RGB controller
1756  |Info:    [ENE DRAM] Registering RGB controller
2097  |Info:    ------------------------------------------------------
2097  |Info:    |               Detecting I2C PCI devices            |
2097  |Info:    ------------------------------------------------------
2098  |Info:    ------------------------------------------------------
2098  |Info:    |               Detecting HID devices                |
2098  |Info:    ------------------------------------------------------
2257  |Info:    [Z390 AORUS MASTER-CF] Registering RGB controller
2517  |Info:    [Logitech G915 Wireless RGB Mechanical Gaming Keyboard] Registering RGB controller
2517  |Info:    ------------------------------------------------------
2517  |Info:    |            Detecting libusb HID devices            |
2517  |Info:    ------------------------------------------------------
2531  |Info:    [HyperX Quadcast S] Registering RGB controller
2531  |Info:    ------------------------------------------------------
2531  |Info:    |              Detecting other devices               |
2531  |Info:    ------------------------------------------------------
2537  |Info:    ------------------------------------------------------
2537  |Info:    |                Detection completed                 |
2537  |Info:    ------------------------------------------------------
10375 |Info:    Profile loading: Succeeded for ENE DRAM @ I2C: /dev/i2c-8, address 0x72
10375 |Info:    Profile loading: Succeeded for ENE DRAM @ I2C: /dev/i2c-8, address 0x73
10375 |Info:    Profile loading: Succeeded for ENE DRAM @ I2C: /dev/i2c-8, address 0x74
10375 |Info:    Profile loading: Succeeded for ENE DRAM @ I2C: /dev/i2c-8, address 0x75
10375 |Info:    Profile loading: Succeeded for Z390 AORUS MASTER-CF @ HID: /dev/hidraw6
10375 |Info:    Profile loading: Succeeded for Logitech G915 Wireless RGB Mechanical Gaming Keyboard @ 
10375 |Info:    Profile loading: FAILED! for HyperX Quadcast S @ 1-11.4.4:1.0
28676 |Info:    Found file: Off.orp attempting to validate header
28676 |Info:    Valid v4 profile found for Off
28676 |Info:    Found file: Green.orp attempting to validate header
28676 |Info:    Valid v4 profile found for Green
28676 |Info:    Found file: Nord.orp attempting to validate header
28676 |Info:    Valid v4 profile found for Nord
28676 |Info:    Found file: Dim.orp attempting to validate header
28676 |Info:    Valid v4 profile found for Dim
28676 |Info:    Found file: Snow.orp attempting to validate header
28676 |Info:    Valid v4 profile found for Snow
32570 |Info:    Profile loading: Succeeded for ENE DRAM @ I2C: /dev/i2c-8, address 0x72
32570 |Info:    Profile loading: Succeeded for ENE DRAM @ I2C: /dev/i2c-8, address 0x73
32570 |Info:    Profile loading: Succeeded for ENE DRAM @ I2C: /dev/i2c-8, address 0x74
32570 |Info:    Profile loading: Succeeded for ENE DRAM @ I2C: /dev/i2c-8, address 0x75
32570 |Info:    Profile loading: Succeeded for Z390 AORUS MASTER-CF @ HID: /dev/hidraw6
32570 |Info:    Profile loading: Succeeded for Logitech G915 Wireless RGB Mechanical Gaming Keyboard @ 
32570 |Info:    Profile loading: Succeeded for HyperX Quadcast S @ 1-11.4.4:1.0
33712 |Info:    Profile loading: Succeeded for ENE DRAM @ I2C: /dev/i2c-8, address 0x72
33712 |Info:    Profile loading: Succeeded for ENE DRAM @ I2C: /dev/i2c-8, address 0x73
33712 |Info:    Profile loading: Succeeded for ENE DRAM @ I2C: /dev/i2c-8, address 0x74
33712 |Info:    Profile loading: Succeeded for ENE DRAM @ I2C: /dev/i2c-8, address 0x75
33712 |Info:    Profile loading: Succeeded for Z390 AORUS MASTER-CF @ HID: /dev/hidraw6
33712 |Info:    Profile loading: Succeeded for Logitech G915 Wireless RGB Mechanical Gaming Keyboard @ 
33712 |Info:    Profile loading: Succeeded for HyperX Quadcast S @ 1-11.4.4:1.0
