    OpenRGB v0.9
    Commit:  from 
    Launched: 20240301_022551
====================================================================================================

0     |Info:    Found file: Nord.orp attempting to validate header
2     |Info:    Valid v4 profile found for Nord
2     |Info:    Found file: Off.orp attempting to validate header
5     |Info:    Valid v4 profile found for Off
5     |Info:    Found file: Dim.orp attempting to validate header
6     |Info:    Valid v4 profile found for Dim
6     |Info:    Found file: Green.orp attempting to validate header
9     |Info:    Valid v4 profile found for Green
9     |Info:    Found file: Snow.orp attempting to validate header
10    |Info:    Valid v4 profile found for Snow
1012  |Info:    ------------------------------------------------------
1012  |Info:    |               Start device detection               |
1012  |Info:    ------------------------------------------------------
1013  |Info:    Initializing HID interfaces: Success
1017  |Info:    ------------------------------------------------------
1017  |Info:    |             Detecting I2C interfaces               |
1017  |Info:    ------------------------------------------------------
1017  |Info:    Registering I2C interface: /dev/i2c-3 Device 10DE:1E07 Subsystem: 1458:37BD
1017  |Info:    Registering I2C interface: /dev/i2c-1 Device 8086:A323 Subsystem: 1458:5001
1017  |Info:    Registering I2C interface: /dev/i2c-8 Device 10DE:1E07 Subsystem: 1458:37BD
1017  |Info:    Registering I2C interface: /dev/i2c-6 Device 10DE:1E07 Subsystem: 1458:37BD
1017  |Info:    Registering I2C interface: /dev/i2c-4 Device 10DE:1E07 Subsystem: 1458:37BD
1017  |Info:    Registering I2C interface: /dev/i2c-2 Device 10DE:1E07 Subsystem: 1458:37BD
1018  |Info:    Registering I2C interface: /dev/i2c-0 Device 10DE:1AD7 Subsystem: 1458:37BD
1018  |Info:    Registering I2C interface: /dev/i2c-7 Device 10DE:1E07 Subsystem: 1458:37BD
1018  |Info:    Registering I2C interface: /dev/i2c-5 Device 10DE:1E07 Subsystem: 1458:37BD
1018  |Info:    ------------------------------------------------------
1018  |Info:    |               Detecting I2C devices                |
1018  |Info:    ------------------------------------------------------
1506  |Info:    [ENE DRAM] Registering RGB controller
1679  |Info:    [ENE DRAM] Registering RGB controller
1852  |Info:    [ENE DRAM] Registering RGB controller
2028  |Info:    [ENE DRAM] Registering RGB controller
2071  |Info:    ------------------------------------------------------
2071  |Info:    |               Detecting I2C PCI devices            |
2071  |Info:    ------------------------------------------------------
2072  |Info:    ------------------------------------------------------
2072  |Info:    |               Detecting HID devices                |
2072  |Info:    ------------------------------------------------------
2231  |Info:    [Z390 AORUS MASTER-CF] Registering RGB controller
2494  |Info:    [Logitech G915 Wireless RGB Mechanical Gaming Keyboard] Registering RGB controller
2494  |Info:    ------------------------------------------------------
2494  |Info:    |            Detecting libusb HID devices            |
2494  |Info:    ------------------------------------------------------
2511  |Info:    [HyperX Quadcast S] Registering RGB controller
2511  |Info:    ------------------------------------------------------
2511  |Info:    |              Detecting other devices               |
2511  |Info:    ------------------------------------------------------
2519  |Info:    ------------------------------------------------------
2519  |Info:    |                Detection completed                 |
2519  |Info:    ------------------------------------------------------
10386 |Info:    Profile loading: Succeeded for ENE DRAM @ I2C: /dev/i2c-1, address 0x72
10386 |Info:    Profile loading: Succeeded for ENE DRAM @ I2C: /dev/i2c-1, address 0x73
10386 |Info:    Profile loading: Succeeded for ENE DRAM @ I2C: /dev/i2c-1, address 0x74
10386 |Info:    Profile loading: Succeeded for ENE DRAM @ I2C: /dev/i2c-1, address 0x75
10386 |Info:    Profile loading: Succeeded for Z390 AORUS MASTER-CF @ HID: /dev/hidraw8
10386 |Info:    Profile loading: Succeeded for Logitech G915 Wireless RGB Mechanical Gaming Keyboard @ 
10386 |Info:    Profile loading: FAILED! for HyperX Quadcast S @ 1-4.4:1.0
