    OpenRGB v0.9
    Commit:  from 
    Launched: 20240208_033045
====================================================================================================

25    |Info:    Found file: Nord.orp attempting to validate header
26    |Info:    Valid v4 profile found for Nord
26    |Info:    Found file: Off.orp attempting to validate header
26    |Info:    Valid v4 profile found for Off
26    |Info:    Found file: Dim.orp attempting to validate header
28    |Info:    Valid v4 profile found for Dim
28    |Info:    Found file: Green.orp attempting to validate header
28    |Info:    Valid v4 profile found for Green
28    |Info:    Found file: Snow.orp attempting to validate header
29    |Info:    Valid v4 profile found for Snow
1032  |Info:    ------------------------------------------------------
1032  |Info:    |               Start device detection               |
1032  |Info:    ------------------------------------------------------
1032  |Info:    Initializing HID interfaces: Success
1035  |Info:    ------------------------------------------------------
1035  |Info:    |             Detecting I2C interfaces               |
1035  |Info:    ------------------------------------------------------
1035  |Info:    Registering I2C interface: /dev/i2c-3 Device 10DE:1E07 Subsystem: 1458:37BD
1035  |Info:    Registering I2C interface: /dev/i2c-1 Device 8086:A323 Subsystem: 1458:5001
1035  |Info:    Registering I2C interface: /dev/i2c-8 Device 10DE:1E07 Subsystem: 1458:37BD
1035  |Info:    Registering I2C interface: /dev/i2c-6 Device 10DE:1E07 Subsystem: 1458:37BD
1035  |Info:    Registering I2C interface: /dev/i2c-4 Device 10DE:1E07 Subsystem: 1458:37BD
1035  |Info:    Registering I2C interface: /dev/i2c-2 Device 10DE:1E07 Subsystem: 1458:37BD
1035  |Info:    Registering I2C interface: /dev/i2c-0 Device 10DE:1AD7 Subsystem: 1458:37BD
1035  |Info:    Registering I2C interface: /dev/i2c-7 Device 10DE:1E07 Subsystem: 1458:37BD
1035  |Info:    Registering I2C interface: /dev/i2c-5 Device 10DE:1E07 Subsystem: 1458:37BD
1035  |Info:    ------------------------------------------------------
1035  |Info:    |               Detecting I2C devices                |
1036  |Info:    ------------------------------------------------------
1526  |Info:    [ENE DRAM] Registering RGB controller
1693  |Info:    [ENE DRAM] Registering RGB controller
1862  |Info:    [ENE DRAM] Registering RGB controller
2027  |Info:    [ENE DRAM] Registering RGB controller
2069  |Info:    ------------------------------------------------------
2069  |Info:    |               Detecting I2C PCI devices            |
2069  |Info:    ------------------------------------------------------
2070  |Info:    ------------------------------------------------------
2070  |Info:    |               Detecting HID devices                |
2070  |Info:    ------------------------------------------------------
2228  |Info:    [Z390 AORUS MASTER-CF] Registering RGB controller
2487  |Info:    [Logitech G915 Wireless RGB Mechanical Gaming Keyboard] Registering RGB controller
2487  |Info:    ------------------------------------------------------
2487  |Info:    |            Detecting libusb HID devices            |
2487  |Info:    ------------------------------------------------------
2506  |Info:    [HyperX Quadcast S] Registering RGB controller
2506  |Info:    ------------------------------------------------------
2506  |Info:    |              Detecting other devices               |
2506  |Info:    ------------------------------------------------------
2511  |Info:    ------------------------------------------------------
2511  |Info:    |                Detection completed                 |
2511  |Info:    ------------------------------------------------------
10805 |Info:    Profile loading: Succeeded for ENE DRAM @ I2C: /dev/i2c-1, address 0x72
10805 |Info:    Profile loading: Succeeded for ENE DRAM @ I2C: /dev/i2c-1, address 0x73
10806 |Info:    Profile loading: Succeeded for ENE DRAM @ I2C: /dev/i2c-1, address 0x74
10806 |Info:    Profile loading: Succeeded for ENE DRAM @ I2C: /dev/i2c-1, address 0x75
10806 |Info:    Profile loading: Succeeded for Z390 AORUS MASTER-CF @ HID: /dev/hidraw8
10806 |Info:    Profile loading: Succeeded for Logitech G915 Wireless RGB Mechanical Gaming Keyboard @ 
10806 |Info:    Profile loading: Succeeded for HyperX Quadcast S @ 1-7.4:1.0
