    OpenRGB v0.9
    Commit:  from 
    Launched: 20240322_012644
====================================================================================================

28    |Info:    Found file: Nord.orp attempting to validate header
30    |Info:    Valid v4 profile found for Nord
30    |Info:    Found file: Off.orp attempting to validate header
35    |Info:    Valid v4 profile found for Off
35    |Info:    Found file: Dim.orp attempting to validate header
36    |Info:    Valid v4 profile found for Dim
36    |Info:    Found file: Green.orp attempting to validate header
42    |Info:    Valid v4 profile found for Green
42    |Info:    Found file: Snow.orp attempting to validate header
43    |Info:    Valid v4 profile found for Snow
1046  |Info:    ------------------------------------------------------
1046  |Info:    |               Start device detection               |
1046  |Info:    ------------------------------------------------------
1046  |Info:    Initializing HID interfaces: Success
1051  |Info:    ------------------------------------------------------
1051  |Info:    |             Detecting I2C interfaces               |
1051  |Info:    ------------------------------------------------------
1051  |Info:    Registering I2C interface: /dev/i2c-3 Device 10DE:1E07 Subsystem: 1458:37BD
1051  |Info:    Registering I2C interface: /dev/i2c-1 Device 8086:A323 Subsystem: 1458:5001
1051  |Info:    Registering I2C interface: /dev/i2c-8 Device 10DE:1E07 Subsystem: 1458:37BD
1051  |Info:    Registering I2C interface: /dev/i2c-6 Device 10DE:1E07 Subsystem: 1458:37BD
1051  |Info:    Registering I2C interface: /dev/i2c-4 Device 10DE:1E07 Subsystem: 1458:37BD
1051  |Info:    Registering I2C interface: /dev/i2c-2 Device 10DE:1E07 Subsystem: 1458:37BD
1051  |Info:    Registering I2C interface: /dev/i2c-0 Device 10DE:1AD7 Subsystem: 1458:37BD
1051  |Info:    Registering I2C interface: /dev/i2c-7 Device 10DE:1E07 Subsystem: 1458:37BD
1051  |Info:    Registering I2C interface: /dev/i2c-5 Device 10DE:1E07 Subsystem: 1458:37BD
1051  |Info:    ------------------------------------------------------
1051  |Info:    |               Detecting I2C devices                |
1051  |Info:    ------------------------------------------------------
1536  |Info:    [ENE DRAM] Registering RGB controller
1702  |Info:    [ENE DRAM] Registering RGB controller
1872  |Info:    [ENE DRAM] Registering RGB controller
2043  |Info:    [ENE DRAM] Registering RGB controller
2083  |Info:    ------------------------------------------------------
2083  |Info:    |               Detecting I2C PCI devices            |
2083  |Info:    ------------------------------------------------------
2084  |Info:    ------------------------------------------------------
2084  |Info:    |               Detecting HID devices                |
2084  |Info:    ------------------------------------------------------
2247  |Info:    [Z390 AORUS MASTER-CF] Registering RGB controller
2506  |Info:    [Logitech G915 Wireless RGB Mechanical Gaming Keyboard] Registering RGB controller
2506  |Info:    ------------------------------------------------------
2506  |Info:    |            Detecting libusb HID devices            |
2506  |Info:    ------------------------------------------------------
