    OpenRGB v0.9
    Commit:  from 
    Launched: 20240616_112454
====================================================================================================

6     |Info:    Found file: Off.orp attempting to validate header
6     |Info:    Valid v4 profile found for Off
6     |Info:    Found file: Snow.orp attempting to validate header
6     |Info:    Valid v4 profile found for Snow
1009  |Info:    ------------------------------------------------------
1009  |Info:    |               Start device detection               |
1009  |Info:    ------------------------------------------------------
1009  |Info:    Initializing HID interfaces: Success
1013  |Info:    ------------------------------------------------------
1013  |Info:    |             Detecting I2C interfaces               |
1013  |Info:    ------------------------------------------------------
1016  |Info:    Registering I2C interface: /dev/i2c-3 Device 10DE:1E07 Subsystem: 1458:37BD
1016  |Info:    Registering I2C interface: /dev/i2c-1 Device 10DE:1E07 Subsystem: 1458:37BD
1016  |Info:    Registering I2C interface: /dev/i2c-8 Device 8086:A323 Subsystem: 1458:5001
1016  |Info:    Registering I2C interface: /dev/i2c-6 Device 10DE:1E07 Subsystem: 1458:37BD
1016  |Info:    Registering I2C interface: /dev/i2c-4 Device 10DE:1E07 Subsystem: 1458:37BD
1016  |Info:    Registering I2C interface: /dev/i2c-2 Device 10DE:1E07 Subsystem: 1458:37BD
1016  |Info:    Registering I2C interface: /dev/i2c-0 Device 10DE:1E07 Subsystem: 1458:37BD
1017  |Info:    Registering I2C interface: /dev/i2c-7 Device 10DE:1AD7 Subsystem: 1458:37BD
1017  |Info:    Registering I2C interface: /dev/i2c-5 Device 10DE:1E07 Subsystem: 1458:37BD
1017  |Info:    ------------------------------------------------------
1017  |Info:    |               Detecting I2C devices                |
1017  |Info:    ------------------------------------------------------
1206  |Info:    [ENE DRAM] Registering RGB controller
1377  |Info:    [ENE DRAM] Registering RGB controller
1547  |Info:    [ENE DRAM] Registering RGB controller
1717  |Info:    [ENE DRAM] Registering RGB controller
2060  |Info:    ------------------------------------------------------
2060  |Info:    |               Detecting I2C PCI devices            |
2060  |Info:    ------------------------------------------------------
2061  |Info:    ------------------------------------------------------
2061  |Info:    |               Detecting HID devices                |
2061  |Info:    ------------------------------------------------------
2217  |Info:    [Z390 AORUS MASTER-CF] Registering RGB controller
2474  |Info:    [Logitech G915 Wireless RGB Mechanical Gaming Keyboard] Registering RGB controller
2474  |Info:    ------------------------------------------------------
2474  |Info:    |            Detecting libusb HID devices            |
2474  |Info:    ------------------------------------------------------
2491  |Info:    [HyperX Quadcast S] Registering RGB controller
2491  |Info:    ------------------------------------------------------
2491  |Info:    |              Detecting other devices               |
2491  |Info:    ------------------------------------------------------
2496  |Info:    ------------------------------------------------------
2496  |Info:    |                Detection completed                 |
2496  |Info:    ------------------------------------------------------
