    OpenRGB v0.9
    Commit:  from 
    Launched: 20240114_032235
====================================================================================================

0     |Info:    Found file: Nord.orp attempting to validate header
1     |Info:    Valid v4 profile found for Nord
1     |Info:    Found file: Off.orp attempting to validate header
3     |Info:    Valid v4 profile found for Off
3     |Info:    Found file: Dim.orp attempting to validate header
3     |Info:    Valid v4 profile found for Dim
1005  |Info:    ------------------------------------------------------
1005  |Info:    |               Start device detection               |
1005  |Info:    ------------------------------------------------------
1006  |Info:    Initializing HID interfaces: Success
1009  |Info:    ------------------------------------------------------
1009  |Info:    |             Detecting I2C interfaces               |
1009  |Info:    ------------------------------------------------------
1011  |Info:    Registering I2C interface: /dev/i2c-3 Device 10DE:1E07 Subsystem: 1458:37BD
1011  |Info:    Registering I2C interface: /dev/i2c-1 Device 8086:A323 Subsystem: 1458:5001
1011  |Info:    Registering I2C interface: /dev/i2c-8 Device 10DE:1E07 Subsystem: 1458:37BD
1011  |Info:    Registering I2C interface: /dev/i2c-6 Device 10DE:1E07 Subsystem: 1458:37BD
1011  |Info:    Registering I2C interface: /dev/i2c-4 Device 10DE:1E07 Subsystem: 1458:37BD
1016  |Info:    Registering I2C interface: /dev/i2c-2 Device 10DE:1E07 Subsystem: 1458:37BD
1016  |Info:    Registering I2C interface: /dev/i2c-0 Device 10DE:1AD7 Subsystem: 1458:37BD
1016  |Info:    Registering I2C interface: /dev/i2c-7 Device 10DE:1E07 Subsystem: 1458:37BD
1016  |Info:    Registering I2C interface: /dev/i2c-5 Device 10DE:1E07 Subsystem: 1458:37BD
1016  |Info:    ------------------------------------------------------
1016  |Info:    |               Detecting I2C devices                |
1016  |Info:    ------------------------------------------------------
2090  |Info:    [ASUS Aura Motherboard] Registering RGB controller
2482  |Info:    [ASUS Aura Motherboard] Registering RGB controller
3035  |Info:    [ASUS Aura Motherboard] Registering RGB controller
3251  |Info:    [ASUS Aura Motherboard] Registering RGB controller
3253  |Info:    ------------------------------------------------------
3253  |Info:    |               Detecting I2C PCI devices            |
3253  |Info:    ------------------------------------------------------
3254  |Info:    ------------------------------------------------------
3254  |Info:    |               Detecting HID devices                |
3254  |Info:    ------------------------------------------3300  |Info: 3359  |Info:    [Z390 AORUS MASTER-CF] Registering RG3566  |Info: 3617  |Info:    [Logitech G915 Wireless RGB Mechanical Gaming Keyboard] Registering RGB controller
3617  |Info:    ------------------------------------------------------
3617  |Info:    |            Detecting libusb HID devices            |
3617  |Info:    ------------------------------------------------------
3626  |Info:    ------------------------------------------------------
3626  |Info:    |              Detecting other devices               |
3626  |Info:    ------------------------------------------------------
3627  |Info:    ------------------------------------------------------
3627  |Info:    |                Detection completed                 |
3627  |Info:    ------------------------------------------------------
-------------------------------------------------
