    OpenRGB v0.9
    Commit:  from 
    Launched: 20240120_030613
====================================================================================================

0     |Info:    Found file: Nord.orp attempting to validate header
0     |Info:    Valid v4 profile found for Nord
0     |Info:    Found file: Off.orp attempting to validate header
2     |Info:    Valid v4 profile found for Off
2     |Info:    Found file: Dim.orp attempting to validate header
2     |Info:    Valid v4 profile found for Dim
2     |Info:    Found file: Green.orp attempting to validate header
2     |Info:    Valid v4 profile found for Green
2     |Info:    Found file: Snow.orp attempting to validate header
3     |Info:    Valid v4 profile found for Snow
1005  |Info:    ------------------------------------------------------
1005  |Info:    |               Start device detection               |
1005  |Info:    ------------------------------------------------------
1005  |Info:    Initializing HID interfaces: Success
1009  |Info:    ------------------------------------------------------
1009  |Info:    |             Detecting I2C interfaces               |
1009  |Info:    ------------------------------------------------------
1009  |Info:    Registering I2C interface: /dev/i2c-3 Device 10DE:1E07 Subsystem: 1458:37BD
1009  |Info:    Registering I2C interface: /dev/i2c-1 Device 8086:A323 Subsystem: 1458:5001
1009  |Info:    Registering I2C interface: /dev/i2c-8 Device 10DE:1E07 Subsystem: 1458:37BD
1009  |Info:    Registering I2C interface: /dev/i2c-6 Device 10DE:1E07 Subsystem: 1458:37BD
1009  |Info:    Registering I2C interface: /dev/i2c-4 Device 10DE:1E07 Subsystem: 1458:37BD
1009  |Info:    Registering I2C interface: /dev/i2c-2 Device 10DE:1E07 Subsystem: 1458:37BD
1009  |Info:    Registering I2C interface: /dev/i2c-0 Device 10DE:1AD7 Subsystem: 1458:37BD
1009  |Info:    Registering I2C interface: /dev/i2c-7 Device 10DE:1E07 Subsystem: 1458:37BD
1009  |Info:    Registering I2C interface: /dev/i2c-5 Device 10DE:1E07 Subsystem: 1458:37BD
1009  |Info:    ------------------------------------------------------
1009  |Info:    |               Detecting I2C devices                |
1009  |Info:    ------------------------------------------------------
1522  |Info:    [ENE DRAM] Registering RGB controller
1703  |Info:    [ENE DRAM] Registering RGB controller
1884  |Info:    [ENE DRAM] Registering RGB controller
2052  |Info:    [ENE DRAM] Registering RGB controller
2093  |Info:    ------------------------------------------------------
2093  |Info:    |               Detecting I2C PCI devices            |
2093  |Info:    ------------------------------------------------------
2094  |Info:    ------------------------------------------------------
2094  |Info:    |               Detecting HID devices                |
2094  |Info:    ------------------------------------------------------
2254  |Info:    [Z390 AORUS MASTER-CF] Registering RGB controller
2513  |Info:    [Logitech G915 Wireless RGB Mechanical Gaming Keyboard] Registering RGB controller
2513  |Info:    ------------------------------------------------------
2513  |Info:    |            Detecting libusb HID devices            |
2513  |Info:    ------------------------------------------------------
2524  |Info:    [HyperX Quadcast S] Registering RGB controller
2524  |Info:    ------------------------------------------------------
2524  |Info:    |              Detecting other devices               |
2524  |Info:    ------------------------------------------------------
2525  |Info:    ------------------------------------------------------
2525  |Info:    |                Detection completed                 |
2525  |Info:    ------------------------------------------------------
7395  |Info:    Profile loading: Succeeded for ENE DRAM @ I2C: /dev/i2c-1, address 0x72
7395  |Info:    Profile loading: Succeeded for ENE DRAM @ I2C: /dev/i2c-1, address 0x73
7395  |Info:    Profile loading: Succeeded for ENE DRAM @ I2C: /dev/i2c-1, address 0x74
7395  |Info:    Profile loading: Succeeded for ENE DRAM @ I2C: /dev/i2c-1, address 0x75
7395  |Info:    Profile loading: Succeeded for Z390 AORUS MASTER-CF @ HID: /dev/hidraw7
7395  |Info:    Profile loading: Succeeded for Logitech G915 Wireless RGB Mechanical Gaming Keyboard @ 
7395  |Info:    Profile loading: Succeeded for HyperX Quadcast S @ 1-7.4:1.0
