    OpenRGB v0.9
    Commit:  from 
    Launched: 20240430_165103
====================================================================================================

0     |Info:    Found file: Off.orp attempting to validate header
0     |Info:    Valid v4 profile found for Off
0     |Info:    Found file: Snow.orp attempting to validate header
1     |Info:    Valid v4 profile found for Snow
1007  |Info:    ------------------------------------------------------
1007  |Info:    |               Start device detection               |
1007  |Info:    ------------------------------------------------------
1007  |Info:    Initializing HID interfaces: Success
1012  |Info:    ------------------------------------------------------
1012  |Info:    |             Detecting I2C interfaces               |
1012  |Info:    ------------------------------------------------------
1012  |Info:    Registering I2C interface: /dev/i2c-3 Device 10DE:1E07 Subsystem: 1458:37BD
1012  |Info:    Registering I2C interface: /dev/i2c-1 Device 10DE:1E07 Subsystem: 1458:37BD
1012  |Info:    Registering I2C interface: /dev/i2c-8 Device 8086:A323 Subsystem: 1458:5001
1012  |Info:    Registering I2C interface: /dev/i2c-6 Device 10DE:1E07 Subsystem: 1458:37BD
1012  |Info:    Registering I2C interface: /dev/i2c-4 Device 10DE:1E07 Subsystem: 1458:37BD
1012  |Info:    Registering I2C interface: /dev/i2c-2 Device 10DE:1E07 Subsystem: 1458:37BD
1012  |Info:    Registering I2C interface: /dev/i2c-0 Device 10DE:1E07 Subsystem: 1458:37BD
1012  |Info:    Registering I2C interface: /dev/i2c-7 Device 10DE:1AD7 Subsystem: 1458:37BD
1012  |Info:    Registering I2C interface: /dev/i2c-5 Device 10DE:1E07 Subsystem: 1458:37BD
1012  |Info:    ------------------------------------------------------
1012  |Info:    |               Detecting I2C devices                |
1012  |Info:    ------------------------------------------------------
1194  |Info:    [ENE DRAM] Registering RGB controller
1361  |Info:    [ENE DRAM] Registering RGB controller
1530  |Info:    [ENE DRAM] Registering RGB controller
1695  |Info:    [ENE DRAM] Registering RGB controller
2035  |Info:    ------------------------------------------------------
2035  |Info:    |               Detecting I2C PCI devices            |
2035  |Info:    ------------------------------------------------------
2036  |Info:    ------------------------------------------------------
2036  |Info:    |               Detecting HID devices                |
2036  |Info:    ------------------------------------------------------
2196  |Info:    [Z390 AORUS MASTER-CF] Registering RGB controller
2459  |Info:    [Logitech G915 Wireless RGB Mechanical Gaming Keyboard] Registering RGB controller
2459  |Info:    ------------------------------------------------------
2459  |Info:    |            Detecting libusb HID devices            |
2459  |Info:    ------------------------------------------------------
2473  |Info:    [HyperX Quadcast S] Registering RGB controller
2473  |Info:    ------------------------------------------------------
2473  |Info:    |              Detecting other devices               |
2473  |Info:    ------------------------------------------------------
2481  |Info:    ------------------------------------------------------
2481  |Info:    |                Detection completed                 |
2481  |Info:    ------------------------------------------------------
5992  |Info:    Profile loading: Succeeded for ENE DRAM @ I2C: /dev/i2c-8, address 0x72
5992  |Info:    Profile loading: Succeeded for ENE DRAM @ I2C: /dev/i2c-8, address 0x73
5992  |Info:    Profile loading: Succeeded for ENE DRAM @ I2C: /dev/i2c-8, address 0x74
5992  |Info:    Profile loading: Succeeded for ENE DRAM @ I2C: /dev/i2c-8, address 0x75
5992  |Info:    Profile loading: Succeeded for Z390 AORUS MASTER-CF @ HID: /dev/hidraw6
5992  |Info:    Profile loading: Succeeded for Logitech G915 Wireless RGB Mechanical Gaming Keyboard @ 
5992  |Info:    Profile loading: Succeeded for HyperX Quadcast S @ 1-11.4.4:1.0
