    OpenRGB v0.9
    Commit:  from 
    Launched: 20240625_050322
====================================================================================================

0     |Info:    Found file: Off.orp attempting to validate header
1     |Info:    Valid v4 profile found for Off
1     |Info:    Found file: Snow.orp attempting to validate header
1     |Info:    Valid v4 profile found for Snow
1008  |Info:    ------------------------------------------------------
1008  |Info:    |               Start device detection               |
1008  |Info:    ------------------------------------------------------
1008  |Info:    Initializing HID interfaces: Success
1013  |Info:    ------------------------------------------------------
1013  |Info:    |             Detecting I2C interfaces               |
1013  |Info:    ------------------------------------------------------
1013  |Info:    Registering I2C interface: /dev/i2c-3 Device 10DE:1E07 Subsystem: 1458:37BD
1013  |Info:    Registering I2C interface: /dev/i2c-1 Device 10DE:1E07 Subsystem: 1458:37BD
1013  |Info:    Registering I2C interface: /dev/i2c-8 Device 8086:A323 Subsystem: 1458:5001
1013  |Info:    Registering I2C interface: /dev/i2c-6 Device 10DE:1E07 Subsystem: 1458:37BD
1013  |Info:    Registering I2C interface: /dev/i2c-4 Device 10DE:1E07 Subsystem: 1458:37BD
1013  |Info:    Registering I2C interface: /dev/i2c-2 Device 10DE:1E07 Subsystem: 1458:37BD
1013  |Info:    Registering I2C interface: /dev/i2c-0 Device 10DE:1E07 Subsystem: 1458:37BD
1013  |Info:    Registering I2C interface: /dev/i2c-7 Device 10DE:1AD7 Subsystem: 1458:37BD
1013  |Info:    Registering I2C interface: /dev/i2c-5 Device 10DE:1E07 Subsystem: 1458:37BD
1013  |Info:    ------------------------------------------------------
1013  |Info:    |               Detecting I2C devices                |
1013  |Info:    ------------------------------------------------------
1262  |Info:    [ENE DRAM] Registering RGB controller
1433  |Info:    [ENE DRAM] Registering RGB controller
1603  |Info:    [ENE DRAM] Registering RGB controller
1773  |Info:    [ENE DRAM] Registering RGB controller
2119  |Info:    ------------------------------------------------------
2119  |Info:    |               Detecting I2C PCI devices            |
2119  |Info:    ------------------------------------------------------
2120  |Info:    ------------------------------------------------------
2120  |Info:    |               Detecting HID devices                |
2120  |Info:    ------------------------------------------------------
2277  |Info:    [Z390 AORUS MASTER-CF] Registering RGB controller
2536  |Info:    [Logitech G915 Wireless RGB Mechanical Gaming Keyboard] Registering RGB controller
2536  |Info:    ------------------------------------------------------
2536  |Info:    |            Detecting libusb HID devices            |
2536  |Info:    ------------------------------------------------------
2557  |Info:    [HyperX Quadcast S] Registering RGB controller
2557  |Info:    ------------------------------------------------------
2557  |Info:    |              Detecting other devices               |
2557  |Info:    ------------------------------------------------------
2565  |Info:    ------------------------------------------------------
2565  |Info:    |                Detection completed                 |
2565  |Info:    ------------------------------------------------------
21643 |Info:    Profile loading: Succeeded for ENE DRAM @ I2C: /dev/i2c-8, address 0x72
21644 |Info:    Profile loading: Succeeded for ENE DRAM @ I2C: /dev/i2c-8, address 0x73
21644 |Info:    Profile loading: Succeeded for ENE DRAM @ I2C: /dev/i2c-8, address 0x74
21644 |Info:    Profile loading: Succeeded for ENE DRAM @ I2C: /dev/i2c-8, address 0x75
21644 |Info:    Profile loading: Succeeded for Z390 AORUS MASTER-CF @ HID: /dev/hidraw6
21644 |Info:    Profile loading: Succeeded for Logitech G915 Wireless RGB Mechanical Gaming Keyboard @ 
21644 |Info:    Profile loading: Succeeded for HyperX Quadcast S @ 1-11.4.4:1.0
