    OpenRGB v0.9
    Commit:  from 
    Launched: 20240615_164539
====================================================================================================

0     |Info:    Found file: Off.orp attempting to validate header
0     |Info:    Valid v4 profile found for Off
0     |Info:    Found file: Snow.orp attempting to validate header
0     |Info:    Valid v4 profile found for Snow
1007  |Info:    ------------------------------------------------------
1007  |Info:    |               Start device detection               |
1007  |Info:    ------------------------------------------------------
1007  |Info:    Initializing HID interfaces: Success
1011  |Info:    ------------------------------------------------------
1011  |Info:    |             Detecting I2C interfaces               |
1011  |Info:    ------------------------------------------------------
1011  |Info:    Registering I2C interface: /dev/i2c-3 Device 10DE:1E07 Subsystem: 1458:37BD
1011  |Info:    Registering I2C interface: /dev/i2c-1 Device 10DE:1E07 Subsystem: 1458:37BD
1011  |Info:    Registering I2C interface: /dev/i2c-8 Device 8086:A323 Subsystem: 1458:5001
1011  |Info:    Registering I2C interface: /dev/i2c-6 Device 10DE:1E07 Subsystem: 1458:37BD
1011  |Info:    Registering I2C interface: /dev/i2c-4 Device 10DE:1E07 Subsystem: 1458:37BD
1011  |Info:    Registering I2C interface: /dev/i2c-2 Device 10DE:1E07 Subsystem: 1458:37BD
1011  |Info:    Registering I2C interface: /dev/i2c-0 Device 10DE:1E07 Subsystem: 1458:37BD
1011  |Info:    Registering I2C interface: /dev/i2c-7 Device 10DE:1AD7 Subsystem: 1458:37BD
1011  |Info:    Registering I2C interface: /dev/i2c-5 Device 10DE:1E07 Subsystem: 1458:37BD
1011  |Info:    ------------------------------------------------------
1011  |Info:    |               Detecting I2C devices                |
1011  |Info:    ------------------------------------------------------
1214  |Info:    [ENE DRAM] Registering RGB controller
1383  |Info:    [ENE DRAM] Registering RGB controller
1553  |Info:    [ENE DRAM] Registering RGB controller
1720  |Info:    [ENE DRAM] Registering RGB controller
2065  |Info:    ------------------------------------------------------
2065  |Info:    |               Detecting I2C PCI devices            |
2065  |Info:    ------------------------------------------------------
2066  |Info:    ------------------------------------------------------
2066  |Info:    |               Detecting HID devices                |
2066  |Info:    ------------------------------------------------------
2171  |Info:    [Z390 AORUS MASTER-CF] Registering RGB controller
2377  |Info:    [Logitech G915 Wireless RGB Mechanical Gaming Keyboard] Registering RGB controller
2377  |Info:    ------------------------------------------------------
2377  |Info:    |            Detecting libusb HID devices            |
2377  |Info:    ------------------------------------------------------
2394  |Info:    [HyperX Quadcast S] Registering RGB controller
2394  |Info:    ------------------------------------------------------
2394  |Info:    |              Detecting other devices               |
2394  |Info:    ------------------------------------------------------
2402  |Info:    ------------------------------------------------------
2402  |Info:    |                Detection completed                 |
2402  |Info:    ------------------------------------------------------
8978  |Info:    Profile loading: Succeeded for ENE DRAM @ I2C: /dev/i2c-8, address 0x72
8978  |Info:    Profile loading: Succeeded for ENE DRAM @ I2C: /dev/i2c-8, address 0x73
8978  |Info:    Profile loading: Succeeded for ENE DRAM @ I2C: /dev/i2c-8, address 0x74
8978  |Info:    Profile loading: Succeeded for ENE DRAM @ I2C: /dev/i2c-8, address 0x75
8978  |Info:    Profile loading: Succeeded for Z390 AORUS MASTER-CF @ HID: /dev/hidraw6
8978  |Info:    Profile loading: Succeeded for Logitech G915 Wireless RGB Mechanical Gaming Keyboard @ 
8978  |Info:    Profile loading: Succeeded for HyperX Quadcast S @ 1-11.4.4:1.0
