    OpenRGB v0.9
    Commit:  from 
    Launched: 20240118_211140
====================================================================================================

22    |Info:    Found file: Nord.orp attempting to validate header
22    |Info:    Valid v4 profile found for Nord
22    |Info:    Found file: Off.orp attempting to validate header
24    |Info:    Valid v4 profile found for Off
24    |Info:    Found file: Dim.orp attempting to validate header
24    |Info:    Valid v4 profile found for Dim
1028  |Info:    ------------------------------------------------------
1028  |Info:    |               Start device detection               |
1028  |Info:    ------------------------------------------------------
1028  |Info:    Initializing HID interfaces: Success
1031  |Info:    ------------------------------------------------------
1031  |Info:    |             Detecting I2C interfaces               |
1031  |Info:    ------------------------------------------------------
1034  |Info:    Registering I2C interface: /dev/i2c-3 Device 10DE:1E07 Subsystem: 1458:37BD
1034  |Info:    Registering I2C interface: /dev/i2c-1 Device 8086:A323 Subsystem: 1458:5001
1034  |Info:    Registering I2C interface: /dev/i2c-8 Device 10DE:1E07 Subsystem: 1458:37BD
1035  |Info:    Registering I2C interface: /dev/i2c-6 Device 10DE:1E07 Subsystem: 1458:37BD
1035  |Info:    Registering I2C interface: /dev/i2c-4 Device 10DE:1E07 Subsystem: 1458:37BD
1035  |Info:    Registering I2C interface: /dev/i2c-2 Device 10DE:1E07 Subsystem: 1458:37BD
1035  |Info:    Registering I2C interface: /dev/i2c-0 Device 10DE:1AD7 Subsystem: 1458:37BD
1035  |Info:    Registering I2C interface: /dev/i2c-7 Device 10DE:1E07 Subsystem: 1458:37BD
1041  |Info:    Registering I2C interface: /dev/i2c-5 Device 10DE:1E07 Subsystem: 1458:37BD
1041  |Info:    ------------------------------------------------------
1041  |Info:    |               Detecting I2C devices                |
1041  |Info:    ------------------------------------------------------
1743  |Info:    [ENE DRAM] Registering RGB controller
1928  |Info:    [ENE DRAM] Registering RGB controller
2093  |Info:    [ENE DRAM] Registering RGB controller
2258  |Info:    [ENE DRAM] Registering RGB controller
2261  |Info:    ------------------------------------------------------
2261  |Info:    |               Detecting I2C PCI devices            |
2261  |Info:    ------------------------------------------------------
2261  |Info:    ------------------------------------------------------
2261  |Info:    |               Detecting HID devices                |
2261  |Info:    ------------------------------------------------------
2424  |Info:    [Z390 AORUS MASTER-CF] Registering RGB controller
2687  |Info:    [Logitech G915 Wireless RGB Mechanical Gaming Keyboard] Registering RGB controller
2687  |Info:    ------------------------------------------------------
2687  |Info:    |            Detecting libusb HID devices            |
2687  |Info:    ------------------------------------------------------
