    OpenRGB v0.9
    Commit:  from 
    Launched: 20240424_010459
====================================================================================================

0     |Info:    Found file: Nord.orp attempting to validate header
1     |Info:    Valid v4 profile found for Nord
1     |Info:    Found file: Off.orp attempting to validate header
2     |Info:    Valid v4 profile found for Off
2     |Info:    Found file: Dim.orp attempting to validate header
4     |Info:    Valid v4 profile found for Dim
4     |Info:    Found file: Green.orp attempting to validate header
7     |Info:    Valid v4 profile found for Green
7     |Info:    Found file: Snow.orp attempting to validate header
7     |Info:    Valid v4 profile found for Snow
1011  |Info:    ------------------------------------------------------
1011  |Info:    |               Start device detection               |
1011  |Info:    ------------------------------------------------------
1011  |Info:    Initializing HID interfaces: Success
1014  |Info:    ------------------------------------------------------
1014  |Info:    |             Detecting I2C interfaces               |
1014  |Info:    ------------------------------------------------------
1014  |Info:    Registering I2C interface: /dev/i2c-3 Device 10DE:1E07 Subsystem: 1458:37BD
1014  |Info:    Registering I2C interface: /dev/i2c-1 Device 8086:A323 Subsystem: 1458:5001
1014  |Info:    Registering I2C interface: /dev/i2c-8 Device 10DE:1E07 Subsystem: 1458:37BD
1014  |Info:    Registering I2C interface: /dev/i2c-6 Device 10DE:1E07 Subsystem: 1458:37BD
1014  |Info:    Registering I2C interface: /dev/i2c-4 Device 10DE:1E07 Subsystem: 1458:37BD
1014  |Info:    Registering I2C interface: /dev/i2c-2 Device 10DE:1E07 Subsystem: 1458:37BD
1014  |Info:    Registering I2C interface: /dev/i2c-0 Device 10DE:1AD7 Subsystem: 1458:37BD
1014  |Info:    Registering I2C interface: /dev/i2c-7 Device 10DE:1E07 Subsystem: 1458:37BD
1014  |Info:    Registering I2C interface: /dev/i2c-5 Device 10DE:1E07 Subsystem: 1458:37BD
1014  |Info:    ------------------------------------------------------
1014  |Info:    |               Detecting I2C devices                |
1014  |Info:    ------------------------------------------------------
1516  |Info:    [ENE DRAM] Registering RGB controller
1684  |Info:    [ENE DRAM] Registering RGB controller
1853  |Info:    [ENE DRAM] Registering RGB controller
2021  |Info:    [ENE DRAM] Registering RGB controller
2063  |Info:    ------------------------------------------------------
2063  |Info:    |               Detecting I2C PCI devices            |
2063  |Info:    ------------------------------------------------------
2064  |Info:    ------------------------------------------------------
2064  |Info:    |               Detecting HID devices                |
2064  |Info:    ------------------------------------------------------
2226  |Info:    [Z390 AORUS MASTER-CF] Registering RGB controller
2489  |Info:    [Logitech G915 Wireless RGB Mechanical Gaming Keyboard] Registering RGB controller
2489  |Info:    ------------------------------------------------------
2489  |Info:    |            Detecting libusb HID devices            |
2489  |Info:    ------------------------------------------------------
2504  |Info:    [HyperX Quadcast S] Registering RGB controller
2504  |Info:    ------------------------------------------------------
2504  |Info:    |              Detecting other devices               |
2504  |Info:    ------------------------------------------------------
2508  |Info:    ------------------------------------------------------
2508  |Info:    |                Detection completed                 |
2508  |Info:    ------------------------------------------------------
7308  |Info:    Profile loading: Succeeded for ENE DRAM @ I2C: /dev/i2c-1, address 0x72
7308  |Info:    Profile loading: Succeeded for ENE DRAM @ I2C: /dev/i2c-1, address 0x73
7308  |Info:    Profile loading: Succeeded for ENE DRAM @ I2C: /dev/i2c-1, address 0x74
7308  |Info:    Profile loading: Succeeded for ENE DRAM @ I2C: /dev/i2c-1, address 0x75
7308  |Info:    Profile loading: Succeeded for Z390 AORUS MASTER-CF @ HID: /dev/hidraw8
7308  |Info:    Profile loading: Succeeded for Logitech G915 Wireless RGB Mechanical Gaming Keyboard @ 
7308  |Info:    Profile loading: Succeeded for HyperX Quadcast S @ 1-4.4:1.0
