    OpenRGB v0.9
    Commit:  from 
    Launched: 20240624_004456
====================================================================================================

3     |Info:    Found file: Off.orp attempting to validate header
4     |Info:    Valid v4 profile found for Off
4     |Info:    Found file: Snow.orp attempting to validate header
4     |Info:    Valid v4 profile found for Snow
1014  |Info:    ------------------------------------------------------
1014  |Info:    |               Start device detection               |
1014  |Info:    ------------------------------------------------------
1014  |Info:    Initializing HID interfaces: Success
1018  |Info:    ------------------------------------------------------
1018  |Info:    |             Detecting I2C interfaces               |
1018  |Info:    ------------------------------------------------------
1018  |Info:    Registering I2C interface: /dev/i2c-3 Device 10DE:1E07 Subsystem: 1458:37BD
1018  |Info:    Registering I2C interface: /dev/i2c-1 Device 10DE:1E07 Subsystem: 1458:37BD
1018  |Info:    Registering I2C interface: /dev/i2c-8 Device 8086:A323 Subsystem: 1458:5001
1018  |Info:    Registering I2C interface: /dev/i2c-6 Device 10DE:1E07 Subsystem: 1458:37BD
1018  |Info:    Registering I2C interface: /dev/i2c-4 Device 10DE:1E07 Subsystem: 1458:37BD
1019  |Info:    Registering I2C interface: /dev/i2c-2 Device 10DE:1E07 Subsystem: 1458:37BD
1019  |Info:    Registering I2C interface: /dev/i2c-0 Device 10DE:1E07 Subsystem: 1458:37BD
1019  |Info:    Registering I2C interface: /dev/i2c-7 Device 10DE:1AD7 Subsystem: 1458:37BD
1019  |Info:    Registering I2C interface: /dev/i2c-5 Device 10DE:1E07 Subsystem: 1458:37BD
1019  |Info:    ------------------------------------------------------
1019  |Info:    |               Detecting I2C devices                |
1019  |Info:    ------------------------------------------------------
1262  |Info:    [ENE DRAM] Registering RGB controller
1430  |Info:    [ENE DRAM] Registering RGB controller
1596  |Info:    [ENE DRAM] Registering RGB controller
1766  |Info:    [ENE DRAM] Registering RGB controller
2110  |Info:    ------------------------------------------------------
2110  |Info:    |               Detecting I2C PCI devices            |
2110  |Info:    ------------------------------------------------------
2110  |Info:    ------------------------------------------------------
2110  |Info:    |               Detecting HID devices                |
2110  |Info:    ------------------------------------------------------
2267  |Info:    [Z390 AORUS MASTER-CF] Registering RGB controller
2526  |Info:    [Logitech G915 Wireless RGB Mechanical Gaming Keyboard] Registering RGB controller
2526  |Info:    ------------------------------------------------------
2526  |Info:    |            Detecting libusb HID devices            |
2526  |Info:    ------------------------------------------------------
2545  |Info:    [HyperX Quadcast S] Registering RGB controller
2545  |Info:    ------------------------------------------------------
2545  |Info:    |              Detecting other devices               |
2545  |Info:    ------------------------------------------------------
2551  |Info:    ------------------------------------------------------
2551  |Info:    |                Detection completed                 |
2551  |Info:    ------------------------------------------------------
7843  |Info:    Profile loading: Succeeded for ENE DRAM @ I2C: /dev/i2c-8, address 0x72
7843  |Info:    Profile loading: Succeeded for ENE DRAM @ I2C: /dev/i2c-8, address 0x73
7843  |Info:    Profile loading: Succeeded for ENE DRAM @ I2C: /dev/i2c-8, address 0x74
7843  |Info:    Profile loading: Succeeded for ENE DRAM @ I2C: /dev/i2c-8, address 0x75
7843  |Info:    Profile loading: Succeeded for Z390 AORUS MASTER-CF @ HID: /dev/hidraw6
7843  |Info:    Profile loading: Succeeded for Logitech G915 Wireless RGB Mechanical Gaming Keyboard @ 
7843  |Info:    Profile loading: Succeeded for HyperX Quadcast S @ 1-11.4.4:1.0
