    OpenRGB v0.9
    Commit:  from 
    Launched: 20240302_180552
====================================================================================================

22    |Info:    Found file: Nord.orp attempting to validate header
23    |Info:    Valid v4 profile found for Nord
23    |Info:    Found file: Off.orp attempting to validate header
24    |Info:    Valid v4 profile found for Off
24    |Info:    Found file: Dim.orp attempting to validate header
27    |Info:    Valid v4 profile found for Dim
27    |Info:    Found file: Green.orp attempting to validate header
28    |Info:    Valid v4 profile found for Green
28    |Info:    Found file: Snow.orp attempting to validate header
30    |Info:    Valid v4 profile found for Snow
1035  |Info:    ------------------------------------------------------
1035  |Info:    |               Start device detection               |
1035  |Info:    ------------------------------------------------------
1035  |Info:    Initializing HID interfaces: Success
1038  |Info:    ------------------------------------------------------
1038  |Info:    |             Detecting I2C interfaces               |
1038  |Info:    ------------------------------------------------------
1039  |Info:    Registering I2C interface: /dev/i2c-3 Device 10DE:1E07 Subsystem: 1458:37BD
1039  |Info:    Registering I2C interface: /dev/i2c-1 Device 8086:A323 Subsystem: 1458:5001
1039  |Info:    Registering I2C interface: /dev/i2c-8 Device 10DE:1E07 Subsystem: 1458:37BD
1039  |Info:    Registering I2C interface: /dev/i2c-6 Device 10DE:1E07 Subsystem: 1458:37BD
1039  |Info:    Registering I2C interface: /dev/i2c-4 Device 10DE:1E07 Subsystem: 1458:37BD
1039  |Info:    Registering I2C interface: /dev/i2c-2 Device 10DE:1E07 Subsystem: 1458:37BD
1039  |Info:    Registering I2C interface: /dev/i2c-0 Device 10DE:1AD7 Subsystem: 1458:37BD
1039  |Info:    Registering I2C interface: /dev/i2c-7 Device 10DE:1E07 Subsystem: 1458:37BD
1039  |Info:    Registering I2C interface: /dev/i2c-5 Device 10DE:1E07 Subsystem: 1458:37BD
1039  |Info:    ------------------------------------------------------
1039  |Info:    |               Detecting I2C devices                |
1039  |Info:    ------------------------------------------------------
1544  |Info:    [ENE DRAM] Registering RGB controller
1711  |Info:    [ENE DRAM] Registering RGB controller
1881  |Info:    [ENE DRAM] Registering RGB controller
2052  |Info:    [ENE DRAM] Registering RGB controller
2094  |Info:    ------------------------------------------------------
2094  |Info:    |               Detecting I2C PCI devices            |
2094  |Info:    ------------------------------------------------------
2095  |Info:    ------------------------------------------------------
2095  |Info:    |               Detecting HID devices                |
2095  |Info:    ------------------------------------------------------
2254  |Info:    [Z390 AORUS MASTER-CF] Registering RGB controller
2460  |Info:    ------------------------------------------------------
2460  |Info:    |            Detecting libusb HID devices            |
2460  |Info:    ------------------------------------------------------
2470  |Info:    [HyperX Quadcast S] Registering RGB controller
2470  |Info:    ------------------------------------------------------
2470  |Info:    |              Detecting other devices               |
2470  |Info:    ------------------------------------------------------
2475  |Info:    ------------------------------------------------------
2475  |Info:    |                Detection completed                 |
2475  |Info:    ------------------------------------------------------
1034603|Info:    Profile loading: FAILED! for ENE DRAM @ I2C: /dev/i2c-1, address 0x72
1034603|Info:    Profile loading: FAILED! for ENE DRAM @ I2C: /dev/i2c-1, address 0x73
1034603|Info:    Profile loading: FAILED! for ENE DRAM @ I2C: /dev/i2c-1, address 0x74
1034603|Info:    Profile loading: FAILED! for ENE DRAM @ I2C: /dev/i2c-1, address 0x75
1034603|Info:    Profile loading: Succeeded for Z390 AORUS MASTER-CF @ HID: /dev/hidraw8
1034603|Info:    Profile loading: Succeeded for HyperX Quadcast S @ 1-4.4:1.0
