    OpenRGB v0.9
    Commit:  from 
    Launched: 20240701_231828
====================================================================================================

1     |Info:    Found file: Off.orp attempting to validate header
1     |Info:    Valid v4 profile found for Off
1     |Info:    Found file: Snow.orp attempting to validate header
1     |Info:    Valid v4 profile found for Snow
1010  |Info:    ------------------------------------------------------
1010  |Info:    |               Start device detection               |
1010  |Info:    ------------------------------------------------------
1010  |Info:    Initializing HID interfaces: Success
1014  |Info:    ------------------------------------------------------
1014  |Info:    |             Detecting I2C interfaces               |
1014  |Info:    ------------------------------------------------------
1014  |Info:    Registering I2C interface: /dev/i2c-3 Device 10DE:1E07 Subsystem: 1458:37BD
1014  |Info:    Registering I2C interface: /dev/i2c-1 Device 10DE:1E07 Subsystem: 1458:37BD
1014  |Info:    Registering I2C interface: /dev/i2c-8 Device 8086:A323 Subsystem: 1458:5001
1014  |Info:    Registering I2C interface: /dev/i2c-6 Device 10DE:1E07 Subsystem: 1458:37BD
1014  |Info:    Registering I2C interface: /dev/i2c-4 Device 10DE:1E07 Subsystem: 1458:37BD
1014  |Info:    Registering I2C interface: /dev/i2c-2 Device 10DE:1E07 Subsystem: 1458:37BD
1014  |Info:    Registering I2C interface: /dev/i2c-0 Device 10DE:1E07 Subsystem: 1458:37BD
1014  |Info:    Registering I2C interface: /dev/i2c-7 Device 10DE:1AD7 Subsystem: 1458:37BD
1014  |Info:    Registering I2C interface: /dev/i2c-5 Device 10DE:1E07 Subsystem: 1458:37BD
1014  |Info:    ------------------------------------------------------
1014  |Info:    |               Detecting I2C devices                |
1014  |Info:    ------------------------------------------------------
1266  |Info:    [ENE DRAM] Registering RGB controller
1436  |Info:    [ENE DRAM] Registering RGB controller
1606  |Info:    [ENE DRAM] Registering RGB controller
1774  |Info:    [ENE DRAM] Registering RGB controller
2119  |Info:    ------------------------------------------------------
2119  |Info:    |               Detecting I2C PCI devices            |
2119  |Info:    ------------------------------------------------------
2120  |Info:    ------------------------------------------------------
2120  |Info:    |               Detecting HID devices                |
2120  |Info:    ------------------------------------------------------
2277  |Info:    [Z390 AORUS MASTER-CF] Registering RGB controller
2534  |Info:    [Logitech G915 Wireless RGB Mechanical Gaming Keyboard] Registering RGB controller
2534  |Info:    ------------------------------------------------------
2534  |Info:    |            Detecting libusb HID devices            |
2534  |Info:    ------------------------------------------------------
2555  |Info:    [HyperX Quadcast S] Registering RGB controller
2555  |Info:    ------------------------------------------------------
2555  |Info:    |              Detecting other devices               |
2555  |Info:    ------------------------------------------------------
2562  |Info:    ------------------------------------------------------
2562  |Info:    |                Detection completed                 |
2562  |Info:    ------------------------------------------------------
56257 |Info:    Profile loading: Succeeded for ENE DRAM @ I2C: /dev/i2c-8, address 0x72
56257 |Info:    Profile loading: Succeeded for ENE DRAM @ I2C: /dev/i2c-8, address 0x73
56257 |Info:    Profile loading: Succeeded for ENE DRAM @ I2C: /dev/i2c-8, address 0x74
56257 |Info:    Profile loading: Succeeded for ENE DRAM @ I2C: /dev/i2c-8, address 0x75
56257 |Info:    Profile loading: Succeeded for Z390 AORUS MASTER-CF @ HID: /dev/hidraw6
56257 |Info:    Profile loading: Succeeded for Logitech G915 Wireless RGB Mechanical Gaming Keyboard @ 
56257 |Info:    Profile loading: Succeeded for HyperX Quadcast S @ 1-11.4.4:1.0
