    OpenRGB v0.9
    Commit:  from 
    Launched: 20240331_143310
====================================================================================================

21    |Info:    Found file: Nord.orp attempting to validate header
25    |Info:    Valid v4 profile found for Nord
25    |Info:    Found file: Off.orp attempting to validate header
28    |Info:    Valid v4 profile found for Off
28    |Info:    Found file: Dim.orp attempting to validate header
30    |Info:    Valid v4 profile found for Dim
30    |Info:    Found file: Green.orp attempting to validate header
33    |Info:    Valid v4 profile found for Green
33    |Info:    Found file: Snow.orp attempting to validate header
35    |Info:    Valid v4 profile found for Snow
1040  |Info:    ------------------------------------------------------
1040  |Info:    |               Start device detection               |
1040  |Info:    ------------------------------------------------------
1040  |Info:    Initializing HID interfaces: Success
1043  |Info:    ------------------------------------------------------
1043  |Info:    |             Detecting I2C interfaces               |
1043  |Info:    ------------------------------------------------------
1044  |Info:    Registering I2C interface: /dev/i2c-3 Device 10DE:1E07 Subsystem: 1458:37BD
1044  |Info:    Registering I2C interface: /dev/i2c-1 Device 8086:A323 Subsystem: 1458:5001
1044  |Info:    Registering I2C interface: /dev/i2c-8 Device 10DE:1E07 Subsystem: 1458:37BD
1044  |Info:    Registering I2C interface: /dev/i2c-6 Device 10DE:1E07 Subsystem: 1458:37BD
1044  |Info:    Registering I2C interface: /dev/i2c-4 Device 10DE:1E07 Subsystem: 1458:37BD
1044  |Info:    Registering I2C interface: /dev/i2c-2 Device 10DE:1E07 Subsystem: 1458:37BD
1044  |Info:    Registering I2C interface: /dev/i2c-0 Device 10DE:1AD7 Subsystem: 1458:37BD
1044  |Info:    Registering I2C interface: /dev/i2c-7 Device 10DE:1E07 Subsystem: 1458:37BD
1044  |Info:    Registering I2C interface: /dev/i2c-5 Device 10DE:1E07 Subsystem: 1458:37BD
1044  |Info:    ------------------------------------------------------
1044  |Info:    |               Detecting I2C devices                |
1044  |Info:    ------------------------------------------------------
1542  |Info:    [ENE DRAM] Registering RGB controller
1711  |Info:    [ENE DRAM] Registering RGB controller
1880  |Info:    [ENE DRAM] Registering RGB controller
2048  |Info:    [ENE DRAM] Registering RGB controller
2089  |Info:    ------------------------------------------------------
2089  |Info:    |               Detecting I2C PCI devices            |
2089  |Info:    ------------------------------------------------------
2089  |Info:    ------------------------------------------------------
2089  |Info:    |               Detecting HID devices                |
2089  |Info:    ------------------------------------------------------
2247  |Info:    [Z390 AORUS MASTER-CF] Registering RGB controller
2510  |Info:    [Logitech G915 Wireless RGB Mechanical Gaming Keyboard] Registering RGB controller
2510  |Info:    ------------------------------------------------------
2510  |Info:    |            Detecting libusb HID devices            |
2510  |Info:    ------------------------------------------------------
2525  |Info:    [HyperX Quadcast S] Registering RGB controller
2525  |Info:    ------------------------------------------------------
2525  |Info:    |              Detecting other devices               |
2525  |Info:    ------------------------------------------------------
2530  |Info:    ------------------------------------------------------
2530  |Info:    |                Detection completed                 |
2530  |Info:    ------------------------------------------------------
8649  |Info:    Profile loading: Succeeded for ENE DRAM @ I2C: /dev/i2c-1, address 0x72
8649  |Info:    Profile loading: Succeeded for ENE DRAM @ I2C: /dev/i2c-1, address 0x73
8649  |Info:    Profile loading: Succeeded for ENE DRAM @ I2C: /dev/i2c-1, address 0x74
8649  |Info:    Profile loading: Succeeded for ENE DRAM @ I2C: /dev/i2c-1, address 0x75
8649  |Info:    Profile loading: Succeeded for Z390 AORUS MASTER-CF @ HID: /dev/hidraw8
8649  |Info:    Profile loading: Succeeded for Logitech G915 Wireless RGB Mechanical Gaming Keyboard @ 
8649  |Info:    Profile loading: Succeeded for HyperX Quadcast S @ 1-4.4:1.0
