    OpenRGB v0.9
    Commit:  from 
    Launched: 20240609_224253
====================================================================================================

1     |Info:    Found file: Off.orp attempting to validate header
1     |Info:    Valid v4 profile found for Off
1     |Info:    Found file: Snow.orp attempting to validate header
1     |Info:    Valid v4 profile found for Snow
1007  |Info:    ------------------------------------------------------
1007  |Info:    |               Start device detection               |
1007  |Info:    ------------------------------------------------------
1008  |Info:    Initializing HID interfaces: Success
1011  |Info:    ------------------------------------------------------
1011  |Info:    |             Detecting I2C interfaces               |
1011  |Info:    ------------------------------------------------------
1012  |Info:    Registering I2C interface: /dev/i2c-3 Device 10DE:1E07 Subsystem: 1458:37BD
1012  |Info:    Registering I2C interface: /dev/i2c-1 Device 10DE:1E07 Subsystem: 1458:37BD
1012  |Info:    Registering I2C interface: /dev/i2c-8 Device 8086:A323 Subsystem: 1458:5001
1012  |Info:    Registering I2C interface: /dev/i2c-6 Device 10DE:1E07 Subsystem: 1458:37BD
1012  |Info:    Registering I2C interface: /dev/i2c-4 Device 10DE:1E07 Subsystem: 1458:37BD
1012  |Info:    Registering I2C interface: /dev/i2c-2 Device 10DE:1E07 Subsystem: 1458:37BD
1012  |Info:    Registering I2C interface: /dev/i2c-0 Device 10DE:1E07 Subsystem: 1458:37BD
1012  |Info:    Registering I2C interface: /dev/i2c-7 Device 10DE:1AD7 Subsystem: 1458:37BD
1012  |Info:    Registering I2C interface: /dev/i2c-5 Device 10DE:1E07 Subsystem: 1458:37BD
1012  |Info:    ------------------------------------------------------
1012  |Info:    |               Detecting I2C devices                |
1012  |Info:    ------------------------------------------------------
1256  |Info:    [ENE DRAM] Registering RGB controller
1433  |Info:    [ENE DRAM] Registering RGB controller
1600  |Info:    [ENE DRAM] Registering RGB controller
1767  |Info:    [ENE DRAM] Registering RGB controller
2107  |Info:    ------------------------------------------------------
2107  |Info:    |               Detecting I2C PCI devices            |
2107  |Info:    ------------------------------------------------------
2109  |Info:    ------------------------------------------------------
2109  |Info:    |               Detecting HID devices                |
2109  |Info:    ------------------------------------------------------
2265  |Info:    [Z390 AORUS MASTER-CF] Registering RGB controller
2524  |Info:    [Logitech G915 Wireless RGB Mechanical Gaming Keyboard] Registering RGB controller
2524  |Info:    ------------------------------------------------------
2524  |Info:    |            Detecting libusb HID devices            |
2524  |Info:    ------------------------------------------------------
2546  |Info:    [HyperX Quadcast S] Registering RGB controller
2546  |Info:    ------------------------------------------------------
2546  |Info:    |              Detecting other devices               |
2546  |Info:    ------------------------------------------------------
2552  |Info:    ------------------------------------------------------
2552  |Info:    |                Detection completed                 |
2552  |Info:    ------------------------------------------------------
17038 |Info:    Profile loading: Succeeded for ENE DRAM @ I2C: /dev/i2c-8, address 0x72
17038 |Info:    Profile loading: Succeeded for ENE DRAM @ I2C: /dev/i2c-8, address 0x73
17038 |Info:    Profile loading: Succeeded for ENE DRAM @ I2C: /dev/i2c-8, address 0x74
17038 |Info:    Profile loading: Succeeded for ENE DRAM @ I2C: /dev/i2c-8, address 0x75
17038 |Info:    Profile loading: Succeeded for Z390 AORUS MASTER-CF @ HID: /dev/hidraw6
17038 |Info:    Profile loading: Succeeded for Logitech G915 Wireless RGB Mechanical Gaming Keyboard @ 
17038 |Info:    Profile loading: Succeeded for HyperX Quadcast S @ 1-11.4.4:1.0
